[38;5;83m[%time] [38;5;87m[%thread/%info][38;5;207m%cd[38;5;227m[38;5;231m [38;5;145mãƒ©ã‚¤ã‚»ãƒ³ã‚¹ãƒ•ã‚¡ã‚¤ãƒ«ã®æ›´æ–°ã‚’è¡Œã£ã¦ã„ã¾ã™...
[38;5;83m[%time] [38;5;87m[%thread/%info][38;5;207m%cd[38;5;227m[38;5;231m [38;5;145mæ›´æ–°ãŒçµ‚äº†ã—ã¾ã—ãŸã€‚
[38;5;83m[%time] [38;5;87m[%thread/%info][38;5;207m%cd[38;5;227m[38;5;231m [38;5;145mREADMEãƒ•ã‚¡ã‚¤ãƒ«ã®æ›´æ–°ã‚’è¡Œã£ã¦ã„ã¾ã™...
[38;5;83m[%time] [38;5;87m[%thread/%info][38;5;207m%cd[38;5;227m[38;5;231m [38;5;145mæ›´æ–°ãŒçµ‚äº†ã—ã¾ã—ãŸã€‚
[38;5;83m[%time] [38;5;87m[%thread/%info][38;5;207m%cd[38;5;227m[38;5;231m Welcome to PHPPO!
[38;5;83m[%time] [38;5;87m[%thread/%info][38;5;207m%cd[38;5;227m[38;5;231m ãƒ‘ãƒ©ãƒ¡ãƒ¼ã‚¿ãƒ¼ãŒä¸è¶³ã—ã¦ã„ã¾ã™ã€‚
[38;5;83m[%time] [38;5;87m[%thread/%info][38;5;207m%cd[38;5;227m[38;5;231m "po.test"ã®å€¤ã¯"NULL"ã§ã™ã€‚
[38;5;83m[%time] [38;5;87m[%thread/%info][38;5;207m%cd[38;5;227m[38;5;231m å¤‰æ›´ã—ã¾ã—ãŸã€‚
[38;5;83m[%time] [38;5;87m[%thread/%info][38;5;207m%cd[38;5;227m[38;5;231m è¨­å®šå€¤"po.test"ã«å€¤ã¯å­˜åœ¨ã—ã¾ã›ã‚“ã€‚
[38;5;83m[%time] [38;5;87m[%thread/%info][38;5;207m%cd[38;5;227m[38;5;231m [38;5;203m"c"ã‚³ãƒžãƒ³ãƒ‰ãŒè¦‹ã¤ã‹ã‚Šã¾ã›ã‚“ã§ã—ãŸã€‚helpã‚³ãƒžãƒ³ãƒ‰ã§ç¢ºèªã—ã¦ãã ã•ã„ã€‚
[38;5;83m[%time] [38;5;87m[%thread/%info][38;5;207m%cd[38;5;227m[38;5;231m [38;5;145mãƒ©ã‚¤ã‚»ãƒ³ã‚¹ãƒ•ã‚¡ã‚¤ãƒ«ã®æ›´æ–°ã‚’è¡Œã£ã¦ã„ã¾ã™...
[38;5;83m[%time] [38;5;87m[%thread/%info][38;5;207m%cd[38;5;227m[38;5;231m [38;5;145mæ›´æ–°ãŒçµ‚äº†ã—ã¾ã—ãŸã€‚
[38;5;83m[%time] [38;5;87m[%thread/%info][38;5;207m%cd[38;5;227m[38;5;231m [38;5;145mREADMEãƒ•ã‚¡ã‚¤ãƒ«ã®æ›´æ–°ã‚’è¡Œã£ã¦ã„ã¾ã™...
[38;5;83m[%time] [38;5;87m[%thread/%info][38;5;207m%cd[38;5;227m[38;5;231m [38;5;145mæ›´æ–°ãŒçµ‚äº†ã—ã¾ã—ãŸã€‚
[38;5;83m[%time] [38;5;87m[%thread/%info][38;5;207m%cd[38;5;227m[38;5;231m Welcome to PHPPO!
[38;5;83m[%time] [38;5;87m[%thread/%info][38;5;207m%cd[38;5;227m[38;5;231m "po.test"ã®å€¤ã¯"NULL"ã§ã™ã€‚
[38;5;83m[%time] [38;5;87m[%thread/%info][38;5;207m%cd[38;5;227m[38;5;231m å¤‰æ›´ã—ã¾ã—ãŸã€‚
[38;5;83m[%time] [38;5;87m[%thread/%info][38;5;207m%cd[38;5;227m[38;5;231m [38;5;145mãƒ©ã‚¤ã‚»ãƒ³ã‚¹ãƒ•ã‚¡ã‚¤ãƒ«ã®æ›´æ–°ã‚’è¡Œã£ã¦ã„ã¾ã™...
[38;5;83m[%time] [38;5;87m[%thread/%info][38;5;207m%cd[38;5;227m[38;5;231m [38;5;145mæ›´æ–°ãŒçµ‚äº†ã—ã¾ã—ãŸã€‚
[38;5;83m[%time] [38;5;87m[%thread/%info][38;5;207m%cd[38;5;227m[38;5;231m [38;5;145mREADMEãƒ•ã‚¡ã‚¤ãƒ«ã®æ›´æ–°ã‚’è¡Œã£ã¦ã„ã¾ã™...
[38;5;83m[%time] [38;5;87m[%thread/%info][38;5;207m%cd[38;5;227m[38;5;231m [38;5;145mæ›´æ–°ãŒçµ‚äº†ã—ã¾ã—ãŸã€‚
[38;5;83m[%time] [38;5;87m[%thread/%info][38;5;207m%cd[38;5;227m[38;5;231m Welcome to PHPPO!
[38;5;83m[%time] [38;5;87m[%thread/%info][38;5;207m%cd[38;5;227m[38;5;231m "po.test"ã®å€¤ã¯"NULL"ã§ã™ã€‚
[38;5;83m[%time] [38;5;87m[%thread/%info][38;5;207m%cd[38;5;227m[38;5;231m å¤‰æ›´ã—ã¾ã—ãŸã€‚
[38;5;83m[%time] [38;5;87m[%thread/%info][38;5;207m%cd[38;5;227m[38;5;231m "po.test"ã®å€¤ã¯"NULL"ã§ã™ã€‚
[38;5;83m[%time] [38;5;87m[%thread/%info][38;5;207m%cd[38;5;227m[38;5;231m ãƒ‘ãƒ©ãƒ¡ãƒ¼ã‚¿ãƒ¼ãŒä¸è¶³ã—ã¦ã„ã¾ã™ã€‚
[38;5;83m[%time] [38;5;87m[%thread/%info][38;5;207m%cd[38;5;227m[38;5;231m "po.test.mazi.ginnnann"ã®å€¤ã¯"NULL"ã§ã™ã€‚
[38;5;83m[%time] [38;5;87m[%thread/%info][38;5;207m%cd[38;5;227m[38;5;231m å¤‰æ›´ã—ã¾ã—ãŸã€‚
[38;5;83m[%time] [38;5;87m[%thread/%info][38;5;207m%cd[38;5;227m[38;5;231m [38;5;145mãƒ©ã‚¤ã‚»ãƒ³ã‚¹ãƒ•ã‚¡ã‚¤ãƒ«ã®æ›´æ–°ã‚’è¡Œã£ã¦ã„ã¾ã™...
[38;5;83m[%time] [38;5;87m[%thread/%info][38;5;207m%cd[38;5;227m[38;5;231m [38;5;145mæ›´æ–°ãŒçµ‚äº†ã—ã¾ã—ãŸã€‚
[38;5;83m[%time] [38;5;87m[%thread/%info][38;5;207m%cd[38;5;227m[38;5;231m [38;5;145mREADMEãƒ•ã‚¡ã‚¤ãƒ«ã®æ›´æ–°ã‚’è¡Œã£ã¦ã„ã¾ã™...
[38;5;83m[%time] [38;5;87m[%thread/%info][38;5;207m%cd[38;5;227m[38;5;231m [38;5;145mæ›´æ–°ãŒçµ‚äº†ã—ã¾ã—ãŸã€‚
[38;5;83m[%time] [38;5;87m[%thread/%info][38;5;207m%cd[38;5;227m[38;5;231m Welcome to PHPPO!
[38;5;83m[%time] [38;5;87m[%thread/%info][38;5;207m%cd[38;5;227m[38;5;231m "sys.dev.test.onigiri"ã®å€¤ã¯"NULL"ã§ã™ã€‚
[38;5;83m[%time] [38;5;87m[%thread/%info][38;5;207m%cd[38;5;227m[38;5;231m å¤‰æ›´ã—ã¾ã—ãŸã€‚
[38;5;83m[%time] [38;5;87m[%thread/%info][38;5;207m%cd[38;5;227m[38;5;231m [38;5;145mãƒ©ã‚¤ã‚»ãƒ³ã‚¹ãƒ•ã‚¡ã‚¤ãƒ«ã®æ›´æ–°ã‚’è¡Œã£ã¦ã„ã¾ã™...
[38;5;83m[%time] [38;5;87m[%thread/%info][38;5;207m%cd[38;5;227m[38;5;231m [38;5;145mæ›´æ–°ãŒçµ‚äº†ã—ã¾ã—ãŸã€‚
[38;5;83m[%time] [38;5;87m[%thread/%info][38;5;207m%cd[38;5;227m[38;5;231m [38;5;145mREADMEãƒ•ã‚¡ã‚¤ãƒ«ã®æ›´æ–°ã‚’è¡Œã£ã¦ã„ã¾ã™...
[38;5;83m[%time] [38;5;87m[%thread/%info][38;5;207m%cd[38;5;227m[38;5;231m [38;5;145mæ›´æ–°ãŒçµ‚äº†ã—ã¾ã—ãŸã€‚
[38;5;83m[%time] [38;5;87m[%thread/%info][38;5;207m%cd[38;5;227m[38;5;231m Welcome to PHPPO!
[38;5;83m[%time] [38;5;87m[%thread/%info][38;5;207m%cd[38;5;227m[38;5;231m "sys.dev.test.onigiri"ã®å€¤ã¯"NULL"ã§ã™ã€‚
[38;5;83m[%time] [38;5;87m[%thread/%info][38;5;207m%cd[38;5;227m[38;5;231m å¤‰æ›´ã—ã¾ã—ãŸã€‚
[38;5;83m[%time] [38;5;87m[%thread/%info][38;5;207m%cd[38;5;227m[38;5;231m "sys.dev.test.onigiri"ã®å€¤ã¯"ruirui"ã§ã™ã€‚
[38;5;83m[%time] [38;5;87m[%thread/%info][38;5;207m%cd[38;5;227m[38;5;231m "sys.dev.test"ã®å€¤ã¯é…åˆ—ã§ã™ã€‚
=======================
[38;5;83m[%time] [38;5;87m[%thread/%info][38;5;207m%cd[38;5;227m[38;5;231m "sys.dev.test"ã®å€¤ã¯é…åˆ—ã§ã™ã€‚
=======================
[38;5;83m[%time] [38;5;87m[%thread/%info][38;5;207m%cd[38;5;227m[38;5;231m [38;5;203monigiri [38;5;145m:[38;5;227m 'ruirui'
[38;5;83m[%time] [38;5;87m[%thread/%info][38;5;207m%cd[38;5;227m[38;5;231m [38;5;59m-----------------------
[38;5;83m[%time] [38;5;87m[%thread/%info][38;5;207m%cd[38;5;227m[38;5;231m "sys.dev.test2.omusubi"ã®å€¤ã¯"NULL"ã§ã™ã€‚
[38;5;83m[%time] [38;5;87m[%thread/%info][38;5;207m%cd[38;5;227m[38;5;231m å¤‰æ›´ã—ã¾ã—ãŸã€‚
[38;5;83m[%time] [38;5;87m[%thread/%info][38;5;207m%cd[38;5;227m[38;5;231m "omusubi"ã®å€¤ã¯"rui"ã§ã™ã€‚
[38;5;83m[%time] [38;5;87m[%thread/%info][38;5;207m%cd[38;5;227m[38;5;231m "sys"ã®å€¤ã¯é…åˆ—ã§ã™ã€‚
=======================
[38;5;83m[%time] [38;5;87m[%thread/%info][38;5;207m%cd[38;5;227m[38;5;231m "sys"ã®å€¤ã¯é…åˆ—ã§ã™ã€‚
=======================
[38;5;83m[%time] [38;5;87m[%thread/%info][38;5;207m%cd[38;5;227m[38;5;231m [38;5;203momusubi [38;5;145m:[38;5;227m 'rui'
[38;5;83m[%time] [38;5;87m[%thread/%info][38;5;207m%cd[38;5;227m[38;5;231m [38;5;59m-----------------------
[38;5;83m[%time] [38;5;87m[%thread/%info][38;5;207m%cd[38;5;227m[38;5;231m [38;5;203mtest2 [38;5;145m:[38;5;227m array (
  'omusubi' => 'rui',
)
[38;5;83m[%time] [38;5;87m[%thread/%info][38;5;207m%cd[38;5;227m[38;5;231m [38;5;203mtest2 [38;5;145m:[38;5;227m array (
  'omusubi' => 'rui',
)
[38;5;83m[%time] [38;5;87m[%thread/%info][38;5;207m%cd[38;5;227m[38;5;231m [38;5;203mtest2 [38;5;145m:[38;5;227m array (
  'omusubi' => 'rui',
)
[38;5;83m[%time] [38;5;87m[%thread/%info][38;5;207m%cd[38;5;227m[38;5;231m [38;5;59m-----------------------
[38;5;83m[%time] [38;5;87m[%thread/%info][38;5;207m%cd[38;5;227m[38;5;231m [38;5;203mdev [38;5;145m:[38;5;227m array (
  'omusubi' => 'rui',
  'test2' => 
  array (
    'omusubi' => 'rui',
  ),
)
[38;5;83m[%time] [38;5;87m[%thread/%info][38;5;207m%cd[38;5;227m[38;5;231m [38;5;203mdev [38;5;145m:[38;5;227m array (
  'omusubi' => 'rui',
  'test2' => 
  array (
    'omusubi' => 'rui',
  ),
)
[38;5;83m[%time] [38;5;87m[%thread/%info][38;5;207m%cd[38;5;227m[38;5;231m [38;5;203mdev [38;5;145m:[38;5;227m array (
  'omusubi' => 'rui',
  'test2' => 
  array (
    'omusubi' => 'rui',
  ),
)
[38;5;83m[%time] [38;5;87m[%thread/%info][38;5;207m%cd[38;5;227m[38;5;231m [38;5;203mdev [38;5;145m:[38;5;227m array (
  'omusubi' => 'rui',
  'test2' => 
  array (
    'omusubi' => 'rui',
  ),
)
[38;5;83m[%time] [38;5;87m[%thread/%info][38;5;207m%cd[38;5;227m[38;5;231m [38;5;203mdev [38;5;145m:[38;5;227m array (
  'omusubi' => 'rui',
  'test2' => 
  array (
    'omusubi' => 'rui',
  ),
)
[38;5;83m[%time] [38;5;87m[%thread/%info][38;5;207m%cd[38;5;227m[38;5;231m [38;5;203mdev [38;5;145m:[38;5;227m array (
  'omusubi' => 'rui',
  'test2' => 
  array (
    'omusubi' => 'rui',
  ),
)
[38;5;83m[%time] [38;5;87m[%thread/%info][38;5;207m%cd[38;5;227m[38;5;231m [38;5;203mdev [38;5;145m:[38;5;227m array (
  'omusubi' => 'rui',
  'test2' => 
  array (
    'omusubi' => 'rui',
  ),
)
[38;5;83m[%time] [38;5;87m[%thread/%info][38;5;207m%cd[38;5;227m[38;5;231m [38;5;59m-----------------------
