[38;5;83m[%time] [38;5;87m[%thread/%info][38;5;207m%cd[38;5;227m[38;5;231m [38;5;145mãƒ©ã‚¤ã‚»ãƒ³ã‚¹ãƒ•ã‚¡ã‚¤ãƒ«ã®æ›´æ–°ã‚’è¡Œã£ã¦ã„ã¾ã™...
[38;5;83m[%time] [38;5;87m[%thread/%info][38;5;207m%cd[38;5;227m[38;5;231m [38;5;145mæ›´æ–°ãŒçµ‚äº†ã—ã¾ã—ãŸã€‚
[38;5;83m[%time] [38;5;87m[%thread/%info][38;5;207m%cd[38;5;227m[38;5;231m [38;5;145mREADMEãƒ•ã‚¡ã‚¤ãƒ«ã®æ›´æ–°ã‚’è¡Œã£ã¦ã„ã¾ã™...
[38;5;83m[%time] [38;5;87m[%thread/%info][38;5;207m%cd[38;5;227m[38;5;231m [38;5;145mæ›´æ–°ãŒçµ‚äº†ã—ã¾ã—ãŸã€‚
[38;5;83m[%time] [38;5;87m[%thread/%info][38;5;207m%cd[38;5;227m[38;5;231m Welcome to PHPPO!
[38;5;83m[%time] [38;5;87m[%thread/%info][38;5;207m%cd[38;5;227m[38;5;231m ãƒ‘ãƒ©ãƒ¡ãƒ¼ã‚¿ãƒ¼ãŒä¸è¶³ã—ã¦ã„ã¾ã™ã€‚
[38;5;83m[%time] [38;5;87m[%thread/%info][38;5;207m%cd[38;5;227m[38;5;231m ////////confã‚³ãƒãƒ³ãƒ‰////////
[38;5;83m[%time] [38;5;87m[%thread/%info][38;5;207m%cd[38;5;227m[38;5;231m PHPPOã®å†…éƒ¨ç’°å¢ƒè¨­å®šã®è¡¨ç¤ºã¨å¤‰æ›´ã‚’è¡Œã„ã¾ã™ã€‚
[38;5;83m[%time] [38;5;87m[%thread/%info][38;5;207m%cd[38;5;227m[38;5;231m ç¬¬ä¸€å¼•æ•°ã«ã‚µãƒ–ã‚³ãƒãƒ³ãƒ‰ã€ç¬¬äºŒå¼•æ•°ä»¥é™ã«ãã‚Œãã‚Œã®å€¤ãŒå…¥ã‚Šã¾ã™ã€‚
[38;5;83m[%time] [38;5;87m[%thread/%info][38;5;207m%cd[38;5;227m[38;5;231m ========ä½¿ç”¨æ–¹æ³•========
[38;5;83m[%time] [38;5;87m[%thread/%info][38;5;207m%cd[38;5;227m[38;5;231m conf set <è¨­å®šå€¤å> <å€¤> ã€€: è¨­å®šå€¤åã«å€¤ã‚’å¼·åˆ¶çš„ã«ä»£å…¥ã—ã¾ã™ã€‚ã‚¹ã‚¯ãƒªãƒ—ãƒˆå®Ÿè¡Œæ™‚ãªã©ã§ç”¨ã„ã‚‰ã‚Œã¾ã™ã€‚
[38;5;83m[%time] [38;5;87m[%thread/%info][38;5;207m%cd[38;5;227m[38;5;231m conf edit <è¨­å®šå€¤å> <å€¤> : è¨­å®šå€¤åã«å€¤ã‚’ãƒ¦ãƒ¼ã‚¶ãƒ¼ã¸ã®ç¢ºèªã®ä¸Šä»£å…¥ã—ã¾ã™ã€‚ç”»é¢ä¸Šã®å®Ÿè¡Œã®å ´åˆsetã‚ˆã‚Šã‚‚ã“ã¡ã‚‰ã‚’æ¨å¥¨ã—ã¾ã™ã€‚
[38;5;83m[%time] [38;5;87m[%thread/%info][38;5;207m%cd[38;5;227m[38;5;231m conf reset <è¨­å®šå€¤å>     : æŒ‡å®šã•ã‚ŒãŸè¨­å®šå€¤åã®å€¤ã‚’æ—¢å®šã®è¨­å®šã«æˆ»ã—ã¾ã™ã€‚
[38;5;83m[%time] [38;5;87m[%thread/%info][38;5;207m%cd[38;5;227m[38;5;231m conf veaw <è¨­å®šå€¤å>      :æŒ‡å®šã•ã‚ŒãŸè¨­å®šå€¤åã®å€¤ã‚’è¡¨ç¤ºã—ã¾ã™ã€‚
[38;5;83m[%time] [38;5;87m[%thread/%info][38;5;207m%cd[38;5;227m[38;5;231m conf help                :confã‚³ãƒãƒ³ãƒ‰ã®ä½¿ç”¨æ³•ã‚’è¡¨ç¤ºã—ã¾ã™ã€‚
[38;5;83m[%time] [38;5;87m[%thread/%info][38;5;207m%cd[38;5;227m[38;5;231m [38;5;145mãƒ©ã‚¤ã‚»ãƒ³ã‚¹ãƒ•ã‚¡ã‚¤ãƒ«ã®æ›´æ–°ã‚’è¡Œã£ã¦ã„ã¾ã™...
[38;5;83m[%time] [38;5;87m[%thread/%info][38;5;207m%cd[38;5;227m[38;5;231m [38;5;145mæ›´æ–°ãŒçµ‚äº†ã—ã¾ã—ãŸã€‚
[38;5;83m[%time] [38;5;87m[%thread/%info][38;5;207m%cd[38;5;227m[38;5;231m [38;5;145mREADMEãƒ•ã‚¡ã‚¤ãƒ«ã®æ›´æ–°ã‚’è¡Œã£ã¦ã„ã¾ã™...
[38;5;83m[%time] [38;5;87m[%thread/%info][38;5;207m%cd[38;5;227m[38;5;231m [38;5;145mæ›´æ–°ãŒçµ‚äº†ã—ã¾ã—ãŸã€‚
[38;5;83m[%time] [38;5;87m[%thread/%info][38;5;207m%cd[38;5;227m[38;5;231m Welcome to PHPPO!
[38;5;83m[%time] [38;5;87m[%thread/%info][38;5;207m%cd[38;5;227m[38;5;231m ãƒ‘ãƒ©ãƒ¡ãƒ¼ã‚¿ãƒ¼ãŒä¸è¶³ã—ã¦ã„ã¾ã™ã€‚
[38;5;83m[%time] [38;5;87m[%thread/%info][38;5;207m%cd[38;5;227m[38;5;231m ////////confã‚³ãƒãƒ³ãƒ‰////////
[38;5;83m[%time] [38;5;87m[%thread/%info][38;5;207m%cd[38;5;227m[38;5;231m PHPPOã®å†…éƒ¨ç’°å¢ƒè¨­å®šã®è¡¨ç¤ºã¨å¤‰æ›´ã‚’è¡Œã„ã¾ã™ã€‚
[38;5;83m[%time] [38;5;87m[%thread/%info][38;5;207m%cd[38;5;227m[38;5;231m ç¬¬ä¸€å¼•æ•°ã«ã‚µãƒ–ã‚³ãƒãƒ³ãƒ‰ã€ç¬¬äºŒå¼•æ•°ä»¥é™ã«ãã‚Œãã‚Œã®å€¤ãŒå…¥ã‚Šã¾ã™ã€‚
[38;5;83m[%time] [38;5;87m[%thread/%info][38;5;207m%cd[38;5;227m[38;5;231m ========ä½¿ç”¨æ–¹æ³•========
[38;5;83m[%time] [38;5;87m[%thread/%info][38;5;207m%cd[38;5;227m[38;5;231m conf set <è¨­å®šå€¤å> <å€¤> : è¨­å®šå€¤åã«å€¤ã‚’å¼·åˆ¶çš„ã«ä»£å…¥ã—ã¾ã™ã€‚ã‚¹ã‚¯ãƒªãƒ—ãƒˆå®Ÿè¡Œæ™‚ãªã©ã§ç”¨ã„ã‚‰ã‚Œã¾ã™ã€‚
[38;5;83m[%time] [38;5;87m[%thread/%info][38;5;207m%cd[38;5;227m[38;5;231m conf edit <è¨­å®šå€¤å> <å€¤> : è¨­å®šå€¤åã«å€¤ã‚’ãƒ¦ãƒ¼ã‚¶ãƒ¼ã¸ã®ç¢ºèªã®ä¸Šä»£å…¥ã—ã¾ã™ã€‚ç”»é¢ä¸Šã®å®Ÿè¡Œã®å ´åˆsetã‚ˆã‚Šã‚‚ã“ã¡ã‚‰ã‚’æ¨å¥¨ã—ã¾ã™ã€‚
[38;5;83m[%time] [38;5;87m[%thread/%info][38;5;207m%cd[38;5;227m[38;5;231m conf reset <è¨­å®šå€¤å>     : æŒ‡å®šã•ã‚ŒãŸè¨­å®šå€¤åã®å€¤ã‚’æ—¢å®šã®è¨­å®šã«æˆ»ã—ã¾ã™ã€‚
[38;5;83m[%time] [38;5;87m[%thread/%info][38;5;207m%cd[38;5;227m[38;5;231m conf veaw <è¨­å®šå€¤å>      :æŒ‡å®šã•ã‚ŒãŸè¨­å®šå€¤åã®å€¤ã‚’è¡¨ç¤ºã—ã¾ã™ã€‚
[38;5;83m[%time] [38;5;87m[%thread/%info][38;5;207m%cd[38;5;227m[38;5;231m conf help              ã€€  :confã‚³ãƒãƒ³ãƒ‰ã®ä½¿ç”¨æ³•ã‚’è¡¨ç¤ºã—ã¾ã™ã€‚
[38;5;83m[%time] [38;5;87m[%thread/%info][38;5;207m%cd[38;5;227m[38;5;231m "sys.test.command.conf"ã®å€¤ã¯"NULL"ã§ã™ã€‚
[38;5;83m[%time] [38;5;87m[%thread/%info][38;5;207m%cd[38;5;227m[38;5;231m å¤‰æ›´ã—ã¾ã—ãŸã€‚
[38;5;83m[%time] [38;5;87m[%thread/%info][38;5;207m%cd[38;5;227m[38;5;231m [38;5;145mãƒ©ã‚¤ã‚»ãƒ³ã‚¹ãƒ•ã‚¡ã‚¤ãƒ«ã®æ›´æ–°ã‚’è¡Œã£ã¦ã„ã¾ã™...
[38;5;83m[%time] [38;5;87m[%thread/%info][38;5;207m%cd[38;5;227m[38;5;231m [38;5;145mæ›´æ–°ãŒçµ‚äº†ã—ã¾ã—ãŸã€‚
[38;5;83m[%time] [38;5;87m[%thread/%info][38;5;207m%cd[38;5;227m[38;5;231m [38;5;145mREADMEãƒ•ã‚¡ã‚¤ãƒ«ã®æ›´æ–°ã‚’è¡Œã£ã¦ã„ã¾ã™...
[38;5;83m[%time] [38;5;87m[%thread/%info][38;5;207m%cd[38;5;227m[38;5;231m [38;5;145mæ›´æ–°ãŒçµ‚äº†ã—ã¾ã—ãŸã€‚
[38;5;83m[%time] [38;5;87m[%thread/%info][38;5;207m%cd[38;5;227m[38;5;231m Welcome to PHPPO!
[38;5;83m[%time] [38;5;87m[%thread/%info][38;5;207m%cd[38;5;227m[38;5;231m è¨­å®šå€¤"sys.test.command.test"ã«å€¤ã¯å­˜åœ¨ã—ã¾ã›ã‚“ã€‚
[38;5;83m[%time] [38;5;87m[%thread/%info][38;5;207m%cd[38;5;227m[38;5;231m "test"ã®å€¤ã¯"NULL"ã§ã™ã€‚
[38;5;83m[%time] [38;5;87m[%thread/%info][38;5;207m%cd[38;5;227m[38;5;231m å¤‰æ›´ã—ã¾ã—ãŸã€‚
[38;5;83m[%time] [38;5;87m[%thread/%info][38;5;207m%cd[38;5;227m[38;5;231m "test"ã®å€¤ã¯"a"ã§ã™ã€‚
[38;5;83m[%time] [38;5;87m[%thread/%info][38;5;207m%cd[38;5;227m[38;5;231m "test"ã®å€¤ã¯"b"ã§ã™ã€‚
[38;5;83m[%time] [38;5;87m[%thread/%info][38;5;207m%cd[38;5;227m[38;5;231m [38;5;145mãƒ©ã‚¤ã‚»ãƒ³ã‚¹ãƒ•ã‚¡ã‚¤ãƒ«ã®æ›´æ–°ã‚’è¡Œã£ã¦ã„ã¾ã™...
[38;5;83m[%time] [38;5;87m[%thread/%info][38;5;207m%cd[38;5;227m[38;5;231m [38;5;145mæ›´æ–°ãŒçµ‚äº†ã—ã¾ã—ãŸã€‚
[38;5;83m[%time] [38;5;87m[%thread/%info][38;5;207m%cd[38;5;227m[38;5;231m [38;5;145mREADMEãƒ•ã‚¡ã‚¤ãƒ«ã®æ›´æ–°ã‚’è¡Œã£ã¦ã„ã¾ã™...
[38;5;83m[%time] [38;5;87m[%thread/%info][38;5;207m%cd[38;5;227m[38;5;231m [38;5;145mæ›´æ–°ãŒçµ‚äº†ã—ã¾ã—ãŸã€‚
[38;5;83m[%time] [38;5;87m[%thread/%info][38;5;207m%cd[38;5;227m[38;5;231m Welcome to PHPPO!
[38;5;83m[%time] [38;5;87m[%thread/%info][38;5;207m%cd[38;5;227m[38;5;231m è¨­å®šå€¤"test"ã«å€¤ã¯å­˜åœ¨ã—ã¾ã›ã‚“ã€‚
[38;5;83m[%time] [38;5;87m[%thread/%info][38;5;207m%cd[38;5;227m[38;5;231m [38;5;145mãƒ©ã‚¤ã‚»ãƒ³ã‚¹ãƒ•ã‚¡ã‚¤ãƒ«ã®æ›´æ–°ã‚’è¡Œã£ã¦ã„ã¾ã™...
[38;5;83m[%time] [38;5;87m[%thread/%info][38;5;207m%cd[38;5;227m[38;5;231m [38;5;145mæ›´æ–°ãŒçµ‚äº†ã—ã¾ã—ãŸã€‚
[38;5;83m[%time] [38;5;87m[%thread/%info][38;5;207m%cd[38;5;227m[38;5;231m [38;5;145mREADMEãƒ•ã‚¡ã‚¤ãƒ«ã®æ›´æ–°ã‚’è¡Œã£ã¦ã„ã¾ã™...
[38;5;83m[%time] [38;5;87m[%thread/%info][38;5;207m%cd[38;5;227m[38;5;231m [38;5;145mæ›´æ–°ãŒçµ‚äº†ã—ã¾ã—ãŸã€‚
[38;5;83m[%time] [38;5;87m[%thread/%info][38;5;207m%cd[38;5;227m[38;5;231m Welcome to PHPPO!
[38;5;83m[%time] [38;5;87m[%thread/%info][38;5;207m%cd[38;5;227m[38;5;231m è¨­å®šå€¤"test"ã«å€¤ã¯å­˜åœ¨ã—ã¾ã›ã‚“ã€‚
[38;5;83m[%time] [38;5;87m[%thread/%info][38;5;207m%cd[38;5;227m[38;5;231m "test"ã®å€¤ã¯"a"ã§ã™ã€‚
[38;5;83m[%time] [38;5;87m[%thread/%info][38;5;207m%cd[38;5;227m[38;5;231m [38;5;145mãƒ©ã‚¤ã‚»ãƒ³ã‚¹ãƒ•ã‚¡ã‚¤ãƒ«ã®æ›´æ–°ã‚’è¡Œã£ã¦ã„ã¾ã™...
[38;5;83m[%time] [38;5;87m[%thread/%info][38;5;207m%cd[38;5;227m[38;5;231m [38;5;145mæ›´æ–°ãŒçµ‚äº†ã—ã¾ã—ãŸã€‚
[38;5;83m[%time] [38;5;87m[%thread/%info][38;5;207m%cd[38;5;227m[38;5;231m [38;5;145mREADMEãƒ•ã‚¡ã‚¤ãƒ«ã®æ›´æ–°ã‚’è¡Œã£ã¦ã„ã¾ã™...
[38;5;83m[%time] [38;5;87m[%thread/%info][38;5;207m%cd[38;5;227m[38;5;231m [38;5;145mæ›´æ–°ãŒçµ‚äº†ã—ã¾ã—ãŸã€‚
[38;5;83m[%time] [38;5;87m[%thread/%info][38;5;207m%cd[38;5;227m[38;5;231m Welcome to PHPPO!
[38;5;83m[%time] [38;5;87m[%thread/%info][38;5;207m%cd[38;5;227m[38;5;231m è¨­å®šå€¤"test"ã«å€¤ã¯å­˜åœ¨ã—ã¾ã›ã‚“ã€‚
[38;5;83m[%time] [38;5;87m[%thread/%info][38;5;207m%cd[38;5;227m[38;5;231m [38;5;145mãƒ©ã‚¤ã‚»ãƒ³ã‚¹ãƒ•ã‚¡ã‚¤ãƒ«ã®æ›´æ–°ã‚’è¡Œã£ã¦ã„ã¾ã™...
[38;5;83m[%time] [38;5;87m[%thread/%info][38;5;207m%cd[38;5;227m[38;5;231m [38;5;145mæ›´æ–°ãŒçµ‚äº†ã—ã¾ã—ãŸã€‚
[38;5;83m[%time] [38;5;87m[%thread/%info][38;5;207m%cd[38;5;227m[38;5;231m [38;5;145mREADMEãƒ•ã‚¡ã‚¤ãƒ«ã®æ›´æ–°ã‚’è¡Œã£ã¦ã„ã¾ã™...
[38;5;83m[%time] [38;5;87m[%thread/%info][38;5;207m%cd[38;5;227m[38;5;231m [38;5;145mæ›´æ–°ãŒçµ‚äº†ã—ã¾ã—ãŸã€‚
[38;5;83m[%time] [38;5;87m[%thread/%info][38;5;207m%cd[38;5;227m[38;5;231m Welcome to PHPPO!
[38;5;83m[%time] [38;5;87m[%thread/%info][38;5;207m%cd[38;5;227m[38;5;231m [38;5;145mãƒ©ã‚¤ã‚»ãƒ³ã‚¹ãƒ•ã‚¡ã‚¤ãƒ«ã®æ›´æ–°ã‚’è¡Œã£ã¦ã„ã¾ã™...
[38;5;83m[%time] [38;5;87m[%thread/%info][38;5;207m%cd[38;5;227m[38;5;231m [38;5;145mæ›´æ–°ãŒçµ‚äº†ã—ã¾ã—ãŸã€‚
[38;5;83m[%time] [38;5;87m[%thread/%info][38;5;207m%cd[38;5;227m[38;5;231m [38;5;145mREADMEãƒ•ã‚¡ã‚¤ãƒ«ã®æ›´æ–°ã‚’è¡Œã£ã¦ã„ã¾ã™...
[38;5;83m[%time] [38;5;87m[%thread/%info][38;5;207m%cd[38;5;227m[38;5;231m [38;5;145mæ›´æ–°ãŒçµ‚äº†ã—ã¾ã—ãŸã€‚
[38;5;83m[%time] [38;5;87m[%thread/%info][38;5;207m%cd[38;5;227m[38;5;231m Welcome to PHPPO!
[38;5;83m[%time] [38;5;87m[%thread/%info][38;5;207m%cd[38;5;227m[38;5;231m [38;5;145mãƒ©ã‚¤ã‚»ãƒ³ã‚¹ãƒ•ã‚¡ã‚¤ãƒ«ã®æ›´æ–°ã‚’è¡Œã£ã¦ã„ã¾ã™...
[38;5;83m[%time] [38;5;87m[%thread/%info][38;5;207m%cd[38;5;227m[38;5;231m [38;5;145mæ›´æ–°ãŒçµ‚äº†ã—ã¾ã—ãŸã€‚
[38;5;83m[%time] [38;5;87m[%thread/%info][38;5;207m%cd[38;5;227m[38;5;231m [38;5;145mREADMEãƒ•ã‚¡ã‚¤ãƒ«ã®æ›´æ–°ã‚’è¡Œã£ã¦ã„ã¾ã™...
[38;5;83m[%time] [38;5;87m[%thread/%info][38;5;207m%cd[38;5;227m[38;5;231m [38;5;145mæ›´æ–°ãŒçµ‚äº†ã—ã¾ã—ãŸã€‚
[38;5;83m[%time] [38;5;87m[%thread/%info][38;5;207m%cd[38;5;227m[38;5;231m Welcome to PHPPO!
[38;5;83m[%time] [38;5;87m[%thread/%info][38;5;207m%cd[38;5;227m[38;5;231m ãƒ‘ãƒ©ãƒ¡ãƒ¼ã‚¿ãƒ¼ãŒä¸è¶³ã—ã¦ã„ã¾ã™ã€‚
[38;5;83m[%time] [38;5;87m[%thread/%info][38;5;207m%cd[38;5;227m[38;5;231m [38;5;145mãƒ©ã‚¤ã‚»ãƒ³ã‚¹ãƒ•ã‚¡ã‚¤ãƒ«ã®æ›´æ–°ã‚’è¡Œã£ã¦ã„ã¾ã™...
[38;5;83m[%time] [38;5;87m[%thread/%info][38;5;207m%cd[38;5;227m[38;5;231m [38;5;145mæ›´æ–°ãŒçµ‚äº†ã—ã¾ã—ãŸã€‚
[38;5;83m[%time] [38;5;87m[%thread/%info][38;5;207m%cd[38;5;227m[38;5;231m [38;5;145mREADMEãƒ•ã‚¡ã‚¤ãƒ«ã®æ›´æ–°ã‚’è¡Œã£ã¦ã„ã¾ã™...
[38;5;83m[%time] [38;5;87m[%thread/%info][38;5;207m%cd[38;5;227m[38;5;231m [38;5;145mæ›´æ–°ãŒçµ‚äº†ã—ã¾ã—ãŸã€‚
[38;5;83m[%time] [38;5;87m[%thread/%info][38;5;207m%cd[38;5;227m[38;5;231m Welcome to PHPPO!
[38;5;83m[%time] [38;5;87m[%thread/%info][38;5;207m%cd[38;5;227m[38;5;231m ãƒ‘ãƒ©ãƒ¡ãƒ¼ã‚¿ãƒ¼ãŒä¸è¶³ã—ã¦ã„ã¾ã™ã€‚
[38;5;83m[%time] [38;5;87m[%thread/%info][38;5;207m%cd[38;5;227m[38;5;231m "test"ã®å€¤ã¯"NULL"ã§ã™ã€‚
[38;5;83m[%time] [38;5;87m[%thread/%info][38;5;207m%cd[38;5;227m[38;5;231m å¤‰æ›´ã—ã¾ã—ãŸã€‚
[38;5;83m[%time] [38;5;87m[%thread/%info][38;5;207m%cd[38;5;227m[38;5;231m "test"ã®å€¤ã¯"onigiri"ã§ã™ã€‚
[38;5;83m[%time] [38;5;87m[%thread/%info][38;5;207m%cd[38;5;227m[38;5;231m PHP Prompt OS by chell ruiã‚’çµ‚äº†ã—ã¾ã™...
[38;5;83m[%time] [38;5;87m[%thread/%info][38;5;207m%cd[38;5;227m[38;5;231m (@^^)/~~~!
PHPPO was completed successfully.[38;5;83m[%time] [38;5;87m[%thread/%info][38;5;207m%cd[38;5;227m[38;5;231m [38;5;145mãƒ©ã‚¤ã‚»ãƒ³ã‚¹ãƒ•ã‚¡ã‚¤ãƒ«ã®æ›´æ–°ã‚’è¡Œã£ã¦ã„ã¾ã™...
[38;5;83m[%time] [38;5;87m[%thread/%info][38;5;207m%cd[38;5;227m[38;5;231m [38;5;145mæ›´æ–°ãŒçµ‚äº†ã—ã¾ã—ãŸã€‚
[38;5;83m[%time] [38;5;87m[%thread/%info][38;5;207m%cd[38;5;227m[38;5;231m [38;5;145mREADMEãƒ•ã‚¡ã‚¤ãƒ«ã®æ›´æ–°ã‚’è¡Œã£ã¦ã„ã¾ã™...
[38;5;83m[%time] [38;5;87m[%thread/%info][38;5;207m%cd[38;5;227m[38;5;231m [38;5;145mæ›´æ–°ãŒçµ‚äº†ã—ã¾ã—ãŸã€‚
[38;5;83m[%time] [38;5;87m[%thread/%info][38;5;207m%cd[38;5;227m[38;5;231m Welcome to PHPPO!
[38;5;83m[%time] [38;5;87m[%thread/%info][38;5;207m%cd[38;5;227m[38;5;231m "test"ã®å€¤ã¯"onigiri"ã§ã™ã€‚
[38;5;83m[%time] [38;5;87m[%thread/%info][38;5;207m%cd[38;5;227m[38;5;231m [38;5;145mãƒ©ã‚¤ã‚»ãƒ³ã‚¹ãƒ•ã‚¡ã‚¤ãƒ«ã®æ›´æ–°ã‚’è¡Œã£ã¦ã„ã¾ã™...
[38;5;83m[%time] [38;5;87m[%thread/%info][38;5;207m%cd[38;5;227m[38;5;231m [38;5;145mæ›´æ–°ãŒçµ‚äº†ã—ã¾ã—ãŸã€‚
[38;5;83m[%time] [38;5;87m[%thread/%info][38;5;207m%cd[38;5;227m[38;5;231m [38;5;145mREADMEãƒ•ã‚¡ã‚¤ãƒ«ã®æ›´æ–°ã‚’è¡Œã£ã¦ã„ã¾ã™...
[38;5;83m[%time] [38;5;87m[%thread/%info][38;5;207m%cd[38;5;227m[38;5;231m [38;5;145mæ›´æ–°ãŒçµ‚äº†ã—ã¾ã—ãŸã€‚
[38;5;83m[%time] [38;5;87m[%thread/%info][38;5;207m%cd[38;5;227m[38;5;203m è¨˜è¿°ã•ã‚ŒãŸæ‹¡å¼µã‚³ãƒãƒ³ãƒ‰ã«ã‚ãŸã‚‹ãƒ‘ã‚¹ã¯ç„¡åŠ¹ã§ã™ã€‚
[38;5;83m[%time] [38;5;87m[%thread/%info][38;5;207m%cd[38;5;227m[38;5;203m Desabled [taso] Command :File not found --C:\Users\ruito\Desktop\rui\PHP\PHP Prompt OS\root\bin\taso.sh
[38;5;83m[%time] [38;5;87m[%thread/%info][38;5;207m%cd[38;5;227m[38;5;203m è¨˜è¿°ã•ã‚ŒãŸæ‹¡å¼µã‚³ãƒãƒ³ãƒ‰ã«ã‚ãŸã‚‹ãƒ‘ã‚¹ã¯ç„¡åŠ¹ã§ã™ã€‚
[38;5;83m[%time] [38;5;87m[%thread/%info][38;5;207m%cd[38;5;227m[38;5;203m Desabled [hashimoto] Command :File not found --C:\Users\ruito\Desktop\rui\PHP\PHP Prompt OS\root\bin\hashimoto.sh
[38;5;83m[%time] [38;5;87m[%thread/%info][38;5;207m%cd[38;5;227m[38;5;231m Welcome to PHPPO!
[38;5;83m[%time] [38;5;87m[%thread/%info][38;5;207m%cd[38;5;227m[38;5;231m [38;5;145mãƒ©ã‚¤ã‚»ãƒ³ã‚¹ãƒ•ã‚¡ã‚¤ãƒ«ã®æ›´æ–°ã‚’è¡Œã£ã¦ã„ã¾ã™...
[38;5;83m[%time] [38;5;87m[%thread/%info][38;5;207m%cd[38;5;227m[38;5;231m [38;5;145mæ›´æ–°ãŒçµ‚äº†ã—ã¾ã—ãŸã€‚
[38;5;83m[%time] [38;5;87m[%thread/%info][38;5;207m%cd[38;5;227m[38;5;231m [38;5;145mREADMEãƒ•ã‚¡ã‚¤ãƒ«ã®æ›´æ–°ã‚’è¡Œã£ã¦ã„ã¾ã™...
[38;5;83m[%time] [38;5;87m[%thread/%info][38;5;207m%cd[38;5;227m[38;5;231m [38;5;145mæ›´æ–°ãŒçµ‚äº†ã—ã¾ã—ãŸã€‚
[38;5;83m[%time] [38;5;87m[%thread/%info][38;5;207m%cd[38;5;227m[38;5;231m Welcome to PHPPO!
[38;5;83m[%time] [38;5;87m[%thread/%info][38;5;207m%cd[38;5;227m[38;5;231m [38;5;145mãƒ©ã‚¤ã‚»ãƒ³ã‚¹ãƒ•ã‚¡ã‚¤ãƒ«ã®æ›´æ–°ã‚’è¡Œã£ã¦ã„ã¾ã™...
[38;5;83m[%time] [38;5;87m[%thread/%info][38;5;207m%cd[38;5;227m[38;5;231m [38;5;145mæ›´æ–°ãŒçµ‚äº†ã—ã¾ã—ãŸã€‚
[38;5;83m[%time] [38;5;87m[%thread/%info][38;5;207m%cd[38;5;227m[38;5;231m [38;5;145mREADMEãƒ•ã‚¡ã‚¤ãƒ«ã®æ›´æ–°ã‚’è¡Œã£ã¦ã„ã¾ã™...
[38;5;83m[%time] [38;5;87m[%thread/%info][38;5;207m%cd[38;5;227m[38;5;231m [38;5;145mæ›´æ–°ãŒçµ‚äº†ã—ã¾ã—ãŸã€‚
[38;5;83m[%time] [38;5;87m[%thread/%info][38;5;207m%cd[38;5;227m[38;5;231m Welcome to PHPPO!
[38;5;83m[%time] [38;5;87m[%thread/%info][38;5;207m%cd[38;5;227m[38;5;231m [38;5;59m===================[38;5;231mã‚³ãƒãƒ³ãƒ‰ä¸€è¦§[38;5;59m===================[38;5;145m
[38;5;83m[%time] [38;5;87m[%thread/%info][38;5;207m%cd[38;5;227m[38;5;231m [38;5;34mcat [38;5;83m<ãƒ‘ã‚¹>[38;5;145m:æŒ‡å®šã•ã‚ŒãŸãƒ•ã‚¡ã‚¤ãƒ«ã‚’è¡¨ç¤º[38;5;145m
[38;5;83m[%time] [38;5;87m[%thread/%info][38;5;207m%cd[38;5;227m[38;5;231m [38;5;34mcd [38;5;83m<çµ¶å¯¾/ç›¸å¯¾ãƒ‘ã‚¹>[38;5;145m:ã‚«ãƒ¬ãƒ³ãƒˆãƒ‡ã‚£ãƒ¬ã‚¯ãƒˆãƒªã‚’æŒ‡å®šã—ã¾ã™ã€‚[38;5;145m
[38;5;83m[%time] [38;5;87m[%thread/%info][38;5;207m%cd[38;5;227m[38;5;231m [38;5;34mclear [38;5;83m[38;5;145m:ç”»é¢ä¸Šã‹ã‚‰å±¥æ­´ãŒæ¶ˆãˆã‚‹ã‚ˆã†ã«æ”¹è¡Œã‚’ç¹°ã‚Šè¿”ã—ã¾ã™ã€‚[38;5;145m
[38;5;83m[%time] [38;5;87m[%thread/%info][38;5;207m%cd[38;5;227m[38;5;231m [38;5;34mconf [38;5;83m<set|edit|reset|veaw|help>[38;5;145m:PHPPOã®å†…éƒ¨ç’°å¢ƒè¨­å®šã®è¡¨ç¤ºãƒ»å¤‰æ›´[38;5;145m
[38;5;83m[%time] [38;5;87m[%thread/%info][38;5;207m%cd[38;5;227m[38;5;231m [38;5;34mdelvar [38;5;83m<å¤‰æ•°å>[38;5;145m:å®£è¨€æ¸ˆã¿ç’°å¢ƒå¤‰æ•°ã‚’å‰Šé™¤ã—ã¾ã™ã€‚[38;5;145m
[38;5;83m[%time] [38;5;87m[%thread/%info][38;5;207m%cd[38;5;227m[38;5;231m [38;5;34mecho [38;5;83m<ãƒ¡ãƒƒã‚»ãƒ¼ã‚¸>/<on|off>[38;5;145m:æ–‡å­—åˆ—ã‚’å‡ºåŠ›ã€‚[38;5;145m
[38;5;83m[%time] [38;5;87m[%thread/%info][38;5;207m%cd[38;5;227m[38;5;231m [38;5;34mexec [38;5;83m[38;5;145m:ã‚³ãƒãƒ³ãƒ‰åŠã³å¤–éƒ¨ãƒ—ãƒ­ã‚»ã‚¹ã®å®Ÿè¡Œã€‚[38;5;145m
[38;5;83m[%time] [38;5;87m[%thread/%info][38;5;207m%cd[38;5;227m[38;5;231m [38;5;34mexit [38;5;83m<ãƒŸãƒªç§’æ•°>[38;5;145m:PHP Prompt OSã‚’çµ‚äº†ã€‚[38;5;145m
[38;5;83m[%time] [38;5;87m[%thread/%info][38;5;207m%cd[38;5;227m[38;5;231m [38;5;34mhelp [38;5;83m<all|dev>/<ã‚³ãƒãƒ³ãƒ‰>[38;5;145m:ä½¿ç”¨ã§ãã‚‹ã‚³ãƒãƒ³ãƒ‰ã€ã‚³ãƒãƒ³ãƒ‰ã®ä½¿ç”¨æ³•ã‚’è¡¨ç¤ºã€‚[38;5;145m
[38;5;83m[%time] [38;5;87m[%thread/%info][38;5;207m%cd[38;5;227m[38;5;231m [38;5;34minfo [38;5;83m<logo|auther|des|help|url|>[38;5;145m:å½“ãƒ—ãƒ­ã‚°ãƒ©ãƒ ã«é–¢ã—ã¦ã®æƒ…å ±ã‚’è¡¨ç¤ºã€‚[38;5;145m
[38;5;83m[%time] [38;5;87m[%thread/%info][38;5;207m%cd[38;5;227m[38;5;231m [38;5;34mlog [38;5;83m<on/off>[38;5;145m:ãƒ­ã‚°ãƒ•ã‚¡ã‚¤ãƒ«ã«ãƒ­ã‚°ã‚’å‡ºåŠ›ã™ã‚‹ã‹ã®è¨­å®šã§ã™ã€‚[38;5;145m
[38;5;83m[%time] [38;5;87m[%thread/%info][38;5;207m%cd[38;5;227m[38;5;231m [38;5;34mls [38;5;83m[38;5;145m:ã‚«ãƒ¬ãƒ³ãƒˆãƒ‡ã‚£ãƒ¬ã‚¯ãƒˆãƒªä¸Šã®ãƒ•ã‚¡ã‚¤ãƒ«ã¨ãƒ‡ã‚£ãƒ¬ã‚¯ãƒˆãƒªã®ãƒªã‚¹ãƒˆã‚’è¡¨ç¤ºã—ã¾ã™ã€‚[38;5;145m
[38;5;83m[%time] [38;5;87m[%thread/%info][38;5;207m%cd[38;5;227m[38;5;231m [38;5;34mmkdir [38;5;83m[38;5;145m:ãƒ‡ã‚£ãƒ¬ã‚¯ãƒˆãƒªã‚’ä½œæˆã—ã¾ã™[38;5;145m
[38;5;83m[%time] [38;5;87m[%thread/%info][38;5;207m%cd[38;5;227m[38;5;231m [38;5;34mpwd [38;5;83m[38;5;145m:ã‚«ãƒ¬ãƒ³ãƒˆãƒ‡ã‚£ãƒ¬ã‚¯ãƒˆãƒªã®ãƒ‘ã‚¹ã‚’è¡¨ç¤ºã—ã¾ã™ã€‚[38;5;145m
[38;5;83m[%time] [38;5;87m[%thread/%info][38;5;207m%cd[38;5;227m[38;5;231m [38;5;34mreboot [38;5;83m<mode>[38;5;145m:PHPPOã‚’å†èµ·å‹•ã—ã¾ã™ã€‚[38;5;145m
[38;5;83m[%time] [38;5;87m[%thread/%info][38;5;207m%cd[38;5;227m[38;5;231m [38;5;34mrmdir [38;5;83m<ãƒ‘ã‚¹>[38;5;145m:ãƒ‘ã‚¹ã§æŒ‡å®šã—ãŸãƒ‡ã‚£ãƒ¬ã‚¯ãƒˆãƒªã‚’å‰Šé™¤ã—ã¾ã™ã€‚[38;5;145m
[38;5;83m[%time] [38;5;87m[%thread/%info][38;5;207m%cd[38;5;227m[38;5;231m [38;5;34mscript [38;5;83m<ãƒ•ã‚¡ã‚¤ãƒ«ãƒãƒ¼ãƒ ï¼ˆæ‹¡å¼µå­ã‚’å«ã‚€ï¼‰>[38;5;145m:ãƒ†ã‚­ã‚¹ãƒˆä¸Šã®ã‚³ãƒãƒ³ãƒ‰ã‚’æ”¹è¡Œã”ã¨ã«å®Ÿè¡Œã—ã¾ã™ã€‚[38;5;145m
[38;5;83m[%time] [38;5;87m[%thread/%info][38;5;207m%cd[38;5;227m[38;5;231m [38;5;34mset [38;5;83m<å¤‰æ•°å> <å€¤>[38;5;145m:å¤‰æ•°ã¸ä»£å…¥ã—ã¾ã™[38;5;145m
[38;5;83m[%time] [38;5;87m[%thread/%info][38;5;207m%cd[38;5;227m[38;5;231m [38;5;34mtitle [38;5;83m[38;5;145m:ã‚·ã‚¹ãƒ†ãƒ ã®ã‚¿ã‚¤ãƒˆãƒ«ã‚’è¨­å®šã—ã¾ã™ã€‚[38;5;145m
[38;5;83m[%time] [38;5;87m[%thread/%info][38;5;207m%cd[38;5;227m[38;5;231m [38;5;34mtouch [38;5;83m<path>[38;5;145m:ãƒ•ã‚¡ã‚¤ãƒ«ã‚’ç”Ÿæˆã—ã¾ã™ã€‚[38;5;145m
[38;5;83m[%time] [38;5;87m[%thread/%info][38;5;207m%cd[38;5;227m[38;5;231m [38;5;34munlink [38;5;83m<ãƒ‘ã‚¹>[38;5;145m:ãƒ•ã‚¡ã‚¤ãƒ«ã‚’å‰Šé™¤ã—ã¾ã™ã€‚[38;5;145m
[38;5;83m[%time] [38;5;87m[%thread/%info][38;5;207m%cd[38;5;227m[38;5;231m [38;5;34mvars [38;5;83m[38;5;145m:å®šç¾©æ¸ˆã¿ã®ç’°å¢ƒå¤‰æ•°ã‚’è¡¨ç¤ºã—ã¾ã™ã€‚[38;5;145m
[38;5;83m[%time] [38;5;87m[%thread/%info][38;5;207m%cd[38;5;227m[38;5;231m [38;5;34mwget [38;5;83m<URL>[38;5;145m:ãƒ•ã‚¡ã‚¤ãƒ«ã‚’ãƒ€ã‚¦ãƒ³ãƒ­ãƒ¼ãƒ‰ã—ã¾ã™ã€‚[38;5;145m
[38;5;83m[%time] [38;5;87m[%thread/%info][38;5;207m%cd[38;5;227m[38;5;231m [38;5;59m===================================================[38;5;145m
[38;5;83m[%time] [38;5;87m[%thread/%info][38;5;207m%cd[38;5;227m[38;5;231m [38;5;145mãƒ©ã‚¤ã‚»ãƒ³ã‚¹ãƒ•ã‚¡ã‚¤ãƒ«ã®æ›´æ–°ã‚’è¡Œã£ã¦ã„ã¾ã™...
[38;5;83m[%time] [38;5;87m[%thread/%info][38;5;207m%cd[38;5;227m[38;5;231m [38;5;145mæ›´æ–°ãŒçµ‚äº†ã—ã¾ã—ãŸã€‚
[38;5;83m[%time] [38;5;87m[%thread/%info][38;5;207m%cd[38;5;227m[38;5;231m [38;5;145mREADMEãƒ•ã‚¡ã‚¤ãƒ«ã®æ›´æ–°ã‚’è¡Œã£ã¦ã„ã¾ã™...
[38;5;83m[%time] [38;5;87m[%thread/%info][38;5;207m%cd[38;5;227m[38;5;231m [38;5;145mæ›´æ–°ãŒçµ‚äº†ã—ã¾ã—ãŸã€‚
[38;5;83m[%time] [38;5;87m[%thread/%info][38;5;207m%cd[38;5;227m[38;5;231m Welcome to PHPPO!
[38;5;83m[%time] [38;5;87m[%thread/%info][38;5;207m%cd[38;5;227m[38;5;231m ãƒ‘ãƒ©ãƒ¡ãƒ¼ã‚¿ãƒ¼ãŒä¸è¶³ã—ã¦ã„ã¾ã™ã€‚
[38;5;83m[%time] [38;5;87m[%thread/%info][38;5;207m%cd[38;5;227m[38;5;231m "a"ã®å€¤ã¯"NULL"ã§ã™ã€‚
[38;5;83m[%time] [38;5;87m[%thread/%info][38;5;207m%cd[38;5;227m[38;5;231m å¤‰æ›´ã—ã¾ã—ãŸã€‚
[38;5;83m[%time] [38;5;87m[%thread/%info][38;5;207m%cd[38;5;227m[38;5;231m [38;5;145mãƒ©ã‚¤ã‚»ãƒ³ã‚¹ãƒ•ã‚¡ã‚¤ãƒ«ã®æ›´æ–°ã‚’è¡Œã£ã¦ã„ã¾ã™...
[38;5;83m[%time] [38;5;87m[%thread/%info][38;5;207m%cd[38;5;227m[38;5;231m [38;5;145mæ›´æ–°ãŒçµ‚äº†ã—ã¾ã—ãŸã€‚
[38;5;83m[%time] [38;5;87m[%thread/%info][38;5;207m%cd[38;5;227m[38;5;231m [38;5;145mREADMEãƒ•ã‚¡ã‚¤ãƒ«ã®æ›´æ–°ã‚’è¡Œã£ã¦ã„ã¾ã™...
[38;5;83m[%time] [38;5;87m[%thread/%info][38;5;207m%cd[38;5;227m[38;5;231m [38;5;145mæ›´æ–°ãŒçµ‚äº†ã—ã¾ã—ãŸã€‚
[38;5;83m[%time] [38;5;87m[%thread/%info][38;5;207m%cd[38;5;227m[38;5;231m Welcome to PHPPO!
[38;5;83m[%time] [38;5;87m[%thread/%info][38;5;207m%cd[38;5;227m[38;5;231m [38;5;59m===================[38;5;87må®Ÿè£…ã‚³ãƒãƒ³ãƒ‰ä¸€è¦§[38;5;59m===================[38;5;145m
[38;5;83m[%time] [38;5;87m[%thread/%info][38;5;207m%cd[38;5;227m[38;5;231m [38;5;59m[script]-[38;5;34mbreak [38;5;83m<çµ‚äº†ä¿¡å·>[38;5;145m:ã‚¹ã‚¯ãƒªãƒ—ãƒˆã®å®Ÿè¡Œã‚’åœæ­¢[38;5;145m
[38;5;83m[%time] [38;5;87m[%thread/%info][38;5;207m%cd[38;5;227m[38;5;231m [38;5;59m[default]-[38;5;34mcat [38;5;83m<ãƒ‘ã‚¹>[38;5;145m:æŒ‡å®šã•ã‚ŒãŸãƒ•ã‚¡ã‚¤ãƒ«ã‚’è¡¨ç¤º[38;5;145m
[38;5;83m[%time] [38;5;87m[%thread/%info][38;5;207m%cd[38;5;227m[38;5;231m [38;5;59m[default]-[38;5;34mcd [38;5;83m<çµ¶å¯¾/ç›¸å¯¾ãƒ‘ã‚¹>[38;5;145m:ã‚«ãƒ¬ãƒ³ãƒˆãƒ‡ã‚£ãƒ¬ã‚¯ãƒˆãƒªã‚’æŒ‡å®šã—ã¾ã™ã€‚[38;5;145m
[38;5;83m[%time] [38;5;87m[%thread/%info][38;5;207m%cd[38;5;227m[38;5;231m [38;5;59m[default]-[38;5;34mclear [38;5;83m[38;5;145m:ç”»é¢ä¸Šã‹ã‚‰å±¥æ­´ãŒæ¶ˆãˆã‚‹ã‚ˆã†ã«æ”¹è¡Œã‚’ç¹°ã‚Šè¿”ã—ã¾ã™ã€‚[38;5;145m
[38;5;83m[%time] [38;5;87m[%thread/%info][38;5;207m%cd[38;5;227m[38;5;231m [38;5;59m[default]-[38;5;34mconf [38;5;83m<set|edit|reset|veaw|help>[38;5;145m:PHPPOã®å†…éƒ¨ç’°å¢ƒè¨­å®šã®è¡¨ç¤ºãƒ»å¤‰æ›´[38;5;145m
[38;5;83m[%time] [38;5;87m[%thread/%info][38;5;207m%cd[38;5;227m[38;5;231m [38;5;59m[default]-[38;5;34mdelvar [38;5;83m<å¤‰æ•°å>[38;5;145m:å®£è¨€æ¸ˆã¿ç’°å¢ƒå¤‰æ•°ã‚’å‰Šé™¤ã—ã¾ã™ã€‚[38;5;145m
[38;5;83m[%time] [38;5;87m[%thread/%info][38;5;207m%cd[38;5;227m[38;5;231m [38;5;59m[default]-[38;5;34mecho [38;5;83m<ãƒ¡ãƒƒã‚»ãƒ¼ã‚¸>/<on|off>[38;5;145m:æ–‡å­—åˆ—ã‚’å‡ºåŠ›ã€‚[38;5;145m
[38;5;83m[%time] [38;5;87m[%thread/%info][38;5;207m%cd[38;5;227m[38;5;231m [38;5;59m[default]-[38;5;34mexec [38;5;83m[38;5;145m:ã‚³ãƒãƒ³ãƒ‰åŠã³å¤–éƒ¨ãƒ—ãƒ­ã‚»ã‚¹ã®å®Ÿè¡Œã€‚[38;5;145m
[38;5;83m[%time] [38;5;87m[%thread/%info][38;5;207m%cd[38;5;227m[38;5;231m [38;5;59m[default]-[38;5;34mexit [38;5;83m<ãƒŸãƒªç§’æ•°>[38;5;145m:PHP Prompt OSã‚’çµ‚äº†ã€‚[38;5;145m
[38;5;83m[%time] [38;5;87m[%thread/%info][38;5;207m%cd[38;5;227m[38;5;231m [38;5;59m[secret]-[38;5;34mextract [38;5;83m<system>[38;5;145m:æŒ‡å®šã—ãŸpharãƒ•ã‚¡ã‚¤ãƒ«ã‚’ã‚½ãƒ¼ã‚¹ãƒ‡ã‚£ãƒ¬ã‚¯ãƒˆãƒªã«å±•é–‹ã—ã¾ã™ã€‚[38;5;145m
[38;5;83m[%time] [38;5;87m[%thread/%info][38;5;207m%cd[38;5;227m[38;5;231m [38;5;59m[default]-[38;5;34mhelp [38;5;83m<all|dev>/<ã‚³ãƒãƒ³ãƒ‰>[38;5;145m:ä½¿ç”¨ã§ãã‚‹ã‚³ãƒãƒ³ãƒ‰ã€ã‚³ãƒãƒ³ãƒ‰ã®ä½¿ç”¨æ³•ã‚’è¡¨ç¤ºã€‚[38;5;145m
[38;5;83m[%time] [38;5;87m[%thread/%info][38;5;207m%cd[38;5;227m[38;5;231m [38;5;59m[default]-[38;5;34minfo [38;5;83m<logo|auther|des|help|url|>[38;5;145m:å½“ãƒ—ãƒ­ã‚°ãƒ©ãƒ ã«é–¢ã—ã¦ã®æƒ…å ±ã‚’è¡¨ç¤ºã€‚[38;5;145m
[38;5;83m[%time] [38;5;87m[%thread/%info][38;5;207m%cd[38;5;227m[38;5;231m [38;5;59m[secret]-[38;5;203minstall [38;5;83m<src>[38;5;145m:PHPPOå°‚ç”¨ãƒ‘ãƒƒã‚±ãƒ¼ã‚¸ã‚’ã‚¤ãƒ³ã‚¹ãƒˆãƒ¼ãƒ«ã—ã¾ã™[38;5;145m
[38;5;83m[%time] [38;5;87m[%thread/%info][38;5;207m%cd[38;5;227m[38;5;231m [38;5;59m[default]-[38;5;34mlog [38;5;83m<on/off>[38;5;145m:ãƒ­ã‚°ãƒ•ã‚¡ã‚¤ãƒ«ã«ãƒ­ã‚°ã‚’å‡ºåŠ›ã™ã‚‹ã‹ã®è¨­å®šã§ã™ã€‚[38;5;145m
[38;5;83m[%time] [38;5;87m[%thread/%info][38;5;207m%cd[38;5;227m[38;5;231m [38;5;59m[secret]-[38;5;203mlogout [38;5;83m[38;5;145m:ãƒ­ã‚°ã‚¢ã‚¦ãƒˆã—ã¾ã™ã€‚[38;5;145m
[38;5;83m[%time] [38;5;87m[%thread/%info][38;5;207m%cd[38;5;227m[38;5;231m [38;5;59m[default]-[38;5;34mls [38;5;83m[38;5;145m:ã‚«ãƒ¬ãƒ³ãƒˆãƒ‡ã‚£ãƒ¬ã‚¯ãƒˆãƒªä¸Šã®ãƒ•ã‚¡ã‚¤ãƒ«ã¨ãƒ‡ã‚£ãƒ¬ã‚¯ãƒˆãƒªã®ãƒªã‚¹ãƒˆã‚’è¡¨ç¤ºã—ã¾ã™ã€‚[38;5;145m
[38;5;83m[%time] [38;5;87m[%thread/%info][38;5;207m%cd[38;5;227m[38;5;231m [38;5;59m[dev]-[38;5;34mmakephar [38;5;83m<çµ¶å¯¾ãƒ‘ã‚¹|system>[38;5;145m:æŒ‡å®šã—ãŸãƒ‘ã‚¹ã€ã¾ãŸã¯å®Ÿè¡Œã—ã¦ã„ã‚‹PHPPOã®pharã‚¢ãƒ¼ã‚«ã‚¤ãƒ–ä½œæˆã‚’è¡Œã„ã¾ã™ã€‚[38;5;145m
[38;5;83m[%time] [38;5;87m[%thread/%info][38;5;207m%cd[38;5;227m[38;5;231m [38;5;59m[default]-[38;5;34mmkdir [38;5;83m[38;5;145m:ãƒ‡ã‚£ãƒ¬ã‚¯ãƒˆãƒªã‚’ä½œæˆã—ã¾ã™[38;5;145m
[38;5;83m[%time] [38;5;87m[%thread/%info][38;5;207m%cd[38;5;227m[38;5;231m [38;5;59m[default]-[38;5;34mpwd [38;5;83m[38;5;145m:ã‚«ãƒ¬ãƒ³ãƒˆãƒ‡ã‚£ãƒ¬ã‚¯ãƒˆãƒªã®ãƒ‘ã‚¹ã‚’è¡¨ç¤ºã—ã¾ã™ã€‚[38;5;145m
[38;5;83m[%time] [38;5;87m[%thread/%info][38;5;207m%cd[38;5;227m[38;5;231m [38;5;59m[default]-[38;5;34mreboot [38;5;83m<mode>[38;5;145m:PHPPOã‚’å†èµ·å‹•ã—ã¾ã™ã€‚[38;5;145m
[38;5;83m[%time] [38;5;87m[%thread/%info][38;5;207m%cd[38;5;227m[38;5;231m [38;5;59m[accessibility]-[38;5;34mrevc [38;5;83m[38;5;145m:ç”»é¢ä¸Šã®æ–‡å­—ã®è‰²ã®åè»¢ã‚’åˆ‡ã‚Šæ›¿ãˆã¾ã™ã€‚[38;5;145m
[38;5;83m[%time] [38;5;87m[%thread/%info][38;5;207m%cd[38;5;227m[38;5;231m [38;5;59m[default]-[38;5;34mrmdir [38;5;83m<ãƒ‘ã‚¹>[38;5;145m:ãƒ‘ã‚¹ã§æŒ‡å®šã—ãŸãƒ‡ã‚£ãƒ¬ã‚¯ãƒˆãƒªã‚’å‰Šé™¤ã—ã¾ã™ã€‚[38;5;145m
[38;5;83m[%time] [38;5;87m[%thread/%info][38;5;207m%cd[38;5;227m[38;5;231m [38;5;59m[script]-[38;5;34mrun [38;5;83m<æ–‡å­—åˆ—>[38;5;145m:ã‚¹ã‚¯ãƒªãƒ—ãƒˆå†…ã§å®šç¾©ã•ã‚Œã¦ã„ãªã„å‘½ä»¤ã‚’å‘¼ã³å‡ºã—ã¾ã™ã€‚[38;5;145m
[38;5;83m[%time] [38;5;87m[%thread/%info][38;5;207m%cd[38;5;227m[38;5;231m [38;5;59m[default]-[38;5;34mscript [38;5;83m<ãƒ•ã‚¡ã‚¤ãƒ«ãƒãƒ¼ãƒ ï¼ˆæ‹¡å¼µå­ã‚’å«ã‚€ï¼‰>[38;5;145m:ãƒ†ã‚­ã‚¹ãƒˆä¸Šã®ã‚³ãƒãƒ³ãƒ‰ã‚’æ”¹è¡Œã”ã¨ã«å®Ÿè¡Œã—ã¾ã™ã€‚[38;5;145m
[38;5;83m[%time] [38;5;87m[%thread/%info][38;5;207m%cd[38;5;227m[38;5;231m [38;5;59m[default]-[38;5;34mset [38;5;83m<å¤‰æ•°å> <å€¤>[38;5;145m:å¤‰æ•°ã¸ä»£å…¥ã—ã¾ã™[38;5;145m
[38;5;83m[%time] [38;5;87m[%thread/%info][38;5;207m%cd[38;5;227m[38;5;231m [38;5;59m[secret]-[38;5;34msetvalue [38;5;83m<å¤‰æ•°å> <å€¤>[38;5;145m:å¤‰æ•°ã¸ä»£å…¥ã—ã¾ã™[38;5;145m
[38;5;83m[%time] [38;5;87m[%thread/%info][38;5;207m%cd[38;5;227m[38;5;231m [38;5;59m[secret]-[38;5;34mtime [38;5;83m[38;5;145m:ã‚³ãƒ³ãƒ”ãƒ¥ãƒ¼ã‚¿ãƒ¼ã«è¨­å®šã•ã‚Œã¦ã„ã‚‹æ™‚åˆ»ã‚’è¡¨ç¤ºã€‚[38;5;145m
[38;5;83m[%time] [38;5;87m[%thread/%info][38;5;207m%cd[38;5;227m[38;5;231m [38;5;59m[default]-[38;5;34mtitle [38;5;83m[38;5;145m:ã‚·ã‚¹ãƒ†ãƒ ã®ã‚¿ã‚¤ãƒˆãƒ«ã‚’è¨­å®šã—ã¾ã™ã€‚[38;5;145m
[38;5;83m[%time] [38;5;87m[%thread/%info][38;5;207m%cd[38;5;227m[38;5;231m [38;5;59m[default]-[38;5;34mtouch [38;5;83m<path>[38;5;145m:ãƒ•ã‚¡ã‚¤ãƒ«ã‚’ç”Ÿæˆã—ã¾ã™ã€‚[38;5;145m
[38;5;83m[%time] [38;5;87m[%thread/%info][38;5;207m%cd[38;5;227m[38;5;231m [38;5;59m[default]-[38;5;34munlink [38;5;83m<ãƒ‘ã‚¹>[38;5;145m:ãƒ•ã‚¡ã‚¤ãƒ«ã‚’å‰Šé™¤ã—ã¾ã™ã€‚[38;5;145m
[38;5;83m[%time] [38;5;87m[%thread/%info][38;5;207m%cd[38;5;227m[38;5;231m [38;5;59m[dev]-[38;5;34mvardump [38;5;83m<å¤‰æ•°å>[38;5;145m:ãƒ¡ã‚¤ãƒ³å‡¦ç†ã«ãŠã‘ã‚‹ã‚°ãƒ­ãƒ¼ãƒãƒ«å¤‰æ•°ã®å†…å®¹ã‚’è¡¨ç¤ºã—ã¾ã™ã€‚[38;5;145m
[38;5;83m[%time] [38;5;87m[%thread/%info][38;5;207m%cd[38;5;227m[38;5;231m [38;5;59m[default]-[38;5;34mvars [38;5;83m[38;5;145m:å®šç¾©æ¸ˆã¿ã®ç’°å¢ƒå¤‰æ•°ã‚’è¡¨ç¤ºã—ã¾ã™ã€‚[38;5;145m
[38;5;83m[%time] [38;5;87m[%thread/%info][38;5;207m%cd[38;5;227m[38;5;231m [38;5;59m[script]-[38;5;34mwait [38;5;83m<ãƒŸãƒªç§’>[38;5;145m:è¡¨ç¤ºã•ã‚Œã¦ã„ã‚‹ã‚³ãƒ³ã‚½ãƒ¼ãƒ«ä¸Šã§ã®å‡¦ç†ã‚’æŒ‡å®šæ™‚é–“ä¸­æ–­ã—ã¾ã™ã€‚[38;5;145m
[38;5;83m[%time] [38;5;87m[%thread/%info][38;5;207m%cd[38;5;227m[38;5;231m [38;5;59m[default]-[38;5;34mwget [38;5;83m<URL>[38;5;145m:ãƒ•ã‚¡ã‚¤ãƒ«ã‚’ãƒ€ã‚¦ãƒ³ãƒ­ãƒ¼ãƒ‰ã—ã¾ã™ã€‚[38;5;145m
[38;5;83m[%time] [38;5;87m[%thread/%info][38;5;207m%cd[38;5;227m[38;5;231m [38;5;59m=======================================================[38;5;145m
[38;5;83m[%time] [38;5;87m[%thread/%info][38;5;207m%cd[38;5;227m[38;5;231m a
[38;5;83m[%time] [38;5;87m[%thread/%info][38;5;207m%cd[38;5;227m[38;5;231m ãŠã«ãã‚Š
[38;5;83m[%time] [38;5;87m[%thread/%info][38;5;207m%cd[38;5;227m[38;5;231m ãŠã«ãã‚Šã¯ãŠã„ã—ã„
[38;5;83m[%time] [38;5;87m[%thread/%info][38;5;207m%cd[38;5;227m[38;5;231m [38;5;59m=====[38;5;37mDirectories[38;5;59m===== [38;5;59m:C:\Users\ruito\Desktop\rui\PHP\PHP Prompt OS\root
[38;5;83m[%time] [38;5;87m[%thread/%info][38;5;207m%cd[38;5;227m[38;5;231m scripts
[38;5;83m[%time] [38;5;87m[%thread/%info][38;5;207m%cd[38;5;227m[38;5;231m plugins
[38;5;83m[%time] [38;5;87m[%thread/%info][38;5;207m%cd[38;5;227m[38;5;231m home
[38;5;83m[%time] [38;5;87m[%thread/%info][38;5;207m%cd[38;5;227m[38;5;231m bin
[38;5;83m[%time] [38;5;87m[%thread/%info][38;5;207m%cd[38;5;227m[38;5;231m ..
[38;5;83m[%time] [38;5;87m[%thread/%info][38;5;207m%cd[38;5;227m[38;5;231m .
[38;5;83m[%time] [38;5;87m[%thread/%info][38;5;207m%cd[38;5;227m[38;5;231m $Trash
[38;5;83m[%time] [38;5;87m[%thread/%info][38;5;207m%cd[38;5;227m[38;5;231m [38;5;59m========[38;5;37mFiles[38;5;59m======== [38;5;59m:C:\Users\ruito\Desktop\rui\PHP\PHP Prompt OS\root
[38;5;83m[%time] [38;5;87m[%thread/%info][38;5;207m%cd[38;5;227m[38;5;231m phar.setalias.html
[38;5;83m[%time] [38;5;87m[%thread/%info][38;5;207m%cd[38;5;227m[38;5;231m phar.setalias(1).html
[38;5;83m[%time] [38;5;87m[%thread/%info][38;5;207m%cd[38;5;227m[38;5;231m onigiri.sh
[38;5;83m[%time] [38;5;87m[%thread/%info][38;5;207m%cd[38;5;227m[38;5;231m hello.sh
[38;5;83m[%time] [38;5;87m[%thread/%info][38;5;207m%cd[38;5;227m[38;5;231m [38;5;145mãƒ©ã‚¤ã‚»ãƒ³ã‚¹ãƒ•ã‚¡ã‚¤ãƒ«ã®æ›´æ–°ã‚’è¡Œã£ã¦ã„ã¾ã™...
[38;5;83m[%time] [38;5;87m[%thread/%info][38;5;207m%cd[38;5;227m[38;5;231m [38;5;145mæ›´æ–°ãŒçµ‚äº†ã—ã¾ã—ãŸã€‚
[38;5;83m[%time] [38;5;87m[%thread/%info][38;5;207m%cd[38;5;227m[38;5;231m [38;5;145mREADMEãƒ•ã‚¡ã‚¤ãƒ«ã®æ›´æ–°ã‚’è¡Œã£ã¦ã„ã¾ã™...
[38;5;83m[%time] [38;5;87m[%thread/%info][38;5;207m%cd[38;5;227m[38;5;231m [38;5;145mæ›´æ–°ãŒçµ‚äº†ã—ã¾ã—ãŸã€‚
[38;5;83m[%time] [38;5;87m[%thread/%info][38;5;207m%cd[38;5;227m[38;5;231m Welcome to PHPPO!
[38;5;83m[%time] [38;5;87m[%thread/%info][38;5;207m%cd[38;5;227m[38;5;231m [38;5;203m"edit"ã‚³ãƒãƒ³ãƒ‰ãŒè¦‹ã¤ã‹ã‚Šã¾ã›ã‚“ã§ã—ãŸã€‚helpã‚³ãƒãƒ³ãƒ‰ã§ç¢ºèªã—ã¦ãã ã•ã„ã€‚
[38;5;83m[%time] [38;5;87m[%thread/%info][38;5;207m%cd[38;5;227m[38;5;231m [38;5;145mãƒ©ã‚¤ã‚»ãƒ³ã‚¹ãƒ•ã‚¡ã‚¤ãƒ«ã®æ›´æ–°ã‚’è¡Œã£ã¦ã„ã¾ã™...
[38;5;83m[%time] [38;5;87m[%thread/%info][38;5;207m%cd[38;5;227m[38;5;231m [38;5;145mæ›´æ–°ãŒçµ‚äº†ã—ã¾ã—ãŸã€‚
[38;5;83m[%time] [38;5;87m[%thread/%info][38;5;207m%cd[38;5;227m[38;5;231m [38;5;145mREADMEãƒ•ã‚¡ã‚¤ãƒ«ã®æ›´æ–°ã‚’è¡Œã£ã¦ã„ã¾ã™...
[38;5;83m[%time] [38;5;87m[%thread/%info][38;5;207m%cd[38;5;227m[38;5;231m [38;5;145mæ›´æ–°ãŒçµ‚äº†ã—ã¾ã—ãŸã€‚
[38;5;83m[%time] [38;5;87m[%thread/%info][38;5;207m%cd[38;5;227m[38;5;231m Welcome to PHPPO!
[38;5;83m[%time] [38;5;87m[%thread/%info][38;5;207m%cd[38;5;227m[38;5;231m è¨­å®šå€¤"abc.de.ef"ã«å€¤ã¯å­˜åœ¨ã—ã¾ã›ã‚“ã€‚
[38;5;83m[%time] [38;5;87m[%thread/%info][38;5;207m%cd[38;5;227m[38;5;231m [38;5;145mãƒ©ã‚¤ã‚»ãƒ³ã‚¹ãƒ•ã‚¡ã‚¤ãƒ«ã®æ›´æ–°ã‚’è¡Œã£ã¦ã„ã¾ã™...
[38;5;83m[%time] [38;5;87m[%thread/%info][38;5;207m%cd[38;5;227m[38;5;231m [38;5;145mæ›´æ–°ãŒçµ‚äº†ã—ã¾ã—ãŸã€‚
[38;5;83m[%time] [38;5;87m[%thread/%info][38;5;207m%cd[38;5;227m[38;5;231m [38;5;145mREADMEãƒ•ã‚¡ã‚¤ãƒ«ã®æ›´æ–°ã‚’è¡Œã£ã¦ã„ã¾ã™...
[38;5;83m[%time] [38;5;87m[%thread/%info][38;5;207m%cd[38;5;227m[38;5;231m [38;5;145mæ›´æ–°ãŒçµ‚äº†ã—ã¾ã—ãŸã€‚
[38;5;83m[%time] [38;5;87m[%thread/%info][38;5;207m%cd[38;5;227m[38;5;231m Welcome to PHPPO!
[38;5;83m[%time] [38;5;87m[%thread/%info][38;5;207m%cd[38;5;227m[38;5;231m ""ã®å€¤ã¯""ã§ã™ã€‚
[38;5;83m[%time] [38;5;87m[%thread/%info][38;5;207m%cd[38;5;227m[38;5;231m è¨­å®šå€¤"abc.de.ef"ã«å€¤ã¯å­˜åœ¨ã—ã¾ã›ã‚“ã€‚
[38;5;83m[%time] [38;5;87m[%thread/%info][38;5;207m%cd[38;5;227m[38;5;231m [38;5;145mãƒ©ã‚¤ã‚»ãƒ³ã‚¹ãƒ•ã‚¡ã‚¤ãƒ«ã®æ›´æ–°ã‚’è¡Œã£ã¦ã„ã¾ã™...
[38;5;83m[%time] [38;5;87m[%thread/%info][38;5;207m%cd[38;5;227m[38;5;231m [38;5;145mæ›´æ–°ãŒçµ‚äº†ã—ã¾ã—ãŸã€‚
[38;5;83m[%time] [38;5;87m[%thread/%info][38;5;207m%cd[38;5;227m[38;5;231m [38;5;145mREADMEãƒ•ã‚¡ã‚¤ãƒ«ã®æ›´æ–°ã‚’è¡Œã£ã¦ã„ã¾ã™...
[38;5;83m[%time] [38;5;87m[%thread/%info][38;5;207m%cd[38;5;227m[38;5;231m [38;5;145mæ›´æ–°ãŒçµ‚äº†ã—ã¾ã—ãŸã€‚
[38;5;83m[%time] [38;5;87m[%thread/%info][38;5;207m%cd[38;5;227m[38;5;231m Welcome to PHPPO!
[38;5;83m[%time] [38;5;87m[%thread/%info][38;5;207m%cd[38;5;227m[38;5;231m "abc.de.fg"ã®å€¤ã¯"ãŠã«ãã‚Š"ã§ã™ã€‚
[38;5;83m[%time] [38;5;87m[%thread/%info][38;5;207m%cd[38;5;227m[38;5;231m è¨­å®šå€¤"abc.de.fg"ã«å€¤ã¯å­˜åœ¨ã—ã¾ã›ã‚“ã€‚
[38;5;83m[%time] [38;5;87m[%thread/%info][38;5;207m%cd[38;5;227m[38;5;231m [38;5;145mãƒ©ã‚¤ã‚»ãƒ³ã‚¹ãƒ•ã‚¡ã‚¤ãƒ«ã®æ›´æ–°ã‚’è¡Œã£ã¦ã„ã¾ã™...
[38;5;83m[%time] [38;5;87m[%thread/%info][38;5;207m%cd[38;5;227m[38;5;231m [38;5;145mæ›´æ–°ãŒçµ‚äº†ã—ã¾ã—ãŸã€‚
[38;5;83m[%time] [38;5;87m[%thread/%info][38;5;207m%cd[38;5;227m[38;5;231m [38;5;145mREADMEãƒ•ã‚¡ã‚¤ãƒ«ã®æ›´æ–°ã‚’è¡Œã£ã¦ã„ã¾ã™...
[38;5;83m[%time] [38;5;87m[%thread/%info][38;5;207m%cd[38;5;227m[38;5;231m [38;5;145mæ›´æ–°ãŒçµ‚äº†ã—ã¾ã—ãŸã€‚
[38;5;83m[%time] [38;5;87m[%thread/%info][38;5;207m%cd[38;5;227m[38;5;231m Welcome to PHPPO!
[38;5;83m[%time] [38;5;87m[%thread/%info][38;5;207m%cd[38;5;227m[38;5;231m [38;5;145mãƒ©ã‚¤ã‚»ãƒ³ã‚¹ãƒ•ã‚¡ã‚¤ãƒ«ã®æ›´æ–°ã‚’è¡Œã£ã¦ã„ã¾ã™...
[38;5;83m[%time] [38;5;87m[%thread/%info][38;5;207m%cd[38;5;227m[38;5;231m [38;5;145mæ›´æ–°ãŒçµ‚äº†ã—ã¾ã—ãŸã€‚
[38;5;83m[%time] [38;5;87m[%thread/%info][38;5;207m%cd[38;5;227m[38;5;231m [38;5;145mREADMEãƒ•ã‚¡ã‚¤ãƒ«ã®æ›´æ–°ã‚’è¡Œã£ã¦ã„ã¾ã™...
[38;5;83m[%time] [38;5;87m[%thread/%info][38;5;207m%cd[38;5;227m[38;5;231m [38;5;145mæ›´æ–°ãŒçµ‚äº†ã—ã¾ã—ãŸã€‚
[38;5;83m[%time] [38;5;87m[%thread/%info][38;5;207m%cd[38;5;227m[38;5;231m Welcome to PHPPO!
[38;5;83m[%time] [38;5;87m[%thread/%info][38;5;207m%cd[38;5;227m[38;5;231m [38;5;203m"v"ã‚³ãƒãƒ³ãƒ‰ãŒè¦‹ã¤ã‹ã‚Šã¾ã›ã‚“ã§ã—ãŸã€‚helpã‚³ãƒãƒ³ãƒ‰ã§ç¢ºèªã—ã¦ãã ã•ã„ã€‚
[38;5;83m[%time] [38;5;87m[%thread/%info][38;5;207m%cd[38;5;227m[38;5;231m [38;5;203m"v"ã‚³ãƒãƒ³ãƒ‰ãŒè¦‹ã¤ã‹ã‚Šã¾ã›ã‚“ã§ã—ãŸã€‚helpã‚³ãƒãƒ³ãƒ‰ã§ç¢ºèªã—ã¦ãã ã•ã„ã€‚
[38;5;83m[%time] [38;5;87m[%thread/%info][38;5;207m%cd[38;5;227m[38;5;231m "abc.de.fg"ã®å€¤ã¯"ãŠã«ãã‚Š"ã§ã™ã€‚
[38;5;83m[%time] [38;5;87m[%thread/%info][38;5;207m%cd[38;5;227m[38;5;231m è¨­å®šå€¤"abc.df"ã«å€¤ã¯å­˜åœ¨ã—ã¾ã›ã‚“ã€‚
[38;5;83m[%time] [38;5;87m[%thread/%info][38;5;207m%cd[38;5;227m[38;5;231m è¨­å®šå€¤"acd.de.fg"ã«å€¤ã¯å­˜åœ¨ã—ã¾ã›ã‚“ã€‚
[38;5;83m[%time] [38;5;87m[%thread/%info][38;5;207m%cd[38;5;227m[38;5;231m "abc.de"ã®å€¤ã¯"Array"ã§ã™ã€‚
[38;5;83m[%time] [38;5;87m[%thread/%info][38;5;207m%cd[38;5;227m[38;5;231m [38;5;145mãƒ©ã‚¤ã‚»ãƒ³ã‚¹ãƒ•ã‚¡ã‚¤ãƒ«ã®æ›´æ–°ã‚’è¡Œã£ã¦ã„ã¾ã™...
[38;5;83m[%time] [38;5;87m[%thread/%info][38;5;207m%cd[38;5;227m[38;5;231m [38;5;145mæ›´æ–°ãŒçµ‚äº†ã—ã¾ã—ãŸã€‚
[38;5;83m[%time] [38;5;87m[%thread/%info][38;5;207m%cd[38;5;227m[38;5;231m [38;5;145mREADMEãƒ•ã‚¡ã‚¤ãƒ«ã®æ›´æ–°ã‚’è¡Œã£ã¦ã„ã¾ã™...
[38;5;83m[%time] [38;5;87m[%thread/%info][38;5;207m%cd[38;5;227m[38;5;231m [38;5;145mæ›´æ–°ãŒçµ‚äº†ã—ã¾ã—ãŸã€‚
[38;5;83m[%time] [38;5;87m[%thread/%info][38;5;207m%cd[38;5;227m[38;5;231m Welcome to PHPPO!
[38;5;83m[%time] [38;5;87m[%thread/%info][38;5;207m%cd[38;5;227m[38;5;231m "abc"ã®å€¤ã¯é…åˆ—ã§ã™ã€‚
=======================
[38;5;83m[%time] [38;5;87m[%thread/%info][38;5;207m%cd[38;5;227m[38;5;231m "abc"ã®å€¤ã¯é…åˆ—ã§ã™ã€‚
=======================
[38;5;83m[%time] [38;5;87m[%thread/%info][38;5;207m%cd[38;5;227m[38;5;231m de : Array
[38;5;83m[%time] [38;5;87m[%thread/%info][38;5;207m%cd[38;5;227m[38;5;231m =======================
[38;5;83m[%time] [38;5;87m[%thread/%info][38;5;207m%cd[38;5;227m[38;5;231m [38;5;145mãƒ©ã‚¤ã‚»ãƒ³ã‚¹ãƒ•ã‚¡ã‚¤ãƒ«ã®æ›´æ–°ã‚’è¡Œã£ã¦ã„ã¾ã™...
[38;5;83m[%time] [38;5;87m[%thread/%info][38;5;207m%cd[38;5;227m[38;5;231m [38;5;145mæ›´æ–°ãŒçµ‚äº†ã—ã¾ã—ãŸã€‚
[38;5;83m[%time] [38;5;87m[%thread/%info][38;5;207m%cd[38;5;227m[38;5;231m [38;5;145mREADMEãƒ•ã‚¡ã‚¤ãƒ«ã®æ›´æ–°ã‚’è¡Œã£ã¦ã„ã¾ã™...
[38;5;83m[%time] [38;5;87m[%thread/%info][38;5;207m%cd[38;5;227m[38;5;231m [38;5;145mæ›´æ–°ãŒçµ‚äº†ã—ã¾ã—ãŸã€‚
[38;5;83m[%time] [38;5;87m[%thread/%info][38;5;207m%cd[38;5;227m[38;5;231m Welcome to PHPPO!
[38;5;83m[%time] [38;5;87m[%thread/%info][38;5;207m%cd[38;5;227m[38;5;231m "abc"ã®å€¤ã¯é…åˆ—ã§ã™ã€‚
=======================
[38;5;83m[%time] [38;5;87m[%thread/%info][38;5;207m%cd[38;5;227m[38;5;231m "abc"ã®å€¤ã¯é…åˆ—ã§ã™ã€‚
=======================
[38;5;83m[%time] [38;5;87m[%thread/%info][38;5;207m%cd[38;5;227m[38;5;231m de :
[38;5;83m[%time] [38;5;87m[%thread/%info][38;5;207m%cd[38;5;227m[38;5;231m =======================
[38;5;83m[%time] [38;5;87m[%thread/%info][38;5;207m%cd[38;5;227m[38;5;231m [38;5;145mãƒ©ã‚¤ã‚»ãƒ³ã‚¹ãƒ•ã‚¡ã‚¤ãƒ«ã®æ›´æ–°ã‚’è¡Œã£ã¦ã„ã¾ã™...
[38;5;83m[%time] [38;5;87m[%thread/%info][38;5;207m%cd[38;5;227m[38;5;231m [38;5;145mæ›´æ–°ãŒçµ‚äº†ã—ã¾ã—ãŸã€‚
[38;5;83m[%time] [38;5;87m[%thread/%info][38;5;207m%cd[38;5;227m[38;5;231m [38;5;145mREADMEãƒ•ã‚¡ã‚¤ãƒ«ã®æ›´æ–°ã‚’è¡Œã£ã¦ã„ã¾ã™...
[38;5;83m[%time] [38;5;87m[%thread/%info][38;5;207m%cd[38;5;227m[38;5;231m [38;5;145mæ›´æ–°ãŒçµ‚äº†ã—ã¾ã—ãŸã€‚
[38;5;83m[%time] [38;5;87m[%thread/%info][38;5;207m%cd[38;5;227m[38;5;231m Welcome to PHPPO!
[38;5;83m[%time] [38;5;87m[%thread/%info][38;5;207m%cd[38;5;227m[38;5;231m "abc"ã®å€¤ã¯é…åˆ—ã§ã™ã€‚
=======================
[38;5;83m[%time] [38;5;87m[%thread/%info][38;5;207m%cd[38;5;227m[38;5;231m "abc"ã®å€¤ã¯é…åˆ—ã§ã™ã€‚
=======================
[38;5;83m[%time] [38;5;87m[%thread/%info][38;5;207m%cd[38;5;227m[38;5;231m de : ãŠã«ãã‚Š
[38;5;83m[%time] [38;5;87m[%thread/%info][38;5;207m%cd[38;5;227m[38;5;231m =======================
[38;5;83m[%time] [38;5;87m[%thread/%info][38;5;207m%cd[38;5;227m[38;5;231m [38;5;145mãƒ©ã‚¤ã‚»ãƒ³ã‚¹ãƒ•ã‚¡ã‚¤ãƒ«ã®æ›´æ–°ã‚’è¡Œã£ã¦ã„ã¾ã™...
[38;5;83m[%time] [38;5;87m[%thread/%info][38;5;207m%cd[38;5;227m[38;5;231m [38;5;145mæ›´æ–°ãŒçµ‚äº†ã—ã¾ã—ãŸã€‚
[38;5;83m[%time] [38;5;87m[%thread/%info][38;5;207m%cd[38;5;227m[38;5;231m [38;5;145mREADMEãƒ•ã‚¡ã‚¤ãƒ«ã®æ›´æ–°ã‚’è¡Œã£ã¦ã„ã¾ã™...
[38;5;83m[%time] [38;5;87m[%thread/%info][38;5;207m%cd[38;5;227m[38;5;231m [38;5;145mæ›´æ–°ãŒçµ‚äº†ã—ã¾ã—ãŸã€‚
[38;5;83m[%time] [38;5;87m[%thread/%info][38;5;207m%cd[38;5;227m[38;5;231m Welcome to PHPPO!
[38;5;83m[%time] [38;5;87m[%thread/%info][38;5;207m%cd[38;5;227m[38;5;231m "abc"ã®å€¤ã¯é…åˆ—ã§ã™ã€‚
=======================
[38;5;83m[%time] [38;5;87m[%thread/%info][38;5;207m%cd[38;5;227m[38;5;231m "abc"ã®å€¤ã¯é…åˆ—ã§ã™ã€‚
=======================
[38;5;83m[%time] [38;5;87m[%thread/%info][38;5;207m%cd[38;5;227m[38;5;231m de : Array
[38;5;83m[%time] [38;5;87m[%thread/%info][38;5;207m%cd[38;5;227m[38;5;231m =======================
[38;5;83m[%time] [38;5;87m[%thread/%info][38;5;207m%cd[38;5;227m[38;5;231m [38;5;145mãƒ©ã‚¤ã‚»ãƒ³ã‚¹ãƒ•ã‚¡ã‚¤ãƒ«ã®æ›´æ–°ã‚’è¡Œã£ã¦ã„ã¾ã™...
[38;5;83m[%time] [38;5;87m[%thread/%info][38;5;207m%cd[38;5;227m[38;5;231m [38;5;145mæ›´æ–°ãŒçµ‚äº†ã—ã¾ã—ãŸã€‚
[38;5;83m[%time] [38;5;87m[%thread/%info][38;5;207m%cd[38;5;227m[38;5;231m [38;5;145mREADMEãƒ•ã‚¡ã‚¤ãƒ«ã®æ›´æ–°ã‚’è¡Œã£ã¦ã„ã¾ã™...
[38;5;83m[%time] [38;5;87m[%thread/%info][38;5;207m%cd[38;5;227m[38;5;231m [38;5;145mæ›´æ–°ãŒçµ‚äº†ã—ã¾ã—ãŸã€‚
[38;5;83m[%time] [38;5;87m[%thread/%info][38;5;207m%cd[38;5;227m[38;5;231m Welcome to PHPPO!
[38;5;83m[%time] [38;5;87m[%thread/%info][38;5;207m%cd[38;5;227m[38;5;231m "abc"ã®å€¤ã¯é…åˆ—ã§ã™ã€‚
=======================
[38;5;83m[%time] [38;5;87m[%thread/%info][38;5;207m%cd[38;5;227m[38;5;231m "abc"ã®å€¤ã¯é…åˆ—ã§ã™ã€‚
=======================
[38;5;83m[%time] [38;5;87m[%thread/%info][38;5;207m%cd[38;5;227m[38;5;231m de : array (
  'fg' => 
  array (
    'ij' => 'ãŠã«ãã‚Š',
  ),
)
[38;5;83m[%time] [38;5;87m[%thread/%info][38;5;207m%cd[38;5;227m[38;5;231m de : array (
  'fg' => 
  array (
    'ij' => 'ãŠã«ãã‚Š',
  ),
)
[38;5;83m[%time] [38;5;87m[%thread/%info][38;5;207m%cd[38;5;227m[38;5;231m de : array (
  'fg' => 
  array (
    'ij' => 'ãŠã«ãã‚Š',
  ),
)
[38;5;83m[%time] [38;5;87m[%thread/%info][38;5;207m%cd[38;5;227m[38;5;231m de : array (
  'fg' => 
  array (
    'ij' => 'ãŠã«ãã‚Š',
  ),
)
[38;5;83m[%time] [38;5;87m[%thread/%info][38;5;207m%cd[38;5;227m[38;5;231m de : array (
  'fg' => 
  array (
    'ij' => 'ãŠã«ãã‚Š',
  ),
)
[38;5;83m[%time] [38;5;87m[%thread/%info][38;5;207m%cd[38;5;227m[38;5;231m de : array (
  'fg' => 
  array (
    'ij' => 'ãŠã«ãã‚Š',
  ),
)
[38;5;83m[%time] [38;5;87m[%thread/%info][38;5;207m%cd[38;5;227m[38;5;231m =======================
[38;5;83m[%time] [38;5;87m[%thread/%info][38;5;207m%cd[38;5;227m[38;5;231m [38;5;145mãƒ©ã‚¤ã‚»ãƒ³ã‚¹ãƒ•ã‚¡ã‚¤ãƒ«ã®æ›´æ–°ã‚’è¡Œã£ã¦ã„ã¾ã™...
[38;5;83m[%time] [38;5;87m[%thread/%info][38;5;207m%cd[38;5;227m[38;5;231m [38;5;145mæ›´æ–°ãŒçµ‚äº†ã—ã¾ã—ãŸã€‚
[38;5;83m[%time] [38;5;87m[%thread/%info][38;5;207m%cd[38;5;227m[38;5;231m [38;5;145mREADMEãƒ•ã‚¡ã‚¤ãƒ«ã®æ›´æ–°ã‚’è¡Œã£ã¦ã„ã¾ã™...
[38;5;83m[%time] [38;5;87m[%thread/%info][38;5;207m%cd[38;5;227m[38;5;231m [38;5;145mæ›´æ–°ãŒçµ‚äº†ã—ã¾ã—ãŸã€‚
[38;5;83m[%time] [38;5;87m[%thread/%info][38;5;207m%cd[38;5;227m[38;5;231m Welcome to PHPPO!
[38;5;83m[%time] [38;5;87m[%thread/%info][38;5;207m%cd[38;5;227m[38;5;231m "abc"ã®å€¤ã¯é…åˆ—ã§ã™ã€‚
=======================
[38;5;83m[%time] [38;5;87m[%thread/%info][38;5;207m%cd[38;5;227m[38;5;231m "abc"ã®å€¤ã¯é…åˆ—ã§ã™ã€‚
=======================
[38;5;83m[%time] [38;5;87m[%thread/%info][38;5;207m%cd[38;5;227m[38;5;231m [38;5;203mde [38;5;145m:[38;5;227m array (
  'fg' => 
  array (
    'ij' => 'ãŠã«ãã‚Š',
  ),
)
[38;5;83m[%time] [38;5;87m[%thread/%info][38;5;207m%cd[38;5;227m[38;5;231m [38;5;203mde [38;5;145m:[38;5;227m array (
  'fg' => 
  array (
    'ij' => 'ãŠã«ãã‚Š',
  ),
)
[38;5;83m[%time] [38;5;87m[%thread/%info][38;5;207m%cd[38;5;227m[38;5;231m [38;5;203mde [38;5;145m:[38;5;227m array (
  'fg' => 
  array (
    'ij' => 'ãŠã«ãã‚Š',
  ),
)
[38;5;83m[%time] [38;5;87m[%thread/%info][38;5;207m%cd[38;5;227m[38;5;231m [38;5;203mde [38;5;145m:[38;5;227m array (
  'fg' => 
  array (
    'ij' => 'ãŠã«ãã‚Š',
  ),
)
[38;5;83m[%time] [38;5;87m[%thread/%info][38;5;207m%cd[38;5;227m[38;5;231m [38;5;203mde [38;5;145m:[38;5;227m array (
  'fg' => 
  array (
    'ij' => 'ãŠã«ãã‚Š',
  ),
)
[38;5;83m[%time] [38;5;87m[%thread/%info][38;5;207m%cd[38;5;227m[38;5;231m [38;5;203mde [38;5;145m:[38;5;227m array (
  'fg' => 
  array (
    'ij' => 'ãŠã«ãã‚Š',
  ),
)
[38;5;83m[%time] [38;5;87m[%thread/%info][38;5;207m%cd[38;5;227m[38;5;231m =======================
[38;5;83m[%time] [38;5;87m[%thread/%info][38;5;207m%cd[38;5;227m[38;5;231m [38;5;203m0 [38;5;145m:[38;5;227m array (
  'kl' => 'ãã‚“ãªã‚“',
)
[38;5;83m[%time] [38;5;87m[%thread/%info][38;5;207m%cd[38;5;227m[38;5;231m [38;5;203m0 [38;5;145m:[38;5;227m array (
  'kl' => 'ãã‚“ãªã‚“',
)
[38;5;83m[%time] [38;5;87m[%thread/%info][38;5;207m%cd[38;5;227m[38;5;231m [38;5;203m0 [38;5;145m:[38;5;227m array (
  'kl' => 'ãã‚“ãªã‚“',
)
[38;5;83m[%time] [38;5;87m[%thread/%info][38;5;207m%cd[38;5;227m[38;5;231m =======================
[38;5;83m[%time] [38;5;87m[%thread/%info][38;5;207m%cd[38;5;227m[38;5;231m "abc.de"ã®å€¤ã¯é…åˆ—ã§ã™ã€‚
=======================
[38;5;83m[%time] [38;5;87m[%thread/%info][38;5;207m%cd[38;5;227m[38;5;231m "abc.de"ã®å€¤ã¯é…åˆ—ã§ã™ã€‚
=======================
[38;5;83m[%time] [38;5;87m[%thread/%info][38;5;207m%cd[38;5;227m[38;5;231m [38;5;203mfg [38;5;145m:[38;5;227m array (
  'ij' => 'ãŠã«ãã‚Š',
)
[38;5;83m[%time] [38;5;87m[%thread/%info][38;5;207m%cd[38;5;227m[38;5;231m [38;5;203mfg [38;5;145m:[38;5;227m array (
  'ij' => 'ãŠã«ãã‚Š',
)
[38;5;83m[%time] [38;5;87m[%thread/%info][38;5;207m%cd[38;5;227m[38;5;231m [38;5;203mfg [38;5;145m:[38;5;227m array (
  'ij' => 'ãŠã«ãã‚Š',
)
[38;5;83m[%time] [38;5;87m[%thread/%info][38;5;207m%cd[38;5;227m[38;5;231m =======================
[38;5;83m[%time] [38;5;87m[%thread/%info][38;5;207m%cd[38;5;227m[38;5;231m [38;5;145mãƒ©ã‚¤ã‚»ãƒ³ã‚¹ãƒ•ã‚¡ã‚¤ãƒ«ã®æ›´æ–°ã‚’è¡Œã£ã¦ã„ã¾ã™...
[38;5;83m[%time] [38;5;87m[%thread/%info][38;5;207m%cd[38;5;227m[38;5;231m [38;5;145mæ›´æ–°ãŒçµ‚äº†ã—ã¾ã—ãŸã€‚
[38;5;83m[%time] [38;5;87m[%thread/%info][38;5;207m%cd[38;5;227m[38;5;231m [38;5;145mREADMEãƒ•ã‚¡ã‚¤ãƒ«ã®æ›´æ–°ã‚’è¡Œã£ã¦ã„ã¾ã™...
[38;5;83m[%time] [38;5;87m[%thread/%info][38;5;207m%cd[38;5;227m[38;5;231m [38;5;145mæ›´æ–°ãŒçµ‚äº†ã—ã¾ã—ãŸã€‚
[38;5;83m[%time] [38;5;87m[%thread/%info][38;5;207m%cd[38;5;227m[38;5;231m Welcome to PHPPO!
[38;5;83m[%time] [38;5;87m[%thread/%info][38;5;207m%cd[38;5;227m[38;5;231m "abc"ã®å€¤ã¯é…åˆ—ã§ã™ã€‚
=======================
[38;5;83m[%time] [38;5;87m[%thread/%info][38;5;207m%cd[38;5;227m[38;5;231m "abc"ã®å€¤ã¯é…åˆ—ã§ã™ã€‚
=======================
[38;5;83m[%time] [38;5;87m[%thread/%info][38;5;207m%cd[38;5;227m[38;5;231m [38;5;203mde [38;5;145m:[38;5;227m array (
  'fg' => 
  array (
    'ij' => 'ãŠã«ãã‚Š',
  ),
)
[38;5;83m[%time] [38;5;87m[%thread/%info][38;5;207m%cd[38;5;227m[38;5;231m [38;5;203mde [38;5;145m:[38;5;227m array (
  'fg' => 
  array (
    'ij' => 'ãŠã«ãã‚Š',
  ),
)
[38;5;83m[%time] [38;5;87m[%thread/%info][38;5;207m%cd[38;5;227m[38;5;231m [38;5;203mde [38;5;145m:[38;5;227m array (
  'fg' => 
  array (
    'ij' => 'ãŠã«ãã‚Š',
  ),
)
[38;5;83m[%time] [38;5;87m[%thread/%info][38;5;207m%cd[38;5;227m[38;5;231m [38;5;203mde [38;5;145m:[38;5;227m array (
  'fg' => 
  array (
    'ij' => 'ãŠã«ãã‚Š',
  ),
)
[38;5;83m[%time] [38;5;87m[%thread/%info][38;5;207m%cd[38;5;227m[38;5;231m [38;5;203mde [38;5;145m:[38;5;227m array (
  'fg' => 
  array (
    'ij' => 'ãŠã«ãã‚Š',
  ),
)
[38;5;83m[%time] [38;5;87m[%thread/%info][38;5;207m%cd[38;5;227m[38;5;231m [38;5;203mde [38;5;145m:[38;5;227m array (
  'fg' => 
  array (
    'ij' => 'ãŠã«ãã‚Š',
  ),
)
[38;5;83m[%time] [38;5;87m[%thread/%info][38;5;207m%cd[38;5;227m[38;5;231m [38;5;59m=======================
[38;5;83m[%time] [38;5;87m[%thread/%info][38;5;207m%cd[38;5;227m[38;5;231m [38;5;203m0 [38;5;145m:[38;5;227m array (
  'kl' => 'ãã‚“ãªã‚“',
)
[38;5;83m[%time] [38;5;87m[%thread/%info][38;5;207m%cd[38;5;227m[38;5;231m [38;5;203m0 [38;5;145m:[38;5;227m array (
  'kl' => 'ãã‚“ãªã‚“',
)
[38;5;83m[%time] [38;5;87m[%thread/%info][38;5;207m%cd[38;5;227m[38;5;231m [38;5;203m0 [38;5;145m:[38;5;227m array (
  'kl' => 'ãã‚“ãªã‚“',
)
[38;5;83m[%time] [38;5;87m[%thread/%info][38;5;207m%cd[38;5;227m[38;5;231m [38;5;59m=======================
[38;5;83m[%time] [38;5;87m[%thread/%info][38;5;207m%cd[38;5;227m[38;5;231m [38;5;145mãƒ©ã‚¤ã‚»ãƒ³ã‚¹ãƒ•ã‚¡ã‚¤ãƒ«ã®æ›´æ–°ã‚’è¡Œã£ã¦ã„ã¾ã™...
[38;5;83m[%time] [38;5;87m[%thread/%info][38;5;207m%cd[38;5;227m[38;5;231m [38;5;145mæ›´æ–°ãŒçµ‚äº†ã—ã¾ã—ãŸã€‚
[38;5;83m[%time] [38;5;87m[%thread/%info][38;5;207m%cd[38;5;227m[38;5;231m [38;5;145mREADMEãƒ•ã‚¡ã‚¤ãƒ«ã®æ›´æ–°ã‚’è¡Œã£ã¦ã„ã¾ã™...
[38;5;83m[%time] [38;5;87m[%thread/%info][38;5;207m%cd[38;5;227m[38;5;231m [38;5;145mæ›´æ–°ãŒçµ‚äº†ã—ã¾ã—ãŸã€‚
[38;5;83m[%time] [38;5;87m[%thread/%info][38;5;207m%cd[38;5;227m[38;5;231m Welcome to PHPPO!
[38;5;83m[%time] [38;5;87m[%thread/%info][38;5;207m%cd[38;5;227m[38;5;231m "abc"ã®å€¤ã¯é…åˆ—ã§ã™ã€‚
=======================
[38;5;83m[%time] [38;5;87m[%thread/%info][38;5;207m%cd[38;5;227m[38;5;231m "abc"ã®å€¤ã¯é…åˆ—ã§ã™ã€‚
=======================
[38;5;83m[%time] [38;5;87m[%thread/%info][38;5;207m%cd[38;5;227m[38;5;231m [38;5;203mde [38;5;145m:[38;5;227m array (
  'fg' => 
  array (
    'ij' => 'ãŠã«ãã‚Š',
  ),
)
[38;5;83m[%time] [38;5;87m[%thread/%info][38;5;207m%cd[38;5;227m[38;5;231m [38;5;203mde [38;5;145m:[38;5;227m array (
  'fg' => 
  array (
    'ij' => 'ãŠã«ãã‚Š',
  ),
)
[38;5;83m[%time] [38;5;87m[%thread/%info][38;5;207m%cd[38;5;227m[38;5;231m [38;5;203mde [38;5;145m:[38;5;227m array (
  'fg' => 
  array (
    'ij' => 'ãŠã«ãã‚Š',
  ),
)
[38;5;83m[%time] [38;5;87m[%thread/%info][38;5;207m%cd[38;5;227m[38;5;231m [38;5;203mde [38;5;145m:[38;5;227m array (
  'fg' => 
  array (
    'ij' => 'ãŠã«ãã‚Š',
  ),
)
[38;5;83m[%time] [38;5;87m[%thread/%info][38;5;207m%cd[38;5;227m[38;5;231m [38;5;203mde [38;5;145m:[38;5;227m array (
  'fg' => 
  array (
    'ij' => 'ãŠã«ãã‚Š',
  ),
)
[38;5;83m[%time] [38;5;87m[%thread/%info][38;5;207m%cd[38;5;227m[38;5;231m [38;5;203mde [38;5;145m:[38;5;227m array (
  'fg' => 
  array (
    'ij' => 'ãŠã«ãã‚Š',
  ),
)
[38;5;83m[%time] [38;5;87m[%thread/%info][38;5;207m%cd[38;5;227m[38;5;231m [38;5;59m-----------------------
[38;5;83m[%time] [38;5;87m[%thread/%info][38;5;207m%cd[38;5;227m[38;5;231m [38;5;203m0 [38;5;145m:[38;5;227m array (
  'kl' => 'ãã‚“ãªã‚“',
)
[38;5;83m[%time] [38;5;87m[%thread/%info][38;5;207m%cd[38;5;227m[38;5;231m [38;5;203m0 [38;5;145m:[38;5;227m array (
  'kl' => 'ãã‚“ãªã‚“',
)
[38;5;83m[%time] [38;5;87m[%thread/%info][38;5;207m%cd[38;5;227m[38;5;231m [38;5;203m0 [38;5;145m:[38;5;227m array (
  'kl' => 'ãã‚“ãªã‚“',
)
[38;5;83m[%time] [38;5;87m[%thread/%info][38;5;207m%cd[38;5;227m[38;5;231m [38;5;59m-----------------------
