[38;5;83m[PM-16:36:08][38;5;87m [File/INFO][38;5;231m [38;5;145mライセンスファイルの更新を行っています...
[38;5;83m[PM-16:36:09][38;5;87m [File/INFO][38;5;231m [38;5;145m更新が終了しました。
[38;5;83m[PM-16:36:09][38;5;87m [File/INFO][38;5;231m [38;5;145mREADMEファイルの更新を行っています...
[38;5;83m[PM-16:36:09][38;5;87m [File/INFO][38;5;231m [38;5;145m更新が終了しました。
[38;5;83m[PM-16:36:09][38;5;87m [File/INFO][38;5;231m [38;5;63m起動完了！helpコマンドでコマンド一覧を表示。
[38;5;83m[PM-16:36:28][38;5;87m [PHPPO/INFO][38;5;231m helpコマンドの使用法:
[38;5;83m[PM-16:36:28][38;5;87m [PHPPO/INFO][38;5;231m help <all|dev>/<コマンド> :第一引数に表示するコマンドの種類、またはコマンドの使用法を表示します。
[38;5;83m[PM-16:36:28][38;5;87m [PHPPO/INFO][38;5;231m all :実装されているコマンドをすべて表示します。
[38;5;83m[PM-16:36:28][38;5;87m [PHPPO/INFO][38;5;231m dev : 開発向けのコマンドを表示します。
[38;5;83m[PM-16:36:31][38;5;87m [PHPPO/INFO][38;5;231m helpコマンドの使用法:
[38;5;83m[PM-16:36:31][38;5;87m [PHPPO/INFO][38;5;231m help <all|dev>/<コマンド> :第一引数に表示するコマンドの種類、またはコマンドの使用法を表示します。
[38;5;83m[PM-16:36:31][38;5;87m [PHPPO/INFO][38;5;231m all :実装されているコマンドをすべて表示します。
[38;5;83m[PM-16:36:31][38;5;87m [PHPPO/INFO][38;5;231m dev : 開発向けのコマンドを表示します。
[38;5;83m[PM-16:36:34][38;5;87m [PHPPO/INFO][38;5;231m [38;5;87m[help][38;5;231mコマンド
[38;5;83m[PM-16:36:34][38;5;87m [PHPPO/INFO][38;5;231m 使用方法:[38;5;227mhelp [38;5;83m<all|dev>/<コマンド>
[38;5;83m[PM-16:36:34][38;5;87m [PHPPO/INFO][38;5;231m [38;5;63m使用できるコマンド、コマンドの使用法を表示。[38;5;145m
[38;5;83m[PM-17:00:14][38;5;87m [File/INFO][38;5;231m [38;5;145mライセンスファイルの更新を行っています...
[38;5;83m[PM-17:00:14][38;5;87m [File/INFO][38;5;231m [38;5;145m更新が終了しました。
[38;5;83m[PM-17:00:14][38;5;87m [File/INFO][38;5;231m [38;5;145mREADMEファイルの更新を行っています...
[38;5;83m[PM-17:00:14][38;5;87m [File/INFO][38;5;231m [38;5;145m更新が終了しました。
[38;5;83m[PM-17:00:14][38;5;87m [File/INFO][38;5;231m [38;5;63m起動完了！helpコマンドでコマンド一覧を表示。
[38;5;83m[PM-17:01:15][38;5;87m [File/INFO][38;5;231m [38;5;145mライセンスファイルの更新を行っています...
[38;5;83m[PM-17:01:15][38;5;87m [File/INFO][38;5;231m [38;5;145m更新が終了しました。
[38;5;83m[PM-17:01:15][38;5;87m [File/INFO][38;5;231m [38;5;145mREADMEファイルの更新を行っています...
[38;5;83m[PM-17:01:15][38;5;87m [File/INFO][38;5;231m [38;5;145m更新が終了しました。
[38;5;83m[PM-17:01:15][38;5;87m [File/INFO][38;5;231m [38;5;63m起動完了！helpコマンドでコマンド一覧を表示。
[38;5;83m[PM-17:02:27][38;5;87m [File/INFO][38;5;231m [38;5;145mライセンスファイルの更新を行っています...
[38;5;83m[PM-17:02:27][38;5;87m [File/INFO][38;5;231m [38;5;145m更新が終了しました。
[38;5;83m[PM-17:02:27][38;5;87m [File/INFO][38;5;231m [38;5;145mREADMEファイルの更新を行っています...
[38;5;83m[PM-17:02:27][38;5;87m [File/INFO][38;5;231m [38;5;145m更新が終了しました。
[38;5;83m[PM-17:02:27][38;5;87m [File/INFO][38;5;231m [38;5;63m起動完了！helpコマンドでコマンド一覧を表示。
[38;5;83m[PM-17:10:10][38;5;87m [File/INFO][38;5;231m [38;5;145mライセンスファイルの更新を行っています...
[38;5;83m[PM-17:10:10][38;5;87m [File/INFO][38;5;231m [38;5;145m更新が終了しました。
[38;5;83m[PM-17:10:10][38;5;87m [File/INFO][38;5;231m [38;5;145mREADMEファイルの更新を行っています...
[38;5;83m[PM-17:10:10][38;5;87m [File/INFO][38;5;231m [38;5;145m更新が終了しました。
[38;5;83m[PM-17:10:10][38;5;87m [File/INFO][38;5;231m Unknown error type: [8] Undefined variable: first_time_boot
[38;5;83m[PM-17:10:10][38;5;87m [File/INFO][38;5;231m [38;5;63m起動完了！helpコマンドでコマンド一覧を表示。
[38;5;83m[PM-17:10:33][38;5;87m [File/INFO][38;5;231m [38;5;145mライセンスファイルの更新を行っています...
[38;5;83m[PM-17:10:33][38;5;87m [File/INFO][38;5;231m [38;5;145m更新が終了しました。
[38;5;83m[PM-17:10:33][38;5;87m [File/INFO][38;5;231m [38;5;145mREADMEファイルの更新を行っています...
[38;5;83m[PM-17:10:33][38;5;87m [File/INFO][38;5;231m [38;5;145m更新が終了しました。
[38;5;83m[PM-17:10:33][38;5;87m [File/INFO][38;5;231m [38;5;63m起動完了！helpコマンドでコマンド一覧を表示。
[38;5;83m[PM-17:11:18][38;5;87m [PHPPO/INFO][38;5;231m [38;5;203m"[A[B"コマンドが見つかりませんでした。helpコマンドで確認してください。
[38;5;83m[PM-17:11:21][38;5;87m [File/INFO][38;5;231m [38;5;145mライセンスファイルの更新を行っています...
[38;5;83m[PM-17:11:21][38;5;87m [File/INFO][38;5;231m [38;5;145m更新が終了しました。
[38;5;83m[PM-17:11:21][38;5;87m [File/INFO][38;5;231m [38;5;145mREADMEファイルの更新を行っています...
[38;5;83m[PM-17:11:21][38;5;87m [File/INFO][38;5;231m [38;5;145m更新が終了しました。
[38;5;83m[PM-17:11:21][38;5;87m [File/INFO][38;5;231m [38;5;63m起動完了！helpコマンドでコマンド一覧を表示。
[38;5;83m[PM-17:11:23][38;5;87m [PHPPO/INFO][38;5;231m [38;5;203m"A"コマンドが見つかりませんでした。helpコマンドで確認してください。
[38;5;83m[PM-17:11:24][38;5;87m [PHPPO/INFO][38;5;231m [38;5;203m"[A"コマンドが見つかりませんでした。helpコマンドで確認してください。
[38;5;83m[PM-17:11:51][38;5;87m [File/INFO][38;5;231m [38;5;145mライセンスファイルの更新を行っています...
[38;5;83m[PM-17:11:51][38;5;87m [File/INFO][38;5;231m [38;5;145m更新が終了しました。
[38;5;83m[PM-17:11:51][38;5;87m [File/INFO][38;5;231m [38;5;145mREADMEファイルの更新を行っています...
[38;5;83m[PM-17:11:51][38;5;87m [File/INFO][38;5;231m [38;5;145m更新が終了しました。
[38;5;83m[PM-17:11:51][38;5;87m [File/INFO][38;5;231m [38;5;63m起動完了！helpコマンドでコマンド一覧を表示。
[38;5;83m[PM-17:12:12][38;5;87m [File/INFO][38;5;231m [38;5;145mライセンスファイルの更新を行っています...
[38;5;83m[PM-17:12:12][38;5;87m [File/INFO][38;5;231m [38;5;145m更新が終了しました。
[38;5;83m[PM-17:12:12][38;5;87m [File/INFO][38;5;231m [38;5;145mREADMEファイルの更新を行っています...
[38;5;83m[PM-17:12:12][38;5;87m [File/INFO][38;5;231m [38;5;145m更新が終了しました。
[38;5;83m[PM-17:12:12][38;5;87m [File/INFO][38;5;231m [38;5;63m起動完了！helpコマンドでコマンド一覧を表示。
[38;5;83m[PM-17:12:33][38;5;87m [File/INFO][38;5;231m [38;5;145mライセンスファイルの更新を行っています...
[38;5;83m[PM-17:12:33][38;5;87m [File/INFO][38;5;231m [38;5;145m更新が終了しました。
[38;5;83m[PM-17:12:33][38;5;87m [File/INFO][38;5;231m [38;5;145mREADMEファイルの更新を行っています...
[38;5;83m[PM-17:12:33][38;5;87m [File/INFO][38;5;231m [38;5;145m更新が終了しました。
[38;5;83m[PM-17:12:33][38;5;87m [File/INFO][38;5;231m [38;5;63m起動完了！helpコマンドでコマンド一覧を表示。
[38;5;83m[PM-17:12:46][38;5;87m [File/INFO][38;5;231m [38;5;145mライセンスファイルの更新を行っています...
[38;5;83m[PM-17:12:46][38;5;87m [File/INFO][38;5;231m [38;5;145m更新が終了しました。
[38;5;83m[PM-17:12:46][38;5;87m [File/INFO][38;5;231m [38;5;145mREADMEファイルの更新を行っています...
[38;5;83m[PM-17:12:46][38;5;87m [File/INFO][38;5;231m [38;5;145m更新が終了しました。
[38;5;83m[PM-17:12:46][38;5;87m [File/INFO][38;5;231m [38;5;63m起動完了！helpコマンドでコマンド一覧を表示。
[38;5;83m[PM-17:13:02][38;5;87m [File/INFO][38;5;231m [38;5;145mライセンスファイルの更新を行っています...
[38;5;83m[PM-17:13:02][38;5;87m [File/INFO][38;5;231m [38;5;145m更新が終了しました。
[38;5;83m[PM-17:13:02][38;5;87m [File/INFO][38;5;231m [38;5;145mREADMEファイルの更新を行っています...
[38;5;83m[PM-17:13:02][38;5;87m [File/INFO][38;5;231m [38;5;145m更新が終了しました。
[38;5;83m[PM-17:13:02][38;5;87m [File/INFO][38;5;231m [38;5;63m起動完了！helpコマンドでコマンド一覧を表示。
[38;5;83m[PM-17:13:24][38;5;87m [File/INFO][38;5;231m [38;5;145mライセンスファイルの更新を行っています...
[38;5;83m[PM-17:13:24][38;5;87m [File/INFO][38;5;231m [38;5;145m更新が終了しました。
[38;5;83m[PM-17:13:24][38;5;87m [File/INFO][38;5;231m [38;5;145mREADMEファイルの更新を行っています...
[38;5;83m[PM-17:13:24][38;5;87m [File/INFO][38;5;231m [38;5;145m更新が終了しました。
[38;5;83m[PM-17:13:24][38;5;87m [File/INFO][38;5;231m [38;5;63m起動完了！helpコマンドでコマンド一覧を表示。
[38;5;83m[PM-17:13:33][38;5;87m [File/INFO][38;5;231m [38;5;145mライセンスファイルの更新を行っています...
[38;5;83m[PM-17:13:33][38;5;87m [File/INFO][38;5;231m [38;5;145m更新が終了しました。
[38;5;83m[PM-17:13:33][38;5;87m [File/INFO][38;5;231m [38;5;145mREADMEファイルの更新を行っています...
[38;5;83m[PM-17:13:33][38;5;87m [File/INFO][38;5;231m [38;5;145m更新が終了しました。
[38;5;83m[PM-17:13:43][38;5;87m [SETUP/INFO][38;5;231m ====セットアップを開始します====
[38;5;83m[PM-17:13:43][38;5;87m [SETUP/INFO][38;5;231m 使用するユーザー名を入力してください:
[38;5;83m[PM-17:13:44][38;5;87m [SETUP/INFO][38;5;231m パスワードを設定してください。(八文字以上)
[38;5;83m[PM-17:13:46][38;5;87m [SETUP/INFO][38;5;231m 設定したパスワードをもう一度入力してください。:
[38;5;83m[PM-17:13:48][38;5;87m [SETUP/INFO][38;5;231m ruiのパスワードを入力してください。:
[38;5;83m[PM-17:13:51][38;5;87m [File/INFO][38;5;231m [38;5;145mライセンスファイルの更新を行っています...
[38;5;83m[PM-17:13:51][38;5;87m [File/INFO][38;5;231m [38;5;145m更新が終了しました。
[38;5;83m[PM-17:13:51][38;5;87m [File/INFO][38;5;231m [38;5;145mREADMEファイルの更新を行っています...
[38;5;83m[PM-17:13:51][38;5;87m [File/INFO][38;5;231m [38;5;145m更新が終了しました。
[38;5;83m[PM-17:13:51][38;5;87m [File/INFO][38;5;231m [38;5;63m起動完了！helpコマンドでコマンド一覧を表示。
[38;5;83m[PM-17:15:54][38;5;87m [File/INFO][38;5;231m [38;5;145mライセンスファイルの更新を行っています...
[38;5;83m[PM-17:15:54][38;5;87m [File/INFO][38;5;231m [38;5;145m更新が終了しました。
[38;5;83m[PM-17:15:54][38;5;87m [File/INFO][38;5;231m [38;5;145mREADMEファイルの更新を行っています...
[38;5;83m[PM-17:15:54][38;5;87m [File/INFO][38;5;231m [38;5;145m更新が終了しました。
[38;5;83m[PM-17:15:54][38;5;87m [File/INFO][38;5;231m [38;5;63m起動完了！helpコマンドでコマンド一覧を表示。
[38;5;83m[PM-17:15:59][38;5;87m [File/INFO][38;5;231m [38;5;145mライセンスファイルの更新を行っています...
[38;5;83m[PM-17:15:59][38;5;87m [File/INFO][38;5;231m [38;5;145m更新が終了しました。
[38;5;83m[PM-17:15:59][38;5;87m [File/INFO][38;5;231m [38;5;145mREADMEファイルの更新を行っています...
[38;5;83m[PM-17:15:59][38;5;87m [File/INFO][38;5;231m [38;5;145m更新が終了しました。
[38;5;83m[PM-17:15:59][38;5;87m [File/INFO][38;5;231m [38;5;63m起動完了！helpコマンドでコマンド一覧を表示。
[38;5;83m[PM-17:16:02][38;5;87m [File/INFO][38;5;231m [38;5;145mライセンスファイルの更新を行っています...
[38;5;83m[PM-17:16:02][38;5;87m [File/INFO][38;5;231m [38;5;145m更新が終了しました。
[38;5;83m[PM-17:16:02][38;5;87m [File/INFO][38;5;231m [38;5;145mREADMEファイルの更新を行っています...
[38;5;83m[PM-17:16:02][38;5;87m [File/INFO][38;5;231m [38;5;145m更新が終了しました。
[38;5;83m[PM-17:16:02][38;5;87m [File/INFO][38;5;231m [38;5;63m起動完了！helpコマンドでコマンド一覧を表示。
[38;5;83m[PM-17:16:06][38;5;87m [File/INFO][38;5;231m [38;5;145mライセンスファイルの更新を行っています...
[38;5;83m[PM-17:16:06][38;5;87m [File/INFO][38;5;231m [38;5;145m更新が終了しました。
[38;5;83m[PM-17:16:06][38;5;87m [File/INFO][38;5;231m [38;5;145mREADMEファイルの更新を行っています...
[38;5;83m[PM-17:16:06][38;5;87m [File/INFO][38;5;231m [38;5;145m更新が終了しました。
[38;5;83m[PM-17:16:06][38;5;87m [File/INFO][38;5;231m [38;5;63m起動完了！helpコマンドでコマンド一覧を表示。
[38;5;83m[PM-17:16:19][38;5;87m [File/INFO][38;5;231m [38;5;145mライセンスファイルの更新を行っています...
[38;5;83m[PM-17:16:19][38;5;87m [File/INFO][38;5;231m [38;5;145m更新が終了しました。
[38;5;83m[PM-17:16:19][38;5;87m [File/INFO][38;5;231m [38;5;145mREADMEファイルの更新を行っています...
[38;5;83m[PM-17:16:19][38;5;87m [File/INFO][38;5;231m [38;5;145m更新が終了しました。
[38;5;83m[PM-17:16:19][38;5;87m [File/INFO][38;5;231m [38;5;63m起動完了！helpコマンドでコマンド一覧を表示。
[38;5;83m[PM-17:22:03][38;5;87m [File/INFO][38;5;231m [38;5;145mライセンスファイルの更新を行っています...
[38;5;83m[PM-17:22:03][38;5;87m [File/INFO][38;5;231m [38;5;145m更新が終了しました。
[38;5;83m[PM-17:22:03][38;5;87m [File/INFO][38;5;231m [38;5;145mREADMEファイルの更新を行っています...
[38;5;83m[PM-17:22:03][38;5;87m [File/INFO][38;5;231m [38;5;145m更新が終了しました。
[38;5;83m[PM-17:22:03][38;5;87m [File/INFO][38;5;231m [38;5;63m起動完了！helpコマンドでコマンド一覧を表示。
[38;5;83m[PM-17:22:11][38;5;87m [File/INFO][38;5;231m [38;5;145mライセンスファイルの更新を行っています...
[38;5;83m[PM-17:22:11][38;5;87m [File/INFO][38;5;231m [38;5;145m更新が終了しました。
[38;5;83m[PM-17:22:11][38;5;87m [File/INFO][38;5;231m [38;5;145mREADMEファイルの更新を行っています...
[38;5;83m[PM-17:22:11][38;5;87m [File/INFO][38;5;231m [38;5;145m更新が終了しました。
[38;5;83m[PM-17:22:13][38;5;87m [SETUP/INFO][38;5;231m ====セットアップを開始します====
[38;5;83m[PM-17:22:18][38;5;87m [SETUP/INFO][38;5;231m 設定したパスワードをもう一度入力してください。:
[38;5;83m[PM-17:22:56][38;5;87m [File/INFO][38;5;231m [38;5;145mライセンスファイルの更新を行っています...
[38;5;83m[PM-17:22:56][38;5;87m [File/INFO][38;5;231m [38;5;145m更新が終了しました。
[38;5;83m[PM-17:22:56][38;5;87m [File/INFO][38;5;231m [38;5;145mREADMEファイルの更新を行っています...
[38;5;83m[PM-17:22:56][38;5;87m [File/INFO][38;5;231m [38;5;145m更新が終了しました。
[38;5;83m[PM-17:22:58][38;5;87m [SETUP/INFO][38;5;231m ====セットアップを開始します====
[38;5;83m[PM-17:24:41][38;5;87m [File/INFO][38;5;231m [38;5;145mライセンスファイルの更新を行っています...
[38;5;83m[PM-17:24:41][38;5;87m [File/INFO][38;5;231m [38;5;145m更新が終了しました。
[38;5;83m[PM-17:24:41][38;5;87m [File/INFO][38;5;231m [38;5;145mREADMEファイルの更新を行っています...
[38;5;83m[PM-17:24:41][38;5;87m [File/INFO][38;5;231m [38;5;145m更新が終了しました。
[38;5;83m[PM-17:24:41][38;5;87m [File/INFO][38;5;231m [38;5;63m起動完了！helpコマンドでコマンド一覧を表示。
[38;5;83m[PM-17:24:43][38;5;87m [PHPPO/INFO][38;5;231m [38;5;203m"y"コマンドが見つかりませんでした。helpコマンドで確認してください。
[38;5;83m[PM-17:24:44][38;5;87m [PHPPO/INFO][38;5;231m [38;5;203m"a"コマンドが見つかりませんでした。helpコマンドで確認してください。
[38;5;83m[PM-17:29:56][38;5;87m [File/INFO][38;5;231m [38;5;145mライセンスファイルの更新を行っています...
[38;5;83m[PM-17:29:56][38;5;87m [File/INFO][38;5;231m [38;5;145m更新が終了しました。
[38;5;83m[PM-17:29:56][38;5;87m [File/INFO][38;5;231m [38;5;145mREADMEファイルの更新を行っています...
[38;5;83m[PM-17:29:56][38;5;87m [File/INFO][38;5;231m [38;5;145m更新が終了しました。
[38;5;83m[PM-17:29:56][38;5;87m [File/INFO][38;5;231m [38;5;63m起動完了！helpコマンドでコマンド一覧を表示。
[38;5;83m[PM-17:30:06][38;5;87m [File/INFO][38;5;231m [38;5;145mライセンスファイルの更新を行っています...
[38;5;83m[PM-17:30:06][38;5;87m [File/INFO][38;5;231m [38;5;145m更新が終了しました。
[38;5;83m[PM-17:30:06][38;5;87m [File/INFO][38;5;231m [38;5;145mREADMEファイルの更新を行っています...
[38;5;83m[PM-17:30:06][38;5;87m [File/INFO][38;5;231m [38;5;145m更新が終了しました。
[38;5;83m[PM-17:30:10][38;5;87m [File/INFO][38;5;231m PHP Prompt OS is stopping now...
[38;5;83m[PM-17:30:12][38;5;87m [File/INFO][38;5;231m [38;5;145mライセンスファイルの更新を行っています...
[38;5;83m[PM-17:30:12][38;5;87m [File/INFO][38;5;231m [38;5;145m更新が終了しました。
[38;5;83m[PM-17:30:12][38;5;87m [File/INFO][38;5;231m [38;5;145mREADMEファイルの更新を行っています...
[38;5;83m[PM-17:30:12][38;5;87m [File/INFO][38;5;231m [38;5;145m更新が終了しました。
[38;5;83m[PM-17:30:12][38;5;87m [File/INFO][38;5;231m [38;5;63m起動完了！helpコマンドでコマンド一覧を表示。
[38;5;83m[PM-17:31:43][38;5;87m [File/INFO][38;5;231m [38;5;145mライセンスファイルの更新を行っています...
[38;5;83m[PM-17:31:43][38;5;87m [File/INFO][38;5;231m [38;5;145m更新が終了しました。
[38;5;83m[PM-17:31:43][38;5;87m [File/INFO][38;5;231m [38;5;145mREADMEファイルの更新を行っています...
[38;5;83m[PM-17:31:43][38;5;87m [File/INFO][38;5;231m [38;5;145m更新が終了しました。
[38;5;83m[PM-17:31:43][38;5;87m [File/INFO][38;5;231m [38;5;63m起動完了！helpコマンドでコマンド一覧を表示。
[38;5;83m[PM-17:34:15][38;5;87m [File/INFO][38;5;231m [38;5;145mライセンスファイルの更新を行っています...
[38;5;83m[PM-17:34:15][38;5;87m [File/INFO][38;5;231m [38;5;145m更新が終了しました。
[38;5;83m[PM-17:34:15][38;5;87m [File/INFO][38;5;231m [38;5;145mREADMEファイルの更新を行っています...
[38;5;83m[PM-17:34:15][38;5;87m [File/INFO][38;5;231m [38;5;145m更新が終了しました。
[38;5;83m[PM-17:34:15][38;5;87m [File/INFO][38;5;231m [38;5;63m起動完了！helpコマンドでコマンド一覧を表示。
[38;5;83m[PM-17:34:27][38;5;87m [File/INFO][38;5;231m [38;5;145mライセンスファイルの更新を行っています...
[38;5;83m[PM-17:34:27][38;5;87m [File/INFO][38;5;231m [38;5;145m更新が終了しました。
[38;5;83m[PM-17:34:27][38;5;87m [File/INFO][38;5;231m [38;5;145mREADMEファイルの更新を行っています...
[38;5;83m[PM-17:34:27][38;5;87m [File/INFO][38;5;231m [38;5;145m更新が終了しました。
[38;5;83m[PM-17:34:28][38;5;87m [File/INFO][38;5;231m [38;5;145mライセンスファイルの更新を行っています...
[38;5;83m[PM-17:34:28][38;5;87m [File/INFO][38;5;231m [38;5;145m更新が終了しました。
[38;5;83m[PM-17:34:28][38;5;87m [File/INFO][38;5;231m [38;5;145mREADMEファイルの更新を行っています...
[38;5;83m[PM-17:34:28][38;5;87m [File/INFO][38;5;231m [38;5;145m更新が終了しました。
[38;5;83m[PM-17:34:28][38;5;87m [File/INFO][38;5;231m [38;5;63m起動完了！helpコマンドでコマンド一覧を表示。
[38;5;83m[PM-17:34:34][38;5;87m [SETUP/INFO][38;5;231m ====セットアップを開始します====
[38;5;83m[PM-17:34:35][38;5;87m [File/INFO][38;5;231m [38;5;145mライセンスファイルの更新を行っています...
[38;5;83m[PM-17:34:35][38;5;87m [File/INFO][38;5;231m [38;5;145m更新が終了しました。
[38;5;83m[PM-17:34:35][38;5;87m [File/INFO][38;5;231m [38;5;145mREADMEファイルの更新を行っています...
[38;5;83m[PM-17:34:35][38;5;87m [File/INFO][38;5;231m [38;5;145m更新が終了しました。
[38;5;83m[PM-17:34:35][38;5;87m [File/INFO][38;5;231m [38;5;63m起動完了！helpコマンドでコマンド一覧を表示。
[38;5;83m[PM-17:36:49][38;5;87m [File/INFO][38;5;231m [38;5;145mライセンスファイルの更新を行っています...
[38;5;83m[PM-17:36:49][38;5;87m [File/INFO][38;5;231m [38;5;145m更新が終了しました。
[38;5;83m[PM-17:36:49][38;5;87m [File/INFO][38;5;231m [38;5;145mREADMEファイルの更新を行っています...
[38;5;83m[PM-17:36:49][38;5;87m [File/INFO][38;5;231m [38;5;145m更新が終了しました。
[38;5;83m[PM-17:36:49][38;5;87m [File/INFO][38;5;231m [38;5;63m起動完了！helpコマンドでコマンド一覧を表示。
[38;5;83m[PM-17:36:54][38;5;87m [File/INFO][38;5;231m [38;5;145mライセンスファイルの更新を行っています...
[38;5;83m[PM-17:36:54][38;5;87m [File/INFO][38;5;231m [38;5;145m更新が終了しました。
[38;5;83m[PM-17:36:54][38;5;87m [File/INFO][38;5;231m [38;5;145mREADMEファイルの更新を行っています...
[38;5;83m[PM-17:36:54][38;5;87m [File/INFO][38;5;231m [38;5;145m更新が終了しました。
[38;5;83m[PM-17:36:55][38;5;87m [File/INFO][38;5;231m PHP Prompt OS is stopping now...
[38;5;83m[PM-17:37:08][38;5;87m [File/INFO][38;5;231m [38;5;145mライセンスファイルの更新を行っています...
[38;5;83m[PM-17:37:08][38;5;87m [File/INFO][38;5;231m [38;5;145m更新が終了しました。
[38;5;83m[PM-17:37:08][38;5;87m [File/INFO][38;5;231m [38;5;145mREADMEファイルの更新を行っています...
[38;5;83m[PM-17:37:08][38;5;87m [File/INFO][38;5;231m [38;5;145m更新が終了しました。
[38;5;83m[PM-17:39:04][38;5;87m [File/INFO][38;5;231m [38;5;145mライセンスファイルの更新を行っています...
[38;5;83m[PM-17:39:04][38;5;87m [File/INFO][38;5;231m [38;5;145m更新が終了しました。
[38;5;83m[PM-17:39:04][38;5;87m [File/INFO][38;5;231m [38;5;145mREADMEファイルの更新を行っています...
[38;5;83m[PM-17:39:04][38;5;87m [File/INFO][38;5;231m [38;5;145m更新が終了しました。
[38;5;83m[PM-17:39:51][38;5;87m [File/INFO][38;5;231m [38;5;145mライセンスファイルの更新を行っています...
[38;5;83m[PM-17:39:51][38;5;87m [File/INFO][38;5;231m [38;5;145m更新が終了しました。
[38;5;83m[PM-17:39:51][38;5;87m [File/INFO][38;5;231m [38;5;145mREADMEファイルの更新を行っています...
[38;5;83m[PM-17:39:51][38;5;87m [File/INFO][38;5;231m [38;5;145m更新が終了しました。
[38;5;83m[PM-17:39:57][38;5;87m [File/INFO][38;5;231m [38;5;145mライセンスファイルの更新を行っています...
[38;5;83m[PM-17:39:57][38;5;87m [File/INFO][38;5;231m [38;5;145m更新が終了しました。
[38;5;83m[PM-17:39:57][38;5;87m [File/INFO][38;5;231m [38;5;145mREADMEファイルの更新を行っています...
[38;5;83m[PM-17:39:57][38;5;87m [File/INFO][38;5;231m [38;5;145m更新が終了しました。
[38;5;83m[PM-17:39:57][38;5;87m [File/INFO][38;5;231m [38;5;63m起動完了！helpコマンドでコマンド一覧を表示。
[38;5;83m[PM-17:40:23][38;5;87m [File/INFO][38;5;231m [38;5;145mライセンスファイルの更新を行っています...
[38;5;83m[PM-17:40:23][38;5;87m [File/INFO][38;5;231m [38;5;145m更新が終了しました。
[38;5;83m[PM-17:40:23][38;5;87m [File/INFO][38;5;231m [38;5;145mREADMEファイルの更新を行っています...
[38;5;83m[PM-17:40:23][38;5;87m [File/INFO][38;5;231m [38;5;145m更新が終了しました。
[38;5;83m[PM-17:40:23][38;5;87m [File/INFO][38;5;231m [38;5;63m起動完了！helpコマンドでコマンド一覧を表示。
[38;5;83m[PM-17:40:44][38;5;87m [File/INFO][38;5;231m [38;5;145mライセンスファイルの更新を行っています...
[38;5;83m[PM-17:40:44][38;5;87m [File/INFO][38;5;231m [38;5;145m更新が終了しました。
[38;5;83m[PM-17:40:44][38;5;87m [File/INFO][38;5;231m [38;5;145mREADMEファイルの更新を行っています...
[38;5;83m[PM-17:40:44][38;5;87m [File/INFO][38;5;231m [38;5;145m更新が終了しました。
[38;5;83m[PM-17:40:47][38;5;87m [File/INFO][38;5;231m [38;5;145mライセンスファイルの更新を行っています...
[38;5;83m[PM-17:40:47][38;5;87m [File/INFO][38;5;231m [38;5;145m更新が終了しました。
[38;5;83m[PM-17:40:47][38;5;87m [File/INFO][38;5;231m [38;5;145mREADMEファイルの更新を行っています...
[38;5;83m[PM-17:40:47][38;5;87m [File/INFO][38;5;231m [38;5;145m更新が終了しました。
[38;5;83m[PM-17:41:00][38;5;87m [File/INFO][38;5;231m [38;5;145mライセンスファイルの更新を行っています...
[38;5;83m[PM-17:41:00][38;5;87m [File/INFO][38;5;231m [38;5;145m更新が終了しました。
[38;5;83m[PM-17:41:00][38;5;87m [File/INFO][38;5;231m [38;5;145mREADMEファイルの更新を行っています...
[38;5;83m[PM-17:41:00][38;5;87m [File/INFO][38;5;231m [38;5;145m更新が終了しました。
[38;5;83m[PM-17:41:02][38;5;87m [File/INFO][38;5;231m [38;5;145mライセンスファイルの更新を行っています...
[38;5;83m[PM-17:41:02][38;5;87m [File/INFO][38;5;231m [38;5;145m更新が終了しました。
[38;5;83m[PM-17:41:02][38;5;87m [File/INFO][38;5;231m [38;5;145mREADMEファイルの更新を行っています...
[38;5;83m[PM-17:41:02][38;5;87m [File/INFO][38;5;231m [38;5;145m更新が終了しました。
[38;5;83m[PM-17:41:11][38;5;87m [File/INFO][38;5;231m PHP Prompt OS is stopping now...
[38;5;83m[PM-17:41:14][38;5;87m [File/INFO][38;5;231m [38;5;145mライセンスファイルの更新を行っています...
[38;5;83m[PM-17:41:14][38;5;87m [File/INFO][38;5;231m [38;5;145m更新が終了しました。
[38;5;83m[PM-17:41:14][38;5;87m [File/INFO][38;5;231m [38;5;145mREADMEファイルの更新を行っています...
[38;5;83m[PM-17:41:14][38;5;87m [File/INFO][38;5;231m [38;5;145m更新が終了しました。
[38;5;83m[PM-17:41:20][38;5;87m [SETUP/INFO][38;5;231m ====セットアップを開始します====
[38;5;83m[PM-17:41:26][38;5;87m [File/INFO][38;5;231m [38;5;145mライセンスファイルの更新を行っています...
[38;5;83m[PM-17:41:26][38;5;87m [File/INFO][38;5;231m [38;5;145m更新が終了しました。
[38;5;83m[PM-17:41:26][38;5;87m [File/INFO][38;5;231m [38;5;145mREADMEファイルの更新を行っています...
[38;5;83m[PM-17:41:26][38;5;87m [File/INFO][38;5;231m [38;5;145m更新が終了しました。
[38;5;83m[PM-17:44:57][38;5;87m [File/INFO][38;5;231m [38;5;145mライセンスファイルの更新を行っています...
[38;5;83m[PM-17:44:57][38;5;87m [File/INFO][38;5;231m [38;5;145m更新が終了しました。
[38;5;83m[PM-17:44:57][38;5;87m [File/INFO][38;5;231m [38;5;145mREADMEファイルの更新を行っています...
[38;5;83m[PM-17:44:57][38;5;87m [File/INFO][38;5;231m [38;5;145m更新が終了しました。
[38;5;83m[PM-17:44:58][38;5;87m [SETUP/INFO][38;5;231m ====セットアップを開始します====
[38;5;83m[PM-17:45:04][38;5;87m [File/INFO][38;5;231m [38;5;145mライセンスファイルの更新を行っています...
[38;5;83m[PM-17:45:04][38;5;87m [File/INFO][38;5;231m [38;5;145m更新が終了しました。
[38;5;83m[PM-17:45:04][38;5;87m [File/INFO][38;5;231m [38;5;145mREADMEファイルの更新を行っています...
[38;5;83m[PM-17:45:04][38;5;87m [File/INFO][38;5;231m [38;5;145m更新が終了しました。
[38;5;83m[PM-17:45:04][38;5;87m [File/INFO][38;5;231m [38;5;63m起動完了！helpコマンドでコマンド一覧を表示。
[38;5;83m[PM-17:45:10][38;5;87m [File/INFO][38;5;231m [38;5;145mライセンスファイルの更新を行っています...
[38;5;83m[PM-17:45:10][38;5;87m [File/INFO][38;5;231m [38;5;145m更新が終了しました。
[38;5;83m[PM-17:45:10][38;5;87m [File/INFO][38;5;231m [38;5;145mREADMEファイルの更新を行っています...
[38;5;83m[PM-17:45:10][38;5;87m [File/INFO][38;5;231m [38;5;145m更新が終了しました。
[38;5;83m[PM-17:45:10][38;5;87m [File/INFO][38;5;231m [38;5;63m起動完了！helpコマンドでコマンド一覧を表示。
[38;5;83m[PM-17:45:15][38;5;87m [File/INFO][38;5;231m [38;5;145mライセンスファイルの更新を行っています...
[38;5;83m[PM-17:45:15][38;5;87m [File/INFO][38;5;231m [38;5;145m更新が終了しました。
[38;5;83m[PM-17:45:15][38;5;87m [File/INFO][38;5;231m [38;5;145mREADMEファイルの更新を行っています...
[38;5;83m[PM-17:45:15][38;5;87m [File/INFO][38;5;231m [38;5;145m更新が終了しました。
[38;5;83m[PM-17:45:15][38;5;87m [File/INFO][38;5;231m [38;5;63m起動完了！helpコマンドでコマンド一覧を表示。
[38;5;83m[PM-17:45:17][38;5;87m [PHPPO/INFO][38;5;231m [38;5;203m"123456789"コマンドが見つかりませんでした。helpコマンドで確認してください。
[38;5;83m[PM-17:45:18][38;5;87m [PHPPO/INFO][38;5;231m [38;5;203m"123"コマンドが見つかりませんでした。helpコマンドで確認してください。
[38;5;83m[PM-17:55:32][38;5;87m [File/INFO][38;5;231m [38;5;145mライセンスファイルの更新を行っています...
[38;5;83m[PM-17:55:32][38;5;87m [File/INFO][38;5;231m [38;5;145m更新が終了しました。
[38;5;83m[PM-17:55:32][38;5;87m [File/INFO][38;5;231m [38;5;145mREADMEファイルの更新を行っています...
[38;5;83m[PM-17:55:32][38;5;87m [File/INFO][38;5;231m [38;5;145m更新が終了しました。
[38;5;83m[PM-17:55:37][38;5;87m [File/INFO][38;5;231m PHP Prompt OS is stopping now...
[38;5;83m[PM-17:55:47][38;5;87m [File/INFO][38;5;231m [38;5;145mライセンスファイルの更新を行っています...
[38;5;83m[PM-17:55:47][38;5;87m [File/INFO][38;5;231m [38;5;145m更新が終了しました。
[38;5;83m[PM-17:55:47][38;5;87m [File/INFO][38;5;231m [38;5;145mREADMEファイルの更新を行っています...
[38;5;83m[PM-17:55:47][38;5;87m [File/INFO][38;5;231m [38;5;145m更新が終了しました。
[38;5;83m[PM-17:55:47][38;5;87m [File/INFO][38;5;231m [38;5;63m起動完了！helpコマンドでコマンド一覧を表示。
[38;5;83m[PM-17:55:50][38;5;87m [PHPPO/INFO][38;5;231m 20ミリ秒後にPHP Prompt OS by chell ruiを終了します...
[38;5;83m[PM-17:55:50][38;5;87m [PHPPO/INFO][38;5;231m (@^^)/~~~!
PHPPO was completed successfully.[38;5;83m[PM-17:55:55][38;5;87m [File/INFO][38;5;231m [38;5;145mライセンスファイルの更新を行っています...
[38;5;83m[PM-17:55:55][38;5;87m [File/INFO][38;5;231m [38;5;145m更新が終了しました。
[38;5;83m[PM-17:55:55][38;5;87m [File/INFO][38;5;231m [38;5;145mREADMEファイルの更新を行っています...
[38;5;83m[PM-17:55:55][38;5;87m [File/INFO][38;5;231m [38;5;145m更新が終了しました。
[38;5;83m[PM-17:55:57][38;5;87m [File/INFO][38;5;231m PHP Prompt OS is stopping now...
[38;5;83m[PM-18:01:55][38;5;87m [File/INFO][38;5;231m [38;5;145mライセンスファイルの更新を行っています...
[38;5;83m[PM-18:01:55][38;5;87m [File/INFO][38;5;231m [38;5;145m更新が終了しました。
[38;5;83m[PM-18:01:55][38;5;87m [File/INFO][38;5;231m [38;5;145mREADMEファイルの更新を行っています...
[38;5;83m[PM-18:01:55][38;5;87m [File/INFO][38;5;231m [38;5;145m更新が終了しました。
[38;5;83m[PM-18:01:55][38;5;87m [File/INFO][38;5;231m [38;5;63m起動完了！helpコマンドでコマンド一覧を表示。
[38;5;83m[PM-18:01:57][38;5;87m [PHPPO/INFO][38;5;231m [38;5;59m===================[38;5;231mコマンド一覧[38;5;59m===================[38;5;145m
[38;5;83m[PM-18:01:57][38;5;87m [PHPPO/INFO][38;5;231m [38;5;34mcat [38;5;83m<パス>[38;5;145m:指定されたファイルを表示[38;5;145m
[38;5;83m[PM-18:01:57][38;5;87m [PHPPO/INFO][38;5;231m [38;5;34mcd [38;5;83m<絶対/相対パス>[38;5;145m:カレントディレクトリを指定します。[38;5;145m
[38;5;83m[PM-18:01:57][38;5;87m [PHPPO/INFO][38;5;231m [38;5;34mclear [38;5;83m[38;5;145m:画面上から履歴が消えるように改行を繰り返します。[38;5;145m
[38;5;83m[PM-18:01:57][38;5;87m [PHPPO/INFO][38;5;231m [38;5;34mcls [38;5;83m[38;5;145m:画面をクリア[38;5;145m
[38;5;83m[PM-18:01:57][38;5;87m [PHPPO/INFO][38;5;231m [38;5;34mdelvar [38;5;83m<変数名>[38;5;145m:宣言済み環境変数を削除します。[38;5;145m
[38;5;83m[PM-18:01:57][38;5;87m [PHPPO/INFO][38;5;231m [38;5;34mecho [38;5;83m<メッセージ>/<on|off>[38;5;145m:文字列を出力。[38;5;145m
[38;5;83m[PM-18:01:57][38;5;87m [PHPPO/INFO][38;5;231m [38;5;34mexec [38;5;83m[38;5;145m:コマンド及び外部プロセスの実行。[38;5;145m
[38;5;83m[PM-18:01:57][38;5;87m [PHPPO/INFO][38;5;231m [38;5;34mexit [38;5;83m<ミリ秒数>[38;5;145m:PHP Prompt OSを終了。[38;5;145m
[38;5;83m[PM-18:01:57][38;5;87m [PHPPO/INFO][38;5;231m [38;5;34mhelp [38;5;83m<all|dev>/<コマンド>[38;5;145m:使用できるコマンド、コマンドの使用法を表示。[38;5;145m
[38;5;83m[PM-18:01:57][38;5;87m [PHPPO/INFO][38;5;231m [38;5;34minfo [38;5;83m<logo|auther|des|help|url|>[38;5;145m:当プログラムに関しての情報を表示。[38;5;145m
[38;5;83m[PM-18:01:57][38;5;87m [PHPPO/INFO][38;5;231m [38;5;34mlog [38;5;83m<on/off>[38;5;145m:ログファイルにログを出力するかの設定です。[38;5;145m
[38;5;83m[PM-18:01:57][38;5;87m [PHPPO/INFO][38;5;231m [38;5;34mls [38;5;83m[38;5;145m:カレントディレクトリ上のファイルとディレクトリのリストを表示します。[38;5;145m
[38;5;83m[PM-18:01:57][38;5;87m [PHPPO/INFO][38;5;231m [38;5;34mmkdir [38;5;83m[38;5;145m:ディレクトリを作成します[38;5;145m
[38;5;83m[PM-18:01:57][38;5;87m [PHPPO/INFO][38;5;231m [38;5;34mpwd [38;5;83m[38;5;145m:カレントディレクトリのパスを表示します。[38;5;145m
[38;5;83m[PM-18:01:57][38;5;87m [PHPPO/INFO][38;5;231m [38;5;34mreboot [38;5;83m<mode>[38;5;145m:PHPPOを再起動します。[38;5;145m
[38;5;83m[PM-18:01:57][38;5;87m [PHPPO/INFO][38;5;231m [38;5;34mscript [38;5;83m<ファイルネーム（拡張子を含む）>[38;5;145m:テキスト上のコマンドを改行ごとに実行します。[38;5;145m
[38;5;83m[PM-18:01:57][38;5;87m [PHPPO/INFO][38;5;231m [38;5;34mset [38;5;83m<変数名> <値>[38;5;145m:変数へ代入します[38;5;145m
[38;5;83m[PM-18:01:57][38;5;87m [PHPPO/INFO][38;5;231m [38;5;34mtitle [38;5;83m[38;5;145m:システムのタイトルを設定します。[38;5;145m
[38;5;83m[PM-18:01:57][38;5;87m [PHPPO/INFO][38;5;231m [38;5;34mvars [38;5;83m[38;5;145m:定義済みの環境変数を表示します。[38;5;145m
[38;5;83m[PM-18:01:57][38;5;87m [PHPPO/INFO][38;5;231m [38;5;34mwget [38;5;83m<URL>[38;5;145m:ファイルをダウンロードします。[38;5;145m
[38;5;83m[PM-18:01:57][38;5;87m [PHPPO/INFO][38;5;231m [38;5;59m===================================================[38;5;145m
[38;5;83m[PM-18:02:05][38;5;87m [File/INFO][38;5;231m [38;5;145mライセンスファイルの更新を行っています...
[38;5;83m[PM-18:02:05][38;5;87m [File/INFO][38;5;231m [38;5;145m更新が終了しました。
[38;5;83m[PM-18:02:05][38;5;87m [File/INFO][38;5;231m [38;5;145mREADMEファイルの更新を行っています...
[38;5;83m[PM-18:02:05][38;5;87m [File/INFO][38;5;231m [38;5;145m更新が終了しました。
[38;5;83m[PM-18:02:05][38;5;87m [File/INFO][38;5;231m [38;5;63m起動完了！helpコマンドでコマンド一覧を表示。
[38;5;83m[PM-18:05:09][38;5;87m [File/INFO][38;5;231m [38;5;145mライセンスファイルの更新を行っています...
[38;5;83m[PM-18:05:09][38;5;87m [File/INFO][38;5;231m [38;5;145m更新が終了しました。
[38;5;83m[PM-18:05:09][38;5;87m [File/INFO][38;5;231m [38;5;145mREADMEファイルの更新を行っています...
[38;5;83m[PM-18:05:09][38;5;87m [File/INFO][38;5;231m [38;5;145m更新が終了しました。
[38;5;83m[PM-18:05:12][38;5;87m [SETUP/INFO][38;5;231m ====セットアップを開始します====
[38;5;83m[PM-18:05:18][38;5;87m [SETUP/ERROR][38;5;203m 二回目に入力したパスワードがはじめと一致していません！
[38;5;83m[PM-18:05:24][38;5;87m [File/INFO][38;5;231m [38;5;145mライセンスファイルの更新を行っています...
[38;5;83m[PM-18:05:24][38;5;87m [File/INFO][38;5;231m [38;5;145m更新が終了しました。
[38;5;83m[PM-18:05:24][38;5;87m [File/INFO][38;5;231m [38;5;145mREADMEファイルの更新を行っています...
[38;5;83m[PM-18:05:24][38;5;87m [File/INFO][38;5;231m [38;5;145m更新が終了しました。
[38;5;83m[PM-18:05:24][38;5;87m [File/INFO][38;5;231m [38;5;63m起動完了！helpコマンドでコマンド一覧を表示。
[38;5;83m[PM-18:05:26][38;5;87m [File/INFO][38;5;231m [38;5;145mライセンスファイルの更新を行っています...
[38;5;83m[PM-18:05:26][38;5;87m [File/INFO][38;5;231m [38;5;145m更新が終了しました。
[38;5;83m[PM-18:05:26][38;5;87m [File/INFO][38;5;231m [38;5;145mREADMEファイルの更新を行っています...
[38;5;83m[PM-18:05:26][38;5;87m [File/INFO][38;5;231m [38;5;145m更新が終了しました。
[38;5;83m[PM-18:05:26][38;5;87m [File/INFO][38;5;231m [38;5;63m起動完了！helpコマンドでコマンド一覧を表示。
[38;5;83m[PM-18:05:32][38;5;87m [File/INFO][38;5;231m [38;5;145mライセンスファイルの更新を行っています...
[38;5;83m[PM-18:05:32][38;5;87m [File/INFO][38;5;231m [38;5;145m更新が終了しました。
[38;5;83m[PM-18:05:32][38;5;87m [File/INFO][38;5;231m [38;5;145mREADMEファイルの更新を行っています...
[38;5;83m[PM-18:05:32][38;5;87m [File/INFO][38;5;231m [38;5;145m更新が終了しました。
[38;5;83m[PM-18:05:34][38;5;87m [File/INFO][38;5;231m [38;5;145mライセンスファイルの更新を行っています...
[38;5;83m[PM-18:05:34][38;5;87m [File/INFO][38;5;231m [38;5;145m更新が終了しました。
[38;5;83m[PM-18:05:34][38;5;87m [File/INFO][38;5;231m [38;5;145mREADMEファイルの更新を行っています...
[38;5;83m[PM-18:05:34][38;5;87m [File/INFO][38;5;231m [38;5;145m更新が終了しました。
[38;5;83m[PM-18:05:36][38;5;87m [File/INFO][38;5;231m [38;5;145mライセンスファイルの更新を行っています...
[38;5;83m[PM-18:05:36][38;5;87m [File/INFO][38;5;231m [38;5;145m更新が終了しました。
[38;5;83m[PM-18:05:36][38;5;87m [File/INFO][38;5;231m [38;5;145mREADMEファイルの更新を行っています...
[38;5;83m[PM-18:05:36][38;5;87m [File/INFO][38;5;231m [38;5;145m更新が終了しました。
[38;5;83m[PM-18:05:37][38;5;87m [SETUP/INFO][38;5;231m ====セットアップを開始します====
[38;5;83m[PM-18:05:43][38;5;87m [File/INFO][38;5;231m [38;5;145mライセンスファイルの更新を行っています...
[38;5;83m[PM-18:05:43][38;5;87m [File/INFO][38;5;231m [38;5;145m更新が終了しました。
[38;5;83m[PM-18:05:43][38;5;87m [File/INFO][38;5;231m [38;5;145mREADMEファイルの更新を行っています...
[38;5;83m[PM-18:05:43][38;5;87m [File/INFO][38;5;231m [38;5;145m更新が終了しました。
[38;5;83m[PM-18:05:43][38;5;87m [File/INFO][38;5;231m [38;5;63m起動完了！helpコマンドでコマンド一覧を表示。
