[38;5;83m[%time] [38;5;87m[%thread/%info][38;5;207m%cd[38;5;227m[38;5;231m [38;5;145mãƒ©ã‚¤ã‚»ãƒ³ã‚¹ãƒ•ã‚¡ã‚¤ãƒ«ã®æ›´æ–°ã‚’è¡Œã£ã¦ã„ã¾ã™...
[38;5;83m[%time] [38;5;87m[%thread/%info][38;5;207m%cd[38;5;227m[38;5;231m [38;5;145mæ›´æ–°ãŒçµ‚äº†ã—ã¾ã—ãŸã€‚
[38;5;83m[%time] [38;5;87m[%thread/%info][38;5;207m%cd[38;5;227m[38;5;231m [38;5;145mREADMEãƒ•ã‚¡ã‚¤ãƒ«ã®æ›´æ–°ã‚’è¡Œã£ã¦ã„ã¾ã™...
[38;5;83m[%time] [38;5;87m[%thread/%info][38;5;207m%cd[38;5;227m[38;5;231m [38;5;145mæ›´æ–°ãŒçµ‚äº†ã—ã¾ã—ãŸã€‚
[38;5;83m[%time] [38;5;87m[%thread/%info][38;5;207m%cd[38;5;227m[38;5;231m Welcome to PHPPO!
[38;5;83m[%time] [38;5;87m[%thread/%info][38;5;207m%cd[38;5;227m[38;5;231m [38;5;203m"comnf"ã‚³ãƒãƒ³ãƒ‰ãŒè¦‹ã¤ã‹ã‚Šã¾ã›ã‚“ã§ã—ãŸã€‚helpã‚³ãƒãƒ³ãƒ‰ã§ç¢ºèªã—ã¦ãã ã•ã„ã€‚
[38;5;83m[%time] [38;5;87m[%thread/%info][38;5;207m%cd[38;5;227m[38;5;231m ãƒ‘ãƒ©ãƒ¡ãƒ¼ã‚¿ãƒ¼ãŒä¸è¶³ã—ã¦ã„ã¾ã™ã€‚
[38;5;83m[%time] [38;5;87m[%thread/%info][38;5;207m%cd[38;5;227m[38;5;231m ãƒ‘ãƒ©ãƒ¡ãƒ¼ã‚¿ãƒ¼ãŒä¸è¶³ã—ã¦ã„ã¾ã™ã€‚
[38;5;83m[%time] [38;5;87m[%thread/%info][38;5;207m%cd[38;5;227m[38;5;231m ãƒ‘ãƒ©ãƒ¡ãƒ¼ã‚¿ãƒ¼ãŒä¸è¶³ã—ã¦ã„ã¾ã™ã€‚
[38;5;83m[%time] [38;5;87m[%thread/%info][38;5;207m%cd[38;5;227m[38;5;231m [38;5;145mãƒ©ã‚¤ã‚»ãƒ³ã‚¹ãƒ•ã‚¡ã‚¤ãƒ«ã®æ›´æ–°ã‚’è¡Œã£ã¦ã„ã¾ã™...
[38;5;83m[%time] [38;5;87m[%thread/%info][38;5;207m%cd[38;5;227m[38;5;231m [38;5;145mæ›´æ–°ãŒçµ‚äº†ã—ã¾ã—ãŸã€‚
[38;5;83m[%time] [38;5;87m[%thread/%info][38;5;207m%cd[38;5;227m[38;5;231m [38;5;145mREADMEãƒ•ã‚¡ã‚¤ãƒ«ã®æ›´æ–°ã‚’è¡Œã£ã¦ã„ã¾ã™...
[38;5;83m[%time] [38;5;87m[%thread/%info][38;5;207m%cd[38;5;227m[38;5;231m [38;5;145mæ›´æ–°ãŒçµ‚äº†ã—ã¾ã—ãŸã€‚
[38;5;83m[%time] [38;5;87m[%thread/%info][38;5;207m%cd[38;5;227m[38;5;231m Welcome to PHPPO!
[38;5;83m[%time] [38;5;87m[%thread/%info][38;5;207m%cd[38;5;227m[38;5;231m [38;5;145mãƒ©ã‚¤ã‚»ãƒ³ã‚¹ãƒ•ã‚¡ã‚¤ãƒ«ã®æ›´æ–°ã‚’è¡Œã£ã¦ã„ã¾ã™...
[38;5;83m[%time] [38;5;87m[%thread/%info][38;5;207m%cd[38;5;227m[38;5;231m [38;5;145mæ›´æ–°ãŒçµ‚äº†ã—ã¾ã—ãŸã€‚
[38;5;83m[%time] [38;5;87m[%thread/%info][38;5;207m%cd[38;5;227m[38;5;231m [38;5;145mREADMEãƒ•ã‚¡ã‚¤ãƒ«ã®æ›´æ–°ã‚’è¡Œã£ã¦ã„ã¾ã™...
[38;5;83m[%time] [38;5;87m[%thread/%info][38;5;207m%cd[38;5;227m[38;5;231m [38;5;145mæ›´æ–°ãŒçµ‚äº†ã—ã¾ã—ãŸã€‚
[38;5;83m[%time] [38;5;87m[%thread/%info][38;5;207m%cd[38;5;227m[38;5;231m Welcome to PHPPO!
[38;5;83m[%time] [38;5;87m[%thread/%info][38;5;207m%cd[38;5;227m[38;5;231m [38;5;145mãƒ©ã‚¤ã‚»ãƒ³ã‚¹ãƒ•ã‚¡ã‚¤ãƒ«ã®æ›´æ–°ã‚’è¡Œã£ã¦ã„ã¾ã™...
[38;5;83m[%time] [38;5;87m[%thread/%info][38;5;207m%cd[38;5;227m[38;5;231m [38;5;145mæ›´æ–°ãŒçµ‚äº†ã—ã¾ã—ãŸã€‚
[38;5;83m[%time] [38;5;87m[%thread/%info][38;5;207m%cd[38;5;227m[38;5;231m [38;5;145mREADMEãƒ•ã‚¡ã‚¤ãƒ«ã®æ›´æ–°ã‚’è¡Œã£ã¦ã„ã¾ã™...
[38;5;83m[%time] [38;5;87m[%thread/%info][38;5;207m%cd[38;5;227m[38;5;231m [38;5;145mæ›´æ–°ãŒçµ‚äº†ã—ã¾ã—ãŸã€‚
[38;5;83m[%time] [38;5;87m[%thread/%info][38;5;207m%cd[38;5;227m[38;5;231m Welcome to PHPPO!
[38;5;83m[%time] [38;5;87m[%thread/%info][38;5;207m%cd[38;5;227m[38;5;231m ãƒ‘ãƒ©ãƒ¡ãƒ¼ã‚¿ãƒ¼ãŒä¸è¶³ã—ã¦ã„ã¾ã™ã€‚
[38;5;83m[%time] [38;5;87m[%thread/%info][38;5;207m%cd[38;5;227m[38;5;231m å¤‰æ›´ã—ã¾ã—ãŸã€‚
[38;5;83m[%time] [38;5;87m[%thread/%info][38;5;207m%cd[38;5;227m[38;5;231m [38;5;145mãƒ©ã‚¤ã‚»ãƒ³ã‚¹ãƒ•ã‚¡ã‚¤ãƒ«ã®æ›´æ–°ã‚’è¡Œã£ã¦ã„ã¾ã™...
[38;5;83m[%time] [38;5;87m[%thread/%info][38;5;207m%cd[38;5;227m[38;5;231m [38;5;145mæ›´æ–°ãŒçµ‚äº†ã—ã¾ã—ãŸã€‚
[38;5;83m[%time] [38;5;87m[%thread/%info][38;5;207m%cd[38;5;227m[38;5;231m [38;5;145mREADMEãƒ•ã‚¡ã‚¤ãƒ«ã®æ›´æ–°ã‚’è¡Œã£ã¦ã„ã¾ã™...
[38;5;83m[%time] [38;5;87m[%thread/%info][38;5;207m%cd[38;5;227m[38;5;231m [38;5;145mæ›´æ–°ãŒçµ‚äº†ã—ã¾ã—ãŸã€‚
[38;5;83m[%time] [38;5;87m[%thread/%info][38;5;207m%cd[38;5;227m[38;5;231m Welcome to PHPPO!
[38;5;83m[%time] [38;5;87m[%thread/%info][38;5;207m%cd[38;5;227m[38;5;231m [38;5;59m===================[38;5;231mã‚³ãƒãƒ³ãƒ‰ä¸€è¦§[38;5;59m===================[38;5;145m
[38;5;83m[%time] [38;5;87m[%thread/%info][38;5;207m%cd[38;5;227m[38;5;231m [38;5;34mcat [38;5;83m<ãƒ‘ã‚¹>[38;5;145m:æŒ‡å®šã•ã‚ŒãŸãƒ•ã‚¡ã‚¤ãƒ«ã‚’è¡¨ç¤º[38;5;145m
[38;5;83m[%time] [38;5;87m[%thread/%info][38;5;207m%cd[38;5;227m[38;5;231m [38;5;34mcd [38;5;83m<çµ¶å¯¾/ç›¸å¯¾ãƒ‘ã‚¹>[38;5;145m:ã‚«ãƒ¬ãƒ³ãƒˆãƒ‡ã‚£ãƒ¬ã‚¯ãƒˆãƒªã‚’æŒ‡å®šã—ã¾ã™ã€‚[38;5;145m
[38;5;83m[%time] [38;5;87m[%thread/%info][38;5;207m%cd[38;5;227m[38;5;231m [38;5;34mclear [38;5;83m[38;5;145m:ç”»é¢ä¸Šã‹ã‚‰å±¥æ­´ãŒæ¶ˆãˆã‚‹ã‚ˆã†ã«æ”¹è¡Œã‚’ç¹°ã‚Šè¿”ã—ã¾ã™ã€‚[38;5;145m
[38;5;83m[%time] [38;5;87m[%thread/%info][38;5;207m%cd[38;5;227m[38;5;231m [38;5;34mconf [38;5;83m<set|edit|reset|veaw|help>[38;5;145m:PHPPOã®å†…éƒ¨ç’°å¢ƒè¨­å®šã®è¡¨ç¤ºãƒ»å¤‰æ›´[38;5;145m
[38;5;83m[%time] [38;5;87m[%thread/%info][38;5;207m%cd[38;5;227m[38;5;231m [38;5;34mdelvar [38;5;83m<å¤‰æ•°å>[38;5;145m:å®£è¨€æ¸ˆã¿ç’°å¢ƒå¤‰æ•°ã‚’å‰Šé™¤ã—ã¾ã™ã€‚[38;5;145m
[38;5;83m[%time] [38;5;87m[%thread/%info][38;5;207m%cd[38;5;227m[38;5;231m [38;5;34mecho [38;5;83m<ãƒ¡ãƒƒã‚»ãƒ¼ã‚¸>/<on|off>[38;5;145m:æ–‡å­—åˆ—ã‚’å‡ºåŠ›ã€‚[38;5;145m
[38;5;83m[%time] [38;5;87m[%thread/%info][38;5;207m%cd[38;5;227m[38;5;231m [38;5;34mexec [38;5;83m[38;5;145m:ã‚³ãƒãƒ³ãƒ‰åŠã³å¤–éƒ¨ãƒ—ãƒ­ã‚»ã‚¹ã®å®Ÿè¡Œã€‚[38;5;145m
[38;5;83m[%time] [38;5;87m[%thread/%info][38;5;207m%cd[38;5;227m[38;5;231m [38;5;34mexit [38;5;83m<ãƒŸãƒªç§’æ•°>[38;5;145m:PHP Prompt OSã‚’çµ‚äº†ã€‚[38;5;145m
[38;5;83m[%time] [38;5;87m[%thread/%info][38;5;207m%cd[38;5;227m[38;5;231m [38;5;34mhelp [38;5;83m<all|dev>/<ã‚³ãƒãƒ³ãƒ‰>[38;5;145m:ä½¿ç”¨ã§ãã‚‹ã‚³ãƒãƒ³ãƒ‰ã€ã‚³ãƒãƒ³ãƒ‰ã®ä½¿ç”¨æ³•ã‚’è¡¨ç¤ºã€‚[38;5;145m
[38;5;83m[%time] [38;5;87m[%thread/%info][38;5;207m%cd[38;5;227m[38;5;231m [38;5;34minfo [38;5;83m<logo|auther|des|help|url|>[38;5;145m:å½“ãƒ—ãƒ­ã‚°ãƒ©ãƒ ã«é–¢ã—ã¦ã®æƒ…å ±ã‚’è¡¨ç¤ºã€‚[38;5;145m
[38;5;83m[%time] [38;5;87m[%thread/%info][38;5;207m%cd[38;5;227m[38;5;231m [38;5;34mlog [38;5;83m<on/off>[38;5;145m:ãƒ­ã‚°ãƒ•ã‚¡ã‚¤ãƒ«ã«ãƒ­ã‚°ã‚’å‡ºåŠ›ã™ã‚‹ã‹ã®è¨­å®šã§ã™ã€‚[38;5;145m
[38;5;83m[%time] [38;5;87m[%thread/%info][38;5;207m%cd[38;5;227m[38;5;231m [38;5;34mls [38;5;83m[38;5;145m:ã‚«ãƒ¬ãƒ³ãƒˆãƒ‡ã‚£ãƒ¬ã‚¯ãƒˆãƒªä¸Šã®ãƒ•ã‚¡ã‚¤ãƒ«ã¨ãƒ‡ã‚£ãƒ¬ã‚¯ãƒˆãƒªã®ãƒªã‚¹ãƒˆã‚’è¡¨ç¤ºã—ã¾ã™ã€‚[38;5;145m
[38;5;83m[%time] [38;5;87m[%thread/%info][38;5;207m%cd[38;5;227m[38;5;231m [38;5;34mmkdir [38;5;83m[38;5;145m:ãƒ‡ã‚£ãƒ¬ã‚¯ãƒˆãƒªã‚’ä½œæˆã—ã¾ã™[38;5;145m
[38;5;83m[%time] [38;5;87m[%thread/%info][38;5;207m%cd[38;5;227m[38;5;231m [38;5;34mpwd [38;5;83m[38;5;145m:ã‚«ãƒ¬ãƒ³ãƒˆãƒ‡ã‚£ãƒ¬ã‚¯ãƒˆãƒªã®ãƒ‘ã‚¹ã‚’è¡¨ç¤ºã—ã¾ã™ã€‚[38;5;145m
[38;5;83m[%time] [38;5;87m[%thread/%info][38;5;207m%cd[38;5;227m[38;5;231m [38;5;34mreboot [38;5;83m<mode>[38;5;145m:PHPPOã‚’å†èµ·å‹•ã—ã¾ã™ã€‚[38;5;145m
[38;5;83m[%time] [38;5;87m[%thread/%info][38;5;207m%cd[38;5;227m[38;5;231m [38;5;34mrmdir [38;5;83m<ãƒ‘ã‚¹>[38;5;145m:ãƒ‘ã‚¹ã§æŒ‡å®šã—ãŸãƒ‡ã‚£ãƒ¬ã‚¯ãƒˆãƒªã‚’å‰Šé™¤ã—ã¾ã™ã€‚[38;5;145m
[38;5;83m[%time] [38;5;87m[%thread/%info][38;5;207m%cd[38;5;227m[38;5;231m [38;5;34mscript [38;5;83m<ãƒ•ã‚¡ã‚¤ãƒ«ãƒãƒ¼ãƒ ï¼ˆæ‹¡å¼µå­ã‚’å«ã‚€ï¼‰>[38;5;145m:ãƒ†ã‚­ã‚¹ãƒˆä¸Šã®ã‚³ãƒãƒ³ãƒ‰ã‚’æ”¹è¡Œã”ã¨ã«å®Ÿè¡Œã—ã¾ã™ã€‚[38;5;145m
[38;5;83m[%time] [38;5;87m[%thread/%info][38;5;207m%cd[38;5;227m[38;5;231m [38;5;34mset [38;5;83m<å¤‰æ•°å> <å€¤>[38;5;145m:å¤‰æ•°ã¸ä»£å…¥ã—ã¾ã™[38;5;145m
[38;5;83m[%time] [38;5;87m[%thread/%info][38;5;207m%cd[38;5;227m[38;5;231m [38;5;34mtitle [38;5;83m[38;5;145m:ã‚·ã‚¹ãƒ†ãƒ ã®ã‚¿ã‚¤ãƒˆãƒ«ã‚’è¨­å®šã—ã¾ã™ã€‚[38;5;145m
[38;5;83m[%time] [38;5;87m[%thread/%info][38;5;207m%cd[38;5;227m[38;5;231m [38;5;34mtouch [38;5;83m<path>[38;5;145m:ãƒ•ã‚¡ã‚¤ãƒ«ã‚’ç”Ÿæˆã—ã¾ã™ã€‚[38;5;145m
[38;5;83m[%time] [38;5;87m[%thread/%info][38;5;207m%cd[38;5;227m[38;5;231m [38;5;34munlink [38;5;83m<ãƒ‘ã‚¹>[38;5;145m:ãƒ•ã‚¡ã‚¤ãƒ«ã‚’å‰Šé™¤ã—ã¾ã™ã€‚[38;5;145m
[38;5;83m[%time] [38;5;87m[%thread/%info][38;5;207m%cd[38;5;227m[38;5;231m [38;5;34mvars [38;5;83m[38;5;145m:å®šç¾©æ¸ˆã¿ã®ç’°å¢ƒå¤‰æ•°ã‚’è¡¨ç¤ºã—ã¾ã™ã€‚[38;5;145m
[38;5;83m[%time] [38;5;87m[%thread/%info][38;5;207m%cd[38;5;227m[38;5;231m [38;5;34mwget [38;5;83m<URL>[38;5;145m:ãƒ•ã‚¡ã‚¤ãƒ«ã‚’ãƒ€ã‚¦ãƒ³ãƒ­ãƒ¼ãƒ‰ã—ã¾ã™ã€‚[38;5;145m
[38;5;83m[%time] [38;5;87m[%thread/%info][38;5;207m%cd[38;5;227m[38;5;231m [38;5;59m===================================================[38;5;145m
[38;5;83m[%time] [38;5;87m[%thread/%info][38;5;207m%cd[38;5;227m[38;5;231m ãƒ‘ãƒ©ãƒ¡ãƒ¼ã‚¿ãƒ¼ãŒä¸è¶³ã—ã¦ã„ã¾ã™ã€‚
