[38;5;83m[PM-13:03:54][38;5;87m [File/INFO][38;5;231m [38;5;145mライセンスファイルの更新を行っています...
[38;5;83m[PM-13:03:54][38;5;87m [File/INFO][38;5;231m [38;5;145m更新が終了しました。
[38;5;83m[PM-13:03:54][38;5;87m [File/INFO][38;5;231m [38;5;145mREADMEファイルの更新を行っています...
[38;5;83m[PM-13:03:54][38;5;87m [File/INFO][38;5;231m [38;5;145m更新が終了しました。
[38;5;83m[PM-13:03:54][38;5;87m [File/INFO][38;5;231m [38;5;63m起動完了！helpコマンドでコマンド一覧を表示。
[38;5;83m[PM-13:40:28][38;5;87m [File/INFO][38;5;231m [38;5;145mライセンスファイルの更新を行っています...
[38;5;83m[PM-13:40:28][38;5;87m [File/INFO][38;5;231m [38;5;145m更新が終了しました。
[38;5;83m[PM-13:40:28][38;5;87m [File/INFO][38;5;231m [38;5;145mREADMEファイルの更新を行っています...
[38;5;83m[PM-13:40:28][38;5;87m [File/INFO][38;5;231m [38;5;145m更新が終了しました。
[38;5;83m[PM-13:40:28][38;5;87m [File/INFO][38;5;231m [38;5;63m起動完了！helpコマンドでコマンド一覧を表示。
[38;5;83m[PM-13:40:35][38;5;87m [PHPPO/INFO][38;5;231m [38;5;203m"[A"コマンドが見つかりませんでした。helpコマンドで確認してください。
[38;5;83m[PM-13:40:36][38;5;87m [PHPPO/INFO][38;5;231m [38;5;59m===================[38;5;231mコマンド一覧[38;5;59m===================[38;5;145m
[38;5;83m[PM-13:40:36][38;5;87m [PHPPO/INFO][38;5;231m [38;5;34mcat [38;5;83m<パス>[38;5;145m:指定されたファイルを表示[38;5;145m
[38;5;83m[PM-13:40:36][38;5;87m [PHPPO/INFO][38;5;231m [38;5;34mcd [38;5;83m<絶対/相対パス>[38;5;145m:カレントディレクトリを指定します。[38;5;145m
[38;5;83m[PM-13:40:36][38;5;87m [PHPPO/INFO][38;5;231m [38;5;34mclear [38;5;83m[38;5;145m:画面上から履歴が消えるように改行を繰り返します。[38;5;145m
[38;5;83m[PM-13:40:36][38;5;87m [PHPPO/INFO][38;5;231m [38;5;34mcls [38;5;83m[38;5;145m:画面をクリア[38;5;145m
[38;5;83m[PM-13:40:36][38;5;87m [PHPPO/INFO][38;5;231m [38;5;34mdelvar [38;5;83m<変数名>[38;5;145m:宣言済み環境変数を削除します。[38;5;145m
[38;5;83m[PM-13:40:36][38;5;87m [PHPPO/INFO][38;5;231m [38;5;34mecho [38;5;83m<メッセージ>/<on|off>[38;5;145m:文字列を出力。[38;5;145m
[38;5;83m[PM-13:40:36][38;5;87m [PHPPO/INFO][38;5;231m [38;5;34mexec [38;5;83m[38;5;145m:コマンド及び外部プロセスの実行。[38;5;145m
[38;5;83m[PM-13:40:36][38;5;87m [PHPPO/INFO][38;5;231m [38;5;34mexit [38;5;83m<ミリ秒数>[38;5;145m:PHP Prompt OSを終了。[38;5;145m
[38;5;83m[PM-13:40:36][38;5;87m [PHPPO/INFO][38;5;231m [38;5;34mhelp [38;5;83m<all|dev>/<コマンド>[38;5;145m:使用できるコマンド、コマンドの使用法を表示。[38;5;145m
[38;5;83m[PM-13:40:36][38;5;87m [PHPPO/INFO][38;5;231m [38;5;34minfo [38;5;83m<logo|auther|des|help|url|>[38;5;145m:当プログラムに関しての情報を表示。[38;5;145m
[38;5;83m[PM-13:40:36][38;5;87m [PHPPO/INFO][38;5;231m [38;5;34mlog [38;5;83m<on/off>[38;5;145m:ログファイルにログを出力するかの設定です。[38;5;145m
[38;5;83m[PM-13:40:36][38;5;87m [PHPPO/INFO][38;5;231m [38;5;34mls [38;5;83m[38;5;145m:カレントディレクトリ上のファイルとディレクトリのリストを表示します。[38;5;145m
[38;5;83m[PM-13:40:36][38;5;87m [PHPPO/INFO][38;5;231m [38;5;34mmkdir [38;5;83m[38;5;145m:ディレクトリを作成します[38;5;145m
[38;5;83m[PM-13:40:36][38;5;87m [PHPPO/INFO][38;5;231m [38;5;34mpwd [38;5;83m[38;5;145m:カレントディレクトリのパスを表示します。[38;5;145m
[38;5;83m[PM-13:40:36][38;5;87m [PHPPO/INFO][38;5;231m [38;5;34mreboot [38;5;83m<mode>[38;5;145m:PHPPOを再起動します。[38;5;145m
[38;5;83m[PM-13:40:36][38;5;87m [PHPPO/INFO][38;5;231m [38;5;34mscript [38;5;83m<ファイルネーム（拡張子を含む）>[38;5;145m:テキスト上のコマンドを改行ごとに実行します。[38;5;145m
[38;5;83m[PM-13:40:36][38;5;87m [PHPPO/INFO][38;5;231m [38;5;34mset [38;5;83m<変数名> <値>[38;5;145m:変数へ代入します[38;5;145m
[38;5;83m[PM-13:40:36][38;5;87m [PHPPO/INFO][38;5;231m [38;5;34mtitle [38;5;83m[38;5;145m:システムのタイトルを設定します。[38;5;145m
[38;5;83m[PM-13:40:36][38;5;87m [PHPPO/INFO][38;5;231m [38;5;34mvars [38;5;83m[38;5;145m:定義済みの環境変数を表示します。[38;5;145m
[38;5;83m[PM-13:40:36][38;5;87m [PHPPO/INFO][38;5;231m [38;5;34mwget [38;5;83m<URL>[38;5;145m:ファイルをダウンロードします。[38;5;145m
[38;5;83m[PM-13:40:36][38;5;87m [PHPPO/INFO][38;5;231m [38;5;59m===================================================[38;5;145m
[38;5;83m[PM-13:47:00][38;5;87m [File/INFO][38;5;231m [38;5;145mライセンスファイルの更新を行っています...
[38;5;83m[PM-13:47:00][38;5;87m [File/INFO][38;5;231m [38;5;145m更新が終了しました。
[38;5;83m[PM-13:47:00][38;5;87m [File/INFO][38;5;231m [38;5;145mREADMEファイルの更新を行っています...
[38;5;83m[PM-13:47:00][38;5;87m [File/INFO][38;5;231m [38;5;145m更新が終了しました。
[38;5;83m[PM-13:47:00][38;5;87m [File/INFO][38;5;231m [38;5;63m起動完了！helpコマンドでコマンド一覧を表示。
[38;5;83m[PM-13:47:08][38;5;87m [PHPPO/INFO][38;5;231m PHP Prompt OS by chell ruiを終了します...
[38;5;83m[PM-13:47:08][38;5;87m [PHPPO/INFO][38;5;231m (@^^)/~~~!
PHPPO was completed successfully.[38;5;83m[PM-13:47:21][38;5;87m [File/INFO][38;5;231m [38;5;145mライセンスファイルの更新を行っています...
[38;5;83m[PM-13:47:21][38;5;87m [File/INFO][38;5;231m [38;5;145m更新が終了しました。
[38;5;83m[PM-13:47:21][38;5;87m [File/INFO][38;5;231m [38;5;145mREADMEファイルの更新を行っています...
[38;5;83m[PM-13:47:21][38;5;87m [File/INFO][38;5;231m [38;5;145m更新が終了しました。
[38;5;83m[PM-13:47:21][38;5;87m [File/INFO][38;5;231m [38;5;63m起動完了！helpコマンドでコマンド一覧を表示。
[38;5;83m[PM-13:47:22][38;5;87m [PHPPO/INFO][38;5;231m [38;5;59m===================[38;5;231mコマンド一覧[38;5;59m===================[38;5;145m
[38;5;83m[PM-13:47:22][38;5;87m [PHPPO/INFO][38;5;231m [38;5;34mcat [38;5;83m<パス>[38;5;145m:指定されたファイルを表示[38;5;145m
[38;5;83m[PM-13:47:22][38;5;87m [PHPPO/INFO][38;5;231m [38;5;34mcd [38;5;83m<絶対/相対パス>[38;5;145m:カレントディレクトリを指定します。[38;5;145m
[38;5;83m[PM-13:47:22][38;5;87m [PHPPO/INFO][38;5;231m [38;5;34mclear [38;5;83m[38;5;145m:画面上から履歴が消えるように改行を繰り返します。[38;5;145m
[38;5;83m[PM-13:47:22][38;5;87m [PHPPO/INFO][38;5;231m [38;5;34mcls [38;5;83m[38;5;145m:画面をクリア[38;5;145m
[38;5;83m[PM-13:47:22][38;5;87m [PHPPO/INFO][38;5;231m [38;5;34mdelvar [38;5;83m<変数名>[38;5;145m:宣言済み環境変数を削除します。[38;5;145m
[38;5;83m[PM-13:47:22][38;5;87m [PHPPO/INFO][38;5;231m [38;5;34mecho [38;5;83m<メッセージ>/<on|off>[38;5;145m:文字列を出力。[38;5;145m
[38;5;83m[PM-13:47:22][38;5;87m [PHPPO/INFO][38;5;231m [38;5;34mexec [38;5;83m[38;5;145m:コマンド及び外部プロセスの実行。[38;5;145m
[38;5;83m[PM-13:47:22][38;5;87m [PHPPO/INFO][38;5;231m [38;5;34mexit [38;5;83m<ミリ秒数>[38;5;145m:PHP Prompt OSを終了。[38;5;145m
[38;5;83m[PM-13:47:22][38;5;87m [PHPPO/INFO][38;5;231m [38;5;34mhelp [38;5;83m<all|dev>/<コマンド>[38;5;145m:使用できるコマンド、コマンドの使用法を表示。[38;5;145m
[38;5;83m[PM-13:47:22][38;5;87m [PHPPO/INFO][38;5;231m [38;5;34minfo [38;5;83m<logo|auther|des|help|url|>[38;5;145m:当プログラムに関しての情報を表示。[38;5;145m
[38;5;83m[PM-13:47:22][38;5;87m [PHPPO/INFO][38;5;231m [38;5;34mlog [38;5;83m<on/off>[38;5;145m:ログファイルにログを出力するかの設定です。[38;5;145m
[38;5;83m[PM-13:47:22][38;5;87m [PHPPO/INFO][38;5;231m [38;5;34mls [38;5;83m[38;5;145m:カレントディレクトリ上のファイルとディレクトリのリストを表示します。[38;5;145m
[38;5;83m[PM-13:47:22][38;5;87m [PHPPO/INFO][38;5;231m [38;5;34mmkdir [38;5;83m[38;5;145m:ディレクトリを作成します[38;5;145m
[38;5;83m[PM-13:47:22][38;5;87m [PHPPO/INFO][38;5;231m [38;5;34mpwd [38;5;83m[38;5;145m:カレントディレクトリのパスを表示します。[38;5;145m
[38;5;83m[PM-13:47:22][38;5;87m [PHPPO/INFO][38;5;231m [38;5;34mreboot [38;5;83m<mode>[38;5;145m:PHPPOを再起動します。[38;5;145m
[38;5;83m[PM-13:47:22][38;5;87m [PHPPO/INFO][38;5;231m [38;5;34mscript [38;5;83m<ファイルネーム（拡張子を含む）>[38;5;145m:テキスト上のコマンドを改行ごとに実行します。[38;5;145m
[38;5;83m[PM-13:47:22][38;5;87m [PHPPO/INFO][38;5;231m [38;5;34mset [38;5;83m<変数名> <値>[38;5;145m:変数へ代入します[38;5;145m
[38;5;83m[PM-13:47:22][38;5;87m [PHPPO/INFO][38;5;231m [38;5;34mtitle [38;5;83m[38;5;145m:システムのタイトルを設定します。[38;5;145m
[38;5;83m[PM-13:47:22][38;5;87m [PHPPO/INFO][38;5;231m [38;5;34mvars [38;5;83m[38;5;145m:定義済みの環境変数を表示します。[38;5;145m
[38;5;83m[PM-13:47:22][38;5;87m [PHPPO/INFO][38;5;231m [38;5;34mwget [38;5;83m<URL>[38;5;145m:ファイルをダウンロードします。[38;5;145m
[38;5;83m[PM-13:47:22][38;5;87m [PHPPO/INFO][38;5;231m [38;5;59m===================================================[38;5;145m
[38;5;83m[PM-13:47:27][38;5;87m [PHPPO/INFO][38;5;231m [38;5;59m===================[38;5;231mコマンド一覧[38;5;59m===================[38;5;145m
[38;5;83m[PM-13:47:27][38;5;87m [PHPPO/INFO][38;5;231m [38;5;34mcat [38;5;83m<パス>[38;5;145m:指定されたファイルを表示[38;5;145m
[38;5;83m[PM-13:47:27][38;5;87m [PHPPO/INFO][38;5;231m [38;5;34mcd [38;5;83m<絶対/相対パス>[38;5;145m:カレントディレクトリを指定します。[38;5;145m
[38;5;83m[PM-13:47:27][38;5;87m [PHPPO/INFO][38;5;231m [38;5;34mclear [38;5;83m[38;5;145m:画面上から履歴が消えるように改行を繰り返します。[38;5;145m
[38;5;83m[PM-13:47:27][38;5;87m [PHPPO/INFO][38;5;231m [38;5;34mcls [38;5;83m[38;5;145m:画面をクリア[38;5;145m
[38;5;83m[PM-13:47:27][38;5;87m [PHPPO/INFO][38;5;231m [38;5;34mdelvar [38;5;83m<変数名>[38;5;145m:宣言済み環境変数を削除します。[38;5;145m
[38;5;83m[PM-13:47:27][38;5;87m [PHPPO/INFO][38;5;231m [38;5;34mecho [38;5;83m<メッセージ>/<on|off>[38;5;145m:文字列を出力。[38;5;145m
[38;5;83m[PM-13:47:27][38;5;87m [PHPPO/INFO][38;5;231m [38;5;34mexec [38;5;83m[38;5;145m:コマンド及び外部プロセスの実行。[38;5;145m
[38;5;83m[PM-13:47:27][38;5;87m [PHPPO/INFO][38;5;231m [38;5;34mexit [38;5;83m<ミリ秒数>[38;5;145m:PHP Prompt OSを終了。[38;5;145m
[38;5;83m[PM-13:47:27][38;5;87m [PHPPO/INFO][38;5;231m [38;5;34mhelp [38;5;83m<all|dev>/<コマンド>[38;5;145m:使用できるコマンド、コマンドの使用法を表示。[38;5;145m
[38;5;83m[PM-13:47:27][38;5;87m [PHPPO/INFO][38;5;231m [38;5;34minfo [38;5;83m<logo|auther|des|help|url|>[38;5;145m:当プログラムに関しての情報を表示。[38;5;145m
[38;5;83m[PM-13:47:27][38;5;87m [PHPPO/INFO][38;5;231m [38;5;34mlog [38;5;83m<on/off>[38;5;145m:ログファイルにログを出力するかの設定です。[38;5;145m
[38;5;83m[PM-13:47:27][38;5;87m [PHPPO/INFO][38;5;231m [38;5;34mls [38;5;83m[38;5;145m:カレントディレクトリ上のファイルとディレクトリのリストを表示します。[38;5;145m
[38;5;83m[PM-13:47:27][38;5;87m [PHPPO/INFO][38;5;231m [38;5;34mmkdir [38;5;83m[38;5;145m:ディレクトリを作成します[38;5;145m
[38;5;83m[PM-13:47:27][38;5;87m [PHPPO/INFO][38;5;231m [38;5;34mpwd [38;5;83m[38;5;145m:カレントディレクトリのパスを表示します。[38;5;145m
[38;5;83m[PM-13:47:27][38;5;87m [PHPPO/INFO][38;5;231m [38;5;34mreboot [38;5;83m<mode>[38;5;145m:PHPPOを再起動します。[38;5;145m
[38;5;83m[PM-13:47:27][38;5;87m [PHPPO/INFO][38;5;231m [38;5;34mscript [38;5;83m<ファイルネーム（拡張子を含む）>[38;5;145m:テキスト上のコマンドを改行ごとに実行します。[38;5;145m
[38;5;83m[PM-13:47:27][38;5;87m [PHPPO/INFO][38;5;231m [38;5;34mset [38;5;83m<変数名> <値>[38;5;145m:変数へ代入します[38;5;145m
[38;5;83m[PM-13:47:27][38;5;87m [PHPPO/INFO][38;5;231m [38;5;34mtitle [38;5;83m[38;5;145m:システムのタイトルを設定します。[38;5;145m
[38;5;83m[PM-13:47:27][38;5;87m [PHPPO/INFO][38;5;231m [38;5;34mvars [38;5;83m[38;5;145m:定義済みの環境変数を表示します。[38;5;145m
[38;5;83m[PM-13:47:27][38;5;87m [PHPPO/INFO][38;5;231m [38;5;34mwget [38;5;83m<URL>[38;5;145m:ファイルをダウンロードします。[38;5;145m
[38;5;83m[PM-13:47:27][38;5;87m [PHPPO/INFO][38;5;231m [38;5;59m===================================================[38;5;145m
[38;5;83m[PM-13:47:37][38;5;87m [PHPPO/INFO][38;5;231m [38;5;59m=====[38;5;37mDirectories[38;5;59m===== [38;5;59m:C:\Users\ruito\Desktop\rui\PHP\PHP Prompt OS
[38;5;83m[PM-13:47:37][38;5;87m [PHPPO/INFO][38;5;231m ܂
[38;5;83m[PM-13:47:37][38;5;87m [PHPPO/INFO][38;5;231m src
[38;5;83m[PM-13:47:37][38;5;87m [PHPPO/INFO][38;5;231m root
[38;5;83m[PM-13:47:37][38;5;87m [PHPPO/INFO][38;5;231m bin
[38;5;83m[PM-13:47:37][38;5;87m [PHPPO/INFO][38;5;231m .git
[38;5;83m[PM-13:47:37][38;5;87m [PHPPO/INFO][38;5;231m ..
[38;5;83m[PM-13:47:37][38;5;87m [PHPPO/INFO][38;5;231m .
[38;5;83m[PM-13:47:37][38;5;87m [PHPPO/INFO][38;5;231m [38;5;59m========[38;5;37mFiles[38;5;59m======== [38;5;59m:C:\Users\ruito\Desktop\rui\PHP\PHP Prompt OS
[38;5;83m[PM-13:47:37][38;5;87m [PHPPO/INFO][38;5;231m user.json
[38;5;83m[PM-13:47:37][38;5;87m [PHPPO/INFO][38;5;231m start.cmd
[38;5;83m[PM-13:47:37][38;5;87m [PHPPO/INFO][38;5;231m config.ini
[38;5;83m[PM-13:47:37][38;5;87m [PHPPO/INFO][38;5;231m README.txt
[38;5;83m[PM-13:47:37][38;5;87m [PHPPO/INFO][38;5;231m PHPPO-1.5.0_Beta_#35.phar
[38;5;83m[PM-13:47:37][38;5;87m [PHPPO/INFO][38;5;231m LICENSE.txt
[38;5;83m[PM-13:47:37][38;5;87m [PHPPO/INFO][38;5;231m .gitignore
[38;5;83m[PM-13:47:46][38;5;87m [PHPPO/INFO][38;5;231m [38;5;203m"]ls"コマンドが見つかりませんでした。helpコマンドで確認してください。
[38;5;83m[PM-13:47:49][38;5;87m [PHPPO/INFO][38;5;231m [38;5;59m=====[38;5;37mDirectories[38;5;59m===== [38;5;59m:C:\Users\ruito\Desktop\rui\PHP\PHP Prompt OS\/root/
[38;5;83m[PM-13:47:49][38;5;87m [PHPPO/INFO][38;5;231m scripts
[38;5;83m[PM-13:47:49][38;5;87m [PHPPO/INFO][38;5;231m plugins
[38;5;83m[PM-13:47:49][38;5;87m [PHPPO/INFO][38;5;231m home
[38;5;83m[PM-13:47:49][38;5;87m [PHPPO/INFO][38;5;231m bin
[38;5;83m[PM-13:47:49][38;5;87m [PHPPO/INFO][38;5;231m ..
[38;5;83m[PM-13:47:49][38;5;87m [PHPPO/INFO][38;5;231m .
[38;5;83m[PM-13:47:49][38;5;87m [PHPPO/INFO][38;5;231m $Trash
[38;5;83m[PM-13:47:49][38;5;87m [PHPPO/INFO][38;5;231m [38;5;59m========[38;5;37mFiles[38;5;59m======== [38;5;59m:C:\Users\ruito\Desktop\rui\PHP\PHP Prompt OS\/root/
[38;5;83m[PM-13:48:04][38;5;87m [PHPPO/INFO][38;5;231m [38;5;59m=====[38;5;37mDirectories[38;5;59m===== [38;5;59m:C:\Users\ruito\Desktop\rui\PHP\PHP Prompt OS\/root/\/scripts/
[38;5;83m[PM-13:48:04][38;5;87m [PHPPO/INFO][38;5;231m samples
[38;5;83m[PM-13:48:04][38;5;87m [PHPPO/INFO][38;5;231m ..
[38;5;83m[PM-13:48:04][38;5;87m [PHPPO/INFO][38;5;231m .
[38;5;83m[PM-13:48:04][38;5;87m [PHPPO/INFO][38;5;231m [38;5;59m========[38;5;37mFiles[38;5;59m======== [38;5;59m:C:\Users\ruito\Desktop\rui\PHP\PHP Prompt OS\/root/\/scripts/
[38;5;83m[PM-13:48:17][38;5;87m [PHPPO/INFO][38;5;231m [38;5;59m=====[38;5;37mDirectories[38;5;59m===== [38;5;59m:C:\Users\ruito\Desktop\rui\PHP\PHP Prompt OS\/root/\/scripts/\samples/
[38;5;83m[PM-13:48:18][38;5;87m [PHPPO/INFO][38;5;231m ..
[38;5;83m[PM-13:48:18][38;5;87m [PHPPO/INFO][38;5;231m .
[38;5;83m[PM-13:48:18][38;5;87m [PHPPO/INFO][38;5;231m [38;5;59m========[38;5;37mFiles[38;5;59m======== [38;5;59m:C:\Users\ruito\Desktop\rui\PHP\PHP Prompt OS\/root/\/scripts/\samples/
[38;5;83m[PM-13:48:18][38;5;87m [PHPPO/INFO][38;5;231m sample4.sh
[38;5;83m[PM-13:48:18][38;5;87m [PHPPO/INFO][38;5;231m sample3.sh
[38;5;83m[PM-13:48:18][38;5;87m [PHPPO/INFO][38;5;231m sample2.sh
[38;5;83m[PM-13:48:18][38;5;87m [PHPPO/INFO][38;5;231m sample.sh
[38;5;83m[PM-13:48:18][38;5;87m [PHPPO/INFO][38;5;231m error.sh
[38;5;83m[PM-13:48:23][38;5;87m [PHPPO/INFO][38;5;231m [38;5;59m=====[38;5;37mDirectories[38;5;59m===== [38;5;59m:C:\Users\ruito\Desktop\rui\PHP\PHP Prompt OS\/root/\/scripts/\samples/
[38;5;83m[PM-13:48:23][38;5;87m [PHPPO/INFO][38;5;231m ..
[38;5;83m[PM-13:48:23][38;5;87m [PHPPO/INFO][38;5;231m .
[38;5;83m[PM-13:48:23][38;5;87m [PHPPO/INFO][38;5;231m [38;5;59m========[38;5;37mFiles[38;5;59m======== [38;5;59m:C:\Users\ruito\Desktop\rui\PHP\PHP Prompt OS\/root/\/scripts/\samples/
[38;5;83m[PM-13:48:23][38;5;87m [PHPPO/INFO][38;5;231m sample4.sh
[38;5;83m[PM-13:48:23][38;5;87m [PHPPO/INFO][38;5;231m sample3.sh
[38;5;83m[PM-13:48:23][38;5;87m [PHPPO/INFO][38;5;231m sample2.sh
[38;5;83m[PM-13:48:23][38;5;87m [PHPPO/INFO][38;5;231m sample.sh
[38;5;83m[PM-13:48:23][38;5;87m [PHPPO/INFO][38;5;231m error.sh
[38;5;83m[PM-13:48:24][38;5;87m [PHPPO/INFO][38;5;231m [38;5;59m=====[38;5;37mDirectories[38;5;59m===== [38;5;59m:C:\Users\ruito\Desktop\rui\PHP\PHP Prompt OS\/root/\/scripts/\samples/
[38;5;83m[PM-13:48:24][38;5;87m [PHPPO/INFO][38;5;231m ..
[38;5;83m[PM-13:48:24][38;5;87m [PHPPO/INFO][38;5;231m .
[38;5;83m[PM-13:48:24][38;5;87m [PHPPO/INFO][38;5;231m [38;5;59m========[38;5;37mFiles[38;5;59m======== [38;5;59m:C:\Users\ruito\Desktop\rui\PHP\PHP Prompt OS\/root/\/scripts/\samples/
[38;5;83m[PM-13:48:24][38;5;87m [PHPPO/INFO][38;5;231m sample4.sh
[38;5;83m[PM-13:48:24][38;5;87m [PHPPO/INFO][38;5;231m sample3.sh
[38;5;83m[PM-13:48:24][38;5;87m [PHPPO/INFO][38;5;231m sample2.sh
[38;5;83m[PM-13:48:24][38;5;87m [PHPPO/INFO][38;5;231m sample.sh
[38;5;83m[PM-13:48:24][38;5;87m [PHPPO/INFO][38;5;231m error.sh
[38;5;83m[PM-13:48:28][38;5;87m [PHPPO/INFO][38;5;231m [38;5;59m=====[38;5;37mDirectories[38;5;59m===== [38;5;59m:C:\Users\ruito\Desktop\rui\PHP\PHP Prompt OS\/root
[38;5;83m[PM-13:48:28][38;5;87m [PHPPO/INFO][38;5;231m scripts
[38;5;83m[PM-13:48:28][38;5;87m [PHPPO/INFO][38;5;231m plugins
[38;5;83m[PM-13:48:28][38;5;87m [PHPPO/INFO][38;5;231m home
[38;5;83m[PM-13:48:28][38;5;87m [PHPPO/INFO][38;5;231m bin
[38;5;83m[PM-13:48:28][38;5;87m [PHPPO/INFO][38;5;231m ..
[38;5;83m[PM-13:48:28][38;5;87m [PHPPO/INFO][38;5;231m .
[38;5;83m[PM-13:48:28][38;5;87m [PHPPO/INFO][38;5;231m $Trash
[38;5;83m[PM-13:48:28][38;5;87m [PHPPO/INFO][38;5;231m [38;5;59m========[38;5;37mFiles[38;5;59m======== [38;5;59m:C:\Users\ruito\Desktop\rui\PHP\PHP Prompt OS\/root
[38;5;83m[PM-13:48:30][38;5;87m [PHPPO/INFO][38;5;231m [38;5;59m=====[38;5;37mDirectories[38;5;59m===== [38;5;59m:C:\Users\ruito\Desktop\rui\PHP\PHP Prompt OS
[38;5;83m[PM-13:48:30][38;5;87m [PHPPO/INFO][38;5;231m ܂
[38;5;83m[PM-13:48:30][38;5;87m [PHPPO/INFO][38;5;231m src
[38;5;83m[PM-13:48:30][38;5;87m [PHPPO/INFO][38;5;231m root
[38;5;83m[PM-13:48:30][38;5;87m [PHPPO/INFO][38;5;231m bin
[38;5;83m[PM-13:48:30][38;5;87m [PHPPO/INFO][38;5;231m .git
[38;5;83m[PM-13:48:30][38;5;87m [PHPPO/INFO][38;5;231m ..
[38;5;83m[PM-13:48:30][38;5;87m [PHPPO/INFO][38;5;231m .
[38;5;83m[PM-13:48:30][38;5;87m [PHPPO/INFO][38;5;231m [38;5;59m========[38;5;37mFiles[38;5;59m======== [38;5;59m:C:\Users\ruito\Desktop\rui\PHP\PHP Prompt OS
[38;5;83m[PM-13:48:30][38;5;87m [PHPPO/INFO][38;5;231m user.json
[38;5;83m[PM-13:48:30][38;5;87m [PHPPO/INFO][38;5;231m start.cmd
[38;5;83m[PM-13:48:30][38;5;87m [PHPPO/INFO][38;5;231m config.ini
[38;5;83m[PM-13:48:30][38;5;87m [PHPPO/INFO][38;5;231m README.txt
[38;5;83m[PM-13:48:30][38;5;87m [PHPPO/INFO][38;5;231m PHPPO-1.5.0_Beta_#35.phar
[38;5;83m[PM-13:48:30][38;5;87m [PHPPO/INFO][38;5;231m LICENSE.txt
[38;5;83m[PM-13:48:30][38;5;87m [PHPPO/INFO][38;5;231m .gitignore
[38;5;83m[PM-13:51:14][38;5;87m [PHPPO/INFO][38;5;231m [38;5;59m=====[38;5;37mDirectories[38;5;59m===== [38;5;59m:C:\Users\ruito\Desktop\rui\PHP\PHP Prompt OS\root
[38;5;83m[PM-13:51:14][38;5;87m [PHPPO/INFO][38;5;231m scripts
[38;5;83m[PM-13:51:14][38;5;87m [PHPPO/INFO][38;5;231m plugins
[38;5;83m[PM-13:51:14][38;5;87m [PHPPO/INFO][38;5;231m home
[38;5;83m[PM-13:51:14][38;5;87m [PHPPO/INFO][38;5;231m bin
[38;5;83m[PM-13:51:14][38;5;87m [PHPPO/INFO][38;5;231m ..
[38;5;83m[PM-13:51:14][38;5;87m [PHPPO/INFO][38;5;231m .
[38;5;83m[PM-13:51:14][38;5;87m [PHPPO/INFO][38;5;231m $Trash
[38;5;83m[PM-13:51:14][38;5;87m [PHPPO/INFO][38;5;231m [38;5;59m========[38;5;37mFiles[38;5;59m======== [38;5;59m:C:\Users\ruito\Desktop\rui\PHP\PHP Prompt OS\root
[38;5;83m[PM-13:51:20][38;5;87m [PHPPO/INFO][38;5;231m [38;5;59m=====[38;5;37mDirectories[38;5;59m===== [38;5;59m:C:\Users\ruito\Desktop\rui\PHP\PHP Prompt OS\root\scripts/
[38;5;83m[PM-13:51:20][38;5;87m [PHPPO/INFO][38;5;231m samples
[38;5;83m[PM-13:51:20][38;5;87m [PHPPO/INFO][38;5;231m ..
[38;5;83m[PM-13:51:20][38;5;87m [PHPPO/INFO][38;5;231m .
[38;5;83m[PM-13:51:20][38;5;87m [PHPPO/INFO][38;5;231m [38;5;59m========[38;5;37mFiles[38;5;59m======== [38;5;59m:C:\Users\ruito\Desktop\rui\PHP\PHP Prompt OS\root\scripts/
[38;5;83m[PM-13:51:27][38;5;87m [PHPPO/INFO][38;5;231m [38;5;59m=====[38;5;37mDirectories[38;5;59m===== [38;5;59m:C:\Users\ruito\Desktop\rui\PHP\PHP Prompt OS\root\scripts/\samples/
[38;5;83m[PM-13:51:27][38;5;87m [PHPPO/INFO][38;5;231m ..
[38;5;83m[PM-13:51:27][38;5;87m [PHPPO/INFO][38;5;231m .
[38;5;83m[PM-13:51:27][38;5;87m [PHPPO/INFO][38;5;231m [38;5;59m========[38;5;37mFiles[38;5;59m======== [38;5;59m:C:\Users\ruito\Desktop\rui\PHP\PHP Prompt OS\root\scripts/\samples/
[38;5;83m[PM-13:51:27][38;5;87m [PHPPO/INFO][38;5;231m sample4.sh
[38;5;83m[PM-13:51:27][38;5;87m [PHPPO/INFO][38;5;231m sample3.sh
[38;5;83m[PM-13:51:27][38;5;87m [PHPPO/INFO][38;5;231m sample2.sh
[38;5;83m[PM-13:51:27][38;5;87m [PHPPO/INFO][38;5;231m sample.sh
[38;5;83m[PM-13:51:27][38;5;87m [PHPPO/INFO][38;5;231m error.sh
[38;5;83m[PM-14:01:05][38;5;87m [File/INFO][38;5;231m [38;5;145mライセンスファイルの更新を行っています...
[38;5;83m[PM-14:01:05][38;5;87m [File/INFO][38;5;231m [38;5;145m更新が終了しました。
[38;5;83m[PM-14:01:05][38;5;87m [File/INFO][38;5;231m [38;5;145mREADMEファイルの更新を行っています...
[38;5;83m[PM-14:01:05][38;5;87m [File/INFO][38;5;231m [38;5;145m更新が終了しました。
[38;5;83m[PM-14:01:05][38;5;87m [File/INFO][38;5;231m [38;5;63m起動完了！helpコマンドでコマンド一覧を表示。
[38;5;83m[PM-14:01:12][38;5;87m [PHPPO/INFO][38;5;231m [38;5;59m=====[38;5;37mDirectories[38;5;59m===== [38;5;59m:C:\Users\ruito\Desktop\rui\PHP\PHP Prompt OS\root\home
[38;5;83m[PM-14:01:12][38;5;87m [PHPPO/INFO][38;5;231m logs
[38;5;83m[PM-14:01:12][38;5;87m [PHPPO/INFO][38;5;231m ..
[38;5;83m[PM-14:01:12][38;5;87m [PHPPO/INFO][38;5;231m .
[38;5;83m[PM-14:01:12][38;5;87m [PHPPO/INFO][38;5;231m [38;5;59m========[38;5;37mFiles[38;5;59m======== [38;5;59m:C:\Users\ruito\Desktop\rui\PHP\PHP Prompt OS\root\home
[38;5;83m[PM-14:01:16][38;5;87m [PHPPO/INFO][38;5;231m [38;5;59m=====[38;5;37mDirectories[38;5;59m===== [38;5;59m:C:\Users\ruito\Desktop\rui\PHP\PHP Prompt OS\root
[38;5;83m[PM-14:01:16][38;5;87m [PHPPO/INFO][38;5;231m scripts
[38;5;83m[PM-14:01:16][38;5;87m [PHPPO/INFO][38;5;231m plugins
[38;5;83m[PM-14:01:16][38;5;87m [PHPPO/INFO][38;5;231m home
[38;5;83m[PM-14:01:16][38;5;87m [PHPPO/INFO][38;5;231m bin
[38;5;83m[PM-14:01:16][38;5;87m [PHPPO/INFO][38;5;231m ..
[38;5;83m[PM-14:01:16][38;5;87m [PHPPO/INFO][38;5;231m .
[38;5;83m[PM-14:01:16][38;5;87m [PHPPO/INFO][38;5;231m $Trash
[38;5;83m[PM-14:01:16][38;5;87m [PHPPO/INFO][38;5;231m [38;5;59m========[38;5;37mFiles[38;5;59m======== [38;5;59m:C:\Users\ruito\Desktop\rui\PHP\PHP Prompt OS\root
[38;5;83m[PM-14:01:20][38;5;87m [PHPPO/INFO][38;5;231m [38;5;59m=====[38;5;37mDirectories[38;5;59m===== [38;5;59m:C:\Users\ruito\Desktop\rui\PHP\PHP Prompt OS\root\scripts
[38;5;83m[PM-14:01:20][38;5;87m [PHPPO/INFO][38;5;231m samples
[38;5;83m[PM-14:01:20][38;5;87m [PHPPO/INFO][38;5;231m ..
[38;5;83m[PM-14:01:20][38;5;87m [PHPPO/INFO][38;5;231m .
[38;5;83m[PM-14:01:20][38;5;87m [PHPPO/INFO][38;5;231m [38;5;59m========[38;5;37mFiles[38;5;59m======== [38;5;59m:C:\Users\ruito\Desktop\rui\PHP\PHP Prompt OS\root\scripts
[38;5;83m[PM-14:01:25][38;5;87m [PHPPO/INFO][38;5;231m [38;5;59m=====[38;5;37mDirectories[38;5;59m===== [38;5;59m:C:\Users\ruito\Desktop\rui\PHP\PHP Prompt OS\root\scripts\samples
[38;5;83m[PM-14:01:25][38;5;87m [PHPPO/INFO][38;5;231m ..
[38;5;83m[PM-14:01:25][38;5;87m [PHPPO/INFO][38;5;231m .
[38;5;83m[PM-14:01:25][38;5;87m [PHPPO/INFO][38;5;231m [38;5;59m========[38;5;37mFiles[38;5;59m======== [38;5;59m:C:\Users\ruito\Desktop\rui\PHP\PHP Prompt OS\root\scripts\samples
[38;5;83m[PM-14:01:25][38;5;87m [PHPPO/INFO][38;5;231m sample4.sh
[38;5;83m[PM-14:01:25][38;5;87m [PHPPO/INFO][38;5;231m sample3.sh
[38;5;83m[PM-14:01:25][38;5;87m [PHPPO/INFO][38;5;231m sample2.sh
[38;5;83m[PM-14:01:25][38;5;87m [PHPPO/INFO][38;5;231m sample.sh
[38;5;83m[PM-14:01:25][38;5;87m [PHPPO/INFO][38;5;231m error.sh
[38;5;83m[PM-14:01:32][38;5;87m [PHPPO/ERROR][38;5;203m 指定したパスはディレクトリではありません。
[38;5;83m[PM-14:02:43][38;5;87m [File/INFO][38;5;231m [38;5;145mライセンスファイルの更新を行っています...
[38;5;83m[PM-14:02:43][38;5;87m [File/INFO][38;5;231m [38;5;145m更新が終了しました。
[38;5;83m[PM-14:02:43][38;5;87m [File/INFO][38;5;231m [38;5;145mREADMEファイルの更新を行っています...
[38;5;83m[PM-14:02:43][38;5;87m [File/INFO][38;5;231m [38;5;145m更新が終了しました。
[38;5;83m[PM-14:02:43][38;5;87m [File/INFO][38;5;231m [38;5;63m起動完了！helpコマンドでコマンド一覧を表示。
[38;5;83m[PM-14:02:50][38;5;87m [PHPPO/INFO][38;5;231m [38;5;59m=====[38;5;37mDirectories[38;5;59m===== [38;5;59m:C:\Users\ruito\Desktop\rui\PHP\PHP Prompt OS\root\scripts\samples
[38;5;83m[PM-14:02:50][38;5;87m [PHPPO/INFO][38;5;231m ..
[38;5;83m[PM-14:02:50][38;5;87m [PHPPO/INFO][38;5;231m .
[38;5;83m[PM-14:02:50][38;5;87m [PHPPO/INFO][38;5;231m [38;5;59m========[38;5;37mFiles[38;5;59m======== [38;5;59m:C:\Users\ruito\Desktop\rui\PHP\PHP Prompt OS\root\scripts\samples
[38;5;83m[PM-14:02:50][38;5;87m [PHPPO/INFO][38;5;231m sample4.sh
[38;5;83m[PM-14:02:50][38;5;87m [PHPPO/INFO][38;5;231m sample3.sh
[38;5;83m[PM-14:02:50][38;5;87m [PHPPO/INFO][38;5;231m sample2.sh
[38;5;83m[PM-14:02:50][38;5;87m [PHPPO/INFO][38;5;231m sample.sh
[38;5;83m[PM-14:02:50][38;5;87m [PHPPO/INFO][38;5;231m error.sh
[38;5;83m[PM-14:02:55][38;5;87m [PHPPO/INFO][38;5;231m Unknown error type: [8] Undefined variable: commandpros
[38;5;83m[PM-14:03:33][38;5;87m [File/INFO][38;5;231m [38;5;145mライセンスファイルの更新を行っています...
[38;5;83m[PM-14:03:33][38;5;87m [File/INFO][38;5;231m [38;5;145m更新が終了しました。
[38;5;83m[PM-14:03:33][38;5;87m [File/INFO][38;5;231m [38;5;145mREADMEファイルの更新を行っています...
[38;5;83m[PM-14:03:33][38;5;87m [File/INFO][38;5;231m [38;5;145m更新が終了しました。
[38;5;83m[PM-14:03:33][38;5;87m [File/INFO][38;5;231m [38;5;63m起動完了！helpコマンドでコマンド一覧を表示。
[38;5;83m[PM-14:03:44][38;5;87m [PHPPO/ERROR][38;5;203m No such file or directory:C:\Users\ruito\Desktop\rui\PHP\PHP Prompt OS\root\script/samples 
[38;5;83m[PM-14:03:45][38;5;87m [PHPPO/INFO][38;5;231m [38;5;59m=====[38;5;37mDirectories[38;5;59m===== [38;5;59m:C:\Users\ruito\Desktop\rui\PHP\PHP Prompt OS\root
[38;5;83m[PM-14:03:45][38;5;87m [PHPPO/INFO][38;5;231m scripts
[38;5;83m[PM-14:03:45][38;5;87m [PHPPO/INFO][38;5;231m plugins
[38;5;83m[PM-14:03:45][38;5;87m [PHPPO/INFO][38;5;231m home
[38;5;83m[PM-14:03:45][38;5;87m [PHPPO/INFO][38;5;231m bin
[38;5;83m[PM-14:03:45][38;5;87m [PHPPO/INFO][38;5;231m ..
[38;5;83m[PM-14:03:45][38;5;87m [PHPPO/INFO][38;5;231m .
[38;5;83m[PM-14:03:45][38;5;87m [PHPPO/INFO][38;5;231m $Trash
[38;5;83m[PM-14:03:45][38;5;87m [PHPPO/INFO][38;5;231m [38;5;59m========[38;5;37mFiles[38;5;59m======== [38;5;59m:C:\Users\ruito\Desktop\rui\PHP\PHP Prompt OS\root
[38;5;83m[PM-14:03:47][38;5;87m [PHPPO/INFO][38;5;231m [38;5;203m"[A[B"コマンドが見つかりませんでした。helpコマンドで確認してください。
[38;5;83m[PM-14:04:03][38;5;87m [PHPPO/INFO][38;5;231m - 
[38;5;83m[PM-14:04:04][38;5;87m [PHPPO/INFO][38;5;231m - 	██████╗ ██╗  ██╗██████╗ ██████╗  ██████╗ 
[38;5;83m[PM-14:04:04][38;5;87m [PHPPO/INFO][38;5;231m - 	██╔══██╗██║  ██║██╔══██╗██╔══██╗██╔═══██╗ PHP Prompt OS 
[38;5;83m[PM-14:04:04][38;5;87m [PHPPO/INFO][38;5;231m - 	██████╔╝███████║██████╔╝██████╔╝██║   ██║    made by chell rui. 
[38;5;83m[PM-14:04:04][38;5;87m [PHPPO/INFO][38;5;231m - 	██╔═══╝ ██╔══██║██╔═══╝ ██╔═══╝ ██║   ██║       version 1.5.0_Beta 
[38;5;83m[PM-14:04:04][38;5;87m [PHPPO/INFO][38;5;231m - 	██║     ██║  ██║██║     ██║     ╚██████╔╝ 
[38;5;83m[PM-14:04:04][38;5;87m [PHPPO/INFO][38;5;231m - 	╚═╝     ╚═╝  ╚═╝╚═╝     ╚═╝      ╚═════╝ 
[38;5;83m[PM-14:04:04][38;5;87m [PHPPO/INFO][38;5;231m - 
[38;5;83m[PM-14:04:04][38;5;87m [PHPPO/INFO][38;5;231m - 
[38;5;83m[PM-14:04:04][38;5;87m [PHPPO/INFO][38;5;231m - 
[38;5;83m[PM-14:04:04][38;5;87m [PHPPO/INFO][38;5;231m - Thank you for using! 
[38;5;83m[PM-14:04:05][38;5;87m [PHPPO/INFO][38;5;231m -            from "PHPPO" Development members. 
[38;5;83m[PM-14:04:06][38;5;87m [PHPPO/INFO][38;5;231m - 
[38;5;83m[PM-14:05:04][38;5;87m [PHPPO/INFO][38;5;231m [38;5;59m=====[38;5;37mDirectories[38;5;59m===== [38;5;59m:C:\Users\ruito\Desktop\rui\PHP\PHP Prompt OS\root\scripts\samples
[38;5;83m[PM-14:05:04][38;5;87m [PHPPO/INFO][38;5;231m ..
[38;5;83m[PM-14:05:04][38;5;87m [PHPPO/INFO][38;5;231m .
[38;5;83m[PM-14:05:04][38;5;87m [PHPPO/INFO][38;5;231m [38;5;59m========[38;5;37mFiles[38;5;59m======== [38;5;59m:C:\Users\ruito\Desktop\rui\PHP\PHP Prompt OS\root\scripts\samples
[38;5;83m[PM-14:05:04][38;5;87m [PHPPO/INFO][38;5;231m sample4.sh
[38;5;83m[PM-14:05:04][38;5;87m [PHPPO/INFO][38;5;231m sample3.sh
[38;5;83m[PM-14:05:04][38;5;87m [PHPPO/INFO][38;5;231m sample2.sh
[38;5;83m[PM-14:05:04][38;5;87m [PHPPO/INFO][38;5;231m sample.sh
[38;5;83m[PM-14:05:04][38;5;87m [PHPPO/INFO][38;5;231m error.sh
[38;5;83m[PM-14:05:09][38;5;87m [PHPPO/INFO][38;5;231m [38;5;59m=====[38;5;37mDirectories[38;5;59m===== [38;5;59m:C:\Users\ruito\Desktop\rui\PHP\PHP Prompt OS\root\scripts\samples\.
[38;5;83m[PM-14:05:09][38;5;87m [PHPPO/INFO][38;5;231m ..
[38;5;83m[PM-14:05:09][38;5;87m [PHPPO/INFO][38;5;231m .
[38;5;83m[PM-14:05:09][38;5;87m [PHPPO/INFO][38;5;231m [38;5;59m========[38;5;37mFiles[38;5;59m======== [38;5;59m:C:\Users\ruito\Desktop\rui\PHP\PHP Prompt OS\root\scripts\samples\.
[38;5;83m[PM-14:05:09][38;5;87m [PHPPO/INFO][38;5;231m sample4.sh
[38;5;83m[PM-14:05:09][38;5;87m [PHPPO/INFO][38;5;231m sample3.sh
[38;5;83m[PM-14:05:09][38;5;87m [PHPPO/INFO][38;5;231m sample2.sh
[38;5;83m[PM-14:05:09][38;5;87m [PHPPO/INFO][38;5;231m sample.sh
[38;5;83m[PM-14:05:09][38;5;87m [PHPPO/INFO][38;5;231m error.sh
[38;5;83m[PM-14:05:14][38;5;87m [PHPPO/INFO][38;5;231m [38;5;59m=====[38;5;37mDirectories[38;5;59m===== [38;5;59m:C:\Users\ruito\Desktop\rui\PHP\PHP Prompt OS\root\scripts\samples\.\..
[38;5;83m[PM-14:05:14][38;5;87m [PHPPO/INFO][38;5;231m samples
[38;5;83m[PM-14:05:14][38;5;87m [PHPPO/INFO][38;5;231m ..
[38;5;83m[PM-14:05:14][38;5;87m [PHPPO/INFO][38;5;231m .
[38;5;83m[PM-14:05:14][38;5;87m [PHPPO/INFO][38;5;231m [38;5;59m========[38;5;37mFiles[38;5;59m======== [38;5;59m:C:\Users\ruito\Desktop\rui\PHP\PHP Prompt OS\root\scripts\samples\.\..
[38;5;83m[PM-14:05:19][38;5;87m [PHPPO/INFO][38;5;231m Unknown error type: [2] scandir(C:\Users\ruito\Desktop\rui\PHP\PHP Prompt OS\root\scripts\samples\.\..\.....,C:\Users\ruito\Desktop\rui\PHP\PHP Prompt OS\root\scripts\samples\.\..\.....): w肳ꂽt@C܂B (code: 2)
[38;5;83m[PM-14:05:19][38;5;87m [PHPPO/INFO][38;5;231m Unknown error type: [2] scandir(C:\Users\ruito\Desktop\rui\PHP\PHP Prompt OS\root\scripts\samples\.\..\.....): failed to open dir: No such file or directory
[38;5;83m[PM-14:05:19][38;5;87m [PHPPO/INFO][38;5;231m Unknown error type: [2] scandir(): (errno 2): No such file or directory
[38;5;83m[PM-14:05:19][38;5;87m [PHPPO/INFO][38;5;231m [38;5;59m=====[38;5;37mDirectories[38;5;59m===== [38;5;59m:C:\Users\ruito\Desktop\rui\PHP\PHP Prompt OS\root\scripts\samples\.\..\.....
[38;5;83m[PM-14:05:19][38;5;87m [PHPPO/INFO][38;5;231m Unknown error type: [2] Invalid argument supplied for foreach()
[38;5;83m[PM-14:05:19][38;5;87m [PHPPO/INFO][38;5;231m [38;5;59m========[38;5;37mFiles[38;5;59m======== [38;5;59m:C:\Users\ruito\Desktop\rui\PHP\PHP Prompt OS\root\scripts\samples\.\..\.....
[38;5;83m[PM-14:05:19][38;5;87m [PHPPO/INFO][38;5;231m Unknown error type: [2] Invalid argument supplied for foreach()
[38;5;83m[PM-14:05:23][38;5;87m [PHPPO/INFO][38;5;231m [38;5;59m=====[38;5;37mDirectories[38;5;59m===== [38;5;59m:C:\Users\ruito\Desktop\rui\PHP\PHP Prompt OS\root\scripts\samples\.\..
[38;5;83m[PM-14:05:23][38;5;87m [PHPPO/INFO][38;5;231m samples
[38;5;83m[PM-14:05:23][38;5;87m [PHPPO/INFO][38;5;231m ..
[38;5;83m[PM-14:05:23][38;5;87m [PHPPO/INFO][38;5;231m .
[38;5;83m[PM-14:05:23][38;5;87m [PHPPO/INFO][38;5;231m [38;5;59m========[38;5;37mFiles[38;5;59m======== [38;5;59m:C:\Users\ruito\Desktop\rui\PHP\PHP Prompt OS\root\scripts\samples\.\..
[38;5;83m[PM-14:05:25][38;5;87m [PHPPO/INFO][38;5;231m [38;5;59m=====[38;5;37mDirectories[38;5;59m===== [38;5;59m:C:\Users\ruito\Desktop\rui\PHP\PHP Prompt OS\root\scripts\samples\.
[38;5;83m[PM-14:05:25][38;5;87m [PHPPO/INFO][38;5;231m ..
[38;5;83m[PM-14:05:25][38;5;87m [PHPPO/INFO][38;5;231m .
[38;5;83m[PM-14:05:25][38;5;87m [PHPPO/INFO][38;5;231m [38;5;59m========[38;5;37mFiles[38;5;59m======== [38;5;59m:C:\Users\ruito\Desktop\rui\PHP\PHP Prompt OS\root\scripts\samples\.
[38;5;83m[PM-14:05:25][38;5;87m [PHPPO/INFO][38;5;231m sample4.sh
[38;5;83m[PM-14:05:25][38;5;87m [PHPPO/INFO][38;5;231m sample3.sh
[38;5;83m[PM-14:05:25][38;5;87m [PHPPO/INFO][38;5;231m sample2.sh
[38;5;83m[PM-14:05:25][38;5;87m [PHPPO/INFO][38;5;231m sample.sh
[38;5;83m[PM-14:05:25][38;5;87m [PHPPO/INFO][38;5;231m error.sh
[38;5;83m[PM-14:05:27][38;5;87m [PHPPO/INFO][38;5;231m [38;5;203m"kls"コマンドが見つかりませんでした。helpコマンドで確認してください。
[38;5;83m[PM-14:05:28][38;5;87m [PHPPO/INFO][38;5;231m Unknown error type: [2] scandir(C:\Users\ruito\Desktop\rui\PHP\PHP Prompt OS\root\scripts\samples\.\........,C:\Users\ruito\Desktop\rui\PHP\PHP Prompt OS\root\scripts\samples\.\........): w肳ꂽt@C܂B (code: 2)
[38;5;83m[PM-14:05:28][38;5;87m [PHPPO/INFO][38;5;231m Unknown error type: [2] scandir(C:\Users\ruito\Desktop\rui\PHP\PHP Prompt OS\root\scripts\samples\.\........): failed to open dir: No such file or directory
[38;5;83m[PM-14:05:28][38;5;87m [PHPPO/INFO][38;5;231m Unknown error type: [2] scandir(): (errno 2): No such file or directory
[38;5;83m[PM-14:05:28][38;5;87m [PHPPO/INFO][38;5;231m [38;5;59m=====[38;5;37mDirectories[38;5;59m===== [38;5;59m:C:\Users\ruito\Desktop\rui\PHP\PHP Prompt OS\root\scripts\samples\.\........
[38;5;83m[PM-14:05:28][38;5;87m [PHPPO/INFO][38;5;231m Unknown error type: [2] Invalid argument supplied for foreach()
[38;5;83m[PM-14:05:28][38;5;87m [PHPPO/INFO][38;5;231m [38;5;59m========[38;5;37mFiles[38;5;59m======== [38;5;59m:C:\Users\ruito\Desktop\rui\PHP\PHP Prompt OS\root\scripts\samples\.\........
[38;5;83m[PM-14:05:28][38;5;87m [PHPPO/INFO][38;5;231m Unknown error type: [2] Invalid argument supplied for foreach()
[38;5;83m[PM-14:05:32][38;5;87m [PHPPO/INFO][38;5;231m [38;5;59m=====[38;5;37mDirectories[38;5;59m===== [38;5;59m:C:\Users\ruito\Desktop\rui\PHP\PHP Prompt OS\root\scripts
[38;5;83m[PM-14:05:32][38;5;87m [PHPPO/INFO][38;5;231m samples
[38;5;83m[PM-14:05:32][38;5;87m [PHPPO/INFO][38;5;231m ..
[38;5;83m[PM-14:05:32][38;5;87m [PHPPO/INFO][38;5;231m .
[38;5;83m[PM-14:05:32][38;5;87m [PHPPO/INFO][38;5;231m [38;5;59m========[38;5;37mFiles[38;5;59m======== [38;5;59m:C:\Users\ruito\Desktop\rui\PHP\PHP Prompt OS\root\scripts
[38;5;83m[PM-14:05:35][38;5;87m [PHPPO/INFO][38;5;231m [38;5;59m=====[38;5;37mDirectories[38;5;59m===== [38;5;59m:C:\Users\ruito\Desktop\rui\PHP\PHP Prompt OS\root
[38;5;83m[PM-14:05:35][38;5;87m [PHPPO/INFO][38;5;231m scripts
[38;5;83m[PM-14:05:35][38;5;87m [PHPPO/INFO][38;5;231m plugins
[38;5;83m[PM-14:05:35][38;5;87m [PHPPO/INFO][38;5;231m home
[38;5;83m[PM-14:05:35][38;5;87m [PHPPO/INFO][38;5;231m bin
[38;5;83m[PM-14:05:35][38;5;87m [PHPPO/INFO][38;5;231m ..
[38;5;83m[PM-14:05:35][38;5;87m [PHPPO/INFO][38;5;231m .
[38;5;83m[PM-14:05:35][38;5;87m [PHPPO/INFO][38;5;231m $Trash
[38;5;83m[PM-14:05:35][38;5;87m [PHPPO/INFO][38;5;231m [38;5;59m========[38;5;37mFiles[38;5;59m======== [38;5;59m:C:\Users\ruito\Desktop\rui\PHP\PHP Prompt OS\root
[38;5;83m[PM-14:05:37][38;5;87m [PHPPO/INFO][38;5;231m [38;5;59m=====[38;5;37mDirectories[38;5;59m===== [38;5;59m:C:\Users\ruito\Desktop\rui\PHP\PHP Prompt OS
[38;5;83m[PM-14:05:37][38;5;87m [PHPPO/INFO][38;5;231m ܂
[38;5;83m[PM-14:05:37][38;5;87m [PHPPO/INFO][38;5;231m src
[38;5;83m[PM-14:05:37][38;5;87m [PHPPO/INFO][38;5;231m root
[38;5;83m[PM-14:05:37][38;5;87m [PHPPO/INFO][38;5;231m bin
[38;5;83m[PM-14:05:37][38;5;87m [PHPPO/INFO][38;5;231m .git
[38;5;83m[PM-14:05:37][38;5;87m [PHPPO/INFO][38;5;231m ..
[38;5;83m[PM-14:05:37][38;5;87m [PHPPO/INFO][38;5;231m .
[38;5;83m[PM-14:05:37][38;5;87m [PHPPO/INFO][38;5;231m [38;5;59m========[38;5;37mFiles[38;5;59m======== [38;5;59m:C:\Users\ruito\Desktop\rui\PHP\PHP Prompt OS
[38;5;83m[PM-14:05:37][38;5;87m [PHPPO/INFO][38;5;231m user.json
[38;5;83m[PM-14:05:37][38;5;87m [PHPPO/INFO][38;5;231m start.cmd
[38;5;83m[PM-14:05:37][38;5;87m [PHPPO/INFO][38;5;231m config.ini
[38;5;83m[PM-14:05:37][38;5;87m [PHPPO/INFO][38;5;231m README.txt
[38;5;83m[PM-14:05:37][38;5;87m [PHPPO/INFO][38;5;231m PHPPO-1.5.0_Beta_#35.phar
[38;5;83m[PM-14:05:37][38;5;87m [PHPPO/INFO][38;5;231m LICENSE.txt
[38;5;83m[PM-14:05:37][38;5;87m [PHPPO/INFO][38;5;231m .gitignore
[38;5;83m[PM-14:05:47][38;5;87m [PHPPO/INFO][38;5;231m C:\Users\ruito\Desktop\rui\PHP\PHP Prompt OS\.gitignore のデータを表示します。
[38;5;83m[PM-14:05:47][38;5;87m [PHPPO/INFO][38;5;231m [38;5;145m1   [38;5;59m|[38;5;231mconfig.ini
[38;5;83m[PM-14:05:47][38;5;87m [PHPPO/INFO][38;5;231m [38;5;145m2   [38;5;59m|[38;5;231mLICENSE.txt
[38;5;83m[PM-14:05:47][38;5;87m [PHPPO/INFO][38;5;231m [38;5;145m3   [38;5;59m|[38;5;231muser.json
[38;5;83m[PM-14:05:47][38;5;87m [PHPPO/INFO][38;5;231m [38;5;145m4   [38;5;59m|[38;5;231mroot\:
[38;5;83m[PM-14:05:47][38;5;87m [PHPPO/INFO][38;5;231m [38;5;145m5   [38;5;59m|[38;5;231m
[38;5;83m[PM-14:05:54][38;5;87m [File/INFO][38;5;231m [38;5;145mライセンスファイルの更新を行っています...
[38;5;83m[PM-14:05:54][38;5;87m [File/INFO][38;5;231m [38;5;145m更新が終了しました。
[38;5;83m[PM-14:05:54][38;5;87m [File/INFO][38;5;231m [38;5;145mREADMEファイルの更新を行っています...
[38;5;83m[PM-14:05:54][38;5;87m [File/INFO][38;5;231m [38;5;145m更新が終了しました。
[38;5;83m[PM-14:05:54][38;5;87m [File/INFO][38;5;231m [38;5;63m起動完了！helpコマンドでコマンド一覧を表示。
[38;5;83m[PM-14:05:56][38;5;87m [PHPPO/INFO][38;5;231m [38;5;203m"exitgf"コマンドが見つかりませんでした。helpコマンドで確認してください。
[38;5;83m[PM-14:05:58][38;5;87m [PHPPO/INFO][38;5;231m PHP Prompt OS by chell ruiを終了します...
[38;5;83m[PM-14:05:58][38;5;87m [PHPPO/INFO][38;5;231m (@^^)/~~~!
PHPPO was completed successfully.[38;5;83m[PM-14:08:01][38;5;87m [File/INFO][38;5;231m [38;5;145mライセンスファイルの更新を行っています...
[38;5;83m[PM-14:08:01][38;5;87m [File/INFO][38;5;231m [38;5;145m更新が終了しました。
[38;5;83m[PM-14:08:01][38;5;87m [File/INFO][38;5;231m [38;5;145mREADMEファイルの更新を行っています...
[38;5;83m[PM-14:08:01][38;5;87m [File/INFO][38;5;231m [38;5;145m更新が終了しました。
[38;5;83m[PM-14:08:01][38;5;87m [File/INFO][38;5;231m [38;5;63m起動完了！helpコマンドでコマンド一覧を表示。
[38;5;83m[PM-14:08:02][38;5;87m [PHPPO/INFO][38;5;231m [38;5;59m=====[38;5;37mDirectories[38;5;59m===== [38;5;59m:C:\Users\ruito\Desktop\rui\PHP\PHP Prompt OS\root
[38;5;83m[PM-14:08:02][38;5;87m [PHPPO/INFO][38;5;231m scripts
[38;5;83m[PM-14:08:02][38;5;87m [PHPPO/INFO][38;5;231m plugins
[38;5;83m[PM-14:08:02][38;5;87m [PHPPO/INFO][38;5;231m home
[38;5;83m[PM-14:08:02][38;5;87m [PHPPO/INFO][38;5;231m bin
[38;5;83m[PM-14:08:02][38;5;87m [PHPPO/INFO][38;5;231m ..
[38;5;83m[PM-14:08:02][38;5;87m [PHPPO/INFO][38;5;231m .
[38;5;83m[PM-14:08:02][38;5;87m [PHPPO/INFO][38;5;231m $Trash
[38;5;83m[PM-14:08:02][38;5;87m [PHPPO/INFO][38;5;231m [38;5;59m========[38;5;37mFiles[38;5;59m======== [38;5;59m:C:\Users\ruito\Desktop\rui\PHP\PHP Prompt OS\root
[38;5;83m[PM-14:08:07][38;5;87m [PHPPO/ERROR][38;5;203m No such file or directory:C:\Users\ruito\Desktop\rui\PHP\PHP Prompt OS\root\sample 
[38;5;83m[PM-14:08:10][38;5;87m [PHPPO/INFO][38;5;231m [38;5;59m=====[38;5;37mDirectories[38;5;59m===== [38;5;59m:C:\Users\ruito\Desktop\rui\PHP\PHP Prompt OS
[38;5;83m[PM-14:08:10][38;5;87m [PHPPO/INFO][38;5;231m ܂
[38;5;83m[PM-14:08:10][38;5;87m [PHPPO/INFO][38;5;231m src
[38;5;83m[PM-14:08:10][38;5;87m [PHPPO/INFO][38;5;231m root
[38;5;83m[PM-14:08:10][38;5;87m [PHPPO/INFO][38;5;231m bin
[38;5;83m[PM-14:08:10][38;5;87m [PHPPO/INFO][38;5;231m .git
[38;5;83m[PM-14:08:10][38;5;87m [PHPPO/INFO][38;5;231m ..
[38;5;83m[PM-14:08:10][38;5;87m [PHPPO/INFO][38;5;231m .
[38;5;83m[PM-14:08:10][38;5;87m [PHPPO/INFO][38;5;231m [38;5;59m========[38;5;37mFiles[38;5;59m======== [38;5;59m:C:\Users\ruito\Desktop\rui\PHP\PHP Prompt OS
[38;5;83m[PM-14:08:10][38;5;87m [PHPPO/INFO][38;5;231m user.json
[38;5;83m[PM-14:08:10][38;5;87m [PHPPO/INFO][38;5;231m start.cmd
[38;5;83m[PM-14:08:10][38;5;87m [PHPPO/INFO][38;5;231m config.ini
[38;5;83m[PM-14:08:10][38;5;87m [PHPPO/INFO][38;5;231m README.txt
[38;5;83m[PM-14:08:10][38;5;87m [PHPPO/INFO][38;5;231m PHPPO-1.5.0_Beta_#35.phar
[38;5;83m[PM-14:08:10][38;5;87m [PHPPO/INFO][38;5;231m LICENSE.txt
[38;5;83m[PM-14:08:10][38;5;87m [PHPPO/INFO][38;5;231m .gitignore
[38;5;83m[PM-14:08:18][38;5;87m [PHPPO/INFO][38;5;231m C:\Users\ruito\Desktop\rui\PHP\PHP Prompt OS\README.txt のデータを表示します。
[38;5;83m[PM-14:08:18][38;5;87m [PHPPO/INFO][38;5;231m [38;5;145m1[38;5;59m|[38;5;231m	■□━━━━━━━━━━━━━━━━━━━━━━━━━━□■
[38;5;83m[PM-14:08:18][38;5;87m [PHPPO/INFO][38;5;231m [38;5;145m2[38;5;59m|[38;5;231m	□■　　　　　　     　PHP Prompt OS 1　 　　　　 　　　■□
[38;5;83m[PM-14:08:18][38;5;87m [PHPPO/INFO][38;5;231m [38;5;145m3[38;5;59m|[38;5;231m	■□━━━━━━━━━━━━━━━━━━━━━━━━━━□■
[38;5;83m[PM-14:08:18][38;5;87m [PHPPO/INFO][38;5;231m [38;5;145m4[38;5;59m|[38;5;231m
[38;5;83m[PM-14:08:18][38;5;87m [PHPPO/INFO][38;5;231m [38;5;145m5[38;5;59m|[38;5;231m	このたびは、PHP Prompt OS をダウンロードしていただき誠にありがとうございます！
[38;5;83m[PM-14:08:18][38;5;87m [PHPPO/INFO][38;5;231m [38;5;145m6[38;5;59m|[38;5;231m	当プロジェクトは、chell ruiによるものです。（contact :@chell_uoxou）
[38;5;83m[PM-14:08:18][38;5;87m [PHPPO/INFO][38;5;231m [38;5;145m7[38;5;59m|[38;5;231m	今もなお、様々な言語で開発が進められております。そして、正式なversion、1.0.0として公開することになりました！
[38;5;83m[PM-14:08:18][38;5;87m [PHPPO/INFO][38;5;231m [38;5;145m8[38;5;59m|[38;5;231m
[38;5;83m[PM-14:08:18][38;5;87m [PHPPO/INFO][38;5;231m [38;5;145m9[38;5;59m|[38;5;231m	■■■ＲＥＬＥＡＳＥ　ＮＯＴＥ──────────────────────────────
[38;5;83m[PM-14:08:18][38;5;87m [PHPPO/INFO][38;5;231m [38;5;145m10[38;5;59m|[38;5;231m
[38;5;83m[PM-14:08:18][38;5;87m [PHPPO/INFO][38;5;231m [38;5;145m11[38;5;59m|[38;5;231m		version 1.0.0 :
[38;5;83m[PM-14:08:18][38;5;87m [PHPPO/INFO][38;5;231m [38;5;145m12[38;5;59m|[38;5;231m			・システム構成のオブジェクト化
[38;5;83m[PM-14:08:18][38;5;87m [PHPPO/INFO][38;5;231m [38;5;145m13[38;5;59m|[38;5;231m			　┣ コマンド、システムにおいてのそれぞれの処理をクラスに分解し、整理。
[38;5;83m[PM-14:08:18][38;5;87m [PHPPO/INFO][38;5;231m [38;5;145m14[38;5;59m|[38;5;231m			　┣ コマンド処理を"commands"ディレクトリ内のそれぞれPHPファイルに格納。
[38;5;83m[PM-14:08:18][38;5;87m [PHPPO/INFO][38;5;231m [38;5;145m15[38;5;59m|[38;5;231m			　┗ 文字を表示する処理における設定を追加。
[38;5;83m[PM-14:08:18][38;5;87m [PHPPO/INFO][38;5;231m [38;5;145m16[38;5;59m|[38;5;231m			　　　　┗displayクラスのsetThread()メソッド、setInfo()メソッド。
[38;5;83m[PM-14:08:18][38;5;87m [PHPPO/INFO][38;5;231m [38;5;145m17[38;5;59m|[38;5;231m
[38;5;83m[PM-14:08:18][38;5;87m [PHPPO/INFO][38;5;231m [38;5;145m18[38;5;59m|[38;5;231m			・pharシステムの形成。
[38;5;83m[PM-14:08:18][38;5;87m [PHPPO/INFO][38;5;231m [38;5;145m19[38;5;59m|[38;5;231m			　┗実用化はできていない（windows)。
[38;5;83m[PM-14:08:18][38;5;87m [PHPPO/INFO][38;5;231m [38;5;145m20[38;5;59m|[38;5;231m
[38;5;83m[PM-14:08:18][38;5;87m [PHPPO/INFO][38;5;231m [38;5;145m21[38;5;59m|[38;5;231m			・開発向けコマンドの追加。
[38;5;83m[PM-14:08:18][38;5;87m [PHPPO/INFO][38;5;231m [38;5;145m22[38;5;59m|[38;5;231m			　┣vardumpコマンド　:　システム処理が継承した'vardump'クラス内から呼び出せるパブリック変数、
[38;5;83m[PM-14:08:18][38;5;87m [PHPPO/INFO][38;5;231m [38;5;145m23[38;5;59m|[38;5;231m			　┃			及びメイン処理におけるグローバル変数の内容を表示します。
[38;5;83m[PM-14:08:18][38;5;87m [PHPPO/INFO][38;5;231m [38;5;145m24[38;5;59m|[38;5;231m			　┗makepharコマンド　：指定したアプリケーション、ディレクトリパス、または実行しているPHPPOの
[38;5;83m[PM-14:08:18][38;5;87m [PHPPO/INFO][38;5;231m [38;5;145m25[38;5;59m|[38;5;231m						pharアーカイブ作成を行います。※未完成
[38;5;83m[PM-14:08:18][38;5;87m [PHPPO/INFO][38;5;231m [38;5;145m26[38;5;59m|[38;5;231m			・起動方法を改変
[38;5;83m[PM-14:08:18][38;5;87m [PHPPO/INFO][38;5;231m [38;5;145m27[38;5;59m|[38;5;231m			　┣　インストールと同時にphpバイナリーが同梱されたフォルダを展開し、起動時にパソコンに
[38;5;83m[PM-14:08:18][38;5;87m [PHPPO/INFO][38;5;231m [38;5;145m28[38;5;59m|[38;5;231m			　┃インストールされているものではないPHPで動かす。
[38;5;83m[PM-14:08:18][38;5;87m [PHPPO/INFO][38;5;231m [38;5;145m29[38;5;59m|[38;5;231m			　┃	┗それぞれの環境において同じような実行結果が得られるため、error対処がスムーズ。
[38;5;83m[PM-14:08:18][38;5;87m [PHPPO/INFO][38;5;231m [38;5;145m30[38;5;59m|[38;5;231m			　┗起動時にsrcに格納されているベースのプロセスを呼び出し、mintty.exeに結果を出力。
[38;5;83m[PM-14:08:56][38;5;87m [PHPPO/INFO][38;5;231m [38;5;203m"[A[B"コマンドが見つかりませんでした。helpコマンドで確認してください。
[38;5;83m[PM-14:17:57][38;5;87m [PHPPO/INFO][38;5;231m [38;5;203m"[A[A[B[B[B"コマンドが見つかりませんでした。helpコマンドで確認してください。
[38;5;83m[PM-14:18:00][38;5;87m [PHPPO/INFO][38;5;231m [38;5;59m===================[38;5;231mコマンド一覧[38;5;59m===================[38;5;145m
[38;5;83m[PM-14:18:00][38;5;87m [PHPPO/INFO][38;5;231m [38;5;34mcat [38;5;83m<パス>[38;5;145m:指定されたファイルを表示[38;5;145m
[38;5;83m[PM-14:18:00][38;5;87m [PHPPO/INFO][38;5;231m [38;5;34mcd [38;5;83m<絶対/相対パス>[38;5;145m:カレントディレクトリを指定します。[38;5;145m
[38;5;83m[PM-14:18:00][38;5;87m [PHPPO/INFO][38;5;231m [38;5;34mclear [38;5;83m[38;5;145m:画面上から履歴が消えるように改行を繰り返します。[38;5;145m
[38;5;83m[PM-14:18:00][38;5;87m [PHPPO/INFO][38;5;231m [38;5;34mcls [38;5;83m[38;5;145m:画面をクリア[38;5;145m
[38;5;83m[PM-14:18:00][38;5;87m [PHPPO/INFO][38;5;231m [38;5;34mdelvar [38;5;83m<変数名>[38;5;145m:宣言済み環境変数を削除します。[38;5;145m
[38;5;83m[PM-14:18:00][38;5;87m [PHPPO/INFO][38;5;231m [38;5;34mecho [38;5;83m<メッセージ>/<on|off>[38;5;145m:文字列を出力。[38;5;145m
[38;5;83m[PM-14:18:00][38;5;87m [PHPPO/INFO][38;5;231m [38;5;34mexec [38;5;83m[38;5;145m:コマンド及び外部プロセスの実行。[38;5;145m
[38;5;83m[PM-14:18:00][38;5;87m [PHPPO/INFO][38;5;231m [38;5;34mexit [38;5;83m<ミリ秒数>[38;5;145m:PHP Prompt OSを終了。[38;5;145m
[38;5;83m[PM-14:18:00][38;5;87m [PHPPO/INFO][38;5;231m [38;5;34mhelp [38;5;83m<all|dev>/<コマンド>[38;5;145m:使用できるコマンド、コマンドの使用法を表示。[38;5;145m
[38;5;83m[PM-14:18:00][38;5;87m [PHPPO/INFO][38;5;231m [38;5;34minfo [38;5;83m<logo|auther|des|help|url|>[38;5;145m:当プログラムに関しての情報を表示。[38;5;145m
[38;5;83m[PM-14:18:00][38;5;87m [PHPPO/INFO][38;5;231m [38;5;34mlog [38;5;83m<on/off>[38;5;145m:ログファイルにログを出力するかの設定です。[38;5;145m
[38;5;83m[PM-14:18:00][38;5;87m [PHPPO/INFO][38;5;231m [38;5;34mls [38;5;83m[38;5;145m:カレントディレクトリ上のファイルとディレクトリのリストを表示します。[38;5;145m
[38;5;83m[PM-14:18:00][38;5;87m [PHPPO/INFO][38;5;231m [38;5;34mmkdir [38;5;83m[38;5;145m:ディレクトリを作成します[38;5;145m
[38;5;83m[PM-14:18:00][38;5;87m [PHPPO/INFO][38;5;231m [38;5;34mpwd [38;5;83m[38;5;145m:カレントディレクトリのパスを表示します。[38;5;145m
[38;5;83m[PM-14:18:00][38;5;87m [PHPPO/INFO][38;5;231m [38;5;34mreboot [38;5;83m<mode>[38;5;145m:PHPPOを再起動します。[38;5;145m
[38;5;83m[PM-14:18:00][38;5;87m [PHPPO/INFO][38;5;231m [38;5;34mscript [38;5;83m<ファイルネーム（拡張子を含む）>[38;5;145m:テキスト上のコマンドを改行ごとに実行します。[38;5;145m
[38;5;83m[PM-14:18:00][38;5;87m [PHPPO/INFO][38;5;231m [38;5;34mset [38;5;83m<変数名> <値>[38;5;145m:変数へ代入します[38;5;145m
[38;5;83m[PM-14:18:00][38;5;87m [PHPPO/INFO][38;5;231m [38;5;34mtitle [38;5;83m[38;5;145m:システムのタイトルを設定します。[38;5;145m
[38;5;83m[PM-14:18:00][38;5;87m [PHPPO/INFO][38;5;231m [38;5;34mvars [38;5;83m[38;5;145m:定義済みの環境変数を表示します。[38;5;145m
[38;5;83m[PM-14:18:00][38;5;87m [PHPPO/INFO][38;5;231m [38;5;34mwget [38;5;83m<URL>[38;5;145m:ファイルをダウンロードします。[38;5;145m
[38;5;83m[PM-14:18:00][38;5;87m [PHPPO/INFO][38;5;231m [38;5;59m===================================================[38;5;145m
[38;5;83m[PM-14:18:19][38;5;87m [File/INFO][38;5;231m [38;5;145mライセンスファイルの更新を行っています...
[38;5;83m[PM-14:18:19][38;5;87m [File/INFO][38;5;231m [38;5;145m更新が終了しました。
[38;5;83m[PM-14:18:19][38;5;87m [File/INFO][38;5;231m [38;5;145mREADMEファイルの更新を行っています...
[38;5;83m[PM-14:18:19][38;5;87m [File/INFO][38;5;231m [38;5;145m更新が終了しました。
[38;5;83m[PM-14:18:19][38;5;87m [File/INFO][38;5;231m [38;5;63m起動完了！helpコマンドでコマンド一覧を表示。
[38;5;83m[PM-14:18:23][38;5;87m [PHPPO/INFO][38;5;231m [38;5;59m=====[38;5;37mDirectories[38;5;59m===== [38;5;59m:C:\Users\ruito\Desktop\rui\PHP\PHP Prompt OS
[38;5;83m[PM-14:18:23][38;5;87m [PHPPO/INFO][38;5;231m ܂
[38;5;83m[PM-14:18:23][38;5;87m [PHPPO/INFO][38;5;231m src
[38;5;83m[PM-14:18:23][38;5;87m [PHPPO/INFO][38;5;231m root
[38;5;83m[PM-14:18:23][38;5;87m [PHPPO/INFO][38;5;231m bin
[38;5;83m[PM-14:18:23][38;5;87m [PHPPO/INFO][38;5;231m .git
[38;5;83m[PM-14:18:23][38;5;87m [PHPPO/INFO][38;5;231m ..
[38;5;83m[PM-14:18:23][38;5;87m [PHPPO/INFO][38;5;231m .
[38;5;83m[PM-14:18:23][38;5;87m [PHPPO/INFO][38;5;231m [38;5;59m========[38;5;37mFiles[38;5;59m======== [38;5;59m:C:\Users\ruito\Desktop\rui\PHP\PHP Prompt OS
[38;5;83m[PM-14:18:23][38;5;87m [PHPPO/INFO][38;5;231m user.json
[38;5;83m[PM-14:18:23][38;5;87m [PHPPO/INFO][38;5;231m start.cmd
[38;5;83m[PM-14:18:23][38;5;87m [PHPPO/INFO][38;5;231m config.ini
[38;5;83m[PM-14:18:23][38;5;87m [PHPPO/INFO][38;5;231m README.txt
[38;5;83m[PM-14:18:23][38;5;87m [PHPPO/INFO][38;5;231m PHPPO-1.5.0_Beta_#35.phar
[38;5;83m[PM-14:18:23][38;5;87m [PHPPO/INFO][38;5;231m LICENSE.txt
[38;5;83m[PM-14:18:23][38;5;87m [PHPPO/INFO][38;5;231m .gitignore
[38;5;83m[PM-14:18:31][38;5;87m [PHPPO/INFO][38;5;231m C:\Users\ruito\Desktop\rui\PHP\PHP Prompt OS\README.txt のデータを表示します。
[38;5;83m[PM-14:18:31][38;5;87m [PHPPO/INFO][38;5;231m [38;5;145m1[38;5;59m|[38;5;231m	■□━━━━━━━━━━━━━━━━━━━━━━━━━━□■
[38;5;83m[PM-14:18:31][38;5;87m [PHPPO/INFO][38;5;231m [38;5;145m2[38;5;59m|[38;5;231m	□■　　　　　　     　PHP Prompt OS 1　 　　　　 　　　■□
[38;5;83m[PM-14:18:31][38;5;87m [PHPPO/INFO][38;5;231m [38;5;145m3[38;5;59m|[38;5;231m	■□━━━━━━━━━━━━━━━━━━━━━━━━━━□■
[38;5;83m[PM-14:18:31][38;5;87m [PHPPO/INFO][38;5;231m [38;5;145m4[38;5;59m|[38;5;231m
[38;5;83m[PM-14:18:31][38;5;87m [PHPPO/INFO][38;5;231m [38;5;145m5[38;5;59m|[38;5;231m	このたびは、PHP Prompt OS をダウンロードしていただき誠にありがとうございます！
[38;5;83m[PM-14:18:31][38;5;87m [PHPPO/INFO][38;5;231m [38;5;145m6[38;5;59m|[38;5;231m	当プロジェクトは、chell ruiによるものです。（contact :@chell_uoxou）
[38;5;83m[PM-14:18:31][38;5;87m [PHPPO/INFO][38;5;231m [38;5;145m7[38;5;59m|[38;5;231m	今もなお、様々な言語で開発が進められております。そして、正式なversion、1.0.0として公開することになりました！
[38;5;83m[PM-14:18:31][38;5;87m [PHPPO/INFO][38;5;231m [38;5;145m8[38;5;59m|[38;5;231m
[38;5;83m[PM-14:18:31][38;5;87m [PHPPO/INFO][38;5;231m [38;5;145m9[38;5;59m|[38;5;231m	■■■ＲＥＬＥＡＳＥ　ＮＯＴＥ──────────────────────────────
[38;5;83m[PM-14:18:31][38;5;87m [PHPPO/INFO][38;5;231m [38;5;145m10[38;5;59m|[38;5;231m
[38;5;83m[PM-14:18:31][38;5;87m [PHPPO/INFO][38;5;231m [38;5;145m11[38;5;59m|[38;5;231m		version 1.0.0 :
[38;5;83m[PM-14:18:31][38;5;87m [PHPPO/INFO][38;5;231m [38;5;145m12[38;5;59m|[38;5;231m			・システム構成のオブジェクト化
[38;5;83m[PM-14:18:31][38;5;87m [PHPPO/INFO][38;5;231m [38;5;145m13[38;5;59m|[38;5;231m			　┣ コマンド、システムにおいてのそれぞれの処理をクラスに分解し、整理。
[38;5;83m[PM-14:18:31][38;5;87m [PHPPO/INFO][38;5;231m [38;5;145m14[38;5;59m|[38;5;231m			　┣ コマンド処理を"commands"ディレクトリ内のそれぞれPHPファイルに格納。
[38;5;83m[PM-14:18:31][38;5;87m [PHPPO/INFO][38;5;231m [38;5;145m15[38;5;59m|[38;5;231m			　┗ 文字を表示する処理における設定を追加。
[38;5;83m[PM-14:18:31][38;5;87m [PHPPO/INFO][38;5;231m [38;5;145m16[38;5;59m|[38;5;231m			　　　　┗displayクラスのsetThread()メソッド、setInfo()メソッド。
[38;5;83m[PM-14:18:31][38;5;87m [PHPPO/INFO][38;5;231m [38;5;145m17[38;5;59m|[38;5;231m
[38;5;83m[PM-14:18:31][38;5;87m [PHPPO/INFO][38;5;231m [38;5;145m18[38;5;59m|[38;5;231m			・pharシステムの形成。
[38;5;83m[PM-14:18:31][38;5;87m [PHPPO/INFO][38;5;231m [38;5;145m19[38;5;59m|[38;5;231m			　┗実用化はできていない（windows)。
[38;5;83m[PM-14:18:31][38;5;87m [PHPPO/INFO][38;5;231m [38;5;145m20[38;5;59m|[38;5;231m
[38;5;83m[PM-14:18:31][38;5;87m [PHPPO/INFO][38;5;231m [38;5;145m21[38;5;59m|[38;5;231m			・開発向けコマンドの追加。
[38;5;83m[PM-14:18:31][38;5;87m [PHPPO/INFO][38;5;231m [38;5;145m22[38;5;59m|[38;5;231m			　┣vardumpコマンド　:　システム処理が継承した'vardump'クラス内から呼び出せるパブリック変数、
[38;5;83m[PM-14:18:31][38;5;87m [PHPPO/INFO][38;5;231m [38;5;145m23[38;5;59m|[38;5;231m			　┃			及びメイン処理におけるグローバル変数の内容を表示します。
[38;5;83m[PM-14:18:31][38;5;87m [PHPPO/INFO][38;5;231m [38;5;145m24[38;5;59m|[38;5;231m			　┗makepharコマンド　：指定したアプリケーション、ディレクトリパス、または実行しているPHPPOの
[38;5;83m[PM-14:18:31][38;5;87m [PHPPO/INFO][38;5;231m [38;5;145m25[38;5;59m|[38;5;231m						pharアーカイブ作成を行います。※未完成
[38;5;83m[PM-14:18:31][38;5;87m [PHPPO/INFO][38;5;231m [38;5;145m26[38;5;59m|[38;5;231m			・起動方法を改変
[38;5;83m[PM-14:18:31][38;5;87m [PHPPO/INFO][38;5;231m [38;5;145m27[38;5;59m|[38;5;231m			　┣　インストールと同時にphpバイナリーが同梱されたフォルダを展開し、起動時にパソコンに
[38;5;83m[PM-14:18:31][38;5;87m [PHPPO/INFO][38;5;231m [38;5;145m28[38;5;59m|[38;5;231m			　┃インストールされているものではないPHPで動かす。
[38;5;83m[PM-14:18:31][38;5;87m [PHPPO/INFO][38;5;231m [38;5;145m29[38;5;59m|[38;5;231m			　┃	┗それぞれの環境において同じような実行結果が得られるため、error対処がスムーズ。
[38;5;83m[PM-14:18:31][38;5;87m [PHPPO/INFO][38;5;231m [38;5;145m30[38;5;59m|[38;5;231m			　┗起動時にsrcに格納されているベースのプロセスを呼び出し、mintty.exeに結果を出力。
[38;5;83m[PM-15:06:38][38;5;87m [File/INFO][38;5;231m [38;5;145mライセンスファイルの更新を行っています...
[38;5;83m[PM-15:06:38][38;5;87m [File/INFO][38;5;231m [38;5;145m更新が終了しました。
[38;5;83m[PM-15:06:38][38;5;87m [File/INFO][38;5;231m [38;5;145mREADMEファイルの更新を行っています...
[38;5;83m[PM-15:06:38][38;5;87m [File/INFO][38;5;231m [38;5;145m更新が終了しました。
[38;5;83m[PM-15:06:38][38;5;87m [File/INFO][38;5;231m [38;5;63m起動完了！helpコマンドでコマンド一覧を表示。
[38;5;83m[PM-15:06:43][38;5;87m [PHPPO/INFO][38;5;231m [38;5;59m=====[38;5;37mDirectories[38;5;59m===== [38;5;59m:C:\Users\ruito\Desktop\rui\PHP\PHP Prompt OS
[38;5;83m[PM-15:06:43][38;5;87m [PHPPO/INFO][38;5;231m ܂
[38;5;83m[PM-15:06:43][38;5;87m [PHPPO/INFO][38;5;231m src
[38;5;83m[PM-15:06:43][38;5;87m [PHPPO/INFO][38;5;231m root
[38;5;83m[PM-15:06:43][38;5;87m [PHPPO/INFO][38;5;231m bin
[38;5;83m[PM-15:06:43][38;5;87m [PHPPO/INFO][38;5;231m .git
[38;5;83m[PM-15:06:43][38;5;87m [PHPPO/INFO][38;5;231m ..
[38;5;83m[PM-15:06:43][38;5;87m [PHPPO/INFO][38;5;231m .
[38;5;83m[PM-15:06:43][38;5;87m [PHPPO/INFO][38;5;231m [38;5;59m========[38;5;37mFiles[38;5;59m======== [38;5;59m:C:\Users\ruito\Desktop\rui\PHP\PHP Prompt OS
[38;5;83m[PM-15:06:43][38;5;87m [PHPPO/INFO][38;5;231m user.json
[38;5;83m[PM-15:06:43][38;5;87m [PHPPO/INFO][38;5;231m start.cmd
[38;5;83m[PM-15:06:43][38;5;87m [PHPPO/INFO][38;5;231m config.ini
[38;5;83m[PM-15:06:43][38;5;87m [PHPPO/INFO][38;5;231m README.txt
[38;5;83m[PM-15:06:43][38;5;87m [PHPPO/INFO][38;5;231m PHPPO-1.5.0_Beta_#35.phar
[38;5;83m[PM-15:06:43][38;5;87m [PHPPO/INFO][38;5;231m LICENSE.txt
[38;5;83m[PM-15:06:43][38;5;87m [PHPPO/INFO][38;5;231m .gitignore
[38;5;83m[PM-15:06:54][38;5;87m [PHPPO/INFO][38;5;231m C:\Users\ruito\Desktop\rui\PHP\PHP Prompt OS\config.ini のデータを表示します。
[38;5;83m[PM-15:06:54][38;5;87m [PHPPO/INFO][38;5;231m [38;5;145m1[38;5;59m|[38;5;231m[dev]
[38;5;83m[PM-15:06:54][38;5;87m [PHPPO/INFO][38;5;231m [38;5;145m2[38;5;59m|[38;5;231mdevmode=off
[38;5;83m[PM-15:06:54][38;5;87m [PHPPO/INFO][38;5;231m [38;5;145m3[38;5;59m|[38;5;231mcurrentdirectory=on
[38;5;83m[PM-15:06:54][38;5;87m [PHPPO/INFO][38;5;231m [38;5;145m4[38;5;59m|[38;5;231m[system]
[38;5;83m[PM-15:06:54][38;5;87m [PHPPO/INFO][38;5;231m [38;5;145m5[38;5;59m|[38;5;231mlogmode=on
[38;5;83m[PM-15:06:54][38;5;87m [PHPPO/INFO][38;5;231m [38;5;145m6[38;5;59m|[38;5;231msaveenvironmentvalues=on
[38;5;83m[PM-15:06:54][38;5;87m [PHPPO/INFO][38;5;231m [38;5;145m7[38;5;59m|[38;5;231m[display]
[38;5;83m[PM-15:06:54][38;5;87m [PHPPO/INFO][38;5;231m [38;5;145m8[38;5;59m|[38;5;231min_prompt=[%time] [%thread/%info]%cd>
[38;5;83m[PM-15:06:54][38;5;87m [PHPPO/INFO][38;5;231m [38;5;145m9[38;5;59m|[38;5;231mout_prompt=[38;5;83m[%time][38;5;87m[%therad/%info]
[38;5;83m[PM-15:06:54][38;5;87m [PHPPO/INFO][38;5;231m [38;5;145m10[38;5;59m|[38;5;231m
[38;5;83m[PM-15:07:21][38;5;87m [PHPPO/INFO][38;5;231m [38;5;203m"[A"コマンドが見つかりませんでした。helpコマンドで確認してください。
[38;5;83m[PM-15:07:23][38;5;87m [File/INFO][38;5;231m [38;5;145mライセンスファイルの更新を行っています...
[38;5;83m[PM-15:07:23][38;5;87m [File/INFO][38;5;231m [38;5;145m更新が終了しました。
[38;5;83m[PM-15:07:23][38;5;87m [File/INFO][38;5;231m [38;5;145mREADMEファイルの更新を行っています...
[38;5;83m[PM-15:07:23][38;5;87m [File/INFO][38;5;231m [38;5;145m更新が終了しました。
[38;5;83m[PM-15:07:23][38;5;87m [File/INFO][38;5;231m [38;5;63m起動完了！helpコマンドでコマンド一覧を表示。
[38;5;83m[PM-15:07:33][38;5;87m [PHPPO/INFO][38;5;231m C:\Users\ruito\Desktop\rui\PHP\PHP Prompt OS\LICENSE.txt のデータを表示します。
[38;5;83m[PM-15:07:50][38;5;87m [File/INFO][38;5;231m [38;5;145mライセンスファイルの更新を行っています...
[38;5;83m[PM-15:07:50][38;5;87m [File/INFO][38;5;231m [38;5;145m更新が終了しました。
[38;5;83m[PM-15:07:50][38;5;87m [File/INFO][38;5;231m [38;5;145mREADMEファイルの更新を行っています...
[38;5;83m[PM-15:07:50][38;5;87m [File/INFO][38;5;231m [38;5;145m更新が終了しました。
[38;5;83m[PM-15:07:50][38;5;87m [File/INFO][38;5;231m [38;5;63m起動完了！helpコマンドでコマンド一覧を表示。
[38;5;83m[PM-15:08:02][38;5;87m [PHPPO/INFO][38;5;231m C:\Users\ruito\Desktop\rui\PHP\PHP Prompt OS\license.txt のデータを表示します。
[38;5;83m[PM-15:08:23][38;5;87m [File/INFO][38;5;231m [38;5;145mライセンスファイルの更新を行っています...
[38;5;83m[PM-15:08:23][38;5;87m [File/INFO][38;5;231m [38;5;145m更新が終了しました。
[38;5;83m[PM-15:08:23][38;5;87m [File/INFO][38;5;231m [38;5;145mREADMEファイルの更新を行っています...
[38;5;83m[PM-15:08:23][38;5;87m [File/INFO][38;5;231m [38;5;145m更新が終了しました。
[38;5;83m[PM-15:08:23][38;5;87m [File/INFO][38;5;231m [38;5;63m起動完了！helpコマンドでコマンド一覧を表示。
[38;5;83m[PM-15:08:27][38;5;87m [PHPPO/INFO][38;5;231m [38;5;59m=====[38;5;37mDirectories[38;5;59m===== [38;5;59m:C:\Users\ruito\Desktop\rui\PHP\PHP Prompt OS
[38;5;83m[PM-15:08:27][38;5;87m [PHPPO/INFO][38;5;231m ܂
[38;5;83m[PM-15:08:27][38;5;87m [PHPPO/INFO][38;5;231m src
[38;5;83m[PM-15:08:27][38;5;87m [PHPPO/INFO][38;5;231m root
[38;5;83m[PM-15:08:27][38;5;87m [PHPPO/INFO][38;5;231m bin
[38;5;83m[PM-15:08:27][38;5;87m [PHPPO/INFO][38;5;231m .git
[38;5;83m[PM-15:08:27][38;5;87m [PHPPO/INFO][38;5;231m ..
[38;5;83m[PM-15:08:27][38;5;87m [PHPPO/INFO][38;5;231m .
[38;5;83m[PM-15:08:27][38;5;87m [PHPPO/INFO][38;5;231m [38;5;59m========[38;5;37mFiles[38;5;59m======== [38;5;59m:C:\Users\ruito\Desktop\rui\PHP\PHP Prompt OS
[38;5;83m[PM-15:08:27][38;5;87m [PHPPO/INFO][38;5;231m user.json
[38;5;83m[PM-15:08:27][38;5;87m [PHPPO/INFO][38;5;231m start.cmd
[38;5;83m[PM-15:08:27][38;5;87m [PHPPO/INFO][38;5;231m config.ini
[38;5;83m[PM-15:08:27][38;5;87m [PHPPO/INFO][38;5;231m README.txt
[38;5;83m[PM-15:08:27][38;5;87m [PHPPO/INFO][38;5;231m PHPPO-1.5.0_Beta_#35.phar
[38;5;83m[PM-15:08:27][38;5;87m [PHPPO/INFO][38;5;231m LICENSE.txt
[38;5;83m[PM-15:08:27][38;5;87m [PHPPO/INFO][38;5;231m .gitignore
[38;5;83m[PM-15:08:34][38;5;87m [PHPPO/INFO][38;5;231m C:\Users\ruito\Desktop\rui\PHP\PHP Prompt OS\license.txt のデータを表示します。
[38;5;83m[PM-15:09:00][38;5;87m [File/INFO][38;5;231m [38;5;145mライセンスファイルの更新を行っています...
[38;5;83m[PM-15:09:00][38;5;87m [File/INFO][38;5;231m [38;5;145m更新が終了しました。
[38;5;83m[PM-15:09:00][38;5;87m [File/INFO][38;5;231m [38;5;145mREADMEファイルの更新を行っています...
[38;5;83m[PM-15:09:00][38;5;87m [File/INFO][38;5;231m [38;5;145m更新が終了しました。
[38;5;83m[PM-15:09:00][38;5;87m [File/INFO][38;5;231m [38;5;63m起動完了！helpコマンドでコマンド一覧を表示。
[38;5;83m[PM-15:09:06][38;5;87m [PHPPO/INFO][38;5;231m C:\Users\ruito\Desktop\rui\PHP\PHP Prompt OS\license.txt のデータを表示します。
[38;5;83m[PM-15:09:06][38;5;87m [PHPPO/INFO][38;5;231m [38;5;145m   1[38;5;59m|[38;5;231m		┿━━━━━━━━━━━━━━━━━━━━━━━━━━━━━━━━┿
[38;5;83m[PM-15:09:06][38;5;87m [PHPPO/INFO][38;5;231m [38;5;145m   2[38;5;59m|[38;5;231m		│　　　　　　　　　　　　　　　　　　　　　　　　　　　　　　　　│
[38;5;83m[PM-15:09:06][38;5;87m [PHPPO/INFO][38;5;231m [38;5;145m   3[38;5;59m|[38;5;231m		│			   PHP Prompt OS			  │
[38;5;83m[PM-15:09:06][38;5;87m [PHPPO/INFO][38;5;231m [38;5;145m   4[38;5;59m|[38;5;231m		│　　　　　　　   new style cli console system　　 　　  　　　　│
[38;5;83m[PM-15:09:06][38;5;87m [PHPPO/INFO][38;5;231m [38;5;145m   5[38;5;59m|[38;5;231m		│　　　　　        Copyright (C) 2016 chell rui　　  　　　　　　│
[38;5;83m[PM-15:09:06][38;5;87m [PHPPO/INFO][38;5;231m [38;5;145m   6[38;5;59m|[38;5;231m		│　　　　　　　　　　　　　　　　　　　　　　　　　　　　　　　　│
[38;5;83m[PM-15:09:06][38;5;87m [PHPPO/INFO][38;5;231m [38;5;145m   7[38;5;59m|[38;5;231m		┿━━━━━━━━━━━━━━━━━━━━━━━━━━━━━━◇◆┿
[38;5;83m[PM-15:09:06][38;5;87m [PHPPO/INFO][38;5;231m [38;5;145m   8[38;5;59m|[38;5;231m
[38;5;83m[PM-15:09:06][38;5;87m [PHPPO/INFO][38;5;231m [38;5;145m   9[38;5;59m|[38;5;231mThis program is free software; you can redistribute it andor modify it under the terms of the GNU General Public License as published by the Free Software Foundation; either version 3 of the License, or (at your option) any later version.
[38;5;83m[PM-15:09:06][38;5;87m [PHPPO/INFO][38;5;231m [38;5;145m  10[38;5;59m|[38;5;231m
[38;5;83m[PM-15:09:06][38;5;87m [PHPPO/INFO][38;5;231m [38;5;145m  11[38;5;59m|[38;5;231mThis program is distributed in the hope that it will be useful, but WITHOUT ANY WARRANTY; without even the implied warranty of MERCHANTABILITY or FITNESS FOR A PARTICULAR PURPOSE. See the GNU General Public License for more details.
[38;5;83m[PM-15:09:06][38;5;87m [PHPPO/INFO][38;5;231m [38;5;145m  12[38;5;59m|[38;5;231m
[38;5;83m[PM-15:09:06][38;5;87m [PHPPO/INFO][38;5;231m [38;5;145m  13[38;5;59m|[38;5;231mYou should have received a copy of the GNU General Public License along with this program. If not, see httpwww.gnu.orglicenses.
[38;5;83m[PM-15:11:35][38;5;87m [File/INFO][38;5;231m [38;5;145mライセンスファイルの更新を行っています...
[38;5;83m[PM-15:11:35][38;5;87m [File/INFO][38;5;231m [38;5;145m更新が終了しました。
[38;5;83m[PM-15:11:35][38;5;87m [File/INFO][38;5;231m [38;5;145mREADMEファイルの更新を行っています...
[38;5;83m[PM-15:11:35][38;5;87m [File/INFO][38;5;231m [38;5;145m更新が終了しました。
[38;5;83m[PM-15:11:35][38;5;87m [File/INFO][38;5;231m [38;5;63m起動完了！helpコマンドでコマンド一覧を表示。
[38;5;83m[PM-15:11:38][38;5;87m [PHPPO/ERROR][38;5;203m No such file or directory:C:\Users\ruito\Desktop\rui\PHP\PHP Prompt OS\root\あ 
[38;5;83m[PM-15:11:41][38;5;87m [PHPPO/INFO][38;5;231m [38;5;59m=====[38;5;37mDirectories[38;5;59m===== [38;5;59m:C:\Users\ruito\Desktop\rui\PHP\PHP Prompt OS
[38;5;83m[PM-15:11:41][38;5;87m [PHPPO/INFO][38;5;231m ܂
[38;5;83m[PM-15:11:41][38;5;87m [PHPPO/INFO][38;5;231m src
[38;5;83m[PM-15:11:41][38;5;87m [PHPPO/INFO][38;5;231m root
[38;5;83m[PM-15:11:41][38;5;87m [PHPPO/INFO][38;5;231m bin
[38;5;83m[PM-15:11:41][38;5;87m [PHPPO/INFO][38;5;231m .git
[38;5;83m[PM-15:11:41][38;5;87m [PHPPO/INFO][38;5;231m ..
[38;5;83m[PM-15:11:41][38;5;87m [PHPPO/INFO][38;5;231m .
[38;5;83m[PM-15:11:41][38;5;87m [PHPPO/INFO][38;5;231m [38;5;59m========[38;5;37mFiles[38;5;59m======== [38;5;59m:C:\Users\ruito\Desktop\rui\PHP\PHP Prompt OS
[38;5;83m[PM-15:11:41][38;5;87m [PHPPO/INFO][38;5;231m user.json
[38;5;83m[PM-15:11:41][38;5;87m [PHPPO/INFO][38;5;231m start.cmd
[38;5;83m[PM-15:11:41][38;5;87m [PHPPO/INFO][38;5;231m config.ini
[38;5;83m[PM-15:11:41][38;5;87m [PHPPO/INFO][38;5;231m README.txt
[38;5;83m[PM-15:11:41][38;5;87m [PHPPO/INFO][38;5;231m PHPPO-1.5.0_Beta_#35.phar
[38;5;83m[PM-15:11:41][38;5;87m [PHPPO/INFO][38;5;231m LICENSE.txt
[38;5;83m[PM-15:11:41][38;5;87m [PHPPO/INFO][38;5;231m .gitignore
[38;5;83m[PM-15:11:51][38;5;87m [PHPPO/ERROR][38;5;203m ファイルの読み込みに失敗しました！:C:\Users\ruito\Desktop\rui\PHP\PHP Prompt OS\licence.txt 
[38;5;83m[PM-15:12:01][38;5;87m [PHPPO/INFO][38;5;231m [38;5;59mC:\Users\ruito\Desktop\rui\PHP\PHP Prompt OS\license.txt のデータを表示します。
[38;5;83m[PM-15:12:01][38;5;87m [PHPPO/INFO][38;5;231m [38;5;145m   1[38;5;59m|[38;5;231m		┿━━━━━━━━━━━━━━━━━━━━━━━━━━━━━━━━┿
[38;5;83m[PM-15:12:01][38;5;87m [PHPPO/INFO][38;5;231m [38;5;145m   2[38;5;59m|[38;5;231m		│　　　　　　　　　　　　　　　　　　　　　　　　　　　　　　　　│
[38;5;83m[PM-15:12:01][38;5;87m [PHPPO/INFO][38;5;231m [38;5;145m   3[38;5;59m|[38;5;231m		│			   PHP Prompt OS			  │
[38;5;83m[PM-15:12:01][38;5;87m [PHPPO/INFO][38;5;231m [38;5;145m   4[38;5;59m|[38;5;231m		│　　　　　　　   new style cli console system　　 　　  　　　　│
[38;5;83m[PM-15:12:01][38;5;87m [PHPPO/INFO][38;5;231m [38;5;145m   5[38;5;59m|[38;5;231m		│　　　　　        Copyright (C) 2016 chell rui　　  　　　　　　│
[38;5;83m[PM-15:12:01][38;5;87m [PHPPO/INFO][38;5;231m [38;5;145m   6[38;5;59m|[38;5;231m		│　　　　　　　　　　　　　　　　　　　　　　　　　　　　　　　　│
[38;5;83m[PM-15:12:01][38;5;87m [PHPPO/INFO][38;5;231m [38;5;145m   7[38;5;59m|[38;5;231m		┿━━━━━━━━━━━━━━━━━━━━━━━━━━━━━━◇◆┿
[38;5;83m[PM-15:12:01][38;5;87m [PHPPO/INFO][38;5;231m [38;5;145m   8[38;5;59m|[38;5;231m
[38;5;83m[PM-15:12:01][38;5;87m [PHPPO/INFO][38;5;231m [38;5;145m   9[38;5;59m|[38;5;231mThis program is free software; you can redistribute it andor modify it under the terms of the GNU General Public License as published by the Free Software Foundation; either version 3 of the License, or (at your option) any later version.
[38;5;83m[PM-15:12:01][38;5;87m [PHPPO/INFO][38;5;231m [38;5;145m  10[38;5;59m|[38;5;231m
[38;5;83m[PM-15:12:01][38;5;87m [PHPPO/INFO][38;5;231m [38;5;145m  11[38;5;59m|[38;5;231mThis program is distributed in the hope that it will be useful, but WITHOUT ANY WARRANTY; without even the implied warranty of MERCHANTABILITY or FITNESS FOR A PARTICULAR PURPOSE. See the GNU General Public License for more details.
[38;5;83m[PM-15:12:01][38;5;87m [PHPPO/INFO][38;5;231m [38;5;145m  12[38;5;59m|[38;5;231m
[38;5;83m[PM-15:12:01][38;5;87m [PHPPO/INFO][38;5;231m [38;5;145m  13[38;5;59m|[38;5;231mYou should have received a copy of the GNU General Public License along with this program. If not, see httpwww.gnu.orglicenses.
[38;5;83m[PM-15:13:36][38;5;87m [File/INFO][38;5;231m [38;5;145mライセンスファイルの更新を行っています...
[38;5;83m[PM-15:13:36][38;5;87m [File/INFO][38;5;231m [38;5;145m更新が終了しました。
[38;5;83m[PM-15:13:36][38;5;87m [File/INFO][38;5;231m [38;5;145mREADMEファイルの更新を行っています...
[38;5;83m[PM-15:13:36][38;5;87m [File/INFO][38;5;231m [38;5;145m更新が終了しました。
[38;5;83m[PM-15:13:36][38;5;87m [File/INFO][38;5;231m [38;5;63m起動完了！helpコマンドでコマンド一覧を表示。
[38;5;83m[PM-15:13:46][38;5;87m [PHPPO/INFO][38;5;231m [38;5;203m"help[D[C"コマンドが見つかりませんでした。helpコマンドで確認してください。
[38;5;83m[PM-15:13:58][38;5;87m [PHPPO/INFO][38;5;231m [38;5;203m"[A"コマンドが見つかりませんでした。helpコマンドで確認してください。
[38;5;83m[PM-15:14:01][38;5;87m [PHPPO/INFO][38;5;231m [38;5;59m===================[38;5;231mコマンド一覧[38;5;59m===================[38;5;145m
[38;5;83m[PM-15:14:01][38;5;87m [PHPPO/INFO][38;5;231m [38;5;34mcat [38;5;83m<パス>[38;5;145m:指定されたファイルを表示[38;5;145m
[38;5;83m[PM-15:14:01][38;5;87m [PHPPO/INFO][38;5;231m [38;5;34mcd [38;5;83m<絶対/相対パス>[38;5;145m:カレントディレクトリを指定します。[38;5;145m
[38;5;83m[PM-15:14:01][38;5;87m [PHPPO/INFO][38;5;231m [38;5;34mclear [38;5;83m[38;5;145m:画面上から履歴が消えるように改行を繰り返します。[38;5;145m
[38;5;83m[PM-15:14:01][38;5;87m [PHPPO/INFO][38;5;231m [38;5;34mcls [38;5;83m[38;5;145m:画面をクリア[38;5;145m
[38;5;83m[PM-15:14:01][38;5;87m [PHPPO/INFO][38;5;231m [38;5;34mdelvar [38;5;83m<変数名>[38;5;145m:宣言済み環境変数を削除します。[38;5;145m
[38;5;83m[PM-15:14:01][38;5;87m [PHPPO/INFO][38;5;231m [38;5;34mecho [38;5;83m<メッセージ>/<on|off>[38;5;145m:文字列を出力。[38;5;145m
[38;5;83m[PM-15:14:01][38;5;87m [PHPPO/INFO][38;5;231m [38;5;34mexec [38;5;83m[38;5;145m:コマンド及び外部プロセスの実行。[38;5;145m
[38;5;83m[PM-15:14:01][38;5;87m [PHPPO/INFO][38;5;231m [38;5;34mexit [38;5;83m<ミリ秒数>[38;5;145m:PHP Prompt OSを終了。[38;5;145m
[38;5;83m[PM-15:14:01][38;5;87m [PHPPO/INFO][38;5;231m [38;5;34mhelp [38;5;83m<all|dev>/<コマンド>[38;5;145m:使用できるコマンド、コマンドの使用法を表示。[38;5;145m
[38;5;83m[PM-15:14:01][38;5;87m [PHPPO/INFO][38;5;231m [38;5;34minfo [38;5;83m<logo|auther|des|help|url|>[38;5;145m:当プログラムに関しての情報を表示。[38;5;145m
[38;5;83m[PM-15:14:01][38;5;87m [PHPPO/INFO][38;5;231m [38;5;34mlog [38;5;83m<on/off>[38;5;145m:ログファイルにログを出力するかの設定です。[38;5;145m
[38;5;83m[PM-15:14:01][38;5;87m [PHPPO/INFO][38;5;231m [38;5;34mls [38;5;83m[38;5;145m:カレントディレクトリ上のファイルとディレクトリのリストを表示します。[38;5;145m
[38;5;83m[PM-15:14:01][38;5;87m [PHPPO/INFO][38;5;231m [38;5;34mmkdir [38;5;83m[38;5;145m:ディレクトリを作成します[38;5;145m
[38;5;83m[PM-15:14:01][38;5;87m [PHPPO/INFO][38;5;231m [38;5;34mpwd [38;5;83m[38;5;145m:カレントディレクトリのパスを表示します。[38;5;145m
[38;5;83m[PM-15:14:01][38;5;87m [PHPPO/INFO][38;5;231m [38;5;34mreboot [38;5;83m<mode>[38;5;145m:PHPPOを再起動します。[38;5;145m
[38;5;83m[PM-15:14:01][38;5;87m [PHPPO/INFO][38;5;231m [38;5;34mscript [38;5;83m<ファイルネーム（拡張子を含む）>[38;5;145m:テキスト上のコマンドを改行ごとに実行します。[38;5;145m
[38;5;83m[PM-15:14:01][38;5;87m [PHPPO/INFO][38;5;231m [38;5;34mset [38;5;83m<変数名> <値>[38;5;145m:変数へ代入します[38;5;145m
[38;5;83m[PM-15:14:01][38;5;87m [PHPPO/INFO][38;5;231m [38;5;34mtitle [38;5;83m[38;5;145m:システムのタイトルを設定します。[38;5;145m
[38;5;83m[PM-15:14:01][38;5;87m [PHPPO/INFO][38;5;231m [38;5;34mvars [38;5;83m[38;5;145m:定義済みの環境変数を表示します。[38;5;145m
[38;5;83m[PM-15:14:01][38;5;87m [PHPPO/INFO][38;5;231m [38;5;34mwget [38;5;83m<URL>[38;5;145m:ファイルをダウンロードします。[38;5;145m
[38;5;83m[PM-15:14:01][38;5;87m [PHPPO/INFO][38;5;231m [38;5;59m===================================================[38;5;145m
[38;5;83m[PM-15:14:05][38;5;87m [PHPPO/INFO][38;5;231m [38;5;203m"wger"コマンドが見つかりませんでした。helpコマンドで確認してください。
[38;5;83m[PM-15:14:10][38;5;87m [PHPPO/INFO][38;5;231m URL(;rjf wpeojrfpeo;rjt p;oewktpo;w powkt po;we rkp;wotkg@ )からファイルを取得しています...
[38;5;83m[PM-15:14:10][38;5;87m [PHPPO/ERROR][38;5;203m URL(;rjf wpeojrfpeo;rjt p;oewktpo;w powkt po;we rkp;wotkg@ )からファイルの取得ができませんでした。
[38;5;83m[PM-15:14:56][38;5;87m [PHPPO/INFO][38;5;231m URL(files://C:windows/[D[D[D[D[D[D[D[D[D[D[D[D[D[D[D[D[D[C[C[C[C[C[C[C[C[C[C[C[C[C[C[C[C[C[C[C[C[C[C[C )からファイルを取得しています...
[38;5;83m[PM-15:14:56][38;5;87m [PHPPO/ERROR][38;5;203m URL(files://C:windows/[D[D[D[D[D[D[D[D[D[D[D[D[D[D[D[D[D[C[C[C[C[C[C[C[C[C[C[C[C[C[C[C[C[C[C[C[C[C[C[C )からファイルの取得ができませんでした。
[38;5;83m[PM-15:15:21][38;5;87m [PHPPO/INFO][38;5;231m URL(file:///C:/pagefile.sys )からファイルを取得しています...
[38;5;83m[PM-15:15:21][38;5;87m [PHPPO/ERROR][38;5;203m URL(file:///C:/pagefile.sys )からファイルの取得ができませんでした。
[38;5;83m[PM-15:16:57][38;5;87m [PHPPO/INFO][38;5;231m URL(file:///C:/GEARDIFx_install.log )からファイルを取得しています...
[38;5;83m[PM-15:16:57][38;5;87m [PHPPO/ERROR][38;5;203m URL(file:///C:/GEARDIFx_install.log )からファイルの取得ができませんでした。
[38;5;83m[PM-15:17:12][38;5;87m [PHPPO/INFO][38;5;231m URL(ftp )からファイルを取得しています...
[38;5;83m[PM-15:17:12][38;5;87m [PHPPO/ERROR][38;5;203m URL(ftp )からファイルの取得ができませんでした。
[38;5;83m[PM-15:17:52][38;5;87m [File/INFO][38;5;231m [38;5;145mライセンスファイルの更新を行っています...
[38;5;83m[PM-15:17:52][38;5;87m [File/INFO][38;5;231m [38;5;145m更新が終了しました。
[38;5;83m[PM-15:17:52][38;5;87m [File/INFO][38;5;231m [38;5;145mREADMEファイルの更新を行っています...
[38;5;83m[PM-15:17:52][38;5;87m [File/INFO][38;5;231m [38;5;145m更新が終了しました。
[38;5;83m[PM-15:17:52][38;5;87m [File/INFO][38;5;231m [38;5;63m起動完了！helpコマンドでコマンド一覧を表示。
[38;5;83m[PM-15:17:54][38;5;87m [PHPPO/INFO][38;5;231m URL(aaaa)からファイルを取得しています...
[38;5;83m[PM-15:17:54][38;5;87m [PHPPO/ERROR][38;5;203m URL(aaaa)からファイルの取得ができませんでした。
[38;5;83m[PM-17:18:36][38;5;87m [PHPPO/INFO][38;5;231m [38;5;59m===================[38;5;87m実装コマンド一覧[38;5;59m===================[38;5;145m
[38;5;83m[PM-17:18:36][38;5;87m [PHPPO/INFO][38;5;231m [38;5;59m[default]-[38;5;34mcat [38;5;83m<パス>[38;5;145m:指定されたファイルを表示[38;5;145m
[38;5;83m[PM-17:18:36][38;5;87m [PHPPO/INFO][38;5;231m [38;5;59m[default]-[38;5;34mcd [38;5;83m<絶対/相対パス>[38;5;145m:カレントディレクトリを指定します。[38;5;145m
[38;5;83m[PM-17:18:36][38;5;87m [PHPPO/INFO][38;5;231m [38;5;59m[default]-[38;5;34mclear [38;5;83m[38;5;145m:画面上から履歴が消えるように改行を繰り返します。[38;5;145m
[38;5;83m[PM-17:18:36][38;5;87m [PHPPO/INFO][38;5;231m [38;5;59m[default]-[38;5;34mcls [38;5;83m[38;5;145m:画面をクリア[38;5;145m
[38;5;83m[PM-17:18:36][38;5;87m [PHPPO/INFO][38;5;231m [38;5;59m[default]-[38;5;34mdelvar [38;5;83m<変数名>[38;5;145m:宣言済み環境変数を削除します。[38;5;145m
[38;5;83m[PM-17:18:36][38;5;87m [PHPPO/INFO][38;5;231m [38;5;59m[default]-[38;5;34mecho [38;5;83m<メッセージ>/<on|off>[38;5;145m:文字列を出力。[38;5;145m
[38;5;83m[PM-17:18:36][38;5;87m [PHPPO/INFO][38;5;231m [38;5;59m[default]-[38;5;34mexec [38;5;83m[38;5;145m:コマンド及び外部プロセスの実行。[38;5;145m
[38;5;83m[PM-17:18:36][38;5;87m [PHPPO/INFO][38;5;231m [38;5;59m[default]-[38;5;34mexit [38;5;83m<ミリ秒数>[38;5;145m:PHP Prompt OSを終了。[38;5;145m
[38;5;83m[PM-17:18:36][38;5;87m [PHPPO/INFO][38;5;231m [38;5;59m[secret]-[38;5;34mextract [38;5;83m<system>[38;5;145m:指定したpharファイルをソースディレクトリに展開します。[38;5;145m
[38;5;83m[PM-17:18:36][38;5;87m [PHPPO/INFO][38;5;231m [38;5;59m[default]-[38;5;34mhelp [38;5;83m<all|dev>/<コマンド>[38;5;145m:使用できるコマンド、コマンドの使用法を表示。[38;5;145m
[38;5;83m[PM-17:18:36][38;5;87m [PHPPO/INFO][38;5;231m [38;5;59m[default]-[38;5;34minfo [38;5;83m<logo|auther|des|help|url|>[38;5;145m:当プログラムに関しての情報を表示。[38;5;145m
[38;5;83m[PM-17:18:36][38;5;87m [PHPPO/INFO][38;5;231m [38;5;59m[secret]-[38;5;34minstall [38;5;83m<src>[38;5;145m:PHPPO専用パッケージをインストールします[38;5;145m
[38;5;83m[PM-17:18:36][38;5;87m [PHPPO/INFO][38;5;231m [38;5;59m[default]-[38;5;34mlog [38;5;83m<on/off>[38;5;145m:ログファイルにログを出力するかの設定です。[38;5;145m
[38;5;83m[PM-17:18:36][38;5;87m [PHPPO/INFO][38;5;231m [38;5;59m[secret]-[38;5;34mlogout [38;5;83m[38;5;145m:ログアウトします。[38;5;145m
[38;5;83m[PM-17:18:36][38;5;87m [PHPPO/INFO][38;5;231m [38;5;59m[default]-[38;5;34mls [38;5;83m[38;5;145m:カレントディレクトリ上のファイルとディレクトリのリストを表示します。[38;5;145m
[38;5;83m[PM-17:18:36][38;5;87m [PHPPO/INFO][38;5;231m [38;5;59m[dev]-[38;5;34mmakephar [38;5;83m<アプリケーション名|system>[38;5;145m:アプリケーション、または実行しているPHPPOのpharアーカイブ作成を行います。[38;5;145m
[38;5;83m[PM-17:18:36][38;5;87m [PHPPO/INFO][38;5;231m [38;5;59m[default]-[38;5;34mmkdir [38;5;83m[38;5;145m:ディレクトリを作成します[38;5;145m
[38;5;83m[PM-17:18:36][38;5;87m [PHPPO/INFO][38;5;231m [38;5;59m[default]-[38;5;34mpwd [38;5;83m[38;5;145m:カレントディレクトリのパスを表示します。[38;5;145m
[38;5;83m[PM-17:18:36][38;5;87m [PHPPO/INFO][38;5;231m [38;5;59m[default]-[38;5;34mreboot [38;5;83m<mode>[38;5;145m:PHPPOを再起動します。[38;5;145m
[38;5;83m[PM-17:18:36][38;5;87m [PHPPO/INFO][38;5;231m [38;5;59m[accessibility]-[38;5;34mrevc [38;5;83m[38;5;145m:画面上の文字の色の反転を切り替えます。[38;5;145m
[38;5;83m[PM-17:18:36][38;5;87m [PHPPO/INFO][38;5;231m [38;5;59m[default]-[38;5;34mscript [38;5;83m<ファイルネーム（拡張子を含む）>[38;5;145m:テキスト上のコマンドを改行ごとに実行します。[38;5;145m
[38;5;83m[PM-17:18:36][38;5;87m [PHPPO/INFO][38;5;231m [38;5;59m[default]-[38;5;34mset [38;5;83m<変数名> <値>[38;5;145m:変数へ代入します[38;5;145m
[38;5;83m[PM-17:18:36][38;5;87m [PHPPO/INFO][38;5;231m [38;5;59m[secret]-[38;5;34msetvalue [38;5;83m<変数名> <値>[38;5;145m:変数へ代入します[38;5;145m
[38;5;83m[PM-17:18:36][38;5;87m [PHPPO/INFO][38;5;231m [38;5;59m[secret]-[38;5;34mtime [38;5;83m[38;5;145m:コンピューターに設定されている時刻を表示。[38;5;145m
[38;5;83m[PM-17:18:36][38;5;87m [PHPPO/INFO][38;5;231m [38;5;59m[default]-[38;5;34mtitle [38;5;83m[38;5;145m:システムのタイトルを設定します。[38;5;145m
[38;5;83m[PM-17:18:36][38;5;87m [PHPPO/INFO][38;5;231m [38;5;59m[dev]-[38;5;34mvardump [38;5;83m<変数名>[38;5;145m:メイン処理におけるグローバル変数の内容を表示します。[38;5;145m
[38;5;83m[PM-17:18:36][38;5;87m [PHPPO/INFO][38;5;231m [38;5;59m[default]-[38;5;34mvars [38;5;83m[38;5;145m:定義済みの環境変数を表示します。[38;5;145m
[38;5;83m[PM-17:18:36][38;5;87m [PHPPO/INFO][38;5;231m [38;5;59m[script]-[38;5;34mwait [38;5;83m<ミリ秒>[38;5;145m:表示されているコンソール上での処理を指定時間中断します。[38;5;145m
[38;5;83m[PM-17:18:36][38;5;87m [PHPPO/INFO][38;5;231m [38;5;59m[default]-[38;5;34mwget [38;5;83m<URL>[38;5;145m:ファイルをダウンロードします。[38;5;145m
[38;5;83m[PM-17:18:36][38;5;87m [PHPPO/INFO][38;5;231m [38;5;59m=======================================================[38;5;145m
[38;5;83m[PM-17:19:17][38;5;87m [PHPPO/INFO][38;5;231m [38;5;59m===================[38;5;87m実装コマンド一覧[38;5;59m===================[38;5;145m
[38;5;83m[PM-17:19:17][38;5;87m [PHPPO/INFO][38;5;231m [38;5;59m[default]-[38;5;34mcat [38;5;83m<パス>[38;5;145m:指定されたファイルを表示[38;5;145m
[38;5;83m[PM-17:19:17][38;5;87m [PHPPO/INFO][38;5;231m [38;5;59m[default]-[38;5;34mcd [38;5;83m<絶対/相対パス>[38;5;145m:カレントディレクトリを指定します。[38;5;145m
[38;5;83m[PM-17:19:17][38;5;87m [PHPPO/INFO][38;5;231m [38;5;59m[default]-[38;5;34mclear [38;5;83m[38;5;145m:画面上から履歴が消えるように改行を繰り返します。[38;5;145m
[38;5;83m[PM-17:19:17][38;5;87m [PHPPO/INFO][38;5;231m [38;5;59m[default]-[38;5;34mcls [38;5;83m[38;5;145m:画面をクリア[38;5;145m
[38;5;83m[PM-17:19:17][38;5;87m [PHPPO/INFO][38;5;231m [38;5;59m[default]-[38;5;34mdelvar [38;5;83m<変数名>[38;5;145m:宣言済み環境変数を削除します。[38;5;145m
[38;5;83m[PM-17:19:17][38;5;87m [PHPPO/INFO][38;5;231m [38;5;59m[default]-[38;5;34mecho [38;5;83m<メッセージ>/<on|off>[38;5;145m:文字列を出力。[38;5;145m
[38;5;83m[PM-17:19:17][38;5;87m [PHPPO/INFO][38;5;231m [38;5;59m[default]-[38;5;34mexec [38;5;83m[38;5;145m:コマンド及び外部プロセスの実行。[38;5;145m
[38;5;83m[PM-17:19:17][38;5;87m [PHPPO/INFO][38;5;231m [38;5;59m[default]-[38;5;34mexit [38;5;83m<ミリ秒数>[38;5;145m:PHP Prompt OSを終了。[38;5;145m
[38;5;83m[PM-17:19:17][38;5;87m [PHPPO/INFO][38;5;231m [38;5;59m[secret]-[38;5;34mextract [38;5;83m<system>[38;5;145m:指定したpharファイルをソースディレクトリに展開します。[38;5;145m
[38;5;83m[PM-17:19:17][38;5;87m [PHPPO/INFO][38;5;231m [38;5;59m[default]-[38;5;34mhelp [38;5;83m<all|dev>/<コマンド>[38;5;145m:使用できるコマンド、コマンドの使用法を表示。[38;5;145m
[38;5;83m[PM-17:19:17][38;5;87m [PHPPO/INFO][38;5;231m [38;5;59m[default]-[38;5;34minfo [38;5;83m<logo|auther|des|help|url|>[38;5;145m:当プログラムに関しての情報を表示。[38;5;145m
[38;5;83m[PM-17:19:17][38;5;87m [PHPPO/INFO][38;5;231m [38;5;59m[secret]-[38;5;34minstall [38;5;83m<src>[38;5;145m:PHPPO専用パッケージをインストールします[38;5;145m
[38;5;83m[PM-17:19:17][38;5;87m [PHPPO/INFO][38;5;231m [38;5;59m[default]-[38;5;34mlog [38;5;83m<on/off>[38;5;145m:ログファイルにログを出力するかの設定です。[38;5;145m
[38;5;83m[PM-17:19:17][38;5;87m [PHPPO/INFO][38;5;231m [38;5;59m[secret]-[38;5;34mlogout [38;5;83m[38;5;145m:ログアウトします。[38;5;145m
[38;5;83m[PM-17:19:17][38;5;87m [PHPPO/INFO][38;5;231m [38;5;59m[default]-[38;5;34mls [38;5;83m[38;5;145m:カレントディレクトリ上のファイルとディレクトリのリストを表示します。[38;5;145m
[38;5;83m[PM-17:19:17][38;5;87m [PHPPO/INFO][38;5;231m [38;5;59m[dev]-[38;5;34mmakephar [38;5;83m<アプリケーション名|system>[38;5;145m:アプリケーション、または実行しているPHPPOのpharアーカイブ作成を行います。[38;5;145m
[38;5;83m[PM-17:19:17][38;5;87m [PHPPO/INFO][38;5;231m [38;5;59m[default]-[38;5;34mmkdir [38;5;83m[38;5;145m:ディレクトリを作成します[38;5;145m
[38;5;83m[PM-17:19:17][38;5;87m [PHPPO/INFO][38;5;231m [38;5;59m[default]-[38;5;34mpwd [38;5;83m[38;5;145m:カレントディレクトリのパスを表示します。[38;5;145m
[38;5;83m[PM-17:19:17][38;5;87m [PHPPO/INFO][38;5;231m [38;5;59m[default]-[38;5;34mreboot [38;5;83m<mode>[38;5;145m:PHPPOを再起動します。[38;5;145m
[38;5;83m[PM-17:19:17][38;5;87m [PHPPO/INFO][38;5;231m [38;5;59m[accessibility]-[38;5;34mrevc [38;5;83m[38;5;145m:画面上の文字の色の反転を切り替えます。[38;5;145m
[38;5;83m[PM-17:19:17][38;5;87m [PHPPO/INFO][38;5;231m [38;5;59m[default]-[38;5;34mscript [38;5;83m<ファイルネーム（拡張子を含む）>[38;5;145m:テキスト上のコマンドを改行ごとに実行します。[38;5;145m
[38;5;83m[PM-17:19:17][38;5;87m [PHPPO/INFO][38;5;231m [38;5;59m[default]-[38;5;34mset [38;5;83m<変数名> <値>[38;5;145m:変数へ代入します[38;5;145m
[38;5;83m[PM-17:19:17][38;5;87m [PHPPO/INFO][38;5;231m [38;5;59m[secret]-[38;5;34msetvalue [38;5;83m<変数名> <値>[38;5;145m:変数へ代入します[38;5;145m
[38;5;83m[PM-17:19:17][38;5;87m [PHPPO/INFO][38;5;231m [38;5;59m[secret]-[38;5;34mtime [38;5;83m[38;5;145m:コンピューターに設定されている時刻を表示。[38;5;145m
[38;5;83m[PM-17:19:17][38;5;87m [PHPPO/INFO][38;5;231m [38;5;59m[default]-[38;5;34mtitle [38;5;83m[38;5;145m:システムのタイトルを設定します。[38;5;145m
[38;5;83m[PM-17:19:17][38;5;87m [PHPPO/INFO][38;5;231m [38;5;59m[dev]-[38;5;34mvardump [38;5;83m<変数名>[38;5;145m:メイン処理におけるグローバル変数の内容を表示します。[38;5;145m
[38;5;83m[PM-17:19:17][38;5;87m [PHPPO/INFO][38;5;231m [38;5;59m[default]-[38;5;34mvars [38;5;83m[38;5;145m:定義済みの環境変数を表示します。[38;5;145m
[38;5;83m[PM-17:19:17][38;5;87m [PHPPO/INFO][38;5;231m [38;5;59m[script]-[38;5;34mwait [38;5;83m<ミリ秒>[38;5;145m:表示されているコンソール上での処理を指定時間中断します。[38;5;145m
[38;5;83m[PM-17:19:17][38;5;87m [PHPPO/INFO][38;5;231m [38;5;59m[default]-[38;5;34mwget [38;5;83m<URL>[38;5;145m:ファイルをダウンロードします。[38;5;145m
[38;5;83m[PM-17:19:17][38;5;87m [PHPPO/INFO][38;5;231m [38;5;59m=======================================================[38;5;145m
[38;5;83m[PM-17:19:25][38;5;87m [PHPPO/INFO][38;5;231m PHP Prompt OS を再起動します。
[38;5;83m[PM-17:19:25][38;5;87m [PHPPO/INFO][38;5;231m This window will be closed when the top of the thread has been completed
[38;5;83m[PM-17:36:49][38;5;87m [File/INFO][38;5;231m [38;5;145mライセンスファイルの更新を行っています...
[38;5;83m[PM-17:36:49][38;5;87m [File/INFO][38;5;231m [38;5;145m更新が終了しました。
[38;5;83m[PM-17:36:49][38;5;87m [File/INFO][38;5;231m [38;5;145mREADMEファイルの更新を行っています...
[38;5;83m[PM-17:36:49][38;5;87m [File/INFO][38;5;231m [38;5;145m更新が終了しました。
[38;5;83m[PM-17:36:49][38;5;87m [File/INFO][38;5;231m [38;5;63m起動完了！helpコマンドでコマンド一覧を表示。
[38;5;83m[PM-17:36:51][38;5;87m [PHPPO/INFO][38;5;231m [38;5;59m===================[38;5;231mコマンド一覧[38;5;59m===================[38;5;145m
[38;5;83m[PM-17:36:51][38;5;87m [PHPPO/INFO][38;5;231m [38;5;34mcat [38;5;83m<パス>[38;5;145m:指定されたファイルを表示[38;5;145m
[38;5;83m[PM-17:36:51][38;5;87m [PHPPO/INFO][38;5;231m [38;5;34mcd [38;5;83m<絶対/相対パス>[38;5;145m:カレントディレクトリを指定します。[38;5;145m
[38;5;83m[PM-17:36:51][38;5;87m [PHPPO/INFO][38;5;231m [38;5;34mclear [38;5;83m[38;5;145m:画面上から履歴が消えるように改行を繰り返します。[38;5;145m
[38;5;83m[PM-17:36:51][38;5;87m [PHPPO/INFO][38;5;231m [38;5;34mcls [38;5;83m[38;5;145m:画面をクリア[38;5;145m
[38;5;83m[PM-17:36:51][38;5;87m [PHPPO/INFO][38;5;231m [38;5;34mdelvar [38;5;83m<変数名>[38;5;145m:宣言済み環境変数を削除します。[38;5;145m
[38;5;83m[PM-17:36:51][38;5;87m [PHPPO/INFO][38;5;231m [38;5;34mecho [38;5;83m<メッセージ>/<on|off>[38;5;145m:文字列を出力。[38;5;145m
[38;5;83m[PM-17:36:51][38;5;87m [PHPPO/INFO][38;5;231m [38;5;34mexec [38;5;83m[38;5;145m:コマンド及び外部プロセスの実行。[38;5;145m
[38;5;83m[PM-17:36:51][38;5;87m [PHPPO/INFO][38;5;231m [38;5;34mexit [38;5;83m<ミリ秒数>[38;5;145m:PHP Prompt OSを終了。[38;5;145m
[38;5;83m[PM-17:36:51][38;5;87m [PHPPO/INFO][38;5;231m [38;5;34mhelp [38;5;83m<all|dev>/<コマンド>[38;5;145m:使用できるコマンド、コマンドの使用法を表示。[38;5;145m
[38;5;83m[PM-17:36:51][38;5;87m [PHPPO/INFO][38;5;231m [38;5;34minfo [38;5;83m<logo|auther|des|help|url|>[38;5;145m:当プログラムに関しての情報を表示。[38;5;145m
[38;5;83m[PM-17:36:51][38;5;87m [PHPPO/INFO][38;5;231m [38;5;34mlog [38;5;83m<on/off>[38;5;145m:ログファイルにログを出力するかの設定です。[38;5;145m
[38;5;83m[PM-17:36:51][38;5;87m [PHPPO/INFO][38;5;231m [38;5;34mls [38;5;83m[38;5;145m:カレントディレクトリ上のファイルとディレクトリのリストを表示します。[38;5;145m
[38;5;83m[PM-17:36:51][38;5;87m [PHPPO/INFO][38;5;231m [38;5;34mmkdir [38;5;83m[38;5;145m:ディレクトリを作成します[38;5;145m
[38;5;83m[PM-17:36:51][38;5;87m [PHPPO/INFO][38;5;231m [38;5;34mpwd [38;5;83m[38;5;145m:カレントディレクトリのパスを表示します。[38;5;145m
[38;5;83m[PM-17:36:51][38;5;87m [PHPPO/INFO][38;5;231m [38;5;34mreboot [38;5;83m<mode>[38;5;145m:PHPPOを再起動します。[38;5;145m
[38;5;83m[PM-17:36:51][38;5;87m [PHPPO/INFO][38;5;231m [38;5;34mscript [38;5;83m<ファイルネーム（拡張子を含む）>[38;5;145m:テキスト上のコマンドを改行ごとに実行します。[38;5;145m
[38;5;83m[PM-17:36:51][38;5;87m [PHPPO/INFO][38;5;231m [38;5;34mset [38;5;83m<変数名> <値>[38;5;145m:変数へ代入します[38;5;145m
[38;5;83m[PM-17:36:51][38;5;87m [PHPPO/INFO][38;5;231m [38;5;34mtitle [38;5;83m[38;5;145m:システムのタイトルを設定します。[38;5;145m
[38;5;83m[PM-17:36:51][38;5;87m [PHPPO/INFO][38;5;231m [38;5;34mvars [38;5;83m[38;5;145m:定義済みの環境変数を表示します。[38;5;145m
[38;5;83m[PM-17:36:51][38;5;87m [PHPPO/INFO][38;5;231m [38;5;34mwget [38;5;83m<URL>[38;5;145m:ファイルをダウンロードします。[38;5;145m
[38;5;83m[PM-17:36:51][38;5;87m [PHPPO/INFO][38;5;231m [38;5;59m===================================================[38;5;145m
[38;5;83m[PM-17:36:59][38;5;87m [File/INFO][38;5;231m [38;5;145mライセンスファイルの更新を行っています...
[38;5;83m[PM-17:36:59][38;5;87m [File/INFO][38;5;231m [38;5;145m更新が終了しました。
[38;5;83m[PM-17:36:59][38;5;87m [File/INFO][38;5;231m [38;5;145mREADMEファイルの更新を行っています...
[38;5;83m[PM-17:36:59][38;5;87m [File/INFO][38;5;231m [38;5;145m更新が終了しました。
[38;5;83m[PM-17:36:59][38;5;87m [File/INFO][38;5;231m [38;5;63m起動完了！helpコマンドでコマンド一覧を表示。
[38;5;83m[PM-17:37:02][38;5;87m [PHPPO/INFO][38;5;231m [38;5;203mAre you sure you want to compose the source of PHPPO that are currently running to the phar archive ?(y):
[38;5;83m[PM-17:37:02][38;5;87m [PHPPO/INFO][38;5;231m [38;5;231m['16.06.18 05:37:02] PHP Prompt OS 1.5.0_Beta built. No. #36
[38;5;83m[PM-17:37:02][38;5;87m [PHPPO/INFO][38;5;231m [38;5;227mCreateing...
[38;5;83m[PM-17:37:03][38;5;87m [PHPPO/INFO][38;5;231m [38;5;83mSuccess. [38;5;145m:C:\Users\ruito\Desktop\rui\PHP\PHP Prompt OS\PHPPO-1.5.0_Beta_#36.phar
[38;5;83m[PM-17:37:03][38;5;87m [PHPPO/INFO][38;5;231m File size:336571byte
[38;5;83m[PM-17:37:49][38;5;87m [File/INFO][38;5;231m [38;5;145mライセンスファイルの更新を行っています...
[38;5;83m[PM-17:37:49][38;5;87m [File/INFO][38;5;231m [38;5;145m更新が終了しました。
[38;5;83m[PM-17:37:49][38;5;87m [File/INFO][38;5;231m [38;5;145mREADMEファイルの更新を行っています...
[38;5;83m[PM-17:37:49][38;5;87m [File/INFO][38;5;231m [38;5;145m更新が終了しました。
[38;5;83m[PM-17:37:49][38;5;87m [File/INFO][38;5;231m [38;5;63m起動完了！helpコマンドでコマンド一覧を表示。
[38;5;83m[PM-17:37:51][38;5;87m [PHPPO/INFO][38;5;231m [38;5;59m===================[38;5;87m実装コマンド一覧[38;5;59m===================[38;5;145m
[38;5;83m[PM-17:37:51][38;5;87m [PHPPO/INFO][38;5;231m [38;5;59m[default]-[38;5;34mcat [38;5;83m<パス>[38;5;145m:指定されたファイルを表示[38;5;145m
[38;5;83m[PM-17:37:51][38;5;87m [PHPPO/INFO][38;5;231m [38;5;59m[default]-[38;5;34mcd [38;5;83m<絶対/相対パス>[38;5;145m:カレントディレクトリを指定します。[38;5;145m
[38;5;83m[PM-17:37:51][38;5;87m [PHPPO/INFO][38;5;231m [38;5;59m[default]-[38;5;34mclear [38;5;83m[38;5;145m:画面上から履歴が消えるように改行を繰り返します。[38;5;145m
[38;5;83m[PM-17:37:51][38;5;87m [PHPPO/INFO][38;5;231m [38;5;59m[default]-[38;5;34mcls [38;5;83m[38;5;145m:画面をクリア[38;5;145m
[38;5;83m[PM-17:37:51][38;5;87m [PHPPO/INFO][38;5;231m [38;5;59m[default]-[38;5;34mdelvar [38;5;83m<変数名>[38;5;145m:宣言済み環境変数を削除します。[38;5;145m
[38;5;83m[PM-17:37:51][38;5;87m [PHPPO/INFO][38;5;231m [38;5;59m[default]-[38;5;34mecho [38;5;83m<メッセージ>/<on|off>[38;5;145m:文字列を出力。[38;5;145m
[38;5;83m[PM-17:37:51][38;5;87m [PHPPO/INFO][38;5;231m [38;5;59m[default]-[38;5;34mexec [38;5;83m[38;5;145m:コマンド及び外部プロセスの実行。[38;5;145m
[38;5;83m[PM-17:37:51][38;5;87m [PHPPO/INFO][38;5;231m [38;5;59m[default]-[38;5;34mexit [38;5;83m<ミリ秒数>[38;5;145m:PHP Prompt OSを終了。[38;5;145m
[38;5;83m[PM-17:37:51][38;5;87m [PHPPO/INFO][38;5;231m [38;5;59m[secret]-[38;5;34mextract [38;5;83m<system>[38;5;145m:指定したpharファイルをソースディレクトリに展開します。[38;5;145m
[38;5;83m[PM-17:37:51][38;5;87m [PHPPO/INFO][38;5;231m [38;5;59m[default]-[38;5;34mhelp [38;5;83m<all|dev>/<コマンド>[38;5;145m:使用できるコマンド、コマンドの使用法を表示。[38;5;145m
[38;5;83m[PM-17:37:51][38;5;87m [PHPPO/INFO][38;5;231m [38;5;59m[default]-[38;5;34minfo [38;5;83m<logo|auther|des|help|url|>[38;5;145m:当プログラムに関しての情報を表示。[38;5;145m
[38;5;83m[PM-17:37:51][38;5;87m [PHPPO/INFO][38;5;231m [38;5;59m[secret]-[38;5;34minstall [38;5;83m<src>[38;5;145m:PHPPO専用パッケージをインストールします[38;5;145m
[38;5;83m[PM-17:37:51][38;5;87m [PHPPO/INFO][38;5;231m [38;5;59m[default]-[38;5;34mlog [38;5;83m<on/off>[38;5;145m:ログファイルにログを出力するかの設定です。[38;5;145m
[38;5;83m[PM-17:37:51][38;5;87m [PHPPO/INFO][38;5;231m [38;5;59m[secret]-[38;5;34mlogout [38;5;83m[38;5;145m:ログアウトします。[38;5;145m
[38;5;83m[PM-17:37:51][38;5;87m [PHPPO/INFO][38;5;231m [38;5;59m[default]-[38;5;34mls [38;5;83m[38;5;145m:カレントディレクトリ上のファイルとディレクトリのリストを表示します。[38;5;145m
[38;5;83m[PM-17:37:51][38;5;87m [PHPPO/INFO][38;5;231m [38;5;59m[dev]-[38;5;34mmakephar [38;5;83m<アプリケーション名|system>[38;5;145m:アプリケーション、または実行しているPHPPOのpharアーカイブ作成を行います。[38;5;145m
[38;5;83m[PM-17:37:51][38;5;87m [PHPPO/INFO][38;5;231m [38;5;59m[default]-[38;5;34mmkdir [38;5;83m[38;5;145m:ディレクトリを作成します[38;5;145m
[38;5;83m[PM-17:37:51][38;5;87m [PHPPO/INFO][38;5;231m [38;5;59m[default]-[38;5;34mpwd [38;5;83m[38;5;145m:カレントディレクトリのパスを表示します。[38;5;145m
[38;5;83m[PM-17:37:51][38;5;87m [PHPPO/INFO][38;5;231m [38;5;59m[default]-[38;5;34mreboot [38;5;83m<mode>[38;5;145m:PHPPOを再起動します。[38;5;145m
[38;5;83m[PM-17:37:51][38;5;87m [PHPPO/INFO][38;5;231m [38;5;59m[accessibility]-[38;5;34mrevc [38;5;83m[38;5;145m:画面上の文字の色の反転を切り替えます。[38;5;145m
[38;5;83m[PM-17:37:51][38;5;87m [PHPPO/INFO][38;5;231m [38;5;59m[default]-[38;5;34mscript [38;5;83m<ファイルネーム（拡張子を含む）>[38;5;145m:テキスト上のコマンドを改行ごとに実行します。[38;5;145m
[38;5;83m[PM-17:37:51][38;5;87m [PHPPO/INFO][38;5;231m [38;5;59m[default]-[38;5;34mset [38;5;83m<変数名> <値>[38;5;145m:変数へ代入します[38;5;145m
[38;5;83m[PM-17:37:51][38;5;87m [PHPPO/INFO][38;5;231m [38;5;59m[secret]-[38;5;34msetvalue [38;5;83m<変数名> <値>[38;5;145m:変数へ代入します[38;5;145m
[38;5;83m[PM-17:37:51][38;5;87m [PHPPO/INFO][38;5;231m [38;5;59m[secret]-[38;5;34mtime [38;5;83m[38;5;145m:コンピューターに設定されている時刻を表示。[38;5;145m
[38;5;83m[PM-17:37:51][38;5;87m [PHPPO/INFO][38;5;231m [38;5;59m[default]-[38;5;34mtitle [38;5;83m[38;5;145m:システムのタイトルを設定します。[38;5;145m
[38;5;83m[PM-17:37:51][38;5;87m [PHPPO/INFO][38;5;231m [38;5;59m[dev]-[38;5;34mvardump [38;5;83m<変数名>[38;5;145m:メイン処理におけるグローバル変数の内容を表示します。[38;5;145m
[38;5;83m[PM-17:37:51][38;5;87m [PHPPO/INFO][38;5;231m [38;5;59m[default]-[38;5;34mvars [38;5;83m[38;5;145m:定義済みの環境変数を表示します。[38;5;145m
[38;5;83m[PM-17:37:51][38;5;87m [PHPPO/INFO][38;5;231m [38;5;59m[script]-[38;5;34mwait [38;5;83m<ミリ秒>[38;5;145m:表示されているコンソール上での処理を指定時間中断します。[38;5;145m
[38;5;83m[PM-17:37:51][38;5;87m [PHPPO/INFO][38;5;231m [38;5;59m[default]-[38;5;34mwget [38;5;83m<URL>[38;5;145m:ファイルをダウンロードします。[38;5;145m
[38;5;83m[PM-17:37:51][38;5;87m [PHPPO/INFO][38;5;231m [38;5;59m=======================================================[38;5;145m
[38;5;83m[PM-18:33:16][38;5;87m [File/INFO][38;5;231m [38;5;145mライセンスファイルの更新を行っています...
[38;5;83m[PM-18:33:16][38;5;87m [File/INFO][38;5;231m [38;5;145m更新が終了しました。
[38;5;83m[PM-18:33:16][38;5;87m [File/INFO][38;5;231m [38;5;145mREADMEファイルの更新を行っています...
[38;5;83m[PM-18:33:16][38;5;87m [File/INFO][38;5;231m [38;5;145m更新が終了しました。
[38;5;83m[PM-18:33:16][38;5;87m [File/INFO][38;5;231m [38;5;63m起動完了！helpコマンドでコマンド一覧を表示。
[38;5;83m[PM-18:33:24][38;5;87m [PHPPO/INFO][38;5;231m [38;5;59m===================[38;5;231mコマンド一覧[38;5;59m===================[38;5;145m
[38;5;83m[PM-18:33:24][38;5;87m [PHPPO/INFO][38;5;231m [38;5;34mcat [38;5;83m<パス>[38;5;145m:指定されたファイルを表示[38;5;145m
[38;5;83m[PM-18:33:24][38;5;87m [PHPPO/INFO][38;5;231m [38;5;34mcd [38;5;83m<絶対/相対パス>[38;5;145m:カレントディレクトリを指定します。[38;5;145m
[38;5;83m[PM-18:33:24][38;5;87m [PHPPO/INFO][38;5;231m [38;5;34mclear [38;5;83m[38;5;145m:画面上から履歴が消えるように改行を繰り返します。[38;5;145m
[38;5;83m[PM-18:33:24][38;5;87m [PHPPO/INFO][38;5;231m [38;5;34mcls [38;5;83m[38;5;145m:画面をクリア[38;5;145m
[38;5;83m[PM-18:33:24][38;5;87m [PHPPO/INFO][38;5;231m [38;5;34mdelvar [38;5;83m<変数名>[38;5;145m:宣言済み環境変数を削除します。[38;5;145m
[38;5;83m[PM-18:33:24][38;5;87m [PHPPO/INFO][38;5;231m [38;5;34mecho [38;5;83m<メッセージ>/<on|off>[38;5;145m:文字列を出力。[38;5;145m
[38;5;83m[PM-18:33:24][38;5;87m [PHPPO/INFO][38;5;231m [38;5;34mexec [38;5;83m[38;5;145m:コマンド及び外部プロセスの実行。[38;5;145m
[38;5;83m[PM-18:33:24][38;5;87m [PHPPO/INFO][38;5;231m [38;5;34mexit [38;5;83m<ミリ秒数>[38;5;145m:PHP Prompt OSを終了。[38;5;145m
[38;5;83m[PM-18:33:24][38;5;87m [PHPPO/INFO][38;5;231m [38;5;34mhelp [38;5;83m<all|dev>/<コマンド>[38;5;145m:使用できるコマンド、コマンドの使用法を表示。[38;5;145m
[38;5;83m[PM-18:33:24][38;5;87m [PHPPO/INFO][38;5;231m [38;5;34minfo [38;5;83m<logo|auther|des|help|url|>[38;5;145m:当プログラムに関しての情報を表示。[38;5;145m
[38;5;83m[PM-18:33:24][38;5;87m [PHPPO/INFO][38;5;231m [38;5;34mlog [38;5;83m<on/off>[38;5;145m:ログファイルにログを出力するかの設定です。[38;5;145m
[38;5;83m[PM-18:33:24][38;5;87m [PHPPO/INFO][38;5;231m [38;5;34mls [38;5;83m[38;5;145m:カレントディレクトリ上のファイルとディレクトリのリストを表示します。[38;5;145m
[38;5;83m[PM-18:33:24][38;5;87m [PHPPO/INFO][38;5;231m [38;5;34mmkdir [38;5;83m[38;5;145m:ディレクトリを作成します[38;5;145m
[38;5;83m[PM-18:33:24][38;5;87m [PHPPO/INFO][38;5;231m [38;5;34mpwd [38;5;83m[38;5;145m:カレントディレクトリのパスを表示します。[38;5;145m
[38;5;83m[PM-18:33:24][38;5;87m [PHPPO/INFO][38;5;231m [38;5;34mreboot [38;5;83m<mode>[38;5;145m:PHPPOを再起動します。[38;5;145m
[38;5;83m[PM-18:33:24][38;5;87m [PHPPO/INFO][38;5;231m [38;5;34mscript [38;5;83m<ファイルネーム（拡張子を含む）>[38;5;145m:テキスト上のコマンドを改行ごとに実行します。[38;5;145m
[38;5;83m[PM-18:33:24][38;5;87m [PHPPO/INFO][38;5;231m [38;5;34mset [38;5;83m<変数名> <値>[38;5;145m:変数へ代入します[38;5;145m
[38;5;83m[PM-18:33:24][38;5;87m [PHPPO/INFO][38;5;231m [38;5;34mtitle [38;5;83m[38;5;145m:システムのタイトルを設定します。[38;5;145m
[38;5;83m[PM-18:33:24][38;5;87m [PHPPO/INFO][38;5;231m [38;5;34mvars [38;5;83m[38;5;145m:定義済みの環境変数を表示します。[38;5;145m
[38;5;83m[PM-18:33:24][38;5;87m [PHPPO/INFO][38;5;231m [38;5;34mwget [38;5;83m<URL>[38;5;145m:ファイルをダウンロードします。[38;5;145m
[38;5;83m[PM-18:33:24][38;5;87m [PHPPO/INFO][38;5;231m [38;5;59m===================================================[38;5;145m
[38;5;83m[PM-18:33:38][38;5;87m [PHPPO/INFO][38;5;231m さんのアカウントからログアウトします。
[38;5;83m[PM-18:33:38][38;5;87m [PHPPO/INFO][38;5;231m 再起動を行います...
[38;5;83m[PM-18:33:38][38;5;87m [PHPPO/INFO][38;5;231m Set current directory:C:\Users\ruito\Desktop\rui\PHP\PHP Prompt OS\root

[38;5;83m[PM-18:33:38][38;5;87m [PHPPO/INFO][38;5;231m here is :[38;5;145mC:\Users\ruito\Desktop\rui\PHP\PHP Prompt OS
[38;5;83m[PM-18:33:39][38;5;87m [welcome/INFO][38;5;231m [38;5;214m╋┓　　　　　　　　　　　　　　　　　　　　　　   　　　┏╋
[38;5;83m[PM-18:33:39][38;5;87m [welcome/INFO][38;5;231m [38;5;214m┗╋‥━‥━‥━‥━‥━‥━‥━‥━‥━‥━‥━‥━‥━‥━‥━‥━‥━‥━‥━‥━‥━‥━‥━‥━‥━‥━━╋┛
[38;5;83m[PM-18:33:39][38;5;87m [welcome/INFO][38;5;231m [38;5;227m  :::::::::  :::    ::: :::::::::  :::::::::   ::::::::  
[38;5;83m[PM-18:33:39][38;5;87m [welcome/INFO][38;5;231m [38;5;227m  :+:    :+: :+:    :+: :+:    :+: :+:    :+: :+:    :+:  [38;5;231mPHP Prompt OS
[38;5;83m[PM-18:33:39][38;5;87m [welcome/INFO][38;5;231m [38;5;227m  +:+    +:+ +:+    +:+ +:+    +:+ +:+    +:+ +:+    +:+     [38;5;231mmade by chell rui.
[38;5;83m[PM-18:33:39][38;5;87m [welcome/INFO][38;5;231m [38;5;227m  +#++:++#+  +#++:++#++ +#++:++#+  +#++:++#+  +#+    +:+        [38;5;231mversion [38;5;214m1.5.0_Beta
[38;5;83m[PM-18:33:39][38;5;87m [welcome/INFO][38;5;231m [38;5;227m  +#+        +#+    +#+ +#+        +#+        +#+    +#+             [38;5;231mbuild no.[38;5;83m#37
[38;5;83m[PM-18:33:39][38;5;87m [welcome/INFO][38;5;231m [38;5;227m  #+#        #+#    #+# #+#        #+#        #+#    #+#                [38;5;231mCurrent PHP version: [38;5;83mPHP5.6.9
[38;5;83m[PM-18:33:39][38;5;87m [welcome/INFO][38;5;231m [38;5;227m  ###        ###    ### ###        ###         ########  
[38;5;83m[PM-18:33:39][38;5;87m [welcome/INFO][38;5;231m [38;5;214m┏╋‥━‥━‥━‥━‥━‥━‥━‥━‥━‥━‥━‥━‥━‥━‥━‥━‥━‥━‥━‥━‥━‥━‥━‥━‥━‥━━╋┓
[38;5;83m[PM-18:33:39][38;5;87m [welcome/INFO][38;5;231m [38;5;214m╋┛　　　　　　　　　　　　　　　　　　　　　 　　  　　┗╋[38;5;231m
[38;5;83m[PM-18:33:39][38;5;87m [welcome/INFO][38;5;231m 初期化処理を行っています...

[38;5;83m[PM-18:33:39][38;5;87m [welcome/INFO][38;5;231m PHP Prompt OS Copyright (C) 2016 chell rui
[38;5;83m[PM-18:33:39][38;5;87m [Boot/INFO][38;5;231m [38;5;227mPHP Prompt OS[38;5;145m version [38;5;214m1.5.0_Beta
[38;5;83m[PM-18:33:39][38;5;87m [Boot/INFO][38;5;231m [38;5;87mCreated by chell rui.
[38;5;83m[PM-18:33:39][38;5;87m [LOGIN/INFO][38;5;231m 初期化処理が完了しました。

[38;5;83m[PM-21:08:59][38;5;87m [File/INFO][38;5;231m [38;5;145mライセンスファイルの更新を行っています...
[38;5;83m[PM-21:08:59][38;5;87m [File/INFO][38;5;231m [38;5;145m更新が終了しました。
[38;5;83m[PM-21:08:59][38;5;87m [File/INFO][38;5;231m [38;5;145mREADMEファイルの更新を行っています...
[38;5;83m[PM-21:08:59][38;5;87m [File/INFO][38;5;231m [38;5;145m更新が終了しました。
[38;5;83m[PM-21:08:59][38;5;87m [File/INFO][38;5;231m [38;5;63m起動完了！helpコマンドでコマンド一覧を表示。
[38;5;83m[PM-21:09:15][38;5;87m [File/INFO][38;5;231m [38;5;145mライセンスファイルの更新を行っています...
[38;5;83m[PM-21:09:15][38;5;87m [File/INFO][38;5;231m [38;5;145m更新が終了しました。
[38;5;83m[PM-21:09:15][38;5;87m [File/INFO][38;5;231m [38;5;145mREADMEファイルの更新を行っています...
[38;5;83m[PM-21:09:15][38;5;87m [File/INFO][38;5;231m [38;5;145m更新が終了しました。
[38;5;83m[PM-21:09:15][38;5;87m [File/INFO][38;5;231m [38;5;63m起動完了！helpコマンドでコマンド一覧を表示。
