[38;5;83m[PM-17:29:42][38;5;87m [File/INFO][38;5;231m [38;5;145mライセンスファイルの更新を行っています...
[38;5;83m[PM-17:29:42][38;5;87m [File/INFO][38;5;231m [38;5;145m更新が終了しました。
[38;5;83m[PM-17:29:42][38;5;87m [File/INFO][38;5;231m [38;5;145mREADMEファイルの更新を行っています...
[38;5;83m[PM-17:29:42][38;5;87m [File/INFO][38;5;231m [38;5;145m更新が終了しました。
[38;5;83m[PM-17:29:42][38;5;87m [File/INFO][38;5;231m [38;5;63m起動完了！helpコマンドでコマンド一覧を表示。
[38;5;83m[PM-17:29:48][38;5;87m [PHPPO/INFO][38;5;231m [38;5;59m===================[38;5;231mコマンド一覧[38;5;59m===================[38;5;145m
[38;5;83m[PM-17:29:48][38;5;87m [PHPPO/INFO][38;5;231m [38;5;34mcat [38;5;83m<パス>[38;5;145m:指定されたファイルを表示[38;5;145m
[38;5;83m[PM-17:29:48][38;5;87m [PHPPO/INFO][38;5;231m [38;5;34mcd [38;5;83m<絶対/相対パス>[38;5;145m:カレントディレクトリを指定します。[38;5;145m
[38;5;83m[PM-17:29:48][38;5;87m [PHPPO/INFO][38;5;231m [38;5;34mclear [38;5;83m[38;5;145m:画面上から履歴が消えるように改行を繰り返します。[38;5;145m
[38;5;83m[PM-17:29:48][38;5;87m [PHPPO/INFO][38;5;231m [38;5;34mcls [38;5;83m[38;5;145m:画面をクリア[38;5;145m
[38;5;83m[PM-17:29:48][38;5;87m [PHPPO/INFO][38;5;231m [38;5;34mdelvar [38;5;83m<変数名>[38;5;145m:宣言済み環境変数を削除します。[38;5;145m
[38;5;83m[PM-17:29:48][38;5;87m [PHPPO/INFO][38;5;231m [38;5;34mecho [38;5;83m<メッセージ>/<on|off>[38;5;145m:文字列を出力。[38;5;145m
[38;5;83m[PM-17:29:48][38;5;87m [PHPPO/INFO][38;5;231m [38;5;34mexec [38;5;83m[38;5;145m:コマンド及び外部プロセスの実行。[38;5;145m
[38;5;83m[PM-17:29:48][38;5;87m [PHPPO/INFO][38;5;231m [38;5;34mexit [38;5;83m<ミリ秒数>[38;5;145m:PHP Prompt OSを終了。[38;5;145m
[38;5;83m[PM-17:29:48][38;5;87m [PHPPO/INFO][38;5;231m [38;5;34mhelp [38;5;83m<all|dev>/<コマンド>[38;5;145m:使用できるコマンド、コマンドの使用法を表示。[38;5;145m
[38;5;83m[PM-17:29:48][38;5;87m [PHPPO/INFO][38;5;231m [38;5;34minfo [38;5;83m<logo|auther|des|help|url|>[38;5;145m:当プログラムに関しての情報を表示。[38;5;145m
[38;5;83m[PM-17:29:48][38;5;87m [PHPPO/INFO][38;5;231m [38;5;34mlog [38;5;83m<on/off>[38;5;145m:ログファイルにログを出力するかの設定です。[38;5;145m
[38;5;83m[PM-17:29:48][38;5;87m [PHPPO/INFO][38;5;231m [38;5;34mls [38;5;83m[38;5;145m:カレントディレクトリ上のファイルとディレクトリのリストを表示します。[38;5;145m
[38;5;83m[PM-17:29:48][38;5;87m [PHPPO/INFO][38;5;231m [38;5;34mmkdir [38;5;83m[38;5;145m:ディレクトリを作成します[38;5;145m
[38;5;83m[PM-17:29:48][38;5;87m [PHPPO/INFO][38;5;231m [38;5;34mpwd [38;5;83m[38;5;145m:カレントディレクトリのパスを表示します。[38;5;145m
[38;5;83m[PM-17:29:48][38;5;87m [PHPPO/INFO][38;5;231m [38;5;34mreboot [38;5;83m<mode>[38;5;145m:PHPPOを再起動します。[38;5;145m
[38;5;83m[PM-17:29:48][38;5;87m [PHPPO/INFO][38;5;231m [38;5;34mscript [38;5;83m<ファイルネーム（拡張子を含む）>[38;5;145m:テキスト上のコマンドを改行ごとに実行します。[38;5;145m
[38;5;83m[PM-17:29:48][38;5;87m [PHPPO/INFO][38;5;231m [38;5;34mset [38;5;83m<変数名> <値>[38;5;145m:変数へ代入します[38;5;145m
[38;5;83m[PM-17:29:48][38;5;87m [PHPPO/INFO][38;5;231m [38;5;34mtitle [38;5;83m[38;5;145m:システムのタイトルを設定します。[38;5;145m
[38;5;83m[PM-17:29:48][38;5;87m [PHPPO/INFO][38;5;231m [38;5;34mvars [38;5;83m[38;5;145m:定義済みの環境変数を表示します。[38;5;145m
[38;5;83m[PM-17:29:48][38;5;87m [PHPPO/INFO][38;5;231m [38;5;34mwget [38;5;83m<URL>[38;5;145m:ファイルをダウンロードします。[38;5;145m
[38;5;83m[PM-17:29:48][38;5;87m [PHPPO/INFO][38;5;231m [38;5;59m===================================================[38;5;145m
[38;5;83m[PM-17:29:53][38;5;87m [PHPPO/INFO][38;5;231m [38;5;59m===================[38;5;87m実装コマンド一覧[38;5;59m===================[38;5;145m
[38;5;83m[PM-17:29:53][38;5;87m [PHPPO/INFO][38;5;231m [38;5;59m[default]-[38;5;34mcat [38;5;83m<パス>[38;5;145m:指定されたファイルを表示[38;5;145m
[38;5;83m[PM-17:29:53][38;5;87m [PHPPO/INFO][38;5;231m [38;5;59m[default]-[38;5;34mcd [38;5;83m<絶対/相対パス>[38;5;145m:カレントディレクトリを指定します。[38;5;145m
[38;5;83m[PM-17:29:53][38;5;87m [PHPPO/INFO][38;5;231m [38;5;59m[default]-[38;5;34mclear [38;5;83m[38;5;145m:画面上から履歴が消えるように改行を繰り返します。[38;5;145m
[38;5;83m[PM-17:29:53][38;5;87m [PHPPO/INFO][38;5;231m [38;5;59m[default]-[38;5;34mcls [38;5;83m[38;5;145m:画面をクリア[38;5;145m
[38;5;83m[PM-17:29:53][38;5;87m [PHPPO/INFO][38;5;231m [38;5;59m[default]-[38;5;34mdelvar [38;5;83m<変数名>[38;5;145m:宣言済み環境変数を削除します。[38;5;145m
[38;5;83m[PM-17:29:53][38;5;87m [PHPPO/INFO][38;5;231m [38;5;59m[default]-[38;5;34mecho [38;5;83m<メッセージ>/<on|off>[38;5;145m:文字列を出力。[38;5;145m
[38;5;83m[PM-17:29:53][38;5;87m [PHPPO/INFO][38;5;231m [38;5;59m[default]-[38;5;34mexec [38;5;83m[38;5;145m:コマンド及び外部プロセスの実行。[38;5;145m
[38;5;83m[PM-17:29:53][38;5;87m [PHPPO/INFO][38;5;231m [38;5;59m[default]-[38;5;34mexit [38;5;83m<ミリ秒数>[38;5;145m:PHP Prompt OSを終了。[38;5;145m
[38;5;83m[PM-17:29:53][38;5;87m [PHPPO/INFO][38;5;231m [38;5;59m[secret]-[38;5;34mextract [38;5;83m<system>[38;5;145m:指定したpharファイルをソースディレクトリに展開します。[38;5;145m
[38;5;83m[PM-17:29:53][38;5;87m [PHPPO/INFO][38;5;231m [38;5;59m[default]-[38;5;34mhelp [38;5;83m<all|dev>/<コマンド>[38;5;145m:使用できるコマンド、コマンドの使用法を表示。[38;5;145m
[38;5;83m[PM-17:29:53][38;5;87m [PHPPO/INFO][38;5;231m [38;5;59m[default]-[38;5;34minfo [38;5;83m<logo|auther|des|help|url|>[38;5;145m:当プログラムに関しての情報を表示。[38;5;145m
[38;5;83m[PM-17:29:53][38;5;87m [PHPPO/INFO][38;5;231m [38;5;59m[secret]-[38;5;34minstall [38;5;83m<src>[38;5;145m:PHPPO専用パッケージをインストールします[38;5;145m
[38;5;83m[PM-17:29:53][38;5;87m [PHPPO/INFO][38;5;231m [38;5;59m[default]-[38;5;34mlog [38;5;83m<on/off>[38;5;145m:ログファイルにログを出力するかの設定です。[38;5;145m
[38;5;83m[PM-17:29:53][38;5;87m [PHPPO/INFO][38;5;231m [38;5;59m[secret]-[38;5;34mlogout [38;5;83m[38;5;145m:ログアウトします。[38;5;145m
[38;5;83m[PM-17:29:53][38;5;87m [PHPPO/INFO][38;5;231m [38;5;59m[default]-[38;5;34mls [38;5;83m[38;5;145m:カレントディレクトリ上のファイルとディレクトリのリストを表示します。[38;5;145m
[38;5;83m[PM-17:29:53][38;5;87m [PHPPO/INFO][38;5;231m [38;5;59m[dev]-[38;5;34mmakephar [38;5;83m<アプリケーション名|system>[38;5;145m:アプリケーション、または実行しているPHPPOのpharアーカイブ作成を行います。[38;5;145m
[38;5;83m[PM-17:29:53][38;5;87m [PHPPO/INFO][38;5;231m [38;5;59m[default]-[38;5;34mmkdir [38;5;83m[38;5;145m:ディレクトリを作成します[38;5;145m
[38;5;83m[PM-17:29:53][38;5;87m [PHPPO/INFO][38;5;231m [38;5;59m[default]-[38;5;34mpwd [38;5;83m[38;5;145m:カレントディレクトリのパスを表示します。[38;5;145m
[38;5;83m[PM-17:29:53][38;5;87m [PHPPO/INFO][38;5;231m [38;5;59m[default]-[38;5;34mreboot [38;5;83m<mode>[38;5;145m:PHPPOを再起動します。[38;5;145m
[38;5;83m[PM-17:29:53][38;5;87m [PHPPO/INFO][38;5;231m [38;5;59m[accessibility]-[38;5;34mrevc [38;5;83m[38;5;145m:画面上の文字の色の反転を切り替えます。[38;5;145m
[38;5;83m[PM-17:29:53][38;5;87m [PHPPO/INFO][38;5;231m [38;5;59m[default]-[38;5;34mscript [38;5;83m<ファイルネーム（拡張子を含む）>[38;5;145m:テキスト上のコマンドを改行ごとに実行します。[38;5;145m
[38;5;83m[PM-17:29:53][38;5;87m [PHPPO/INFO][38;5;231m [38;5;59m[default]-[38;5;34mset [38;5;83m<変数名> <値>[38;5;145m:変数へ代入します[38;5;145m
[38;5;83m[PM-17:29:53][38;5;87m [PHPPO/INFO][38;5;231m [38;5;59m[secret]-[38;5;34msetvalue [38;5;83m<変数名> <値>[38;5;145m:変数へ代入します[38;5;145m
[38;5;83m[PM-17:29:53][38;5;87m [PHPPO/INFO][38;5;231m [38;5;59m[secret]-[38;5;34mtime [38;5;83m[38;5;145m:コンピューターに設定されている時刻を表示。[38;5;145m
[38;5;83m[PM-17:29:53][38;5;87m [PHPPO/INFO][38;5;231m [38;5;59m[default]-[38;5;34mtitle [38;5;83m[38;5;145m:システムのタイトルを設定します。[38;5;145m
[38;5;83m[PM-17:29:53][38;5;87m [PHPPO/INFO][38;5;231m [38;5;59m[dev]-[38;5;34mvardump [38;5;83m<変数名>[38;5;145m:メイン処理におけるグローバル変数の内容を表示します。[38;5;145m
[38;5;83m[PM-17:29:53][38;5;87m [PHPPO/INFO][38;5;231m [38;5;59m[default]-[38;5;34mvars [38;5;83m[38;5;145m:定義済みの環境変数を表示します。[38;5;145m
[38;5;83m[PM-17:29:53][38;5;87m [PHPPO/INFO][38;5;231m [38;5;59m[script]-[38;5;34mwait [38;5;83m<ミリ秒>[38;5;145m:表示されているコンソール上での処理を指定時間中断します。[38;5;145m
[38;5;83m[PM-17:29:53][38;5;87m [PHPPO/INFO][38;5;231m [38;5;59m[default]-[38;5;34mwget [38;5;83m<URL>[38;5;145m:ファイルをダウンロードします。[38;5;145m
[38;5;83m[PM-17:29:53][38;5;87m [PHPPO/INFO][38;5;231m [38;5;59m=======================================================[38;5;145m
[38;5;83m[PM-17:30:07][38;5;87m [PHPPO/INFO][38;5;231m [38;5;59m=====[38;5;37mDirectories[38;5;59m===== [38;5;59m:C:\Users\ruito\Desktop\rui\PHP\PHP Prompt OS\root
[38;5;83m[PM-17:30:07][38;5;87m [PHPPO/INFO][38;5;231m scripts
[38;5;83m[PM-17:30:07][38;5;87m [PHPPO/INFO][38;5;231m plugins
[38;5;83m[PM-17:30:07][38;5;87m [PHPPO/INFO][38;5;231m home
[38;5;83m[PM-17:30:07][38;5;87m [PHPPO/INFO][38;5;231m bin
[38;5;83m[PM-17:30:07][38;5;87m [PHPPO/INFO][38;5;231m ..
[38;5;83m[PM-17:30:07][38;5;87m [PHPPO/INFO][38;5;231m .
[38;5;83m[PM-17:30:07][38;5;87m [PHPPO/INFO][38;5;231m $Trash
[38;5;83m[PM-17:30:07][38;5;87m [PHPPO/INFO][38;5;231m [38;5;59m========[38;5;37mFiles[38;5;59m======== [38;5;59m:C:\Users\ruito\Desktop\rui\PHP\PHP Prompt OS\root
[38;5;83m[PM-17:30:36][38;5;87m [PHPPO/INFO][38;5;231m [38;5;59m=====[38;5;37mDirectories[38;5;59m===== [38;5;59m:C:\Users\ruito\Desktop\rui\PHP\PHP Prompt OS\root\scripts
[38;5;83m[PM-17:30:36][38;5;87m [PHPPO/INFO][38;5;231m samples
[38;5;83m[PM-17:30:36][38;5;87m [PHPPO/INFO][38;5;231m ..
[38;5;83m[PM-17:30:36][38;5;87m [PHPPO/INFO][38;5;231m .
[38;5;83m[PM-17:30:36][38;5;87m [PHPPO/INFO][38;5;231m [38;5;59m========[38;5;37mFiles[38;5;59m======== [38;5;59m:C:\Users\ruito\Desktop\rui\PHP\PHP Prompt OS\root\scripts
[38;5;83m[PM-17:30:41][38;5;87m [PHPPO/INFO][38;5;231m [38;5;59m=====[38;5;37mDirectories[38;5;59m===== [38;5;59m:C:\Users\ruito\Desktop\rui\PHP\PHP Prompt OS\root\scripts\samples
[38;5;83m[PM-17:30:41][38;5;87m [PHPPO/INFO][38;5;231m ..
[38;5;83m[PM-17:30:41][38;5;87m [PHPPO/INFO][38;5;231m .
[38;5;83m[PM-17:30:41][38;5;87m [PHPPO/INFO][38;5;231m [38;5;59m========[38;5;37mFiles[38;5;59m======== [38;5;59m:C:\Users\ruito\Desktop\rui\PHP\PHP Prompt OS\root\scripts\samples
[38;5;83m[PM-17:30:41][38;5;87m [PHPPO/INFO][38;5;231m sample4.sh
[38;5;83m[PM-17:30:41][38;5;87m [PHPPO/INFO][38;5;231m sample3.sh
[38;5;83m[PM-17:30:41][38;5;87m [PHPPO/INFO][38;5;231m sample2.sh
[38;5;83m[PM-17:30:41][38;5;87m [PHPPO/INFO][38;5;231m sample.sh
[38;5;83m[PM-17:30:41][38;5;87m [PHPPO/INFO][38;5;231m error.sh
[38;5;83m[PM-17:30:46][38;5;87m [PHPPO/ERROR][38;5;203m Call to undefined function runCommand()
[38;5;83m[PM-17:30:46][38;5;87m [PHPPO/CRITICAL][38;5;124m システム内部に致命的なエラーが発生したためPHP Prompt OSを終了します...

