[38;5;83m[PM-15:46:27][38;5;87m [File/INFO][38;5;231m [38;5;145mライセンスファイルの更新を行っています...
[38;5;83m[PM-15:46:27][38;5;87m [File/INFO][38;5;231m [38;5;145m更新が終了しました。
[38;5;83m[PM-15:46:27][38;5;87m [File/INFO][38;5;231m [38;5;145mREADMEファイルの更新を行っています...
[38;5;83m[PM-15:46:27][38;5;87m [File/INFO][38;5;231m [38;5;145m更新が終了しました。
[38;5;83m[PM-15:46:27][38;5;87m [File/INFO][38;5;231m [38;5;63m起動完了！helpコマンドでコマンド一覧を表示。
[38;5;83m[PM-15:46:29][38;5;87m [PHPPO/INFO][38;5;231m [38;5;203m"a"コマンドが見つかりませんでした。helpコマンドで確認してください。
[38;5;83m[PM-15:46:48][38;5;87m [File/INFO][38;5;231m [38;5;145mライセンスファイルの更新を行っています...
[38;5;83m[PM-15:46:48][38;5;87m [File/INFO][38;5;231m [38;5;145m更新が終了しました。
[38;5;83m[PM-15:46:48][38;5;87m [File/INFO][38;5;231m [38;5;145mREADMEファイルの更新を行っています...
[38;5;83m[PM-15:46:48][38;5;87m [File/INFO][38;5;231m [38;5;145m更新が終了しました。
[38;5;83m[PM-15:46:48][38;5;87m [File/INFO][38;5;231m [38;5;63m起動完了！helpコマンドでコマンド一覧を表示。
[38;5;83m[PM-15:50:25][38;5;87m [File/INFO][38;5;231m [38;5;145mライセンスファイルの更新を行っています...
[38;5;83m[PM-15:50:25][38;5;87m [File/INFO][38;5;231m [38;5;145m更新が終了しました。
[38;5;83m[PM-15:50:25][38;5;87m [File/INFO][38;5;231m [38;5;145mREADMEファイルの更新を行っています...
[38;5;83m[PM-15:50:25][38;5;87m [File/INFO][38;5;231m [38;5;145m更新が終了しました。
[38;5;83m[PM-15:50:25][38;5;87m [File/INFO][38;5;231m [38;5;63m起動完了！helpコマンドでコマンド一覧を表示。
[38;5;83m[PM-15:50:32][38;5;87m [File/INFO][38;5;231m [38;5;145mライセンスファイルの更新を行っています...
[38;5;83m[PM-15:50:32][38;5;87m [File/INFO][38;5;231m [38;5;145m更新が終了しました。
[38;5;83m[PM-15:50:32][38;5;87m [File/INFO][38;5;231m [38;5;145mREADMEファイルの更新を行っています...
[38;5;83m[PM-15:50:32][38;5;87m [File/INFO][38;5;231m [38;5;145m更新が終了しました。
[38;5;83m[PM-15:50:32][38;5;87m [File/INFO][38;5;231m [38;5;63m起動完了！helpコマンドでコマンド一覧を表示。
[38;5;83m[PM-15:50:53][38;5;87m [File/INFO][38;5;231m [38;5;145mライセンスファイルの更新を行っています...
[38;5;83m[PM-15:50:53][38;5;87m [File/INFO][38;5;231m [38;5;145m更新が終了しました。
[38;5;83m[PM-15:50:53][38;5;87m [File/INFO][38;5;231m [38;5;145mREADMEファイルの更新を行っています...
[38;5;83m[PM-15:50:53][38;5;87m [File/INFO][38;5;231m [38;5;145m更新が終了しました。
[38;5;83m[PM-15:50:53][38;5;87m [File/INFO][38;5;231m [38;5;63m起動完了！helpコマンドでコマンド一覧を表示。
[38;5;83m[PM-15:50:56][38;5;87m [PHPPO/INFO][38;5;231m [38;5;203mAre you sure you want to compose the source of PHPPO that are currently running to the phar archive ?(y):
[38;5;83m[PM-15:50:57][38;5;87m [PHPPO/INFO][38;5;231m [38;5;231m['16.06.11 03:50:57] PHP Prompt OS 1.5.0_Beta built. No. #35
[38;5;83m[PM-15:50:57][38;5;87m [PHPPO/INFO][38;5;231m [38;5;227mCreateing...
[38;5;83m[PM-15:50:58][38;5;87m [PHPPO/INFO][38;5;231m [38;5;83mSuccess. [38;5;145m:C:\Users\ruito\Desktop\rui\PHP\PHP Prompt OS\PHPPO-1.5.0_Beta_#35.phar
[38;5;83m[PM-15:50:58][38;5;87m [PHPPO/INFO][38;5;231m File size:336122byte
