[38;5;83m[%time] [38;5;87m[%thread/%info][38;5;207m%cd[38;5;227m[38;5;231m [38;5;145mãƒ©ã‚¤ã‚»ãƒ³ã‚¹ãƒ•ã‚¡ã‚¤ãƒ«ã®æ›´æ–°ã‚’è¡Œã£ã¦ã„ã¾ã™...
[38;5;83m[%time] [38;5;87m[%thread/%info][38;5;207m%cd[38;5;227m[38;5;231m [38;5;145mæ›´æ–°ãŒçµ‚äº†ã—ã¾ã—ãŸã€‚
[38;5;83m[%time] [38;5;87m[%thread/%info][38;5;207m%cd[38;5;227m[38;5;231m [38;5;145mREADMEãƒ•ã‚¡ã‚¤ãƒ«ã®æ›´æ–°ã‚’è¡Œã£ã¦ã„ã¾ã™...
[38;5;83m[%time] [38;5;87m[%thread/%info][38;5;207m%cd[38;5;227m[38;5;231m [38;5;145mæ›´æ–°ãŒçµ‚äº†ã—ã¾ã—ãŸã€‚
[38;5;83m[%time] [38;5;87m[%thread/%info][38;5;207m%cd[38;5;227m[38;5;231m Welcome to PHPPO! 
[38;5;83m[%time] [38;5;87m[%thread/%info][38;5;207m%cd[38;5;227m[38;5;231m [38;5;203mAre you sure you want to compose the source of PHPPO that are currently running to the phar archive ?(y):
[38;5;83m[%time] [38;5;87m[%thread/%info][38;5;207m%cd[38;5;227m[38;5;231m [38;5;231m['16.07.02 08:09:30] PHP Prompt OS 1.5.3_Alpha built. No. #39
[38;5;83m[%time] [38;5;87m[%thread/%info][38;5;207m%cd[38;5;227m[38;5;231m [38;5;227mCreateing...
[38;5;83m[%time] [38;5;87m[%thread/%info][38;5;207m%cd[38;5;227m[38;5;231m [38;5;83mSuccess. [38;5;145m:C:\Users\ruito\Desktop\rui\PHP\PHP Prompt OS\PHPPO-1.5.3_Alpha_#39.phar
[38;5;83m[%time] [38;5;87m[%thread/%info][38;5;207m%cd[38;5;227m[38;5;231m File size:341355byte
[38;5;83m[%time] [38;5;87m[%thread/%info][38;5;207m%cd[38;5;227m[38;5;231m [38;5;145mãƒ©ã‚¤ã‚»ãƒ³ã‚¹ãƒ•ã‚¡ã‚¤ãƒ«ã®æ›´æ–°ã‚’è¡Œã£ã¦ã„ã¾ã™...
[38;5;83m[%time] [38;5;87m[%thread/%info][38;5;207m%cd[38;5;227m[38;5;231m [38;5;145mæ›´æ–°ãŒçµ‚äº†ã—ã¾ã—ãŸã€‚
[38;5;83m[%time] [38;5;87m[%thread/%info][38;5;207m%cd[38;5;227m[38;5;231m [38;5;145mREADMEãƒ•ã‚¡ã‚¤ãƒ«ã®æ›´æ–°ã‚’è¡Œã£ã¦ã„ã¾ã™...
[38;5;83m[%time] [38;5;87m[%thread/%info][38;5;207m%cd[38;5;227m[38;5;231m [38;5;145mæ›´æ–°ãŒçµ‚äº†ã—ã¾ã—ãŸã€‚
[38;5;83m[%time] [38;5;87m[%thread/%info][38;5;207m%cd[38;5;227m[38;5;231m Welcome to PHPPO! 
[38;5;83m[%time] [38;5;87m[%thread/%info][38;5;207m%cd[38;5;227m[38;5;231m %time 
[38;5;83m[%time] [38;5;87m[%thread/%info][38;5;207m%cd[38;5;227m[38;5;231m  jkh kj k    hj   onigiri 
[38;5;83m[%time] [38;5;87m[%thread/%info][38;5;207m%cd[38;5;227m[38;5;231m [38;5;203m"a,onigirida"ã‚³ãƒãƒ³ãƒ‰ãŒè¦‹ã¤ã‹ã‚Šã¾ã›ã‚“ã§ã—ãŸã€‚helpã‚³ãƒãƒ³ãƒ‰ã§ç¢ºèªã—ã¦ãã ã•ã„ã€‚
[38;5;83m[%time] [38;5;87m[%thread/%info][38;5;207m%cd[38;5;227m[38;5;231m [38;5;203m"a"ã‚³ãƒãƒ³ãƒ‰ãŒè¦‹ã¤ã‹ã‚Šã¾ã›ã‚“ã§ã—ãŸã€‚helpã‚³ãƒãƒ³ãƒ‰ã§ç¢ºèªã—ã¦ãã ã•ã„ã€‚
[38;5;83m[%time] [38;5;87m[%thread/%info][38;5;207m%cd[38;5;227m[38;5;231m [38;5;203m"aaa"ã‚³ãƒãƒ³ãƒ‰ãŒè¦‹ã¤ã‹ã‚Šã¾ã›ã‚“ã§ã—ãŸã€‚helpã‚³ãƒãƒ³ãƒ‰ã§ç¢ºèªã—ã¦ãã ã•ã„ã€‚
[38;5;83m[%time] [38;5;87m[%thread/%info][38;5;207m%cd[38;5;227m[38;5;231m [38;5;145mãƒ©ã‚¤ã‚»ãƒ³ã‚¹ãƒ•ã‚¡ã‚¤ãƒ«ã®æ›´æ–°ã‚’è¡Œã£ã¦ã„ã¾ã™...
[38;5;83m[%time] [38;5;87m[%thread/%info][38;5;207m%cd[38;5;227m[38;5;231m [38;5;145mæ›´æ–°ãŒçµ‚äº†ã—ã¾ã—ãŸã€‚
[38;5;83m[%time] [38;5;87m[%thread/%info][38;5;207m%cd[38;5;227m[38;5;231m [38;5;145mREADMEãƒ•ã‚¡ã‚¤ãƒ«ã®æ›´æ–°ã‚’è¡Œã£ã¦ã„ã¾ã™...
[38;5;83m[%time] [38;5;87m[%thread/%info][38;5;207m%cd[38;5;227m[38;5;231m [38;5;145mæ›´æ–°ãŒçµ‚äº†ã—ã¾ã—ãŸã€‚
[38;5;83m[%time] [38;5;87m[%thread/%info][38;5;207m%cd[38;5;227m[38;5;231m a
[38;5;83m[%time] [38;5;87m[%thread/%info][38;5;207m%cd[38;5;227m[38;5;231m as asd as   asd asd             asd
[38;5;83m[%time] [38;5;87m[%thread/%info][38;5;207m%cd[38;5;227m[38;5;231m PM-20:17:39
[38;5;83m[%time] [38;5;87m[%thread/%info][38;5;207m%cd[38;5;227m[38;5;231m [38;5;145mãƒ©ã‚¤ã‚»ãƒ³ã‚¹ãƒ•ã‚¡ã‚¤ãƒ«ã®æ›´æ–°ã‚’è¡Œã£ã¦ã„ã¾ã™...
[38;5;83m[%time] [38;5;87m[%thread/%info][38;5;207m%cd[38;5;227m[38;5;231m [38;5;145mæ›´æ–°ãŒçµ‚äº†ã—ã¾ã—ãŸã€‚
[38;5;83m[%time] [38;5;87m[%thread/%info][38;5;207m%cd[38;5;227m[38;5;231m [38;5;145mREADMEãƒ•ã‚¡ã‚¤ãƒ«ã®æ›´æ–°ã‚’è¡Œã£ã¦ã„ã¾ã™...
[38;5;83m[%time] [38;5;87m[%thread/%info][38;5;207m%cd[38;5;227m[38;5;231m [38;5;145mæ›´æ–°ãŒçµ‚äº†ã—ã¾ã—ãŸã€‚
[38;5;83m[%time] [38;5;87m[%thread/%info][38;5;207m%cd[38;5;227m[38;5;231m aaa
[38;5;83m[%time] [38;5;87m[%thread/%info][38;5;207m%cd[38;5;227m[38;5;231m [38;5;145mãƒ©ã‚¤ã‚»ãƒ³ã‚¹ãƒ•ã‚¡ã‚¤ãƒ«ã®æ›´æ–°ã‚’è¡Œã£ã¦ã„ã¾ã™...
[38;5;83m[%time] [38;5;87m[%thread/%info][38;5;207m%cd[38;5;227m[38;5;231m [38;5;145mæ›´æ–°ãŒçµ‚äº†ã—ã¾ã—ãŸã€‚
[38;5;83m[%time] [38;5;87m[%thread/%info][38;5;207m%cd[38;5;227m[38;5;231m [38;5;145mREADMEãƒ•ã‚¡ã‚¤ãƒ«ã®æ›´æ–°ã‚’è¡Œã£ã¦ã„ã¾ã™...
[38;5;83m[%time] [38;5;87m[%thread/%info][38;5;207m%cd[38;5;227m[38;5;231m [38;5;145mæ›´æ–°ãŒçµ‚äº†ã—ã¾ã—ãŸã€‚
[38;5;83m[%time] [38;5;87m[%thread/%info][38;5;207m%cd[38;5;227m[38;5;231m "time"
[38;5;83m[%time] [38;5;87m[%thread/%info][38;5;207m%cd[38;5;227m[38;5;231m aaa aaaaaaa aa
[38;5;83m[%time] [38;5;87m[%thread/%info][38;5;207m%cd[38;5;227m[38;5;231m p
[38;5;83m[%time] [38;5;87m[%thread/%info][38;5;207m%cd[38;5;227m[38;5;231m = PM-20:18:18 PM-20:18:18
[38;5;83m[%time] [38;5;87m[%thread/%info][38;5;207m%cd[38;5;227m[38;5;231m = PM-20:18:18 PM-20:18:18 : %time%
[38;5;83m[%time] [38;5;87m[%thread/%info][38;5;207m%cd[38;5;227m[38;5;231m [38;5;145mãƒ©ã‚¤ã‚»ãƒ³ã‚¹ãƒ•ã‚¡ã‚¤ãƒ«ã®æ›´æ–°ã‚’è¡Œã£ã¦ã„ã¾ã™...
[38;5;83m[%time] [38;5;87m[%thread/%info][38;5;207m%cd[38;5;227m[38;5;231m [38;5;145mæ›´æ–°ãŒçµ‚äº†ã—ã¾ã—ãŸã€‚
[38;5;83m[%time] [38;5;87m[%thread/%info][38;5;207m%cd[38;5;227m[38;5;231m [38;5;145mREADMEãƒ•ã‚¡ã‚¤ãƒ«ã®æ›´æ–°ã‚’è¡Œã£ã¦ã„ã¾ã™...
[38;5;83m[%time] [38;5;87m[%thread/%info][38;5;207m%cd[38;5;227m[38;5;231m [38;5;145mæ›´æ–°ãŒçµ‚äº†ã—ã¾ã—ãŸã€‚
[38;5;83m[%time] [38;5;87m[%thread/%info][38;5;207m%cd[38;5;227m[38;5;231m [38;5;203mAre you sure you want to compose the source of PHPPO that are currently running to the phar archive ?(y):
[38;5;83m[%time] [38;5;87m[%thread/%info][38;5;207m%cd[38;5;227m[38;5;231m [38;5;231m['16.07.02 08:19:20] PHP Prompt OS 1.5.3_Alpha built. No. #40
[38;5;83m[%time] [38;5;87m[%thread/%info][38;5;207m%cd[38;5;227m[38;5;231m [38;5;227mCreateing...
[38;5;83m[%time] [38;5;87m[%thread/%info][38;5;207m%cd[38;5;227m[38;5;231m [38;5;83mSuccess. [38;5;145m:C:\Users\ruito\Desktop\rui\PHP\PHP Prompt OS\PHPPO-1.5.3_Alpha_#40.phar
[38;5;83m[%time] [38;5;87m[%thread/%info][38;5;207m%cd[38;5;227m[38;5;231m File size:341655byte
[38;5;83m[%time] [38;5;87m[%thread/%info][38;5;207m%cd[38;5;227m[38;5;231m [38;5;145mãƒ©ã‚¤ã‚»ãƒ³ã‚¹ãƒ•ã‚¡ã‚¤ãƒ«ã®æ›´æ–°ã‚’è¡Œã£ã¦ã„ã¾ã™...
[38;5;83m[%time] [38;5;87m[%thread/%info][38;5;207m%cd[38;5;227m[38;5;231m [38;5;145mæ›´æ–°ãŒçµ‚äº†ã—ã¾ã—ãŸã€‚
[38;5;83m[%time] [38;5;87m[%thread/%info][38;5;207m%cd[38;5;227m[38;5;231m [38;5;145mREADMEãƒ•ã‚¡ã‚¤ãƒ«ã®æ›´æ–°ã‚’è¡Œã£ã¦ã„ã¾ã™...
[38;5;83m[%time] [38;5;87m[%thread/%info][38;5;207m%cd[38;5;227m[38;5;231m [38;5;145mæ›´æ–°ãŒçµ‚äº†ã—ã¾ã—ãŸã€‚
[38;5;83m[%time] [38;5;87m[%thread/%info][38;5;207m%cd[38;5;227m[38;5;231m [38;5;145mãƒ©ã‚¤ã‚»ãƒ³ã‚¹ãƒ•ã‚¡ã‚¤ãƒ«ã®æ›´æ–°ã‚’è¡Œã£ã¦ã„ã¾ã™...
[38;5;83m[%time] [38;5;87m[%thread/%info][38;5;207m%cd[38;5;227m[38;5;231m [38;5;145mæ›´æ–°ãŒçµ‚äº†ã—ã¾ã—ãŸã€‚
[38;5;83m[%time] [38;5;87m[%thread/%info][38;5;207m%cd[38;5;227m[38;5;231m [38;5;145mREADMEãƒ•ã‚¡ã‚¤ãƒ«ã®æ›´æ–°ã‚’è¡Œã£ã¦ã„ã¾ã™...
[38;5;83m[%time] [38;5;87m[%thread/%info][38;5;207m%cd[38;5;227m[38;5;231m [38;5;145mæ›´æ–°ãŒçµ‚äº†ã—ã¾ã—ãŸã€‚
[38;5;83m[%time] [38;5;87m[%thread/%info][38;5;207m%cd[38;5;227m[38;5;231m [38;5;59m===================[38;5;87må®Ÿè£…ã‚³ãƒãƒ³ãƒ‰ä¸€è¦§[38;5;59m===================[38;5;145m
[38;5;83m[%time] [38;5;87m[%thread/%info][38;5;207m%cd[38;5;227m[38;5;231m [38;5;59m[default]-[38;5;34mcat [38;5;83m<ãƒ‘ã‚¹>[38;5;145m:æŒ‡å®šã•ã‚ŒãŸãƒ•ã‚¡ã‚¤ãƒ«ã‚’è¡¨ç¤º[38;5;145m
[38;5;83m[%time] [38;5;87m[%thread/%info][38;5;207m%cd[38;5;227m[38;5;231m [38;5;59m[default]-[38;5;34mcd [38;5;83m<çµ¶å¯¾/ç›¸å¯¾ãƒ‘ã‚¹>[38;5;145m:ã‚«ãƒ¬ãƒ³ãƒˆãƒ‡ã‚£ãƒ¬ã‚¯ãƒˆãƒªã‚’æŒ‡å®šã—ã¾ã™ã€‚[38;5;145m
[38;5;83m[%time] [38;5;87m[%thread/%info][38;5;207m%cd[38;5;227m[38;5;231m [38;5;59m[default]-[38;5;34mclear [38;5;83m[38;5;145m:ç”»é¢ä¸Šã‹ã‚‰å±¥æ­´ãŒæ¶ˆãˆã‚‹ã‚ˆã†ã«æ”¹è¡Œã‚’ç¹°ã‚Šè¿”ã—ã¾ã™ã€‚[38;5;145m
[38;5;83m[%time] [38;5;87m[%thread/%info][38;5;207m%cd[38;5;227m[38;5;231m [38;5;59m[default]-[38;5;34mdelvar [38;5;83m<å¤‰æ•°å>[38;5;145m:å®£è¨€æ¸ˆã¿ç’°å¢ƒå¤‰æ•°ã‚’å‰Šé™¤ã—ã¾ã™ã€‚[38;5;145m
[38;5;83m[%time] [38;5;87m[%thread/%info][38;5;207m%cd[38;5;227m[38;5;231m [38;5;59m[default]-[38;5;34mecho [38;5;83m<ãƒ¡ãƒƒã‚»ãƒ¼ã‚¸>/<on|off>[38;5;145m:æ–‡å­—åˆ—ã‚’å‡ºåŠ›ã€‚[38;5;145m
[38;5;83m[%time] [38;5;87m[%thread/%info][38;5;207m%cd[38;5;227m[38;5;231m [38;5;59m[default]-[38;5;34mexec [38;5;83m[38;5;145m:ã‚³ãƒãƒ³ãƒ‰åŠã³å¤–éƒ¨ãƒ—ãƒ­ã‚»ã‚¹ã®å®Ÿè¡Œã€‚[38;5;145m
[38;5;83m[%time] [38;5;87m[%thread/%info][38;5;207m%cd[38;5;227m[38;5;231m [38;5;59m[default]-[38;5;34mexit [38;5;83m<ãƒŸãƒªç§’æ•°>[38;5;145m:PHP Prompt OSã‚’çµ‚äº†ã€‚[38;5;145m
[38;5;83m[%time] [38;5;87m[%thread/%info][38;5;207m%cd[38;5;227m[38;5;231m [38;5;59m[secret]-[38;5;34mextract [38;5;83m<system>[38;5;145m:æŒ‡å®šã—ãŸpharãƒ•ã‚¡ã‚¤ãƒ«ã‚’ã‚½ãƒ¼ã‚¹ãƒ‡ã‚£ãƒ¬ã‚¯ãƒˆãƒªã«å±•é–‹ã—ã¾ã™ã€‚[38;5;145m
[38;5;83m[%time] [38;5;87m[%thread/%info][38;5;207m%cd[38;5;227m[38;5;231m [38;5;59m[default]-[38;5;34mhelp [38;5;83m<all|dev>/<ã‚³ãƒãƒ³ãƒ‰>[38;5;145m:ä½¿ç”¨ã§ãã‚‹ã‚³ãƒãƒ³ãƒ‰ã€ã‚³ãƒãƒ³ãƒ‰ã®ä½¿ç”¨æ³•ã‚’è¡¨ç¤ºã€‚[38;5;145m
[38;5;83m[%time] [38;5;87m[%thread/%info][38;5;207m%cd[38;5;227m[38;5;231m [38;5;59m[default]-[38;5;34minfo [38;5;83m<logo|auther|des|help|url|>[38;5;145m:å½“ãƒ—ãƒ­ã‚°ãƒ©ãƒ ã«é–¢ã—ã¦ã®æƒ…å ±ã‚’è¡¨ç¤ºã€‚[38;5;145m
[38;5;83m[%time] [38;5;87m[%thread/%info][38;5;207m%cd[38;5;227m[38;5;231m [38;5;59m[secret]-[38;5;203minstall [38;5;83m<src>[38;5;145m:PHPPOå°‚ç”¨ãƒ‘ãƒƒã‚±ãƒ¼ã‚¸ã‚’ã‚¤ãƒ³ã‚¹ãƒˆãƒ¼ãƒ«ã—ã¾ã™[38;5;145m
[38;5;83m[%time] [38;5;87m[%thread/%info][38;5;207m%cd[38;5;227m[38;5;231m [38;5;59m[default]-[38;5;34mlog [38;5;83m<on/off>[38;5;145m:ãƒ­ã‚°ãƒ•ã‚¡ã‚¤ãƒ«ã«ãƒ­ã‚°ã‚’å‡ºåŠ›ã™ã‚‹ã‹ã®è¨­å®šã§ã™ã€‚[38;5;145m
[38;5;83m[%time] [38;5;87m[%thread/%info][38;5;207m%cd[38;5;227m[38;5;231m [38;5;59m[secret]-[38;5;203mlogout [38;5;83m[38;5;145m:ãƒ­ã‚°ã‚¢ã‚¦ãƒˆã—ã¾ã™ã€‚[38;5;145m
[38;5;83m[%time] [38;5;87m[%thread/%info][38;5;207m%cd[38;5;227m[38;5;231m [38;5;59m[default]-[38;5;34mls [38;5;83m[38;5;145m:ã‚«ãƒ¬ãƒ³ãƒˆãƒ‡ã‚£ãƒ¬ã‚¯ãƒˆãƒªä¸Šã®ãƒ•ã‚¡ã‚¤ãƒ«ã¨ãƒ‡ã‚£ãƒ¬ã‚¯ãƒˆãƒªã®ãƒªã‚¹ãƒˆã‚’è¡¨ç¤ºã—ã¾ã™ã€‚[38;5;145m
[38;5;83m[%time] [38;5;87m[%thread/%info][38;5;207m%cd[38;5;227m[38;5;231m [38;5;59m[dev]-[38;5;34mmakephar [38;5;83m<ã‚¢ãƒ—ãƒªã‚±ãƒ¼ã‚·ãƒ§ãƒ³å|system>[38;5;145m:ã‚¢ãƒ—ãƒªã‚±ãƒ¼ã‚·ãƒ§ãƒ³ã€ã¾ãŸã¯å®Ÿè¡Œã—ã¦ã„ã‚‹PHPPOã®pharã‚¢ãƒ¼ã‚«ã‚¤ãƒ–ä½œæˆã‚’è¡Œã„ã¾ã™ã€‚[38;5;145m
[38;5;83m[%time] [38;5;87m[%thread/%info][38;5;207m%cd[38;5;227m[38;5;231m [38;5;59m[default]-[38;5;34mmkdir [38;5;83m[38;5;145m:ãƒ‡ã‚£ãƒ¬ã‚¯ãƒˆãƒªã‚’ä½œæˆã—ã¾ã™[38;5;145m
[38;5;83m[%time] [38;5;87m[%thread/%info][38;5;207m%cd[38;5;227m[38;5;231m [38;5;59m[default]-[38;5;34mpwd [38;5;83m[38;5;145m:ã‚«ãƒ¬ãƒ³ãƒˆãƒ‡ã‚£ãƒ¬ã‚¯ãƒˆãƒªã®ãƒ‘ã‚¹ã‚’è¡¨ç¤ºã—ã¾ã™ã€‚[38;5;145m
[38;5;83m[%time] [38;5;87m[%thread/%info][38;5;207m%cd[38;5;227m[38;5;231m [38;5;59m[default]-[38;5;34mreboot [38;5;83m<mode>[38;5;145m:PHPPOã‚’å†èµ·å‹•ã—ã¾ã™ã€‚[38;5;145m
[38;5;83m[%time] [38;5;87m[%thread/%info][38;5;207m%cd[38;5;227m[38;5;231m [38;5;59m[accessibility]-[38;5;34mrevc [38;5;83m[38;5;145m:ç”»é¢ä¸Šã®æ–‡å­—ã®è‰²ã®åè»¢ã‚’åˆ‡ã‚Šæ›¿ãˆã¾ã™ã€‚[38;5;145m
[38;5;83m[%time] [38;5;87m[%thread/%info][38;5;207m%cd[38;5;227m[38;5;231m [38;5;59m[default]-[38;5;34mrmdir [38;5;83m<ãƒ‘ã‚¹>[38;5;145m:ãƒ‘ã‚¹ã§æŒ‡å®šã—ãŸãƒ‡ã‚£ãƒ¬ã‚¯ãƒˆãƒªã‚’å‰Šé™¤ã—ã¾ã™ã€‚[38;5;145m
[38;5;83m[%time] [38;5;87m[%thread/%info][38;5;207m%cd[38;5;227m[38;5;231m [38;5;59m[default]-[38;5;34mscript [38;5;83m<ãƒ•ã‚¡ã‚¤ãƒ«ãƒãƒ¼ãƒ ï¼ˆæ‹¡å¼µå­ã‚’å«ã‚€ï¼‰>[38;5;145m:ãƒ†ã‚­ã‚¹ãƒˆä¸Šã®ã‚³ãƒãƒ³ãƒ‰ã‚’æ”¹è¡Œã”ã¨ã«å®Ÿè¡Œã—ã¾ã™ã€‚[38;5;145m
[38;5;83m[%time] [38;5;87m[%thread/%info][38;5;207m%cd[38;5;227m[38;5;231m [38;5;59m[default]-[38;5;34mset [38;5;83m<å¤‰æ•°å> <å€¤>[38;5;145m:å¤‰æ•°ã¸ä»£å…¥ã—ã¾ã™[38;5;145m
[38;5;83m[%time] [38;5;87m[%thread/%info][38;5;207m%cd[38;5;227m[38;5;231m [38;5;59m[secret]-[38;5;34msetvalue [38;5;83m<å¤‰æ•°å> <å€¤>[38;5;145m:å¤‰æ•°ã¸ä»£å…¥ã—ã¾ã™[38;5;145m
[38;5;83m[%time] [38;5;87m[%thread/%info][38;5;207m%cd[38;5;227m[38;5;231m [38;5;59m[secret]-[38;5;34mtime [38;5;83m[38;5;145m:ã‚³ãƒ³ãƒ”ãƒ¥ãƒ¼ã‚¿ãƒ¼ã«è¨­å®šã•ã‚Œã¦ã„ã‚‹æ™‚åˆ»ã‚’è¡¨ç¤ºã€‚[38;5;145m
[38;5;83m[%time] [38;5;87m[%thread/%info][38;5;207m%cd[38;5;227m[38;5;231m [38;5;59m[default]-[38;5;34mtitle [38;5;83m[38;5;145m:ã‚·ã‚¹ãƒ†ãƒ ã®ã‚¿ã‚¤ãƒˆãƒ«ã‚’è¨­å®šã—ã¾ã™ã€‚[38;5;145m
[38;5;83m[%time] [38;5;87m[%thread/%info][38;5;207m%cd[38;5;227m[38;5;231m [38;5;59m[dev]-[38;5;34mvardump [38;5;83m<å¤‰æ•°å>[38;5;145m:ãƒ¡ã‚¤ãƒ³å‡¦ç†ã«ãŠã‘ã‚‹ã‚°ãƒ­ãƒ¼ãƒãƒ«å¤‰æ•°ã®å†…å®¹ã‚’è¡¨ç¤ºã—ã¾ã™ã€‚[38;5;145m
[38;5;83m[%time] [38;5;87m[%thread/%info][38;5;207m%cd[38;5;227m[38;5;231m [38;5;59m[default]-[38;5;34mvars [38;5;83m[38;5;145m:å®šç¾©æ¸ˆã¿ã®ç’°å¢ƒå¤‰æ•°ã‚’è¡¨ç¤ºã—ã¾ã™ã€‚[38;5;145m
[38;5;83m[%time] [38;5;87m[%thread/%info][38;5;207m%cd[38;5;227m[38;5;231m [38;5;59m[script]-[38;5;34mwait [38;5;83m<ãƒŸãƒªç§’>[38;5;145m:è¡¨ç¤ºã•ã‚Œã¦ã„ã‚‹ã‚³ãƒ³ã‚½ãƒ¼ãƒ«ä¸Šã§ã®å‡¦ç†ã‚’æŒ‡å®šæ™‚é–“ä¸­æ–­ã—ã¾ã™ã€‚[38;5;145m
[38;5;83m[%time] [38;5;87m[%thread/%info][38;5;207m%cd[38;5;227m[38;5;231m [38;5;59m[default]-[38;5;34mwget [38;5;83m<URL>[38;5;145m:ãƒ•ã‚¡ã‚¤ãƒ«ã‚’ãƒ€ã‚¦ãƒ³ãƒ­ãƒ¼ãƒ‰ã—ã¾ã™ã€‚[38;5;145m
[38;5;83m[%time] [38;5;87m[%thread/%info][38;5;207m%cd[38;5;227m[38;5;231m [38;5;59m=======================================================[38;5;145m
[38;5;83m[%time] [38;5;87m[%thread/%info][38;5;207m%cd[38;5;227m[38;5;231m [38;5;145mãƒ©ã‚¤ã‚»ãƒ³ã‚¹ãƒ•ã‚¡ã‚¤ãƒ«ã®æ›´æ–°ã‚’è¡Œã£ã¦ã„ã¾ã™...
[38;5;83m[%time] [38;5;87m[%thread/%info][38;5;207m%cd[38;5;227m[38;5;231m [38;5;145mæ›´æ–°ãŒçµ‚äº†ã—ã¾ã—ãŸã€‚
[38;5;83m[%time] [38;5;87m[%thread/%info][38;5;207m%cd[38;5;227m[38;5;231m [38;5;145mREADMEãƒ•ã‚¡ã‚¤ãƒ«ã®æ›´æ–°ã‚’è¡Œã£ã¦ã„ã¾ã™...
[38;5;83m[%time] [38;5;87m[%thread/%info][38;5;207m%cd[38;5;227m[38;5;231m [38;5;145mæ›´æ–°ãŒçµ‚äº†ã—ã¾ã—ãŸã€‚
[38;5;83m[%time] [38;5;87m[%thread/%info][38;5;207m%cd[38;5;227m[38;5;231m aa
[38;5;83m[%time] [38;5;87m[%thread/%info][38;5;207m%cd[38;5;227m[38;5;231m [38;5;145mãƒ©ã‚¤ã‚»ãƒ³ã‚¹ãƒ•ã‚¡ã‚¤ãƒ«ã®æ›´æ–°ã‚’è¡Œã£ã¦ã„ã¾ã™...
[38;5;83m[%time] [38;5;87m[%thread/%info][38;5;207m%cd[38;5;227m[38;5;231m [38;5;145mæ›´æ–°ãŒçµ‚äº†ã—ã¾ã—ãŸã€‚
[38;5;83m[%time] [38;5;87m[%thread/%info][38;5;207m%cd[38;5;227m[38;5;231m [38;5;145mREADMEãƒ•ã‚¡ã‚¤ãƒ«ã®æ›´æ–°ã‚’è¡Œã£ã¦ã„ã¾ã™...
[38;5;83m[%time] [38;5;87m[%thread/%info][38;5;207m%cd[38;5;227m[38;5;231m [38;5;145mæ›´æ–°ãŒçµ‚äº†ã—ã¾ã—ãŸã€‚
[38;5;83m[%time] [38;5;87m[%thread/%info][38;5;207m%cd[38;5;227m[38;5;231m aaaa
[38;5;83m[%time] [38;5;87m[%thread/%info][38;5;207m%cd[38;5;227m[38;5;231m PM-20:21:10
[38;5;83m[%time] [38;5;87m[%thread/%info][38;5;207m%cd[38;5;227m[38;5;231m [38;5;145mãƒ©ã‚¤ã‚»ãƒ³ã‚¹ãƒ•ã‚¡ã‚¤ãƒ«ã®æ›´æ–°ã‚’è¡Œã£ã¦ã„ã¾ã™...
[38;5;83m[%time] [38;5;87m[%thread/%info][38;5;207m%cd[38;5;227m[38;5;231m [38;5;145mæ›´æ–°ãŒçµ‚äº†ã—ã¾ã—ãŸã€‚
[38;5;83m[%time] [38;5;87m[%thread/%info][38;5;207m%cd[38;5;227m[38;5;231m [38;5;145mREADMEãƒ•ã‚¡ã‚¤ãƒ«ã®æ›´æ–°ã‚’è¡Œã£ã¦ã„ã¾ã™...
[38;5;83m[%time] [38;5;87m[%thread/%info][38;5;207m%cd[38;5;227m[38;5;231m [38;5;145mæ›´æ–°ãŒçµ‚äº†ã—ã¾ã—ãŸã€‚
[38;5;83m[%time] [38;5;87m[%thread/%info][38;5;207m%cd[38;5;227m[38;5;231m [38;5;145mãƒ©ã‚¤ã‚»ãƒ³ã‚¹ãƒ•ã‚¡ã‚¤ãƒ«ã®æ›´æ–°ã‚’è¡Œã£ã¦ã„ã¾ã™...
[38;5;83m[%time] [38;5;87m[%thread/%info][38;5;207m%cd[38;5;227m[38;5;231m [38;5;145mæ›´æ–°ãŒçµ‚äº†ã—ã¾ã—ãŸã€‚
[38;5;83m[%time] [38;5;87m[%thread/%info][38;5;207m%cd[38;5;227m[38;5;231m [38;5;145mREADMEãƒ•ã‚¡ã‚¤ãƒ«ã®æ›´æ–°ã‚’è¡Œã£ã¦ã„ã¾ã™...
[38;5;83m[%time] [38;5;87m[%thread/%info][38;5;207m%cd[38;5;227m[38;5;231m [38;5;145mæ›´æ–°ãŒçµ‚äº†ã—ã¾ã—ãŸã€‚
[38;5;83m[%time] [38;5;87m[%thread/%info][38;5;207m%cd[38;5;227m[38;5;231m [38;5;59m===================[38;5;87må®Ÿè£…ã‚³ãƒãƒ³ãƒ‰ä¸€è¦§[38;5;59m===================[38;5;145m
[38;5;83m[%time] [38;5;87m[%thread/%info][38;5;207m%cd[38;5;227m[38;5;231m [38;5;59m[default]-[38;5;34mcat [38;5;83m<ãƒ‘ã‚¹>[38;5;145m:æŒ‡å®šã•ã‚ŒãŸãƒ•ã‚¡ã‚¤ãƒ«ã‚’è¡¨ç¤º[38;5;145m
[38;5;83m[%time] [38;5;87m[%thread/%info][38;5;207m%cd[38;5;227m[38;5;231m [38;5;59m[default]-[38;5;34mcd [38;5;83m<çµ¶å¯¾/ç›¸å¯¾ãƒ‘ã‚¹>[38;5;145m:ã‚«ãƒ¬ãƒ³ãƒˆãƒ‡ã‚£ãƒ¬ã‚¯ãƒˆãƒªã‚’æŒ‡å®šã—ã¾ã™ã€‚[38;5;145m
[38;5;83m[%time] [38;5;87m[%thread/%info][38;5;207m%cd[38;5;227m[38;5;231m [38;5;59m[default]-[38;5;34mclear [38;5;83m[38;5;145m:ç”»é¢ä¸Šã‹ã‚‰å±¥æ­´ãŒæ¶ˆãˆã‚‹ã‚ˆã†ã«æ”¹è¡Œã‚’ç¹°ã‚Šè¿”ã—ã¾ã™ã€‚[38;5;145m
[38;5;83m[%time] [38;5;87m[%thread/%info][38;5;207m%cd[38;5;227m[38;5;231m [38;5;59m[default]-[38;5;34mdelvar [38;5;83m<å¤‰æ•°å>[38;5;145m:å®£è¨€æ¸ˆã¿ç’°å¢ƒå¤‰æ•°ã‚’å‰Šé™¤ã—ã¾ã™ã€‚[38;5;145m
[38;5;83m[%time] [38;5;87m[%thread/%info][38;5;207m%cd[38;5;227m[38;5;231m [38;5;59m[default]-[38;5;34mecho [38;5;83m<ãƒ¡ãƒƒã‚»ãƒ¼ã‚¸>/<on|off>[38;5;145m:æ–‡å­—åˆ—ã‚’å‡ºåŠ›ã€‚[38;5;145m
[38;5;83m[%time] [38;5;87m[%thread/%info][38;5;207m%cd[38;5;227m[38;5;231m [38;5;59m[default]-[38;5;34mexec [38;5;83m[38;5;145m:ã‚³ãƒãƒ³ãƒ‰åŠã³å¤–éƒ¨ãƒ—ãƒ­ã‚»ã‚¹ã®å®Ÿè¡Œã€‚[38;5;145m
[38;5;83m[%time] [38;5;87m[%thread/%info][38;5;207m%cd[38;5;227m[38;5;231m [38;5;59m[default]-[38;5;34mexit [38;5;83m<ãƒŸãƒªç§’æ•°>[38;5;145m:PHP Prompt OSã‚’çµ‚äº†ã€‚[38;5;145m
[38;5;83m[%time] [38;5;87m[%thread/%info][38;5;207m%cd[38;5;227m[38;5;231m [38;5;59m[secret]-[38;5;34mextract [38;5;83m<system>[38;5;145m:æŒ‡å®šã—ãŸpharãƒ•ã‚¡ã‚¤ãƒ«ã‚’ã‚½ãƒ¼ã‚¹ãƒ‡ã‚£ãƒ¬ã‚¯ãƒˆãƒªã«å±•é–‹ã—ã¾ã™ã€‚[38;5;145m
[38;5;83m[%time] [38;5;87m[%thread/%info][38;5;207m%cd[38;5;227m[38;5;231m [38;5;59m[default]-[38;5;34mhelp [38;5;83m<all|dev>/<ã‚³ãƒãƒ³ãƒ‰>[38;5;145m:ä½¿ç”¨ã§ãã‚‹ã‚³ãƒãƒ³ãƒ‰ã€ã‚³ãƒãƒ³ãƒ‰ã®ä½¿ç”¨æ³•ã‚’è¡¨ç¤ºã€‚[38;5;145m
[38;5;83m[%time] [38;5;87m[%thread/%info][38;5;207m%cd[38;5;227m[38;5;231m [38;5;59m[default]-[38;5;34minfo [38;5;83m<logo|auther|des|help|url|>[38;5;145m:å½“ãƒ—ãƒ­ã‚°ãƒ©ãƒ ã«é–¢ã—ã¦ã®æƒ…å ±ã‚’è¡¨ç¤ºã€‚[38;5;145m
[38;5;83m[%time] [38;5;87m[%thread/%info][38;5;207m%cd[38;5;227m[38;5;231m [38;5;59m[secret]-[38;5;203minstall [38;5;83m<src>[38;5;145m:PHPPOå°‚ç”¨ãƒ‘ãƒƒã‚±ãƒ¼ã‚¸ã‚’ã‚¤ãƒ³ã‚¹ãƒˆãƒ¼ãƒ«ã—ã¾ã™[38;5;145m
[38;5;83m[%time] [38;5;87m[%thread/%info][38;5;207m%cd[38;5;227m[38;5;231m [38;5;59m[default]-[38;5;34mlog [38;5;83m<on/off>[38;5;145m:ãƒ­ã‚°ãƒ•ã‚¡ã‚¤ãƒ«ã«ãƒ­ã‚°ã‚’å‡ºåŠ›ã™ã‚‹ã‹ã®è¨­å®šã§ã™ã€‚[38;5;145m
[38;5;83m[%time] [38;5;87m[%thread/%info][38;5;207m%cd[38;5;227m[38;5;231m [38;5;59m[secret]-[38;5;203mlogout [38;5;83m[38;5;145m:ãƒ­ã‚°ã‚¢ã‚¦ãƒˆã—ã¾ã™ã€‚[38;5;145m
[38;5;83m[%time] [38;5;87m[%thread/%info][38;5;207m%cd[38;5;227m[38;5;231m [38;5;59m[default]-[38;5;34mls [38;5;83m[38;5;145m:ã‚«ãƒ¬ãƒ³ãƒˆãƒ‡ã‚£ãƒ¬ã‚¯ãƒˆãƒªä¸Šã®ãƒ•ã‚¡ã‚¤ãƒ«ã¨ãƒ‡ã‚£ãƒ¬ã‚¯ãƒˆãƒªã®ãƒªã‚¹ãƒˆã‚’è¡¨ç¤ºã—ã¾ã™ã€‚[38;5;145m
[38;5;83m[%time] [38;5;87m[%thread/%info][38;5;207m%cd[38;5;227m[38;5;231m [38;5;59m[dev]-[38;5;34mmakephar [38;5;83m<ã‚¢ãƒ—ãƒªã‚±ãƒ¼ã‚·ãƒ§ãƒ³å|system>[38;5;145m:ã‚¢ãƒ—ãƒªã‚±ãƒ¼ã‚·ãƒ§ãƒ³ã€ã¾ãŸã¯å®Ÿè¡Œã—ã¦ã„ã‚‹PHPPOã®pharã‚¢ãƒ¼ã‚«ã‚¤ãƒ–ä½œæˆã‚’è¡Œã„ã¾ã™ã€‚[38;5;145m
[38;5;83m[%time] [38;5;87m[%thread/%info][38;5;207m%cd[38;5;227m[38;5;231m [38;5;59m[default]-[38;5;34mmkdir [38;5;83m[38;5;145m:ãƒ‡ã‚£ãƒ¬ã‚¯ãƒˆãƒªã‚’ä½œæˆã—ã¾ã™[38;5;145m
[38;5;83m[%time] [38;5;87m[%thread/%info][38;5;207m%cd[38;5;227m[38;5;231m [38;5;59m[default]-[38;5;34mpwd [38;5;83m[38;5;145m:ã‚«ãƒ¬ãƒ³ãƒˆãƒ‡ã‚£ãƒ¬ã‚¯ãƒˆãƒªã®ãƒ‘ã‚¹ã‚’è¡¨ç¤ºã—ã¾ã™ã€‚[38;5;145m
[38;5;83m[%time] [38;5;87m[%thread/%info][38;5;207m%cd[38;5;227m[38;5;231m [38;5;59m[default]-[38;5;34mreboot [38;5;83m<mode>[38;5;145m:PHPPOã‚’å†èµ·å‹•ã—ã¾ã™ã€‚[38;5;145m
[38;5;83m[%time] [38;5;87m[%thread/%info][38;5;207m%cd[38;5;227m[38;5;231m [38;5;59m[accessibility]-[38;5;34mrevc [38;5;83m[38;5;145m:ç”»é¢ä¸Šã®æ–‡å­—ã®è‰²ã®åè»¢ã‚’åˆ‡ã‚Šæ›¿ãˆã¾ã™ã€‚[38;5;145m
[38;5;83m[%time] [38;5;87m[%thread/%info][38;5;207m%cd[38;5;227m[38;5;231m [38;5;59m[default]-[38;5;34mrmdir [38;5;83m<ãƒ‘ã‚¹>[38;5;145m:ãƒ‘ã‚¹ã§æŒ‡å®šã—ãŸãƒ‡ã‚£ãƒ¬ã‚¯ãƒˆãƒªã‚’å‰Šé™¤ã—ã¾ã™ã€‚[38;5;145m
[38;5;83m[%time] [38;5;87m[%thread/%info][38;5;207m%cd[38;5;227m[38;5;231m [38;5;59m[default]-[38;5;34mscript [38;5;83m<ãƒ•ã‚¡ã‚¤ãƒ«ãƒãƒ¼ãƒ ï¼ˆæ‹¡å¼µå­ã‚’å«ã‚€ï¼‰>[38;5;145m:ãƒ†ã‚­ã‚¹ãƒˆä¸Šã®ã‚³ãƒãƒ³ãƒ‰ã‚’æ”¹è¡Œã”ã¨ã«å®Ÿè¡Œã—ã¾ã™ã€‚[38;5;145m
[38;5;83m[%time] [38;5;87m[%thread/%info][38;5;207m%cd[38;5;227m[38;5;231m [38;5;59m[default]-[38;5;34mset [38;5;83m<å¤‰æ•°å> <å€¤>[38;5;145m:å¤‰æ•°ã¸ä»£å…¥ã—ã¾ã™[38;5;145m
[38;5;83m[%time] [38;5;87m[%thread/%info][38;5;207m%cd[38;5;227m[38;5;231m [38;5;59m[secret]-[38;5;34msetvalue [38;5;83m<å¤‰æ•°å> <å€¤>[38;5;145m:å¤‰æ•°ã¸ä»£å…¥ã—ã¾ã™[38;5;145m
[38;5;83m[%time] [38;5;87m[%thread/%info][38;5;207m%cd[38;5;227m[38;5;231m [38;5;59m[secret]-[38;5;34mtime [38;5;83m[38;5;145m:ã‚³ãƒ³ãƒ”ãƒ¥ãƒ¼ã‚¿ãƒ¼ã«è¨­å®šã•ã‚Œã¦ã„ã‚‹æ™‚åˆ»ã‚’è¡¨ç¤ºã€‚[38;5;145m
[38;5;83m[%time] [38;5;87m[%thread/%info][38;5;207m%cd[38;5;227m[38;5;231m [38;5;59m[default]-[38;5;34mtitle [38;5;83m[38;5;145m:ã‚·ã‚¹ãƒ†ãƒ ã®ã‚¿ã‚¤ãƒˆãƒ«ã‚’è¨­å®šã—ã¾ã™ã€‚[38;5;145m
[38;5;83m[%time] [38;5;87m[%thread/%info][38;5;207m%cd[38;5;227m[38;5;231m [38;5;59m[dev]-[38;5;34mvardump [38;5;83m<å¤‰æ•°å>[38;5;145m:ãƒ¡ã‚¤ãƒ³å‡¦ç†ã«ãŠã‘ã‚‹ã‚°ãƒ­ãƒ¼ãƒãƒ«å¤‰æ•°ã®å†…å®¹ã‚’è¡¨ç¤ºã—ã¾ã™ã€‚[38;5;145m
[38;5;83m[%time] [38;5;87m[%thread/%info][38;5;207m%cd[38;5;227m[38;5;231m [38;5;59m[default]-[38;5;34mvars [38;5;83m[38;5;145m:å®šç¾©æ¸ˆã¿ã®ç’°å¢ƒå¤‰æ•°ã‚’è¡¨ç¤ºã—ã¾ã™ã€‚[38;5;145m
[38;5;83m[%time] [38;5;87m[%thread/%info][38;5;207m%cd[38;5;227m[38;5;231m [38;5;59m[script]-[38;5;34mwait [38;5;83m<ãƒŸãƒªç§’>[38;5;145m:è¡¨ç¤ºã•ã‚Œã¦ã„ã‚‹ã‚³ãƒ³ã‚½ãƒ¼ãƒ«ä¸Šã§ã®å‡¦ç†ã‚’æŒ‡å®šæ™‚é–“ä¸­æ–­ã—ã¾ã™ã€‚[38;5;145m
[38;5;83m[%time] [38;5;87m[%thread/%info][38;5;207m%cd[38;5;227m[38;5;231m [38;5;59m[default]-[38;5;34mwget [38;5;83m<URL>[38;5;145m:ãƒ•ã‚¡ã‚¤ãƒ«ã‚’ãƒ€ã‚¦ãƒ³ãƒ­ãƒ¼ãƒ‰ã—ã¾ã™ã€‚[38;5;145m
[38;5;83m[%time] [38;5;87m[%thread/%info][38;5;207m%cd[38;5;227m[38;5;231m [38;5;59m=======================================================[38;5;145m
[38;5;83m[%time] [38;5;87m[%thread/%info][38;5;207m%cd[38;5;227m[38;5;231m ãƒ‘ãƒ©ãƒ¡ãƒ¼ã‚¿ãƒ¼ãŒä¸è¶³ã—ã¦ã„ã¾ã™ã€‚
[38;5;83m[%time] [38;5;87m[%thread/%info][38;5;207m%cd[38;5;227m[38;5;231m PHP Prompt OS ã‚’å†èµ·å‹•ã—ã¾ã™ã€‚
[38;5;83m[%time] [38;5;87m[%thread/%info][38;5;207m%cd[38;5;227m[38;5;231m This window will be closed when the top of the thread has been completed
[38;5;83m[%time] [38;5;87m[%thread/%info][38;5;207m%cd[38;5;227m[38;5;231m [38;5;145mãƒ©ã‚¤ã‚»ãƒ³ã‚¹ãƒ•ã‚¡ã‚¤ãƒ«ã®æ›´æ–°ã‚’è¡Œã£ã¦ã„ã¾ã™...
[38;5;83m[%time] [38;5;87m[%thread/%info][38;5;207m%cd[38;5;227m[38;5;231m [38;5;145mæ›´æ–°ãŒçµ‚äº†ã—ã¾ã—ãŸã€‚
[38;5;83m[%time] [38;5;87m[%thread/%info][38;5;207m%cd[38;5;227m[38;5;231m [38;5;145mREADMEãƒ•ã‚¡ã‚¤ãƒ«ã®æ›´æ–°ã‚’è¡Œã£ã¦ã„ã¾ã™...
[38;5;83m[%time] [38;5;87m[%thread/%info][38;5;207m%cd[38;5;227m[38;5;231m [38;5;145mæ›´æ–°ãŒçµ‚äº†ã—ã¾ã—ãŸã€‚
[38;5;83m[%time] [38;5;87m[%thread/%info][38;5;207m%cd[38;5;227m[38;5;231m ç¢ºèªã‚’ã—ã¦ã„ã¾ã™...
[38;5;83m[%time] [38;5;87m[%thread/%info][38;5;207m%cd[38;5;227m[38;5;203m ã‚¢ãƒ¼ã‚«ã‚¤ãƒ–ã®è§£å‡ã«å¤±æ•—ã—ã¾ã—ãŸ:
UnexpectedValueException: phar "C:\Users\ruito\Desktop\rui\PHP\PHP Prompt OS\root\plugins\PHPPO-1.4.0_Beta_#6.phar" SHA1 signature could not be verified: broken signature in C:\Users\ruito\Desktop\rui\PHP\PHP Prompt OS\src\PHPPO\plugin\Manager.php:24
Stack trace:
#0 C:\Users\ruito\Desktop\rui\PHP\PHP Prompt OS\src\PHPPO\plugin\Manager.php(24): Phar->__construct('C:\\Users\\ruito\\...')
#1 C:\Users\ruito\Desktop\rui\PHP\PHP Prompt OS\src\PHPPO\PHPPO.php(555): pluginManager->install()
#2 C:\Users\ruito\Desktop\rui\PHP\PHP Prompt OS\src\PHPPO\PHPPO.php(365): standbyTipe()
#3 C:\Users\ruito\Desktop\rui\PHP\PHP Prompt OS\src\PHPPO\system\Boot.php(110): readySetup('default')
#4 C:\Users\ruito\Desktop\rui\PHP\PHP Prompt OS\src\PHPPO\PHPPO.php(29): include_once('C:\\Users\\ruito\\...')
#5 {main}
[38;5;83m[%time] [38;5;87m[%thread/%info][38;5;207m%cd[38;5;227m[38;5;203m ã‚¢ãƒ¼ã‚«ã‚¤ãƒ–ã®è§£å‡ã«å¤±æ•—ã—ã¾ã—ãŸ:
UnexpectedValueException: phar "C:\Users\ruito\Desktop\rui\PHP\PHP Prompt OS\root\plugins\PHPPO-1.4.0_Beta_#6.phar" SHA1 signature could not be verified: broken signature in C:\Users\ruito\Desktop\rui\PHP\PHP Prompt OS\src\PHPPO\plugin\Manager.php:24
Stack trace:
#0 C:\Users\ruito\Desktop\rui\PHP\PHP Prompt OS\src\PHPPO\plugin\Manager.php(24): Phar->__construct('C:\\Users\\ruito\\...')
#1 C:\Users\ruito\Desktop\rui\PHP\PHP Prompt OS\src\PHPPO\PHPPO.php(555): pluginManager->install()
#2 C:\Users\ruito\Desktop\rui\PHP\PHP Prompt OS\src\PHPPO\PHPPO.php(365): standbyTipe()
#3 C:\Users\ruito\Desktop\rui\PHP\PHP Prompt OS\src\PHPPO\system\Boot.php(110): readySetup('default')
#4 C:\Users\ruito\Desktop\rui\PHP\PHP Prompt OS\src\PHPPO\PHPPO.php(29): include_once('C:\\Users\\ruito\\...')
#5 {main}
[38;5;83m[%time] [38;5;87m[%thread/%info][38;5;207m%cd[38;5;227m[38;5;203m ã‚¢ãƒ¼ã‚«ã‚¤ãƒ–ã®è§£å‡ã«å¤±æ•—ã—ã¾ã—ãŸ:
UnexpectedValueException: phar "C:\Users\ruito\Desktop\rui\PHP\PHP Prompt OS\root\plugins\PHPPO-1.4.0_Beta_#6.phar" SHA1 signature could not be verified: broken signature in C:\Users\ruito\Desktop\rui\PHP\PHP Prompt OS\src\PHPPO\plugin\Manager.php:24
Stack trace:
#0 C:\Users\ruito\Desktop\rui\PHP\PHP Prompt OS\src\PHPPO\plugin\Manager.php(24): Phar->__construct('C:\\Users\\ruito\\...')
#1 C:\Users\ruito\Desktop\rui\PHP\PHP Prompt OS\src\PHPPO\PHPPO.php(555): pluginManager->install()
#2 C:\Users\ruito\Desktop\rui\PHP\PHP Prompt OS\src\PHPPO\PHPPO.php(365): standbyTipe()
#3 C:\Users\ruito\Desktop\rui\PHP\PHP Prompt OS\src\PHPPO\system\Boot.php(110): readySetup('default')
#4 C:\Users\ruito\Desktop\rui\PHP\PHP Prompt OS\src\PHPPO\PHPPO.php(29): include_once('C:\\Users\\ruito\\...')
#5 {main}
[38;5;83m[%time] [38;5;87m[%thread/%info][38;5;207m%cd[38;5;227m[38;5;203m ã‚¢ãƒ¼ã‚«ã‚¤ãƒ–ã®è§£å‡ã«å¤±æ•—ã—ã¾ã—ãŸ:
UnexpectedValueException: phar "C:\Users\ruito\Desktop\rui\PHP\PHP Prompt OS\root\plugins\PHPPO-1.4.0_Beta_#6.phar" SHA1 signature could not be verified: broken signature in C:\Users\ruito\Desktop\rui\PHP\PHP Prompt OS\src\PHPPO\plugin\Manager.php:24
Stack trace:
#0 C:\Users\ruito\Desktop\rui\PHP\PHP Prompt OS\src\PHPPO\plugin\Manager.php(24): Phar->__construct('C:\\Users\\ruito\\...')
#1 C:\Users\ruito\Desktop\rui\PHP\PHP Prompt OS\src\PHPPO\PHPPO.php(555): pluginManager->install()
#2 C:\Users\ruito\Desktop\rui\PHP\PHP Prompt OS\src\PHPPO\PHPPO.php(365): standbyTipe()
#3 C:\Users\ruito\Desktop\rui\PHP\PHP Prompt OS\src\PHPPO\system\Boot.php(110): readySetup('default')
#4 C:\Users\ruito\Desktop\rui\PHP\PHP Prompt OS\src\PHPPO\PHPPO.php(29): include_once('C:\\Users\\ruito\\...')
#5 {main}
[38;5;83m[%time] [38;5;87m[%thread/%info][38;5;207m%cd[38;5;227m[38;5;203m ã‚¢ãƒ¼ã‚«ã‚¤ãƒ–ã®è§£å‡ã«å¤±æ•—ã—ã¾ã—ãŸ:
UnexpectedValueException: phar "C:\Users\ruito\Desktop\rui\PHP\PHP Prompt OS\root\plugins\PHPPO-1.4.0_Beta_#6.phar" SHA1 signature could not be verified: broken signature in C:\Users\ruito\Desktop\rui\PHP\PHP Prompt OS\src\PHPPO\plugin\Manager.php:24
Stack trace:
#0 C:\Users\ruito\Desktop\rui\PHP\PHP Prompt OS\src\PHPPO\plugin\Manager.php(24): Phar->__construct('C:\\Users\\ruito\\...')
#1 C:\Users\ruito\Desktop\rui\PHP\PHP Prompt OS\src\PHPPO\PHPPO.php(555): pluginManager->install()
#2 C:\Users\ruito\Desktop\rui\PHP\PHP Prompt OS\src\PHPPO\PHPPO.php(365): standbyTipe()
#3 C:\Users\ruito\Desktop\rui\PHP\PHP Prompt OS\src\PHPPO\system\Boot.php(110): readySetup('default')
#4 C:\Users\ruito\Desktop\rui\PHP\PHP Prompt OS\src\PHPPO\PHPPO.php(29): include_once('C:\\Users\\ruito\\...')
#5 {main}
[38;5;83m[%time] [38;5;87m[%thread/%info][38;5;207m%cd[38;5;227m[38;5;203m ã‚¢ãƒ¼ã‚«ã‚¤ãƒ–ã®è§£å‡ã«å¤±æ•—ã—ã¾ã—ãŸ:
UnexpectedValueException: phar "C:\Users\ruito\Desktop\rui\PHP\PHP Prompt OS\root\plugins\PHPPO-1.4.0_Beta_#6.phar" SHA1 signature could not be verified: broken signature in C:\Users\ruito\Desktop\rui\PHP\PHP Prompt OS\src\PHPPO\plugin\Manager.php:24
Stack trace:
#0 C:\Users\ruito\Desktop\rui\PHP\PHP Prompt OS\src\PHPPO\plugin\Manager.php(24): Phar->__construct('C:\\Users\\ruito\\...')
#1 C:\Users\ruito\Desktop\rui\PHP\PHP Prompt OS\src\PHPPO\PHPPO.php(555): pluginManager->install()
#2 C:\Users\ruito\Desktop\rui\PHP\PHP Prompt OS\src\PHPPO\PHPPO.php(365): standbyTipe()
#3 C:\Users\ruito\Desktop\rui\PHP\PHP Prompt OS\src\PHPPO\system\Boot.php(110): readySetup('default')
#4 C:\Users\ruito\Desktop\rui\PHP\PHP Prompt OS\src\PHPPO\PHPPO.php(29): include_once('C:\\Users\\ruito\\...')
#5 {main}
[38;5;83m[%time] [38;5;87m[%thread/%info][38;5;207m%cd[38;5;227m[38;5;203m ã‚¢ãƒ¼ã‚«ã‚¤ãƒ–ã®è§£å‡ã«å¤±æ•—ã—ã¾ã—ãŸ:
UnexpectedValueException: phar "C:\Users\ruito\Desktop\rui\PHP\PHP Prompt OS\root\plugins\PHPPO-1.4.0_Beta_#6.phar" SHA1 signature could not be verified: broken signature in C:\Users\ruito\Desktop\rui\PHP\PHP Prompt OS\src\PHPPO\plugin\Manager.php:24
Stack trace:
#0 C:\Users\ruito\Desktop\rui\PHP\PHP Prompt OS\src\PHPPO\plugin\Manager.php(24): Phar->__construct('C:\\Users\\ruito\\...')
#1 C:\Users\ruito\Desktop\rui\PHP\PHP Prompt OS\src\PHPPO\PHPPO.php(555): pluginManager->install()
#2 C:\Users\ruito\Desktop\rui\PHP\PHP Prompt OS\src\PHPPO\PHPPO.php(365): standbyTipe()
#3 C:\Users\ruito\Desktop\rui\PHP\PHP Prompt OS\src\PHPPO\system\Boot.php(110): readySetup('default')
#4 C:\Users\ruito\Desktop\rui\PHP\PHP Prompt OS\src\PHPPO\PHPPO.php(29): include_once('C:\\Users\\ruito\\...')
#5 {main}
[38;5;83m[%time] [38;5;87m[%thread/%info][38;5;207m%cd[38;5;227m[38;5;203m ã‚¢ãƒ¼ã‚«ã‚¤ãƒ–ã®è§£å‡ã«å¤±æ•—ã—ã¾ã—ãŸ:
UnexpectedValueException: phar "C:\Users\ruito\Desktop\rui\PHP\PHP Prompt OS\root\plugins\PHPPO-1.4.0_Beta_#6.phar" SHA1 signature could not be verified: broken signature in C:\Users\ruito\Desktop\rui\PHP\PHP Prompt OS\src\PHPPO\plugin\Manager.php:24
Stack trace:
#0 C:\Users\ruito\Desktop\rui\PHP\PHP Prompt OS\src\PHPPO\plugin\Manager.php(24): Phar->__construct('C:\\Users\\ruito\\...')
#1 C:\Users\ruito\Desktop\rui\PHP\PHP Prompt OS\src\PHPPO\PHPPO.php(555): pluginManager->install()
#2 C:\Users\ruito\Desktop\rui\PHP\PHP Prompt OS\src\PHPPO\PHPPO.php(365): standbyTipe()
#3 C:\Users\ruito\Desktop\rui\PHP\PHP Prompt OS\src\PHPPO\system\Boot.php(110): readySetup('default')
#4 C:\Users\ruito\Desktop\rui\PHP\PHP Prompt OS\src\PHPPO\PHPPO.php(29): include_once('C:\\Users\\ruito\\...')
#5 {main}
[38;5;83m[%time] [38;5;87m[%thread/%info][38;5;207m%cd[38;5;227m[38;5;203m ã‚¢ãƒ¼ã‚«ã‚¤ãƒ–ã®è§£å‡ã«å¤±æ•—ã—ã¾ã—ãŸ:
UnexpectedValueException: phar "C:\Users\ruito\Desktop\rui\PHP\PHP Prompt OS\root\plugins\PHPPO-1.4.0_Beta_#6.phar" SHA1 signature could not be verified: broken signature in C:\Users\ruito\Desktop\rui\PHP\PHP Prompt OS\src\PHPPO\plugin\Manager.php:24
Stack trace:
#0 C:\Users\ruito\Desktop\rui\PHP\PHP Prompt OS\src\PHPPO\plugin\Manager.php(24): Phar->__construct('C:\\Users\\ruito\\...')
#1 C:\Users\ruito\Desktop\rui\PHP\PHP Prompt OS\src\PHPPO\PHPPO.php(555): pluginManager->install()
#2 C:\Users\ruito\Desktop\rui\PHP\PHP Prompt OS\src\PHPPO\PHPPO.php(365): standbyTipe()
#3 C:\Users\ruito\Desktop\rui\PHP\PHP Prompt OS\src\PHPPO\system\Boot.php(110): readySetup('default')
#4 C:\Users\ruito\Desktop\rui\PHP\PHP Prompt OS\src\PHPPO\PHPPO.php(29): include_once('C:\\Users\\ruito\\...')
#5 {main}
[38;5;83m[%time] [38;5;87m[%thread/%info][38;5;207m%cd[38;5;227m[38;5;231m y
[38;5;83m[%time] [38;5;87m[%thread/%info][38;5;207m%cd[38;5;227m[38;5;231m [38;5;145mãƒ©ã‚¤ã‚»ãƒ³ã‚¹ãƒ•ã‚¡ã‚¤ãƒ«ã®æ›´æ–°ã‚’è¡Œã£ã¦ã„ã¾ã™...
[38;5;83m[%time] [38;5;87m[%thread/%info][38;5;207m%cd[38;5;227m[38;5;231m [38;5;145mæ›´æ–°ãŒçµ‚äº†ã—ã¾ã—ãŸã€‚
[38;5;83m[%time] [38;5;87m[%thread/%info][38;5;207m%cd[38;5;227m[38;5;231m [38;5;145mREADMEãƒ•ã‚¡ã‚¤ãƒ«ã®æ›´æ–°ã‚’è¡Œã£ã¦ã„ã¾ã™...
[38;5;83m[%time] [38;5;87m[%thread/%info][38;5;207m%cd[38;5;227m[38;5;231m [38;5;145mæ›´æ–°ãŒçµ‚äº†ã—ã¾ã—ãŸã€‚
[38;5;83m[%time] [38;5;87m[%thread/%info][38;5;207m%cd[38;5;227m[38;5;231m ç¢ºèªã‚’ã—ã¦ã„ã¾ã™...
[38;5;83m[%time] [38;5;87m[%thread/%info][38;5;207m%cd[38;5;227m[38;5;231m è§£å‡ãŒå®Œäº†ã—ã¾ã—ãŸã€‚
[38;5;83m[%time] [38;5;87m[%thread/%info][38;5;207m%cd[38;5;227m[38;5;231m y
