
[38;5;83m[PM-17:14:19][38;5;87m [File Thread/INFO][38;5;231m [38;5;145mライセンスファイルの更新を行っています...
[38;5;83m[PM-17:14:19][38;5;87m [File Thread/INFO][38;5;231m [38;5;145m更新が終了しました。
[38;5;83m[PM-17:14:19][38;5;87m [File Thread/INFO][38;5;231m [38;5;145mREADMEファイルの更新を行っています...
[38;5;83m[PM-17:14:19][38;5;87m [File Thread/INFO][38;5;231m [38;5;145m更新が終了しました。

script sample.sh
[38;5;83m[PM-17:14:34] [PHPPO Thread/ERROR][38;5;203m  Script error:C:\Users\ruito\Desktop\rui\PHP\PHP Prompt OS v.1.4.5 Beta-pre\scripts/sample.sh ->line3:確認されない命令"asdfkjashd　ﾇﾍﾞｼﾞｮﾝﾇｿﾞｼﾞｮﾝﾍﾞﾙﾐｽﾃｨｯｽﾓｹﾞﾛﾝﾎﾞﾖ"が見つかりました。

[38;5;83m[PM-17:15:09][38;5;87m [File Thread/INFO][38;5;231m [38;5;145mライセンスファイルの更新を行っています...
[38;5;83m[PM-17:15:09][38;5;87m [File Thread/INFO][38;5;231m [38;5;145m更新が終了しました。
[38;5;83m[PM-17:15:09][38;5;87m [File Thread/INFO][38;5;231m [38;5;145mREADMEファイルの更新を行っています...
[38;5;83m[PM-17:15:09][38;5;87m [File Thread/INFO][38;5;231m [38;5;145m更新が終了しました。
script sample.sh
[38;5;83m[PM-17:15:20] [PHPPO Thread/ERROR][38;5;203m  Script error:C:\Users\ruito\Desktop\rui\PHP\PHP Prompt OS v.1.4.5 Beta-pre\{scripts/sample.sh }->line3:確認されない命令"asdfkjashd　ﾇﾍﾞｼﾞｮﾝﾇｿﾞｼﾞｮﾝﾍﾞﾙﾐｽﾃｨｯｽﾓｹﾞﾛﾝﾎﾞﾖ"が見つかりました。
[38;5;83m[PM-17:16:04][38;5;87m [File Thread/INFO][38;5;231m [38;5;145mライセンスファイルの更新を行っています...
[38;5;83m[PM-17:16:04][38;5;87m [File Thread/INFO][38;5;231m [38;5;145m更新が終了しました。
[38;5;83m[PM-17:16:04][38;5;87m [File Thread/INFO][38;5;231m [38;5;145mREADMEファイルの更新を行っています...
[38;5;83m[PM-17:16:04][38;5;87m [File Thread/INFO][38;5;231m [38;5;145m更新が終了しました。
script sample.sh
[38;5;83m[PM-17:16:07] [PHPPO Thread/ERROR][38;5;203m  Script error:C:\Users\ruito\Desktop\rui\PHP\PHP Prompt OS v.1.4.5 Beta-pre\scripts\sample.sh ->line3:確認されない命令"asdfkjashd　ﾇﾍﾞｼﾞｮﾝﾇｿﾞｼﾞｮﾝﾍﾞﾙﾐｽﾃｨｯｽﾓｹﾞﾛﾝﾎﾞﾖ"が見つかりました。

[38;5;83m[PM-17:16:50][38;5;87m [File Thread/INFO][38;5;231m [38;5;145mライセンスファイルの更新を行っています...
[38;5;83m[PM-17:16:50][38;5;87m [File Thread/INFO][38;5;231m [38;5;145m更新が終了しました。
[38;5;83m[PM-17:16:50][38;5;87m [File Thread/INFO][38;5;231m [38;5;145mREADMEファイルの更新を行っています...
[38;5;83m[PM-17:16:50][38;5;87m [File Thread/INFO][38;5;231m [38;5;145m更新が終了しました。
script saqmple.sj
[38;5;83m[PM-17:16:54] [PHPPO Thread/ERROR][38;5;203m  スクリプトの読み込みに失敗しました。指定したスクリプトは存在しない可能性があります。
script sample.sh
[38;5;83m[PM-17:17:02] [PHPPO Thread/ERROR][38;5;203m  Script error:確認されない命令"asdfkjashd　ﾇﾍﾞｼﾞｮﾝﾇｿﾞｼﾞｮﾝﾍﾞﾙﾐｽﾃｨｯｽﾓｹﾞﾛﾝﾎﾞﾖ"が見つかりました。...in C:\Users\ruito\Desktop\rui\PHP\PHP Prompt OS v.1.4.5 Beta-pre\scripts\sample.sh ->line3
[38;5;83m[PM-17:17:15][38;5;87m [File Thread/INFO][38;5;231m [38;5;145mライセンスファイルの更新を行っています...
[38;5;83m[PM-17:17:15][38;5;87m [File Thread/INFO][38;5;231m [38;5;145m更新が終了しました。
[38;5;83m[PM-17:17:15][38;5;87m [File Thread/INFO][38;5;231m [38;5;145mREADMEファイルの更新を行っています...
[38;5;83m[PM-17:17:15][38;5;87m [File Thread/INFO][38;5;231m [38;5;145m更新が終了しました。
script sample.sh
[38;5;83m[PM-17:17:19] [PHPPO Thread/ERROR][38;5;203m  Script error:確認されない命令"asdfkjashd　ﾇﾍﾞｼﾞｮﾝﾇｿﾞｼﾞｮﾝﾍﾞﾙﾐｽﾃｨｯｽﾓｹﾞﾛﾝﾎﾞﾖ"が見つかりました。 in C:\Users\ruito\Desktop\rui\PHP\PHP Prompt OS v.1.4.5 Beta-pre\scripts\sample.sh ->line3
[38;5;83m[PM-17:17:57][38;5;87m [File Thread/INFO][38;5;231m [38;5;145mライセンスファイルの更新を行っています...
[38;5;83m[PM-17:17:57][38;5;87m [File Thread/INFO][38;5;231m [38;5;145m更新が終了しました。
[38;5;83m[PM-17:17:57][38;5;87m [File Thread/INFO][38;5;231m [38;5;145mREADMEファイルの更新を行っています...
[38;5;83m[PM-17:17:57][38;5;87m [File Thread/INFO][38;5;231m [38;5;145m更新が終了しました。
script sample.shj
[38;5;83m[PM-17:18:01] [PHPPO Thread/ERROR][38;5;203m  スクリプトの読み込みに失敗しました。指定したスクリプトは存在しない可能性があります。
script sample.sh
[38;5;83m[PM-17:18:07] [PHPPO Thread/ERROR][38;5;203m  Script error:確認されない命令"asdfkjashd　ﾇﾍﾞｼﾞｮﾝﾇｿﾞｼﾞｮﾝﾍﾞﾙﾐｽﾃｨｯｽﾓｹﾞﾛﾝﾎﾞﾖ"が見つかりました。 in C:\Users\ruito\Desktop\rui\PHP\PHP Prompt OS v.1.4.5 Beta-pre\scripts\sample.sh-> line3
[38;5;83m[PM-17:18:17][38;5;87m [File Thread/INFO][38;5;231m [38;5;145mライセンスファイルの更新を行っています...
[38;5;83m[PM-17:18:17][38;5;87m [File Thread/INFO][38;5;231m [38;5;145m更新が終了しました。
[38;5;83m[PM-17:18:17][38;5;87m [File Thread/INFO][38;5;231m [38;5;145mREADMEファイルの更新を行っています...
[38;5;83m[PM-17:18:17][38;5;87m [File Thread/INFO][38;5;231m [38;5;145m更新が終了しました。
sample.sh
[38;5;83m[PM-17:18:20][38;5;87m [PHPPO Thread/INFO][38;5;231m [38;5;203m"sample.sh"コマンドが見つかりませんでした。helpコマンドで確認してください。
script scripts/sample.sh
[38;5;83m[PM-17:18:30] [PHPPO Thread/ERROR][38;5;203m  Script error:確認されない命令"asdfkjashd　ﾇﾍﾞｼﾞｮﾝﾇｿﾞｼﾞｮﾝﾍﾞﾙﾐｽﾃｨｯｽﾓｹﾞﾛﾝﾎﾞﾖ"が見つかりました。 in C:\Users\ruito\Desktop\rui\PHP\PHP Prompt OS v.1.4.5 Beta-pre\scripts/sample.sh -> line3
script "C:\Users\ruito\Desktop\rui\music\Marutine Records\インターネット e.p\sample3.sh"
[38;5;83m[PM-17:19:09] [PHPPO Thread/ERROR][38;5;203m  スクリプトの読み込みに失敗しました。指定したスクリプトは存在しない可能性があります。
[A[B
[38;5;83m[PM-17:19:15][38;5;87m [PHPPO Thread/INFO][38;5;231m [38;5;203m"[A[B"コマンドが見つかりませんでした。helpコマンドで確認してください。
s
[38;5;83m[PM-17:19:17][38;5;87m [PHPPO Thread/INFO][38;5;231m [38;5;203m"s"コマンドが見つかりませんでした。helpコマンドで確認してください。
script "C:\Users\ruito\Desktop\rui\music\Marutine Records\インターネット e.p\sample3.sh[D[D[D[D[D[D[D[D[D[D[D[D[D[D[D[D[D[D[D[D[D[D[D[D[D[D[D[D[D[D[D[D[D[D[D[D[D[D[D[D[D[D[D[D[D[D[D[D[D[D[D[D[D[D[D[D[D[D[D[D[D[D[D[D[D[D[D[D[D[D[D[D[D[D[D[D[D[D[
[38;5;83m[PM-17:19:26] [PHPPO Thread/ERROR][38;5;203m  スクリプトの読み込みに失敗しました。指定したスクリプトは存在しない可能性があります。
script C:Users\ruito\Desktop\sample3.sh
[38;5;83m[PM-17:20:15][38;5;87m [PHPPO Thread/INFO][38;5;231m 変数「a」を作ります。 
[38;5;83m[PM-17:20:17][38;5;87m [PHPPO Thread/INFO][38;5;231m コマンドは、「set a 20」です。 
[38;5;83m[PM-17:20:19][38;5;87m [PHPPO Thread/INFO][38;5;231m この場合は変数「a」に値「20」が代入されます。 
[38;5;83m[PM-17:20:21][38;5;87m [PHPPO Thread/INFO][38;5;231m 実行します。 
[38;5;83m[PM-17:20:21][38;5;87m [PHPPO Thread/INFO][38;5;231m - 
[38;5;83m[PM-17:20:21][38;5;87m [PHPPO Thread/INFO][38;5;231m - 
[38;5;83m[PM-17:20:22][38;5;87m [PHPPO Thread/INFO][38;5;231m 実行しました。次に、変数が代入されたことを確認します。 
[38;5;83m[PM-17:20:24][38;5;87m [PHPPO Thread/INFO][38;5;231m 変数の内容を確認するには、「echo」コマンドの永続引数に小文字のパーセントマーク（％）で変数名を囲い、記入します。 
[38;5;83m[PM-17:20:27][38;5;87m [PHPPO Thread/INFO][38;5;231m コマンドは、「echo 変数[a]は、％a％です。」です。 
[38;5;83m[PM-17:20:29][38;5;87m [PHPPO Thread/INFO][38;5;231m この場合、echo 引数内の「％a％」が代入されている値に置換されます。 
[38;5;83m[PM-17:20:31][38;5;87m [PHPPO Thread/INFO][38;5;231m 実行します。 
[38;5;83m[PM-17:20:31][38;5;87m [PHPPO Thread/INFO][38;5;231m - 
[38;5;83m[PM-17:20:31][38;5;87m [PHPPO Thread/INFO][38;5;231m 変数[a]は、20です。 
[38;5;83m[PM-17:20:31][38;5;87m [PHPPO Thread/INFO][38;5;231m - 
[38;5;83m[PM-17:20:32][38;5;87m [PHPPO Thread/INFO][38;5;231m 実行しました。 
[38;5;83m[PM-17:20:33][38;5;87m [PHPPO Thread/INFO][38;5;231m 現在実装されている環境変数として、[time]変数があります。 
[38;5;83m[PM-17:20:35][38;5;87m [PHPPO Thread/INFO][38;5;231m これを記入することで、システムの時刻が置換されます。 
[38;5;83m[PM-17:20:37][38;5;87m [PHPPO Thread/INFO][38;5;231m コマンドは、「echo ただ今の時刻は、％time％です。」です。 
[38;5;83m[PM-17:20:39][38;5;87m [PHPPO Thread/INFO][38;5;231m この場合、echo引数上の％time％部がシステム内部時刻に置換されます。 
[38;5;83m[PM-17:20:41][38;5;87m [PHPPO Thread/INFO][38;5;231m 実行します。 
[38;5;83m[PM-17:20:41][38;5;87m [PHPPO Thread/INFO][38;5;231m - 
[38;5;83m[PM-17:20:41][38;5;87m [PHPPO Thread/INFO][38;5;231m ただ今の時刻は、PM-17:20:41です。 
[38;5;83m[PM-17:20:41][38;5;87m [PHPPO Thread/INFO][38;5;231m - 
[38;5;83m[PM-17:20:42][38;5;87m [PHPPO Thread/INFO][38;5;231m 実行しました。 
a
[38;5;83m[PM-17:20:46][38;5;87m [PHPPO Thread/INFO][38;5;231m [38;5;203m"a"コマンドが見つかりませんでした。helpコマンドで確認してください。
[38;5;83m[PM-17:21:58][38;5;87m [File Thread/INFO][38;5;231m [38;5;145mライセンスファイルの更新を行っています...
[38;5;83m[PM-17:21:58][38;5;87m [File Thread/INFO][38;5;231m [38;5;145m更新が終了しました。
[38;5;83m[PM-17:21:58][38;5;87m [File Thread/INFO][38;5;231m [38;5;145mREADMEファイルの更新を行っています...
[38;5;83m[PM-17:21:58][38;5;87m [File Thread/INFO][38;5;231m [38;5;145m更新が終了しました。
script sample.sh
[38;5;83m[PM-17:22:06] [PHPPO Thread/ERROR][38;5;203m  Script error:確認されない命令"asdfkjashd　ﾇﾍﾞｼﾞｮﾝﾇｿﾞｼﾞｮﾝﾍﾞﾙﾐｽﾃｨｯｽﾓｹﾞﾛﾝﾎﾞﾖ"が見つかりました。 in C:\Users\ruito\Desktop\rui\PHP\PHP Prompt OS v.1.4.5 Beta-pre\scripts\sample.sh -> line3
script "sample.sh"
[38;5;83m[PM-17:22:15] [PHPPO Thread/ERROR][38;5;203m  スクリプトの読み込みに失敗しました。指定したスクリプトは存在しない可能性があります。
script C:\Users\ruito\Desktop\sample.sh"[D[D[D[D[D[D[D[D[D[D[D[D[D[D[D[D[D[D[D[D[D[D[D[D[D[D[D[D[D[D[D[D[D[D[C[2~"
[38;5;83m[PM-17:23:08] [PHPPO Thread/ERROR][38;5;203m  スクリプトの読み込みに失敗しました。指定したスクリプトは存在しない可能性があります。
script "C:\Users\ruito\Desktop\sample.sh"
[38;5;83m[PM-17:23:39] [PHPPO Thread/ERROR][38;5;203m  スクリプトの読み込みに失敗しました。指定したスクリプトは存在しない可能性があります。
[38;5;83m[PM-17:25:03][38;5;87m [File Thread/INFO][38;5;231m [38;5;145mライセンスファイルの更新を行っています...
[38;5;83m[PM-17:25:03][38;5;87m [File Thread/INFO][38;5;231m [38;5;145m更新が終了しました。
[38;5;83m[PM-17:25:03][38;5;87m [File Thread/INFO][38;5;231m [38;5;145mREADMEファイルの更新を行っています...
[38;5;83m[PM-17:25:03][38;5;87m [File Thread/INFO][38;5;231m [38;5;145m更新が終了しました。
script sample.sh
[38;5;83m[PM-17:25:12] [PHPPO Thread/ERROR][38;5;203m  Script error:確認されない命令"asdfkjashd　ﾇﾍﾞｼﾞｮﾝﾇｿﾞｼﾞｮﾝﾍﾞﾙﾐｽﾃｨｯｽﾓｹﾞﾛﾝﾎﾞﾖ"が見つかりました。 in C:\Users\ruito\Desktop\rui\PHP\PHP Prompt OS v.1.4.5 Beta-pre\scripts\sample.sh -> line3
script sample.sh"
[38;5;83m[PM-17:25:26] [PHPPO Thread/ERROR][38;5;203m  Script error:確認されない命令"asdfkjashd　ﾇﾍﾞｼﾞｮﾝﾇｿﾞｼﾞｮﾝﾍﾞﾙﾐｽﾃｨｯｽﾓｹﾞﾛﾝﾎﾞﾖ"が見つかりました。 in C:\Users\ruito\Desktop\rui\PHP\PHP Prompt OS v.1.4.5 Beta-pre\scripts\sample.sh" -> line3
scri
[38;5;83m[PM-17:25:29][38;5;87m [PHPPO Thread/INFO][38;5;231m [38;5;203m"scri"コマンドが見つかりませんでした。helpコマンドで確認してください。
shows
[38;5;83m[PM-17:25:34][38;5;87m [PHPPO Thread/INFO][38;5;231m [38;5;203m"shows"コマンドが見つかりませんでした。helpコマンドで確認してください。
show w
[38;5;83m[PM-17:25:37][38;5;87m [PHPPO Thread/INFO][38;5;231m [38;5;203m"show"コマンドが見つかりませんでした。helpコマンドで確認してください。
[38;5;83m[PM-17:26:12][38;5;87m [File Thread/INFO][38;5;231m [38;5;145mライセンスファイルの更新を行っています...
[38;5;83m[PM-17:26:12][38;5;87m [File Thread/INFO][38;5;231m [38;5;145m更新が終了しました。
[38;5;83m[PM-17:26:12][38;5;87m [File Thread/INFO][38;5;231m [38;5;145mREADMEファイルの更新を行っています...
[38;5;83m[PM-17:26:12][38;5;87m [File Thread/INFO][38;5;231m [38;5;145m更新が終了しました。
a
[38;5;83m[PM-17:26:13][38;5;87m [PHPPO Thread/INFO][38;5;231m [38;5;203m"a"コマンドが見つかりませんでした。helpコマンドで確認してください。
[38;5;83m[PM-17:26:52][38;5;87m [File Thread/INFO][38;5;231m [38;5;145mライセンスファイルの更新を行っています...
[38;5;83m[PM-17:26:52][38;5;87m [File Thread/INFO][38;5;231m [38;5;145m更新が終了しました。
[38;5;83m[PM-17:26:52][38;5;87m [File Thread/INFO][38;5;231m [38;5;145mREADMEファイルの更新を行っています...
[38;5;83m[PM-17:26:52][38;5;87m [File Thread/INFO][38;5;231m [38;5;145m更新が終了しました。
echo
[38;5;83m[PM-17:26:57][38;5;87m [File Thread/INFO][38;5;231m [38;5;145mライセンスファイルの更新を行っています...
[38;5;83m[PM-17:26:57][38;5;87m [File Thread/INFO][38;5;231m [38;5;145m更新が終了しました。
[38;5;83m[PM-17:26:57][38;5;87m [File Thread/INFO][38;5;231m [38;5;145mREADMEファイルの更新を行っています...
[38;5;83m[PM-17:26:57][38;5;87m [File Thread/INFO][38;5;231m [38;5;145m更新が終了しました。
[38;5;83m[PM-17:27:29][38;5;87m [File Thread/INFO][38;5;231m [38;5;145mライセンスファイルの更新を行っています...
[38;5;83m[PM-17:27:29][38;5;87m [File Thread/INFO][38;5;231m [38;5;145m更新が終了しました。
[38;5;83m[PM-17:27:29][38;5;87m [File Thread/INFO][38;5;231m [38;5;145mREADMEファイルの更新を行っています...
[38;5;83m[PM-17:27:29][38;5;87m [File Thread/INFO][38;5;231m [38;5;145m更新が終了しました。
cls
[38;5;83m[PM-17:27:42] [PHPPO Thread/ERROR][38;5;203m  Class 'cls' not found
[38;5;83m[PM-17:27:42][38;5;87m [PHPPO Thread/INFO][38;5;231m エラーが発生したためPHP Prompt OSを終了しています...

[38;5;83m[PM-17:27:54][38;5;87m [File Thread/INFO][38;5;231m [38;5;145mライセンスファイルの更新を行っています...
[38;5;83m[PM-17:27:54][38;5;87m [File Thread/INFO][38;5;231m [38;5;145m更新が終了しました。
[38;5;83m[PM-17:27:54][38;5;87m [File Thread/INFO][38;5;231m [38;5;145mREADMEファイルの更新を行っています...
[38;5;83m[PM-17:27:54][38;5;87m [File Thread/INFO][38;5;231m [38;5;145m更新が終了しました。
echo aasasa
[38;5;83m[PM-17:27:57][38;5;87m [PHPPO Thread/INFO][38;5;231m aasasa 
echo a
[38;5;83m[PM-17:27:58][38;5;87m [PHPPO Thread/INFO][38;5;231m a 
a
[38;5;83m[PM-17:27:59][38;5;87m [PHPPO Thread/INFO][38;5;231m [38;5;203m"a"コマンドが見つかりませんでした。helpコマンドで確認してください。
e
[38;5;83m[PM-17:28:00][38;5;87m [PHPPO Thread/INFO][38;5;231m [38;5;203m"e"コマンドが見つかりませんでした。helpコマンドで確認してください。
help
[38;5;83m[PM-17:28:02][38;5;87m [PHPPO Thread/INFO][38;5;231m [38;5;59m===================[38;5;231mコマンド一覧[38;5;59m===================[38;5;145m
[38;5;83m[PM-17:28:02][38;5;87m [PHPPO Thread/INFO][38;5;231m [38;5;34mclear [38;5;83m[38;5;145m:画面上から履歴が消えるように改行を繰り返します。[38;5;145m
[38;5;83m[PM-17:28:02][38;5;87m [PHPPO Thread/INFO][38;5;231m [38;5;34mecho [38;5;83m<メッセージ>/<on|off>[38;5;145m:文字列を出力。[38;5;145m
[38;5;83m[PM-17:28:02][38;5;87m [PHPPO Thread/INFO][38;5;231m [38;5;34mexec [38;5;83m[38;5;145m:コマンド及び外部プロセスの実行。[38;5;145m
[38;5;83m[PM-17:28:02][38;5;87m [PHPPO Thread/INFO][38;5;231m [38;5;34mexit [38;5;83m<ミリ秒数>[38;5;145m:PHP Prompt OSを終了。[38;5;145m
[38;5;83m[PM-17:28:02][38;5;87m [PHPPO Thread/INFO][38;5;231m [38;5;34mhelp [38;5;83m<all|dev>/<コマンド>[38;5;145m:使用できるコマンド、コマンドの使用法を表示。[38;5;145m
[38;5;83m[PM-17:28:02][38;5;87m [PHPPO Thread/INFO][38;5;231m [38;5;34minfo [38;5;83m<logo|auther|des|help|url|>[38;5;145m:当プログラムに関しての情報を表示。[38;5;145m
[38;5;83m[PM-17:28:02][38;5;87m [PHPPO Thread/INFO][38;5;231m [38;5;34mlog [38;5;83m<on/off>[38;5;145m:画面上から履歴が消えるように改行を繰り返します。[38;5;145m
[38;5;83m[PM-17:28:02][38;5;87m [PHPPO Thread/INFO][38;5;231m [38;5;34mscript [38;5;83m<ファイルネーム（拡張子を含む）>[38;5;145m:テキスト上のコマンドを改行ごとに実行します。[38;5;145m
[38;5;83m[PM-17:28:02][38;5;87m [PHPPO Thread/INFO][38;5;231m [38;5;34mset [38;5;83m<変数名> <値>[38;5;145m:変数へ代入します[38;5;145m
[38;5;83m[PM-17:28:02][38;5;87m [PHPPO Thread/INFO][38;5;231m [38;5;34mtime [38;5;83m[38;5;145m:コンピューターに設定されている時刻を表示。[38;5;145m
[38;5;83m[PM-17:28:02][38;5;87m [PHPPO Thread/INFO][38;5;231m [38;5;34mtitle [38;5;83m[38;5;145m:システムのタイトルを設定します。[38;5;145m
[38;5;83m[PM-17:28:02][38;5;87m [PHPPO Thread/INFO][38;5;231m [38;5;34mvars [38;5;83m[38;5;145m:定義済みの環境変数を表示します。[38;5;145m
[38;5;83m[PM-17:28:02][38;5;87m [PHPPO Thread/INFO][38;5;231m [38;5;59m===================================================[38;5;145m
help all
[38;5;83m[PM-17:28:04][38;5;87m [PHPPO Thread/INFO][38;5;231m [38;5;59m===================[38;5;87m実装コマンド一覧[38;5;59m===================[38;5;145m
[38;5;83m[PM-17:28:04][38;5;87m [PHPPO Thread/INFO][38;5;231m [38;5;34mclear [38;5;83m[38;5;145m:画面上から履歴が消えるように改行を繰り返します。[38;5;145m
[38;5;83m[PM-17:28:04][38;5;87m [PHPPO Thread/INFO][38;5;231m [38;5;34mecho [38;5;83m<メッセージ>/<on|off>[38;5;145m:文字列を出力。[38;5;145m
[38;5;83m[PM-17:28:04][38;5;87m [PHPPO Thread/INFO][38;5;231m [38;5;34mexec [38;5;83m[38;5;145m:コマンド及び外部プロセスの実行。[38;5;145m
[38;5;83m[PM-17:28:04][38;5;87m [PHPPO Thread/INFO][38;5;231m [38;5;34mexit [38;5;83m<ミリ秒数>[38;5;145m:PHP Prompt OSを終了。[38;5;145m
[38;5;83m[PM-17:28:04][38;5;87m [PHPPO Thread/INFO][38;5;231m [38;5;34mextract [38;5;83m<system>[38;5;145m:指定したpharファイルをソースディレクトリに展開します。[38;5;145m
[38;5;83m[PM-17:28:04][38;5;87m [PHPPO Thread/INFO][38;5;231m [38;5;34mhelp [38;5;83m<all|dev>/<コマンド>[38;5;145m:使用できるコマンド、コマンドの使用法を表示。[38;5;145m
[38;5;83m[PM-17:28:04][38;5;87m [PHPPO Thread/INFO][38;5;231m [38;5;34minfo [38;5;83m<logo|auther|des|help|url|>[38;5;145m:当プログラムに関しての情報を表示。[38;5;145m
[38;5;83m[PM-17:28:04][38;5;87m [PHPPO Thread/INFO][38;5;231m [38;5;34minstall [38;5;83m<src>[38;5;145m:PHPPO専用パッケージをインストールします[38;5;145m
[38;5;83m[PM-17:28:04][38;5;87m [PHPPO Thread/INFO][38;5;231m [38;5;34mlog [38;5;83m<on/off>[38;5;145m:画面上から履歴が消えるように改行を繰り返します。[38;5;145m
[38;5;83m[PM-17:28:04][38;5;87m [PHPPO Thread/INFO][38;5;231m [38;5;34mlogout [38;5;83m[38;5;145m:ログアウトします。[38;5;145m
[38;5;83m[PM-17:28:04][38;5;87m [PHPPO Thread/INFO][38;5;231m [38;5;34mmakephar [38;5;83m<アプリケーション名|ディレクトリパス|system>[38;5;145m:指定したアプリケーション、ディレクトリパス、または実行しているPHPPOのpharアーカイブ作成を行います。[38;5;145m
[38;5;83m[PM-17:28:04][38;5;87m [PHPPO Thread/INFO][38;5;231m [38;5;34mmkdir [38;5;83m[38;5;145m:ディレクトリを作成します[38;5;145m
[38;5;83m[PM-17:28:04][38;5;87m [PHPPO Thread/INFO][38;5;231m [38;5;34mrevc [38;5;83m[38;5;145m:画面上の文字の色の反転を切り替えます。[38;5;145m
[38;5;83m[PM-17:28:04][38;5;87m [PHPPO Thread/INFO][38;5;231m [38;5;34mscript [38;5;83m<ファイルネーム（拡張子を含む）>[38;5;145m:テキスト上のコマンドを改行ごとに実行します。[38;5;145m
[38;5;83m[PM-17:28:04][38;5;87m [PHPPO Thread/INFO][38;5;231m [38;5;34mset [38;5;83m<変数名> <値>[38;5;145m:変数へ代入します[38;5;145m
[38;5;83m[PM-17:28:04][38;5;87m [PHPPO Thread/INFO][38;5;231m [38;5;34msetvalue [38;5;83m<変数名> <値>[38;5;145m:変数へ代入します[38;5;145m
[38;5;83m[PM-17:28:04][38;5;87m [PHPPO Thread/INFO][38;5;231m [38;5;34mtime [38;5;83m[38;5;145m:コンピューターに設定されている時刻を表示。[38;5;145m
[38;5;83m[PM-17:28:04][38;5;87m [PHPPO Thread/INFO][38;5;231m [38;5;34mtitle [38;5;83m[38;5;145m:システムのタイトルを設定します。[38;5;145m
[38;5;83m[PM-17:28:04][38;5;87m [PHPPO Thread/INFO][38;5;231m [38;5;34mvardump [38;5;83m<変数名>[38;5;145m:システム処理が継承した'vardump'クラス内から呼び出せるパブリック変数、及びメイン処理におけるグローバル変数の内容を表示します。[38;5;145m
[38;5;83m[PM-17:28:04][38;5;87m [PHPPO Thread/INFO][38;5;231m [38;5;34mvars [38;5;83m[38;5;145m:定義済みの環境変数を表示します。[38;5;145m
[38;5;83m[PM-17:28:04][38;5;87m [PHPPO Thread/INFO][38;5;231m [38;5;34mwait [38;5;83m<ミリ秒>[38;5;145m:表示されているコンソール上での処理を指定時間中断します。[38;5;145m
[38;5;83m[PM-17:28:04][38;5;87m [PHPPO Thread/INFO][38;5;231m [38;5;59m=======================================================[38;5;145m
install
[38;5;83m[PM-17:28:10][38;5;87m [PHPPO Thread/INFO][38;5;231m パラメーターが不足しています。

[38;5;83m[PM-17:30:33][38;5;87m [File Thread/INFO][38;5;231m [38;5;145mライセンスファイルの更新を行っています...
[38;5;83m[PM-17:30:33][38;5;87m [File Thread/INFO][38;5;231m [38;5;145m更新が終了しました。
[38;5;83m[PM-17:30:33][38;5;87m [File Thread/INFO][38;5;231m [38;5;145mREADMEファイルの更新を行っています...
[38;5;83m[PM-17:30:33][38;5;87m [File Thread/INFO][38;5;231m [38;5;145m更新が終了しました。
[38;5;83m[PM-17:30:37][38;5;87m [File Thread/INFO][38;5;231m [38;5;145mライセンスファイルの更新を行っています...
[38;5;83m[PM-17:30:37][38;5;87m [File Thread/INFO][38;5;231m [38;5;145m更新が終了しました。
[38;5;83m[PM-17:30:37][38;5;87m [File Thread/INFO][38;5;231m [38;5;145mREADMEファイルの更新を行っています...
[38;5;83m[PM-17:30:37][38;5;87m [File Thread/INFO][38;5;231m [38;5;145m更新が終了しました。
a
[38;5;83m[PM-17:30:37][38;5;87m [PHPPO Thread/INFO][38;5;231m [38;5;203m"a"コマンドが見つかりませんでした。helpコマンドで確認してください。
[38;5;83m[PM-17:31:08][38;5;87m [File Thread/INFO][38;5;231m [38;5;145mライセンスファイルの更新を行っています...
[38;5;83m[PM-17:31:08][38;5;87m [File Thread/INFO][38;5;231m [38;5;145m更新が終了しました。
[38;5;83m[PM-17:31:08][38;5;87m [File Thread/INFO][38;5;231m [38;5;145mREADMEファイルの更新を行っています...
[38;5;83m[PM-17:31:08][38;5;87m [File Thread/INFO][38;5;231m [38;5;145m更新が終了しました。
echo a
[38;5;83m[PM-17:31:10][38;5;87m [PHPPO Thread/INFO][38;5;231m a 
echo off
a
[38;5;231m [38;5;203m"a"コマンドが見つかりませんでした。helpコマンドで確認してください。
e
[38;5;231m [38;5;203m"e"コマンドが見つかりませんでした。helpコマンドで確認してください。
[38;5;83m[PM-17:31:25][38;5;87m [File Thread/INFO][38;5;231m [38;5;145mライセンスファイルの更新を行っています...
[38;5;83m[PM-17:31:25][38;5;87m [File Thread/INFO][38;5;231m [38;5;145m更新が終了しました。
[38;5;83m[PM-17:31:25][38;5;87m [File Thread/INFO][38;5;231m [38;5;145mREADMEファイルの更新を行っています...
[38;5;83m[PM-17:31:25][38;5;87m [File Thread/INFO][38;5;231m [38;5;145m更新が終了しました。
echo of
[38;5;83m[PM-17:31:28][38;5;87m [PHPPO Thread/INFO][38;5;231m of 
echo off
echo a
[38;5;231m a 
help
[38;5;231m [38;5;59m===================[38;5;231mコマンド一覧[38;5;59m===================[38;5;145m
[38;5;231m [38;5;34mclear [38;5;83m[38;5;145m:画面上から履歴が消えるように改行を繰り返します。[38;5;145m
[38;5;231m [38;5;34mecho [38;5;83m<メッセージ>/<on|off>[38;5;145m:文字列を出力。[38;5;145m
[38;5;231m [38;5;34mexec [38;5;83m[38;5;145m:コマンド及び外部プロセスの実行。[38;5;145m
[38;5;231m [38;5;34mexit [38;5;83m<ミリ秒数>[38;5;145m:PHP Prompt OSを終了。[38;5;145m
[38;5;231m [38;5;34mhelp [38;5;83m<all|dev>/<コマンド>[38;5;145m:使用できるコマンド、コマンドの使用法を表示。[38;5;145m
[38;5;231m [38;5;34minfo [38;5;83m<logo|auther|des|help|url|>[38;5;145m:当プログラムに関しての情報を表示。[38;5;145m
[38;5;231m [38;5;34mlog [38;5;83m<on/off>[38;5;145m:画面上から履歴が消えるように改行を繰り返します。[38;5;145m
[38;5;231m [38;5;34mscript [38;5;83m<ファイルネーム（拡張子を含む）>[38;5;145m:テキスト上のコマンドを改行ごとに実行します。[38;5;145m
[38;5;231m [38;5;34mset [38;5;83m<変数名> <値>[38;5;145m:変数へ代入します[38;5;145m
[38;5;231m [38;5;34mtime [38;5;83m[38;5;145m:コンピューターに設定されている時刻を表示。[38;5;145m
[38;5;231m [38;5;34mtitle [38;5;83m[38;5;145m:システムのタイトルを設定します。[38;5;145m
[38;5;231m [38;5;34mvars [38;5;83m[38;5;145m:定義済みの環境変数を表示します。[38;5;145m
[38;5;231m [38;5;59m===================================================[38;5;145m
[38;5;83m[PM-17:31:57][38;5;87m [File Thread/INFO][38;5;231m  [38;5;145mライセンスファイルの更新を行っています...
[38;5;83m[PM-17:31:57][38;5;87m [File Thread/INFO][38;5;231m  [38;5;145m更新が終了しました。
[38;5;83m[PM-17:31:57][38;5;87m [File Thread/INFO][38;5;231m  [38;5;145mREADMEファイルの更新を行っています...
[38;5;83m[PM-17:31:57][38;5;87m [File Thread/INFO][38;5;231m  [38;5;145m更新が終了しました。
script
[38;5;83m[PM-17:32:01][38;5;87m [PHPPO Thread/INFO][38;5;231m  パラメーターが不足しています。
help
[38;5;83m[PM-17:32:07][38;5;87m [PHPPO Thread/INFO][38;5;231m  [38;5;59m===================[38;5;231mコマンド一覧[38;5;59m===================[38;5;145m
[38;5;83m[PM-17:32:07][38;5;87m [PHPPO Thread/INFO][38;5;231m  [38;5;34mclear [38;5;83m[38;5;145m:画面上から履歴が消えるように改行を繰り返します。[38;5;145m
[38;5;83m[PM-17:32:07][38;5;87m [PHPPO Thread/INFO][38;5;231m  [38;5;34mecho [38;5;83m<メッセージ>/<on|off>[38;5;145m:文字列を出力。[38;5;145m
[38;5;83m[PM-17:32:07][38;5;87m [PHPPO Thread/INFO][38;5;231m  [38;5;34mexec [38;5;83m[38;5;145m:コマンド及び外部プロセスの実行。[38;5;145m
[38;5;83m[PM-17:32:07][38;5;87m [PHPPO Thread/INFO][38;5;231m  [38;5;34mexit [38;5;83m<ミリ秒数>[38;5;145m:PHP Prompt OSを終了。[38;5;145m
[38;5;83m[PM-17:32:07][38;5;87m [PHPPO Thread/INFO][38;5;231m  [38;5;34mhelp [38;5;83m<all|dev>/<コマンド>[38;5;145m:使用できるコマンド、コマンドの使用法を表示。[38;5;145m
[38;5;83m[PM-17:32:07][38;5;87m [PHPPO Thread/INFO][38;5;231m  [38;5;34minfo [38;5;83m<logo|auther|des|help|url|>[38;5;145m:当プログラムに関しての情報を表示。[38;5;145m
[38;5;83m[PM-17:32:07][38;5;87m [PHPPO Thread/INFO][38;5;231m  [38;5;34mlog [38;5;83m<on/off>[38;5;145m:画面上から履歴が消えるように改行を繰り返します。[38;5;145m
[38;5;83m[PM-17:32:07][38;5;87m [PHPPO Thread/INFO][38;5;231m  [38;5;34mscript [38;5;83m<ファイルネーム（拡張子を含む）>[38;5;145m:テキスト上のコマンドを改行ごとに実行します。[38;5;145m
[38;5;83m[PM-17:32:07][38;5;87m [PHPPO Thread/INFO][38;5;231m  [38;5;34mset [38;5;83m<変数名> <値>[38;5;145m:変数へ代入します[38;5;145m
[38;5;83m[PM-17:32:07][38;5;87m [PHPPO Thread/INFO][38;5;231m  [38;5;34mtime [38;5;83m[38;5;145m:コンピューターに設定されている時刻を表示。[38;5;145m
[38;5;83m[PM-17:32:07][38;5;87m [PHPPO Thread/INFO][38;5;231m  [38;5;34mtitle [38;5;83m[38;5;145m:システムのタイトルを設定します。[38;5;145m
[38;5;83m[PM-17:32:07][38;5;87m [PHPPO Thread/INFO][38;5;231m  [38;5;34mvars [38;5;83m[38;5;145m:定義済みの環境変数を表示します。[38;5;145m
[38;5;83m[PM-17:32:07][38;5;87m [PHPPO Thread/INFO][38;5;231m  [38;5;59m===================================================[38;5;145m
echo off
a
[38;5;231m [38;5;203m"a"コマンドが見つかりませんでした。helpコマンドで確認してください。
a
[38;5;231m [38;5;203m"a"コマンドが見つかりませんでした。helpコマンドで確認してください。
help
[38;5;231m [38;5;59m===================[38;5;231mコマンド一覧[38;5;59m===================[38;5;145m
[38;5;231m [38;5;34mclear [38;5;83m[38;5;145m:画面上から履歴が消えるように改行を繰り返します。[38;5;145m
[38;5;231m [38;5;34mecho [38;5;83m<メッセージ>/<on|off>[38;5;145m:文字列を出力。[38;5;145m
[38;5;231m [38;5;34mexec [38;5;83m[38;5;145m:コマンド及び外部プロセスの実行。[38;5;145m
[38;5;231m [38;5;34mexit [38;5;83m<ミリ秒数>[38;5;145m:PHP Prompt OSを終了。[38;5;145m
[38;5;231m [38;5;34mhelp [38;5;83m<all|dev>/<コマンド>[38;5;145m:使用できるコマンド、コマンドの使用法を表示。[38;5;145m
[38;5;231m [38;5;34minfo [38;5;83m<logo|auther|des|help|url|>[38;5;145m:当プログラムに関しての情報を表示。[38;5;145m
[38;5;231m [38;5;34mlog [38;5;83m<on/off>[38;5;145m:画面上から履歴が消えるように改行を繰り返します。[38;5;145m
[38;5;231m [38;5;34mscript [38;5;83m<ファイルネーム（拡張子を含む）>[38;5;145m:テキスト上のコマンドを改行ごとに実行します。[38;5;145m
[38;5;231m [38;5;34mset [38;5;83m<変数名> <値>[38;5;145m:変数へ代入します[38;5;145m
[38;5;231m [38;5;34mtime [38;5;83m[38;5;145m:コンピューターに設定されている時刻を表示。[38;5;145m
[38;5;231m [38;5;34mtitle [38;5;83m[38;5;145m:システムのタイトルを設定します。[38;5;145m
[38;5;231m [38;5;34mvars [38;5;83m[38;5;145m:定義済みの環境変数を表示します。[38;5;145m
[38;5;231m [38;5;59m===================================================[38;5;145m
time
[38;5;231m 午後17時32分16秒
[38;5;231m 
help all
[38;5;231m [38;5;59m===================[38;5;87m実装コマンド一覧[38;5;59m===================[38;5;145m
[38;5;231m [38;5;34mclear [38;5;83m[38;5;145m:画面上から履歴が消えるように改行を繰り返します。[38;5;145m
[38;5;231m [38;5;34mecho [38;5;83m<メッセージ>/<on|off>[38;5;145m:文字列を出力。[38;5;145m
[38;5;231m [38;5;34mexec [38;5;83m[38;5;145m:コマンド及び外部プロセスの実行。[38;5;145m
[38;5;231m [38;5;34mexit [38;5;83m<ミリ秒数>[38;5;145m:PHP Prompt OSを終了。[38;5;145m
[38;5;231m [38;5;34mextract [38;5;83m<system>[38;5;145m:指定したpharファイルをソースディレクトリに展開します。[38;5;145m
[38;5;231m [38;5;34mhelp [38;5;83m<all|dev>/<コマンド>[38;5;145m:使用できるコマンド、コマンドの使用法を表示。[38;5;145m
[38;5;231m [38;5;34minfo [38;5;83m<logo|auther|des|help|url|>[38;5;145m:当プログラムに関しての情報を表示。[38;5;145m
[38;5;231m [38;5;34minstall [38;5;83m<src>[38;5;145m:PHPPO専用パッケージをインストールします[38;5;145m
[38;5;231m [38;5;34mlog [38;5;83m<on/off>[38;5;145m:画面上から履歴が消えるように改行を繰り返します。[38;5;145m
[38;5;231m [38;5;34mlogout [38;5;83m[38;5;145m:ログアウトします。[38;5;145m
[38;5;231m [38;5;34mmakephar [38;5;83m<アプリケーション名|ディレクトリパス|system>[38;5;145m:指定したアプリケーション、ディレクトリパス、または実行しているPHPPOのpharアーカイブ作成を行います。[38;5;145m
[38;5;231m [38;5;34mmkdir [38;5;83m[38;5;145m:ディレクトリを作成します[38;5;145m
[38;5;231m [38;5;34mrevc [38;5;83m[38;5;145m:画面上の文字の色の反転を切り替えます。[38;5;145m
[38;5;231m [38;5;34mscript [38;5;83m<ファイルネーム（拡張子を含む）>[38;5;145m:テキスト上のコマンドを改行ごとに実行します。[38;5;145m
[38;5;231m [38;5;34mset [38;5;83m<変数名> <値>[38;5;145m:変数へ代入します[38;5;145m
[38;5;231m [38;5;34msetvalue [38;5;83m<変数名> <値>[38;5;145m:変数へ代入します[38;5;145m
[38;5;231m [38;5;34mtime [38;5;83m[38;5;145m:コンピューターに設定されている時刻を表示。[38;5;145m
[38;5;231m [38;5;34mtitle [38;5;83m[38;5;145m:システムのタイトルを設定します。[38;5;145m
[38;5;231m [38;5;34mvardump [38;5;83m<変数名>[38;5;145m:システム処理が継承した'vardump'クラス内から呼び出せるパブリック変数、及びメイン処理におけるグローバル変数の内容を表示します。[38;5;145m
[38;5;231m [38;5;34mvars [38;5;83m[38;5;145m:定義済みの環境変数を表示します。[38;5;145m
[38;5;231m [38;5;34mwait [38;5;83m<ミリ秒>[38;5;145m:表示されているコンソール上での処理を指定時間中断します。[38;5;145m
[38;5;231m [38;5;59m=======================================================[38;5;145m
[38;5;83m[PM-17:33:36][38;5;87m [File Thread/INFO][38;5;231m  [38;5;145mライセンスファイルの更新を行っています...
[38;5;83m[PM-17:33:36][38;5;87m [File Thread/INFO][38;5;231m  [38;5;145m更新が終了しました。
[38;5;83m[PM-17:33:36][38;5;87m [File Thread/INFO][38;5;231m  [38;5;145mREADMEファイルの更新を行っています...
[38;5;83m[PM-17:33:36][38;5;87m [File Thread/INFO][38;5;231m  [38;5;145m更新が終了しました。
help all
[38;5;83m[PM-17:33:38][38;5;87m [PHPPO Thread/INFO][38;5;231m  [38;5;59m===================[38;5;87m実装コマンド一覧[38;5;59m===================[38;5;145m
[38;5;83m[PM-17:33:38][38;5;87m [PHPPO Thread/INFO][38;5;231m  [[38;5;59mdefault]-[38;5;34mclear [38;5;83m[38;5;145m:画面上から履歴が消えるように改行を繰り返します。[38;5;145m
[38;5;83m[PM-17:33:38][38;5;87m [PHPPO Thread/INFO][38;5;231m  [[38;5;59mdefault]-[38;5;34mecho [38;5;83m<メッセージ>/<on|off>[38;5;145m:文字列を出力。[38;5;145m
[38;5;83m[PM-17:33:38][38;5;87m [PHPPO Thread/INFO][38;5;231m  [[38;5;59mdefault]-[38;5;34mexec [38;5;83m[38;5;145m:コマンド及び外部プロセスの実行。[38;5;145m
[38;5;83m[PM-17:33:38][38;5;87m [PHPPO Thread/INFO][38;5;231m  [[38;5;59mdefault]-[38;5;34mexit [38;5;83m<ミリ秒数>[38;5;145m:PHP Prompt OSを終了。[38;5;145m
[38;5;83m[PM-17:33:38][38;5;87m [PHPPO Thread/INFO][38;5;231m  [[38;5;59msecret]-[38;5;34mextract [38;5;83m<system>[38;5;145m:指定したpharファイルをソースディレクトリに展開します。[38;5;145m
[38;5;83m[PM-17:33:38][38;5;87m [PHPPO Thread/INFO][38;5;231m  [[38;5;59mdefault]-[38;5;34mhelp [38;5;83m<all|dev>/<コマンド>[38;5;145m:使用できるコマンド、コマンドの使用法を表示。[38;5;145m
[38;5;83m[PM-17:33:38][38;5;87m [PHPPO Thread/INFO][38;5;231m  [[38;5;59mdefault]-[38;5;34minfo [38;5;83m<logo|auther|des|help|url|>[38;5;145m:当プログラムに関しての情報を表示。[38;5;145m
[38;5;83m[PM-17:33:38][38;5;87m [PHPPO Thread/INFO][38;5;231m  [[38;5;59msecret]-[38;5;34minstall [38;5;83m<src>[38;5;145m:PHPPO専用パッケージをインストールします[38;5;145m
[38;5;83m[PM-17:33:38][38;5;87m [PHPPO Thread/INFO][38;5;231m  [[38;5;59mdefault]-[38;5;34mlog [38;5;83m<on/off>[38;5;145m:画面上から履歴が消えるように改行を繰り返します。[38;5;145m
[38;5;83m[PM-17:33:38][38;5;87m [PHPPO Thread/INFO][38;5;231m  [[38;5;59msecret]-[38;5;34mlogout [38;5;83m[38;5;145m:ログアウトします。[38;5;145m
[38;5;83m[PM-17:33:38][38;5;87m [PHPPO Thread/INFO][38;5;231m  [[38;5;59mdev]-[38;5;34mmakephar [38;5;83m<アプリケーション名|ディレクトリパス|system>[38;5;145m:指定したアプリケーション、ディレクトリパス、または実行しているPHPPOのpharアーカイブ作成を行います。[38;5;145m
[38;5;83m[PM-17:33:38][38;5;87m [PHPPO Thread/INFO][38;5;231m  [[38;5;59msecret]-[38;5;34mmkdir [38;5;83m[38;5;145m:ディレクトリを作成します[38;5;145m
[38;5;83m[PM-17:33:38][38;5;87m [PHPPO Thread/INFO][38;5;231m  [[38;5;59maccessibility]-[38;5;34mrevc [38;5;83m[38;5;145m:画面上の文字の色の反転を切り替えます。[38;5;145m
[38;5;83m[PM-17:33:38][38;5;87m [PHPPO Thread/INFO][38;5;231m  [[38;5;59mdefault]-[38;5;34mscript [38;5;83m<ファイルネーム（拡張子を含む）>[38;5;145m:テキスト上のコマンドを改行ごとに実行します。[38;5;145m
[38;5;83m[PM-17:33:38][38;5;87m [PHPPO Thread/INFO][38;5;231m  [[38;5;59mdefault]-[38;5;34mset [38;5;83m<変数名> <値>[38;5;145m:変数へ代入します[38;5;145m
[38;5;83m[PM-17:33:38][38;5;87m [PHPPO Thread/INFO][38;5;231m  [[38;5;59msecret]-[38;5;34msetvalue [38;5;83m<変数名> <値>[38;5;145m:変数へ代入します[38;5;145m
[38;5;83m[PM-17:33:38][38;5;87m [PHPPO Thread/INFO][38;5;231m  [[38;5;59mdefault]-[38;5;34mtime [38;5;83m[38;5;145m:コンピューターに設定されている時刻を表示。[38;5;145m
[38;5;83m[PM-17:33:38][38;5;87m [PHPPO Thread/INFO][38;5;231m  [[38;5;59mdefault]-[38;5;34mtitle [38;5;83m[38;5;145m:システムのタイトルを設定します。[38;5;145m
[38;5;83m[PM-17:33:38][38;5;87m [PHPPO Thread/INFO][38;5;231m  [[38;5;59mdev]-[38;5;34mvardump [38;5;83m<変数名>[38;5;145m:システム処理が継承した'vardump'クラス内から呼び出せるパブリック変数、及びメイン処理におけるグローバル変数の内容を表示します。[38;5;145m
[38;5;83m[PM-17:33:38][38;5;87m [PHPPO Thread/INFO][38;5;231m  [[38;5;59mdefault]-[38;5;34mvars [38;5;83m[38;5;145m:定義済みの環境変数を表示します。[38;5;145m
[38;5;83m[PM-17:33:38][38;5;87m [PHPPO Thread/INFO][38;5;231m  [[38;5;59mscript]-[38;5;34mwait [38;5;83m<ミリ秒>[38;5;145m:表示されているコンソール上での処理を指定時間中断します。[38;5;145m
[38;5;83m[PM-17:33:38][38;5;87m [PHPPO Thread/INFO][38;5;231m  [38;5;59m=======================================================[38;5;145m
[38;5;83m[PM-17:33:59][38;5;87m [File Thread/INFO][38;5;231m  [38;5;145mライセンスファイルの更新を行っています...
[38;5;83m[PM-17:33:59][38;5;87m [File Thread/INFO][38;5;231m  [38;5;145m更新が終了しました。
[38;5;83m[PM-17:33:59][38;5;87m [File Thread/INFO][38;5;231m  [38;5;145mREADMEファイルの更新を行っています...
[38;5;83m[PM-17:33:59][38;5;87m [File Thread/INFO][38;5;231m  [38;5;145m更新が終了しました。
help all
[38;5;83m[PM-17:34:01][38;5;87m [PHPPO Thread/INFO][38;5;231m  [38;5;59m===================[38;5;87m実装コマンド一覧[38;5;59m===================[38;5;145m
[38;5;83m[PM-17:34:01][38;5;87m [PHPPO Thread/INFO][38;5;231m  [38;5;59m[default]-[38;5;34mclear [38;5;83m[38;5;145m:画面上から履歴が消えるように改行を繰り返します。[38;5;145m
[38;5;83m[PM-17:34:01][38;5;87m [PHPPO Thread/INFO][38;5;231m  [38;5;59m[default]-[38;5;34mecho [38;5;83m<メッセージ>/<on|off>[38;5;145m:文字列を出力。[38;5;145m
[38;5;83m[PM-17:34:01][38;5;87m [PHPPO Thread/INFO][38;5;231m  [38;5;59m[default]-[38;5;34mexec [38;5;83m[38;5;145m:コマンド及び外部プロセスの実行。[38;5;145m
[38;5;83m[PM-17:34:01][38;5;87m [PHPPO Thread/INFO][38;5;231m  [38;5;59m[default]-[38;5;34mexit [38;5;83m<ミリ秒数>[38;5;145m:PHP Prompt OSを終了。[38;5;145m
[38;5;83m[PM-17:34:01][38;5;87m [PHPPO Thread/INFO][38;5;231m  [38;5;59m[secret]-[38;5;34mextract [38;5;83m<system>[38;5;145m:指定したpharファイルをソースディレクトリに展開します。[38;5;145m
[38;5;83m[PM-17:34:01][38;5;87m [PHPPO Thread/INFO][38;5;231m  [38;5;59m[default]-[38;5;34mhelp [38;5;83m<all|dev>/<コマンド>[38;5;145m:使用できるコマンド、コマンドの使用法を表示。[38;5;145m
[38;5;83m[PM-17:34:01][38;5;87m [PHPPO Thread/INFO][38;5;231m  [38;5;59m[default]-[38;5;34minfo [38;5;83m<logo|auther|des|help|url|>[38;5;145m:当プログラムに関しての情報を表示。[38;5;145m
[38;5;83m[PM-17:34:01][38;5;87m [PHPPO Thread/INFO][38;5;231m  [38;5;59m[secret]-[38;5;34minstall [38;5;83m<src>[38;5;145m:PHPPO専用パッケージをインストールします[38;5;145m
[38;5;83m[PM-17:34:01][38;5;87m [PHPPO Thread/INFO][38;5;231m  [38;5;59m[default]-[38;5;34mlog [38;5;83m<on/off>[38;5;145m:画面上から履歴が消えるように改行を繰り返します。[38;5;145m
[38;5;83m[PM-17:34:01][38;5;87m [PHPPO Thread/INFO][38;5;231m  [38;5;59m[secret]-[38;5;34mlogout [38;5;83m[38;5;145m:ログアウトします。[38;5;145m
[38;5;83m[PM-17:34:01][38;5;87m [PHPPO Thread/INFO][38;5;231m  [38;5;59m[dev]-[38;5;34mmakephar [38;5;83m<アプリケーション名|ディレクトリパス|system>[38;5;145m:指定したアプリケーション、ディレクトリパス、または実行しているPHPPOのpharアーカイブ作成を行います。[38;5;145m
[38;5;83m[PM-17:34:01][38;5;87m [PHPPO Thread/INFO][38;5;231m  [38;5;59m[secret]-[38;5;34mmkdir [38;5;83m[38;5;145m:ディレクトリを作成します[38;5;145m
[38;5;83m[PM-17:34:01][38;5;87m [PHPPO Thread/INFO][38;5;231m  [38;5;59m[accessibility]-[38;5;34mrevc [38;5;83m[38;5;145m:画面上の文字の色の反転を切り替えます。[38;5;145m
[38;5;83m[PM-17:34:01][38;5;87m [PHPPO Thread/INFO][38;5;231m  [38;5;59m[default]-[38;5;34mscript [38;5;83m<ファイルネーム（拡張子を含む）>[38;5;145m:テキスト上のコマンドを改行ごとに実行します。[38;5;145m
[38;5;83m[PM-17:34:01][38;5;87m [PHPPO Thread/INFO][38;5;231m  [38;5;59m[default]-[38;5;34mset [38;5;83m<変数名> <値>[38;5;145m:変数へ代入します[38;5;145m
[38;5;83m[PM-17:34:01][38;5;87m [PHPPO Thread/INFO][38;5;231m  [38;5;59m[secret]-[38;5;34msetvalue [38;5;83m<変数名> <値>[38;5;145m:変数へ代入します[38;5;145m
[38;5;83m[PM-17:34:01][38;5;87m [PHPPO Thread/INFO][38;5;231m  [38;5;59m[default]-[38;5;34mtime [38;5;83m[38;5;145m:コンピューターに設定されている時刻を表示。[38;5;145m
[38;5;83m[PM-17:34:01][38;5;87m [PHPPO Thread/INFO][38;5;231m  [38;5;59m[default]-[38;5;34mtitle [38;5;83m[38;5;145m:システムのタイトルを設定します。[38;5;145m
[38;5;83m[PM-17:34:01][38;5;87m [PHPPO Thread/INFO][38;5;231m  [38;5;59m[dev]-[38;5;34mvardump [38;5;83m<変数名>[38;5;145m:システム処理が継承した'vardump'クラス内から呼び出せるパブリック変数、及びメイン処理におけるグローバル変数の内容を表示します。[38;5;145m
[38;5;83m[PM-17:34:01][38;5;87m [PHPPO Thread/INFO][38;5;231m  [38;5;59m[default]-[38;5;34mvars [38;5;83m[38;5;145m:定義済みの環境変数を表示します。[38;5;145m
[38;5;83m[PM-17:34:01][38;5;87m [PHPPO Thread/INFO][38;5;231m  [38;5;59m[script]-[38;5;34mwait [38;5;83m<ミリ秒>[38;5;145m:表示されているコンソール上での処理を指定時間中断します。[38;5;145m
[38;5;83m[PM-17:34:01][38;5;87m [PHPPO Thread/INFO][38;5;231m  [38;5;59m=======================================================[38;5;145m

[38;5;83m[PM-17:35:20][38;5;87m [File Thread/INFO][38;5;231m  [38;5;145mライセンスファイルの更新を行っています...
[38;5;83m[PM-17:35:20][38;5;87m [File Thread/INFO][38;5;231m  [38;5;145m更新が終了しました。
[38;5;83m[PM-17:35:20][38;5;87m [File Thread/INFO][38;5;231m  [38;5;145mREADMEファイルの更新を行っています...
[38;5;83m[PM-17:35:20][38;5;87m [File Thread/INFO][38;5;231m  [38;5;145m更新が終了しました。
help all
[38;5;83m[PM-17:35:21][38;5;87m [PHPPO Thread/INFO][38;5;231m  [38;5;59m===================[38;5;87m実装コマンド一覧[38;5;59m===================[38;5;145m
[38;5;83m[PM-17:35:21][38;5;87m [PHPPO Thread/INFO][38;5;231m  [38;5;59m[default]-[38;5;34mclear [38;5;83m[38;5;145m:画面上から履歴が消えるように改行を繰り返します。[38;5;145m
[38;5;83m[PM-17:35:21][38;5;87m [PHPPO Thread/INFO][38;5;231m  [38;5;59m[default]-[38;5;34mecho [38;5;83m<メッセージ>/<on|off>[38;5;145m:文字列を出力。[38;5;145m
[38;5;83m[PM-17:35:21][38;5;87m [PHPPO Thread/INFO][38;5;231m  [38;5;59m[default]-[38;5;34mexec [38;5;83m[38;5;145m:コマンド及び外部プロセスの実行。[38;5;145m
[38;5;83m[PM-17:35:21][38;5;87m [PHPPO Thread/INFO][38;5;231m  [38;5;59m[default]-[38;5;34mexit [38;5;83m<ミリ秒数>[38;5;145m:PHP Prompt OSを終了。[38;5;145m
[38;5;83m[PM-17:35:21][38;5;87m [PHPPO Thread/INFO][38;5;231m  [38;5;59m[secret]-[38;5;34mextract [38;5;83m<system>[38;5;145m:指定したpharファイルをソースディレクトリに展開します。[38;5;145m
[38;5;83m[PM-17:35:21][38;5;87m [PHPPO Thread/INFO][38;5;231m  [38;5;59m[default]-[38;5;34mhelp [38;5;83m<all|dev>/<コマンド>[38;5;145m:使用できるコマンド、コマンドの使用法を表示。[38;5;145m
[38;5;83m[PM-17:35:21][38;5;87m [PHPPO Thread/INFO][38;5;231m  [38;5;59m[default]-[38;5;34minfo [38;5;83m<logo|auther|des|help|url|>[38;5;145m:当プログラムに関しての情報を表示。[38;5;145m
[38;5;83m[PM-17:35:21][38;5;87m [PHPPO Thread/INFO][38;5;231m  [38;5;59m[secret]-[38;5;34minstall [38;5;83m<src>[38;5;145m:PHPPO専用パッケージをインストールします[38;5;145m
[38;5;83m[PM-17:35:21][38;5;87m [PHPPO Thread/INFO][38;5;231m  [38;5;59m[default]-[38;5;34mlog [38;5;83m<on/off>[38;5;145m:画面上から履歴が消えるように改行を繰り返します。[38;5;145m
[38;5;83m[PM-17:35:21][38;5;87m [PHPPO Thread/INFO][38;5;231m  [38;5;59m[secret]-[38;5;34mlogout [38;5;83m[38;5;145m:ログアウトします。[38;5;145m
[38;5;83m[PM-17:35:21][38;5;87m [PHPPO Thread/INFO][38;5;231m  [38;5;59m[dev]-[38;5;34mmakephar [38;5;83m<アプリケーション名|ディレクトリパス|system>[38;5;145m:指定したアプリケーション、ディレクトリパス、または実行しているPHPPOのpharアーカイブ作成を行います。[38;5;145m
[38;5;83m[PM-17:35:21][38;5;87m [PHPPO Thread/INFO][38;5;231m  [38;5;59m[secret]-[38;5;34mmkdir [38;5;83m[38;5;145m:ディレクトリを作成します[38;5;145m
[38;5;83m[PM-17:35:21][38;5;87m [PHPPO Thread/INFO][38;5;231m  [38;5;59m[accessibility]-[38;5;34mrevc [38;5;83m[38;5;145m:画面上の文字の色の反転を切り替えます。[38;5;145m
[38;5;83m[PM-17:35:21][38;5;87m [PHPPO Thread/INFO][38;5;231m  [38;5;59m[default]-[38;5;34mscript [38;5;83m<ファイルネーム（拡張子を含む）>[38;5;145m:テキスト上のコマンドを改行ごとに実行します。[38;5;145m
[38;5;83m[PM-17:35:21][38;5;87m [PHPPO Thread/INFO][38;5;231m  [38;5;59m[default]-[38;5;34mset [38;5;83m<変数名> <値>[38;5;145m:変数へ代入します[38;5;145m
[38;5;83m[PM-17:35:21][38;5;87m [PHPPO Thread/INFO][38;5;231m  [38;5;59m[secret]-[38;5;34msetvalue [38;5;83m<変数名> <値>[38;5;145m:変数へ代入します[38;5;145m
[38;5;83m[PM-17:35:21][38;5;87m [PHPPO Thread/INFO][38;5;231m  [38;5;59m[default]-[38;5;34mtime [38;5;83m[38;5;145m:コンピューターに設定されている時刻を表示。[38;5;145m
[38;5;83m[PM-17:35:21][38;5;87m [PHPPO Thread/INFO][38;5;231m  [38;5;59m[default]-[38;5;34mtitle [38;5;83m[38;5;145m:システムのタイトルを設定します。[38;5;145m
[38;5;83m[PM-17:35:21][38;5;87m [PHPPO Thread/INFO][38;5;231m  [38;5;59m[dev]-[38;5;34mvardump [38;5;83m<変数名>[38;5;145m:システム処理が継承した'vardump'クラス内から呼び出せるパブリック変数、及びメイン処理におけるグローバル変数の内容を表示します。[38;5;145m
[38;5;83m[PM-17:35:21][38;5;87m [PHPPO Thread/INFO][38;5;231m  [38;5;59m[default]-[38;5;34mvars [38;5;83m[38;5;145m:定義済みの環境変数を表示します。[38;5;145m
[38;5;83m[PM-17:35:21][38;5;87m [PHPPO Thread/INFO][38;5;231m  [38;5;59m[script]-[38;5;34mwait [38;5;83m<ミリ秒>[38;5;145m:表示されているコンソール上での処理を指定時間中断します。[38;5;145m
[38;5;83m[PM-17:35:21][38;5;87m [PHPPO Thread/INFO][38;5;231m  [38;5;59m=======================================================[38;5;145m
[38;5;83m[PM-17:35:42][38;5;87m [File Thread/INFO][38;5;231m  [38;5;145mライセンスファイルの更新を行っています...
[38;5;83m[PM-17:35:42][38;5;87m [File Thread/INFO][38;5;231m  [38;5;145m更新が終了しました。
[38;5;83m[PM-17:35:42][38;5;87m [File Thread/INFO][38;5;231m  [38;5;145mREADMEファイルの更新を行っています...
[38;5;83m[PM-17:35:42][38;5;87m [File Thread/INFO][38;5;231m  [38;5;145m更新が終了しました。
help all
[38;5;83m[PM-17:35:44][38;5;87m [PHPPO Thread/INFO][38;5;231m  [38;5;59m===================[38;5;87m実装コマンド一覧[38;5;59m===================[38;5;145m
[38;5;83m[PM-17:35:44][38;5;87m [PHPPO Thread/INFO][38;5;231m  [38;5;59m[default]-[38;5;34mclear [38;5;83m[38;5;145m:画面上から履歴が消えるように改行を繰り返します。[38;5;145m
[38;5;83m[PM-17:35:44][38;5;87m [PHPPO Thread/INFO][38;5;231m  [38;5;59m[default]-[38;5;34mecho [38;5;83m<メッセージ>/<on|off>[38;5;145m:文字列を出力。[38;5;145m
[38;5;83m[PM-17:35:44][38;5;87m [PHPPO Thread/INFO][38;5;231m  [38;5;59m[default]-[38;5;34mexec [38;5;83m[38;5;145m:コマンド及び外部プロセスの実行。[38;5;145m
[38;5;83m[PM-17:35:44][38;5;87m [PHPPO Thread/INFO][38;5;231m  [38;5;59m[default]-[38;5;34mexit [38;5;83m<ミリ秒数>[38;5;145m:PHP Prompt OSを終了。[38;5;145m
[38;5;83m[PM-17:35:44][38;5;87m [PHPPO Thread/INFO][38;5;231m  [38;5;59m[secret]-[38;5;34mextract [38;5;83m<system>[38;5;145m:指定したpharファイルをソースディレクトリに展開します。[38;5;145m
[38;5;83m[PM-17:35:44][38;5;87m [PHPPO Thread/INFO][38;5;231m  [38;5;59m[default]-[38;5;34mhelp [38;5;83m<all|dev>/<コマンド>[38;5;145m:使用できるコマンド、コマンドの使用法を表示。[38;5;145m
[38;5;83m[PM-17:35:44][38;5;87m [PHPPO Thread/INFO][38;5;231m  [38;5;59m[default]-[38;5;34minfo [38;5;83m<logo|auther|des|help|url|>[38;5;145m:当プログラムに関しての情報を表示。[38;5;145m
[38;5;83m[PM-17:35:44][38;5;87m [PHPPO Thread/INFO][38;5;231m  [38;5;59m[secret]-[38;5;34minstall [38;5;83m<src>[38;5;145m:PHPPO専用パッケージをインストールします[38;5;145m
[38;5;83m[PM-17:35:44][38;5;87m [PHPPO Thread/INFO][38;5;231m  [38;5;59m[default]-[38;5;34mlog [38;5;83m<on/off>[38;5;145m:画面上から履歴が消えるように改行を繰り返します。[38;5;145m
[38;5;83m[PM-17:35:44][38;5;87m [PHPPO Thread/INFO][38;5;231m  [38;5;59m[secret]-[38;5;34mlogout [38;5;83m[38;5;145m:ログアウトします。[38;5;145m
[38;5;83m[PM-17:35:44][38;5;87m [PHPPO Thread/INFO][38;5;231m  [38;5;59m[dev]-[38;5;34mmakephar [38;5;83m<アプリケーション名|ディレクトリパス|system>[38;5;145m:指定したアプリケーション、ディレクトリパス、または実行しているPHPPOのpharアーカイブ作成を行います。[38;5;145m
[38;5;83m[PM-17:35:44][38;5;87m [PHPPO Thread/INFO][38;5;231m  [38;5;59m[secret]-[38;5;34mmkdir [38;5;83m[38;5;145m:ディレクトリを作成します[38;5;145m
[38;5;83m[PM-17:35:44][38;5;87m [PHPPO Thread/INFO][38;5;231m  [38;5;59m[accessibility]-[38;5;34mrevc [38;5;83m[38;5;145m:画面上の文字の色の反転を切り替えます。[38;5;145m
[38;5;83m[PM-17:35:44][38;5;87m [PHPPO Thread/INFO][38;5;231m  [38;5;59m[default]-[38;5;34mscript [38;5;83m<ファイルネーム（拡張子を含む）>[38;5;145m:テキスト上のコマンドを改行ごとに実行します。[38;5;145m
[38;5;83m[PM-17:35:44][38;5;87m [PHPPO Thread/INFO][38;5;231m  [38;5;59m[default]-[38;5;34mset [38;5;83m<変数名> <値>[38;5;145m:変数へ代入します[38;5;145m
[38;5;83m[PM-17:35:44][38;5;87m [PHPPO Thread/INFO][38;5;231m  [38;5;59m[secret]-[38;5;34msetvalue [38;5;83m<変数名> <値>[38;5;145m:変数へ代入します[38;5;145m
[38;5;83m[PM-17:35:44][38;5;87m [PHPPO Thread/INFO][38;5;231m  [38;5;59m[default]-[38;5;34mtime [38;5;83m[38;5;145m:コンピューターに設定されている時刻を表示。[38;5;145m
[38;5;83m[PM-17:35:44][38;5;87m [PHPPO Thread/INFO][38;5;231m  [38;5;59m[default]-[38;5;34mtitle [38;5;83m[38;5;145m:システムのタイトルを設定します。[38;5;145m
[38;5;83m[PM-17:35:44][38;5;87m [PHPPO Thread/INFO][38;5;231m  [38;5;59m[dev]-[38;5;34mvardump [38;5;83m<変数名>[38;5;145m:システム処理が継承した'vardump'クラス内から呼び出せるパブリック変数、及びメイン処理におけるグローバル変数の内容を表示します。[38;5;145m
[38;5;83m[PM-17:35:44][38;5;87m [PHPPO Thread/INFO][38;5;231m  [38;5;59m[default]-[38;5;34mvars [38;5;83m[38;5;145m:定義済みの環境変数を表示します。[38;5;145m
[38;5;83m[PM-17:35:44][38;5;87m [PHPPO Thread/INFO][38;5;231m  [38;5;59m[script]-[38;5;34mwait [38;5;83m<ミリ秒>[38;5;145m:表示されているコンソール上での処理を指定時間中断します。[38;5;145m
[38;5;83m[PM-17:35:44][38;5;87m [PHPPO Thread/INFO][38;5;231m  [38;5;59m=======================================================[38;5;145m
[38;5;83m[PM-17:35:53][38;5;87m [File Thread/INFO][38;5;231m  [38;5;145mライセンスファイルの更新を行っています...
[38;5;83m[PM-17:35:53][38;5;87m [File Thread/INFO][38;5;231m  [38;5;145m更新が終了しました。
[38;5;83m[PM-17:35:53][38;5;87m [File Thread/INFO][38;5;231m  [38;5;145mREADMEファイルの更新を行っています...
[38;5;83m[PM-17:35:53][38;5;87m [File Thread/INFO][38;5;231m  [38;5;145m更新が終了しました。
help all
[38;5;83m[PM-17:35:55][38;5;87m [PHPPO Thread/INFO][38;5;231m  [38;5;59m===================[38;5;87m実装コマンド一覧[38;5;59m===================[38;5;145m
[38;5;83m[PM-17:35:55][38;5;87m [PHPPO Thread/INFO][38;5;231m  [38;5;59m[default]-[38;5;34mclear [38;5;83m[38;5;145m:画面上から履歴が消えるように改行を繰り返します。[38;5;145m
[38;5;83m[PM-17:35:55][38;5;87m [PHPPO Thread/INFO][38;5;231m  [38;5;59m[default]-[38;5;34mecho [38;5;83m<メッセージ>/<on|off>[38;5;145m:文字列を出力。[38;5;145m
[38;5;83m[PM-17:35:55][38;5;87m [PHPPO Thread/INFO][38;5;231m  [38;5;59m[default]-[38;5;34mexec [38;5;83m[38;5;145m:コマンド及び外部プロセスの実行。[38;5;145m
[38;5;83m[PM-17:35:55][38;5;87m [PHPPO Thread/INFO][38;5;231m  [38;5;59m[default]-[38;5;34mexit [38;5;83m<ミリ秒数>[38;5;145m:PHP Prompt OSを終了。[38;5;145m
[38;5;83m[PM-17:35:55][38;5;87m [PHPPO Thread/INFO][38;5;231m  [38;5;59m[secret]-[38;5;34mextract [38;5;83m<system>[38;5;145m:指定したpharファイルをソースディレクトリに展開します。[38;5;145m
[38;5;83m[PM-17:35:55][38;5;87m [PHPPO Thread/INFO][38;5;231m  [38;5;59m[default]-[38;5;34mhelp [38;5;83m<all|dev>/<コマンド>[38;5;145m:使用できるコマンド、コマンドの使用法を表示。[38;5;145m
[38;5;83m[PM-17:35:55][38;5;87m [PHPPO Thread/INFO][38;5;231m  [38;5;59m[default]-[38;5;34minfo [38;5;83m<logo|auther|des|help|url|>[38;5;145m:当プログラムに関しての情報を表示。[38;5;145m
[38;5;83m[PM-17:35:55][38;5;87m [PHPPO Thread/INFO][38;5;231m  [38;5;59m[secret]-[38;5;34minstall [38;5;83m<src>[38;5;145m:PHPPO専用パッケージをインストールします[38;5;145m
[38;5;83m[PM-17:35:55][38;5;87m [PHPPO Thread/INFO][38;5;231m  [38;5;59m[default]-[38;5;34mlog [38;5;83m<on/off>[38;5;145m:画面上から履歴が消えるように改行を繰り返します。[38;5;145m
[38;5;83m[PM-17:35:55][38;5;87m [PHPPO Thread/INFO][38;5;231m  [38;5;59m[secret]-[38;5;34mlogout [38;5;83m[38;5;145m:ログアウトします。[38;5;145m
[38;5;83m[PM-17:35:55][38;5;87m [PHPPO Thread/INFO][38;5;231m  [38;5;59m[dev]-[38;5;34mmakephar [38;5;83m<アプリケーション名|ディレクトリパス|system>[38;5;145m:指定したアプリケーション、ディレクトリパス、または実行しているPHPPOのpharアーカイブ作成を行います。[38;5;145m
[38;5;83m[PM-17:35:55][38;5;87m [PHPPO Thread/INFO][38;5;231m  [38;5;59m[secret]-[38;5;34mmkdir [38;5;83m[38;5;145m:ディレクトリを作成します[38;5;145m
[38;5;83m[PM-17:35:55][38;5;87m [PHPPO Thread/INFO][38;5;231m  [38;5;59m[accessibility]-[38;5;34mrevc [38;5;83m[38;5;145m:画面上の文字の色の反転を切り替えます。[38;5;145m
[38;5;83m[PM-17:35:55][38;5;87m [PHPPO Thread/INFO][38;5;231m  [38;5;59m[default]-[38;5;34mscript [38;5;83m<ファイルネーム（拡張子を含む）>[38;5;145m:テキスト上のコマンドを改行ごとに実行します。[38;5;145m
[38;5;83m[PM-17:35:55][38;5;87m [PHPPO Thread/INFO][38;5;231m  [38;5;59m[default]-[38;5;34mset [38;5;83m<変数名> <値>[38;5;145m:変数へ代入します[38;5;145m
[38;5;83m[PM-17:35:55][38;5;87m [PHPPO Thread/INFO][38;5;231m  [38;5;59m[secret]-[38;5;34msetvalue [38;5;83m<変数名> <値>[38;5;145m:変数へ代入します[38;5;145m
[38;5;83m[PM-17:35:55][38;5;87m [PHPPO Thread/INFO][38;5;231m  [38;5;59m[default]-[38;5;34mtime [38;5;83m[38;5;145m:コンピューターに設定されている時刻を表示。[38;5;145m
[38;5;83m[PM-17:35:55][38;5;87m [PHPPO Thread/INFO][38;5;231m  [38;5;59m[default]-[38;5;34mtitle [38;5;83m[38;5;145m:システムのタイトルを設定します。[38;5;145m
[38;5;83m[PM-17:35:55][38;5;87m [PHPPO Thread/INFO][38;5;231m  [38;5;59m[dev]-[38;5;34mvardump [38;5;83m<変数名>[38;5;145m:システム処理が継承した'vardump'クラス内から呼び出せるパブリック変数、及びメイン処理におけるグローバル変数の内容を表示します。[38;5;145m
[38;5;83m[PM-17:35:55][38;5;87m [PHPPO Thread/INFO][38;5;231m  [38;5;59m[default]-[38;5;34mvars [38;5;83m[38;5;145m:定義済みの環境変数を表示します。[38;5;145m
[38;5;83m[PM-17:35:55][38;5;87m [PHPPO Thread/INFO][38;5;231m  [38;5;59m[script]-[38;5;34mwait [38;5;83m<ミリ秒>[38;5;145m:表示されているコンソール上での処理を指定時間中断します。[38;5;145m
[38;5;83m[PM-17:35:55][38;5;87m [PHPPO Thread/INFO][38;5;231m  [38;5;59m=======================================================[38;5;145m
help makephar
[38;5;83m[PM-17:36:26][38;5;87m [PHPPO Thread/INFO][38;5;231m  [38;5;87mmakephar[38;5;231mコマンド
[38;5;83m[PM-17:36:26][38;5;87m [PHPPO Thread/INFO][38;5;231m  使用方法:[38;5;227mmakephar [38;5;83m<アプリケーション名|ディレクトリパス|system>
[38;5;83m[PM-17:36:26][38;5;87m [PHPPO Thread/INFO][38;5;231m  [38;5;63m指定したアプリケーション、ディレクトリパス、または実行しているPHPPOのpharアーカイブ作成を行います。[38;5;145m
help secret
[38;5;83m[PM-17:36:35][38;5;87m [PHPPO Thread/INFO][38;5;231m  helpコマンドの使用法:
[38;5;83m[PM-17:36:35][38;5;87m [PHPPO Thread/INFO][38;5;231m  help <all|dev>/<コマンド> :第一引数に表示するコマンドの種類、またはコマンドの使用法を表示します。
[38;5;83m[PM-17:36:35][38;5;87m [PHPPO Thread/INFO][38;5;231m  all :実装されているコマンドをすべて表示します。
[38;5;83m[PM-17:36:35][38;5;87m [PHPPO Thread/INFO][38;5;231m  dev : 開発向けのコマンドを表示します。
help dev
[38;5;83m[PM-17:36:39][38;5;87m [PHPPO Thread/INFO][38;5;231m  [38;5;59m#######[38;5;127m開発者向けコマンド一覧[38;5;59m########
[38;5;83m[PM-17:36:39][38;5;87m [PHPPO Thread/INFO][38;5;231m  [38;5;34mmakephar [38;5;83m<アプリケーション名|ディレクトリパス|system>[38;5;145m:指定したアプリケーション、ディレクトリパス、または実行しているPHPPOのpharアーカイブ作成を行います。[38;5;145m
[38;5;83m[PM-17:36:39][38;5;87m [PHPPO Thread/INFO][38;5;231m  [38;5;34mvardump [38;5;83m<変数名>[38;5;145m:システム処理が継承した'vardump'クラス内から呼び出せるパブリック変数、及びメイン処理におけるグローバル変数の内容を表示します。[38;5;145m
a
[38;5;83m[PM-17:37:55][38;5;87m [PHPPO Thread/INFO][38;5;231m  [38;5;203m"a"コマンドが見つかりませんでした。helpコマンドで確認してください。
eho
[38;5;83m[PM-17:37:57][38;5;87m [PHPPO Thread/INFO][38;5;231m  [38;5;203m"eho"コマンドが見つかりませんでした。helpコマンドで確認してください。
[38;5;83m[PM-17:39:33][38;5;87m [File Thread/INFO][38;5;231m  [38;5;145mライセンスファイルの更新を行っています...
[38;5;83m[PM-17:39:33][38;5;87m [File Thread/INFO][38;5;231m  [38;5;145m更新が終了しました。
[38;5;83m[PM-17:39:33][38;5;87m [File Thread/INFO][38;5;231m  [38;5;145mREADMEファイルの更新を行っています...
[38;5;83m[PM-17:39:33][38;5;87m [File Thread/INFO][38;5;231m  [38;5;145m更新が終了しました。
help dev
[38;5;83m[PM-17:39:37][38;5;87m [PHPPO Thread/INFO][38;5;231m  [38;5;59m#######[38;5;127m開発者向けコマンド一覧[38;5;59m########
[38;5;83m[PM-17:39:37][38;5;87m [PHPPO Thread/INFO][38;5;231m  [38;5;34mmakephar [38;5;83m<アプリケーション名|ディレクトリパス|system>[38;5;145m:指定したアプリケーション、ディレクトリパス、または実行しているPHPPOのpharアーカイブ作成を行います。[38;5;145m
[38;5;83m[PM-17:39:37][38;5;87m [PHPPO Thread/INFO][38;5;231m  [38;5;34mvardump [38;5;83m<変数名>[38;5;145m:システム処理が継承した'vardump'クラス内から呼び出せるパブリック変数、及びメイン処理におけるグローバル変数の内容を表示します。[38;5;145m
help all
[38;5;83m[PM-17:39:42][38;5;87m [PHPPO Thread/INFO][38;5;231m  [38;5;59m===================[38;5;87m実装コマンド一覧[38;5;59m===================[38;5;145m
[38;5;83m[PM-17:39:42][38;5;87m [PHPPO Thread/INFO][38;5;231m  [38;5;59m[default]-[38;5;34mclear [38;5;83m[38;5;145m:画面上から履歴が消えるように改行を繰り返します。[38;5;145m
[38;5;83m[PM-17:39:42][38;5;87m [PHPPO Thread/INFO][38;5;231m  [38;5;59m[default]-[38;5;34mecho [38;5;83m<メッセージ>/<on|off>[38;5;145m:文字列を出力。[38;5;145m
[38;5;83m[PM-17:39:42][38;5;87m [PHPPO Thread/INFO][38;5;231m  [38;5;59m[default]-[38;5;34mexec [38;5;83m[38;5;145m:コマンド及び外部プロセスの実行。[38;5;145m
[38;5;83m[PM-17:39:42][38;5;87m [PHPPO Thread/INFO][38;5;231m  [38;5;59m[default]-[38;5;34mexit [38;5;83m<ミリ秒数>[38;5;145m:PHP Prompt OSを終了。[38;5;145m
[38;5;83m[PM-17:39:42][38;5;87m [PHPPO Thread/INFO][38;5;231m  [38;5;59m[secret]-[38;5;34mextract [38;5;83m<system>[38;5;145m:指定したpharファイルをソースディレクトリに展開します。[38;5;145m
[38;5;83m[PM-17:39:42][38;5;87m [PHPPO Thread/INFO][38;5;231m  [38;5;59m[default]-[38;5;34mhelp [38;5;83m<all|dev>/<コマンド>[38;5;145m:使用できるコマンド、コマンドの使用法を表示。[38;5;145m
[38;5;83m[PM-17:39:42][38;5;87m [PHPPO Thread/INFO][38;5;231m  [38;5;59m[default]-[38;5;34minfo [38;5;83m<logo|auther|des|help|url|>[38;5;145m:当プログラムに関しての情報を表示。[38;5;145m
[38;5;83m[PM-17:39:42][38;5;87m [PHPPO Thread/INFO][38;5;231m  [38;5;59m[secret]-[38;5;34minstall [38;5;83m<src>[38;5;145m:PHPPO専用パッケージをインストールします[38;5;145m
[38;5;83m[PM-17:39:42][38;5;87m [PHPPO Thread/INFO][38;5;231m  [38;5;59m[default]-[38;5;34mlog [38;5;83m<on/off>[38;5;145m:画面上から履歴が消えるように改行を繰り返します。[38;5;145m
[38;5;83m[PM-17:39:42][38;5;87m [PHPPO Thread/INFO][38;5;231m  [38;5;59m[secret]-[38;5;34mlogout [38;5;83m[38;5;145m:ログアウトします。[38;5;145m
[38;5;83m[PM-17:39:42][38;5;87m [PHPPO Thread/INFO][38;5;231m  [38;5;59m[dev]-[38;5;34mmakephar [38;5;83m<アプリケーション名|ディレクトリパス|system>[38;5;145m:指定したアプリケーション、ディレクトリパス、または実行しているPHPPOのpharアーカイブ作成を行います。[38;5;145m
[38;5;83m[PM-17:39:42][38;5;87m [PHPPO Thread/INFO][38;5;231m  [38;5;59m[secret]-[38;5;34mmkdir [38;5;83m[38;5;145m:ディレクトリを作成します[38;5;145m
[38;5;83m[PM-17:39:42][38;5;87m [PHPPO Thread/INFO][38;5;231m  [38;5;59m[accessibility]-[38;5;34mrevc [38;5;83m[38;5;145m:画面上の文字の色の反転を切り替えます。[38;5;145m
[38;5;83m[PM-17:39:42][38;5;87m [PHPPO Thread/INFO][38;5;231m  [38;5;59m[default]-[38;5;34mscript [38;5;83m<ファイルネーム（拡張子を含む）>[38;5;145m:テキスト上のコマンドを改行ごとに実行します。[38;5;145m
[38;5;83m[PM-17:39:42][38;5;87m [PHPPO Thread/INFO][38;5;231m  [38;5;59m[default]-[38;5;34mset [38;5;83m<変数名> <値>[38;5;145m:変数へ代入します[38;5;145m
[38;5;83m[PM-17:39:42][38;5;87m [PHPPO Thread/INFO][38;5;231m  [38;5;59m[secret]-[38;5;34msetvalue [38;5;83m<変数名> <値>[38;5;145m:変数へ代入します[38;5;145m
[38;5;83m[PM-17:39:42][38;5;87m [PHPPO Thread/INFO][38;5;231m  [38;5;59m[default]-[38;5;34mtime [38;5;83m[38;5;145m:コンピューターに設定されている時刻を表示。[38;5;145m
[38;5;83m[PM-17:39:42][38;5;87m [PHPPO Thread/INFO][38;5;231m  [38;5;59m[default]-[38;5;34mtitle [38;5;83m[38;5;145m:システムのタイトルを設定します。[38;5;145m
[38;5;83m[PM-17:39:42][38;5;87m [PHPPO Thread/INFO][38;5;231m  [38;5;59m[dev]-[38;5;34mvardump [38;5;83m<変数名>[38;5;145m:システム処理が継承した'vardump'クラス内から呼び出せるパブリック変数、及びメイン処理におけるグローバル変数の内容を表示します。[38;5;145m
[38;5;83m[PM-17:39:42][38;5;87m [PHPPO Thread/INFO][38;5;231m  [38;5;59m[default]-[38;5;34mvars [38;5;83m[38;5;145m:定義済みの環境変数を表示します。[38;5;145m
[38;5;83m[PM-17:39:42][38;5;87m [PHPPO Thread/INFO][38;5;231m  [38;5;59m[script]-[38;5;34mwait [38;5;83m<ミリ秒>[38;5;145m:表示されているコンソール上での処理を指定時間中断します。[38;5;145m
[38;5;83m[PM-17:39:42][38;5;87m [PHPPO Thread/INFO][38;5;231m  [38;5;59m=======================================================[38;5;145m
help secret
[38;5;83m[PM-17:39:50][38;5;87m [PHPPO Thread/INFO][38;5;231m  helpコマンドの使用法:
[38;5;83m[PM-17:39:50][38;5;87m [PHPPO Thread/INFO][38;5;231m  help <all|dev>/<コマンド> :第一引数に表示するコマンドの種類、またはコマンドの使用法を表示します。
[38;5;83m[PM-17:39:50][38;5;87m [PHPPO Thread/INFO][38;5;231m  all :実装されているコマンドをすべて表示します。
[38;5;83m[PM-17:39:50][38;5;87m [PHPPO Thread/INFO][38;5;231m  dev : 開発向けのコマンドを表示します。
[38;5;83m[PM-17:40:29][38;5;87m [File Thread/INFO][38;5;231m  [38;5;145mライセンスファイルの更新を行っています...
[38;5;83m[PM-17:40:29][38;5;87m [File Thread/INFO][38;5;231m  [38;5;145m更新が終了しました。
[38;5;83m[PM-17:40:29][38;5;87m [File Thread/INFO][38;5;231m  [38;5;145mREADMEファイルの更新を行っています...
[38;5;83m[PM-17:40:29][38;5;87m [File Thread/INFO][38;5;231m  [38;5;145m更新が終了しました。
help all
[38;5;83m[PM-17:40:31][38;5;87m [PHPPO Thread/INFO][38;5;231m  [38;5;59m===================[38;5;87m実装コマンド一覧[38;5;59m===================[38;5;145m
[38;5;83m[PM-17:40:31][38;5;87m [PHPPO Thread/INFO][38;5;231m  [38;5;59m[default]-[38;5;34mclear [38;5;83m[38;5;145m:画面上から履歴が消えるように改行を繰り返します。[38;5;145m
[38;5;83m[PM-17:40:31][38;5;87m [PHPPO Thread/INFO][38;5;231m  [38;5;59m[default]-[38;5;34mecho [38;5;83m<メッセージ>/<on|off>[38;5;145m:文字列を出力。[38;5;145m
[38;5;83m[PM-17:40:31][38;5;87m [PHPPO Thread/INFO][38;5;231m  [38;5;59m[default]-[38;5;34mexec [38;5;83m[38;5;145m:コマンド及び外部プロセスの実行。[38;5;145m
[38;5;83m[PM-17:40:31][38;5;87m [PHPPO Thread/INFO][38;5;231m  [38;5;59m[default]-[38;5;34mexit [38;5;83m<ミリ秒数>[38;5;145m:PHP Prompt OSを終了。[38;5;145m
[38;5;83m[PM-17:40:31][38;5;87m [PHPPO Thread/INFO][38;5;231m  [38;5;59m[secret]-[38;5;34mextract [38;5;83m<system>[38;5;145m:指定したpharファイルをソースディレクトリに展開します。[38;5;145m
[38;5;83m[PM-17:40:31][38;5;87m [PHPPO Thread/INFO][38;5;231m  [38;5;59m[default]-[38;5;34mhelp [38;5;83m<all|dev>/<コマンド>[38;5;145m:使用できるコマンド、コマンドの使用法を表示。[38;5;145m
[38;5;83m[PM-17:40:31][38;5;87m [PHPPO Thread/INFO][38;5;231m  [38;5;59m[default]-[38;5;34minfo [38;5;83m<logo|auther|des|help|url|>[38;5;145m:当プログラムに関しての情報を表示。[38;5;145m
[38;5;83m[PM-17:40:31][38;5;87m [PHPPO Thread/INFO][38;5;231m  [38;5;59m[secret]-[38;5;34minstall [38;5;83m<src>[38;5;145m:PHPPO専用パッケージをインストールします[38;5;145m
[38;5;83m[PM-17:40:31][38;5;87m [PHPPO Thread/INFO][38;5;231m  [38;5;59m[default]-[38;5;34mlog [38;5;83m<on/off>[38;5;145m:画面上から履歴が消えるように改行を繰り返します。[38;5;145m
[38;5;83m[PM-17:40:31][38;5;87m [PHPPO Thread/INFO][38;5;231m  [38;5;59m[secret]-[38;5;34mlogout [38;5;83m[38;5;145m:ログアウトします。[38;5;145m
[38;5;83m[PM-17:40:31][38;5;87m [PHPPO Thread/INFO][38;5;231m  [38;5;59m[dev]-[38;5;34mmakephar [38;5;83m<アプリケーション名|ディレクトリパス|system>[38;5;145m:指定したアプリケーション、ディレクトリパス、または実行しているPHPPOのpharアーカイブ作成を行います。[38;5;145m
[38;5;83m[PM-17:40:31][38;5;87m [PHPPO Thread/INFO][38;5;231m  [38;5;59m[secret]-[38;5;34mmkdir [38;5;83m[38;5;145m:ディレクトリを作成します[38;5;145m
[38;5;83m[PM-17:40:31][38;5;87m [PHPPO Thread/INFO][38;5;231m  [38;5;59m[accessibility]-[38;5;34mrevc [38;5;83m[38;5;145m:画面上の文字の色の反転を切り替えます。[38;5;145m
[38;5;83m[PM-17:40:31][38;5;87m [PHPPO Thread/INFO][38;5;231m  [38;5;59m[default]-[38;5;34mscript [38;5;83m<ファイルネーム（拡張子を含む）>[38;5;145m:テキスト上のコマンドを改行ごとに実行します。[38;5;145m
[38;5;83m[PM-17:40:31][38;5;87m [PHPPO Thread/INFO][38;5;231m  [38;5;59m[default]-[38;5;34mset [38;5;83m<変数名> <値>[38;5;145m:変数へ代入します[38;5;145m
[38;5;83m[PM-17:40:31][38;5;87m [PHPPO Thread/INFO][38;5;231m  [38;5;59m[secret]-[38;5;34msetvalue [38;5;83m<変数名> <値>[38;5;145m:変数へ代入します[38;5;145m
[38;5;83m[PM-17:40:31][38;5;87m [PHPPO Thread/INFO][38;5;231m  [38;5;59m[default]-[38;5;34mtime [38;5;83m[38;5;145m:コンピューターに設定されている時刻を表示。[38;5;145m
[38;5;83m[PM-17:40:31][38;5;87m [PHPPO Thread/INFO][38;5;231m  [38;5;59m[default]-[38;5;34mtitle [38;5;83m[38;5;145m:システムのタイトルを設定します。[38;5;145m
[38;5;83m[PM-17:40:31][38;5;87m [PHPPO Thread/INFO][38;5;231m  [38;5;59m[dev]-[38;5;34mvardump [38;5;83m<変数名>[38;5;145m:システム処理が継承した'vardump'クラス内から呼び出せるパブリック変数、及びメイン処理におけるグローバル変数の内容を表示します。[38;5;145m
[38;5;83m[PM-17:40:31][38;5;87m [PHPPO Thread/INFO][38;5;231m  [38;5;59m[default]-[38;5;34mvars [38;5;83m[38;5;145m:定義済みの環境変数を表示します。[38;5;145m
[38;5;83m[PM-17:40:31][38;5;87m [PHPPO Thread/INFO][38;5;231m  [38;5;59m[script]-[38;5;34mwait [38;5;83m<ミリ秒>[38;5;145m:表示されているコンソール上での処理を指定時間中断します。[38;5;145m
[38;5;83m[PM-17:40:31][38;5;87m [PHPPO Thread/INFO][38;5;231m  [38;5;59m=======================================================[38;5;145m
help a
[38;5;83m[PM-17:40:33][38;5;87m [PHPPO Thread/INFO][38;5;231m  helpコマンドの使用法:
[38;5;83m[PM-17:40:33][38;5;87m [PHPPO Thread/INFO][38;5;231m  help <all|dev>/<コマンド> :第一引数に表示するコマンドの種類、またはコマンドの使用法を表示します。
[38;5;83m[PM-17:40:33][38;5;87m [PHPPO Thread/INFO][38;5;231m  all :実装されているコマンドをすべて表示します。
[38;5;83m[PM-17:40:33][38;5;87m [PHPPO Thread/INFO][38;5;231m  dev : 開発向けのコマンドを表示します。
[38;5;83m[PM-17:40:42][38;5;87m [File Thread/INFO][38;5;231m  [38;5;145mライセンスファイルの更新を行っています...
[38;5;83m[PM-17:40:42][38;5;87m [File Thread/INFO][38;5;231m  [38;5;145m更新が終了しました。
[38;5;83m[PM-17:40:42][38;5;87m [File Thread/INFO][38;5;231m  [38;5;145mREADMEファイルの更新を行っています...
[38;5;83m[PM-17:40:42][38;5;87m [File Thread/INFO][38;5;231m  [38;5;145m更新が終了しました。
help all
[38;5;83m[PM-17:40:44][38;5;87m [PHPPO Thread/INFO][38;5;231m  [38;5;59m===================[38;5;87m実装コマンド一覧[38;5;59m===================[38;5;145m
[38;5;83m[PM-17:40:44][38;5;87m [PHPPO Thread/INFO][38;5;231m  [38;5;59m[default]-[38;5;34mclear [38;5;83m[38;5;145m:画面上から履歴が消えるように改行を繰り返します。[38;5;145m
[38;5;83m[PM-17:40:44][38;5;87m [PHPPO Thread/INFO][38;5;231m  [38;5;59m[default]-[38;5;34mecho [38;5;83m<メッセージ>/<on|off>[38;5;145m:文字列を出力。[38;5;145m
[38;5;83m[PM-17:40:44][38;5;87m [PHPPO Thread/INFO][38;5;231m  [38;5;59m[default]-[38;5;34mexec [38;5;83m[38;5;145m:コマンド及び外部プロセスの実行。[38;5;145m
[38;5;83m[PM-17:40:44][38;5;87m [PHPPO Thread/INFO][38;5;231m  [38;5;59m[default]-[38;5;34mexit [38;5;83m<ミリ秒数>[38;5;145m:PHP Prompt OSを終了。[38;5;145m
[38;5;83m[PM-17:40:44][38;5;87m [PHPPO Thread/INFO][38;5;231m  [38;5;59m[secret]-[38;5;34mextract [38;5;83m<system>[38;5;145m:指定したpharファイルをソースディレクトリに展開します。[38;5;145m
[38;5;83m[PM-17:40:44][38;5;87m [PHPPO Thread/INFO][38;5;231m  [38;5;59m[default]-[38;5;34mhelp [38;5;83m<all|dev>/<コマンド>[38;5;145m:使用できるコマンド、コマンドの使用法を表示。[38;5;145m
[38;5;83m[PM-17:40:44][38;5;87m [PHPPO Thread/INFO][38;5;231m  [38;5;59m[default]-[38;5;34minfo [38;5;83m<logo|auther|des|help|url|>[38;5;145m:当プログラムに関しての情報を表示。[38;5;145m
[38;5;83m[PM-17:40:44][38;5;87m [PHPPO Thread/INFO][38;5;231m  [38;5;59m[secret]-[38;5;34minstall [38;5;83m<src>[38;5;145m:PHPPO専用パッケージをインストールします[38;5;145m
[38;5;83m[PM-17:40:44][38;5;87m [PHPPO Thread/INFO][38;5;231m  [38;5;59m[default]-[38;5;34mlog [38;5;83m<on/off>[38;5;145m:画面上から履歴が消えるように改行を繰り返します。[38;5;145m
[38;5;83m[PM-17:40:44][38;5;87m [PHPPO Thread/INFO][38;5;231m  [38;5;59m[secret]-[38;5;34mlogout [38;5;83m[38;5;145m:ログアウトします。[38;5;145m
[38;5;83m[PM-17:40:44][38;5;87m [PHPPO Thread/INFO][38;5;231m  [38;5;59m[dev]-[38;5;34mmakephar [38;5;83m<アプリケーション名|ディレクトリパス|system>[38;5;145m:指定したアプリケーション、ディレクトリパス、または実行しているPHPPOのpharアーカイブ作成を行います。[38;5;145m
[38;5;83m[PM-17:40:44][38;5;87m [PHPPO Thread/INFO][38;5;231m  [38;5;59m[secret]-[38;5;34mmkdir [38;5;83m[38;5;145m:ディレクトリを作成します[38;5;145m
[38;5;83m[PM-17:40:44][38;5;87m [PHPPO Thread/INFO][38;5;231m  [38;5;59m[accessibility]-[38;5;34mrevc [38;5;83m[38;5;145m:画面上の文字の色の反転を切り替えます。[38;5;145m
[38;5;83m[PM-17:40:44][38;5;87m [PHPPO Thread/INFO][38;5;231m  [38;5;59m[default]-[38;5;34mscript [38;5;83m<ファイルネーム（拡張子を含む）>[38;5;145m:テキスト上のコマンドを改行ごとに実行します。[38;5;145m
[38;5;83m[PM-17:40:44][38;5;87m [PHPPO Thread/INFO][38;5;231m  [38;5;59m[default]-[38;5;34mset [38;5;83m<変数名> <値>[38;5;145m:変数へ代入します[38;5;145m
[38;5;83m[PM-17:40:44][38;5;87m [PHPPO Thread/INFO][38;5;231m  [38;5;59m[secret]-[38;5;34msetvalue [38;5;83m<変数名> <値>[38;5;145m:変数へ代入します[38;5;145m
[38;5;83m[PM-17:40:44][38;5;87m [PHPPO Thread/INFO][38;5;231m  [38;5;59m[default]-[38;5;34mtime [38;5;83m[38;5;145m:コンピューターに設定されている時刻を表示。[38;5;145m
[38;5;83m[PM-17:40:44][38;5;87m [PHPPO Thread/INFO][38;5;231m  [38;5;59m[default]-[38;5;34mtitle [38;5;83m[38;5;145m:システムのタイトルを設定します。[38;5;145m
[38;5;83m[PM-17:40:44][38;5;87m [PHPPO Thread/INFO][38;5;231m  [38;5;59m[dev]-[38;5;34mvardump [38;5;83m<変数名>[38;5;145m:システム処理が継承した'vardump'クラス内から呼び出せるパブリック変数、及びメイン処理におけるグローバル変数の内容を表示します。[38;5;145m
[38;5;83m[PM-17:40:44][38;5;87m [PHPPO Thread/INFO][38;5;231m  [38;5;59m[default]-[38;5;34mvars [38;5;83m[38;5;145m:定義済みの環境変数を表示します。[38;5;145m
[38;5;83m[PM-17:40:44][38;5;87m [PHPPO Thread/INFO][38;5;231m  [38;5;59m[script]-[38;5;34mwait [38;5;83m<ミリ秒>[38;5;145m:表示されているコンソール上での処理を指定時間中断します。[38;5;145m
[38;5;83m[PM-17:40:44][38;5;87m [PHPPO Thread/INFO][38;5;231m  [38;5;59m=======================================================[38;5;145m
[38;5;83m[PM-17:41:24][38;5;87m [File Thread/INFO][38;5;231m  [38;5;145mライセンスファイルの更新を行っています...
[38;5;83m[PM-17:41:24][38;5;87m [File Thread/INFO][38;5;231m  [38;5;145m更新が終了しました。
[38;5;83m[PM-17:41:24][38;5;87m [File Thread/INFO][38;5;231m  [38;5;145mREADMEファイルの更新を行っています...
[38;5;83m[PM-17:41:24][38;5;87m [File Thread/INFO][38;5;231m  [38;5;145m更新が終了しました。
help al
[38;5;83m[PM-17:41:25][38;5;87m [PHPPO Thread/INFO][38;5;231m  helpコマンドの使用法:
[38;5;83m[PM-17:41:25][38;5;87m [PHPPO Thread/INFO][38;5;231m  help <all|dev>/<コマンド> :第一引数に表示するコマンドの種類、またはコマンドの使用法を表示します。
[38;5;83m[PM-17:41:25][38;5;87m [PHPPO Thread/INFO][38;5;231m  all :実装されているコマンドをすべて表示します。
[38;5;83m[PM-17:41:25][38;5;87m [PHPPO Thread/INFO][38;5;231m  dev : 開発向けのコマンドを表示します。
help all
[38;5;83m[PM-17:41:27][38;5;87m [PHPPO Thread/INFO][38;5;231m  [38;5;59m===================[38;5;87m実装コマンド一覧[38;5;59m===================[38;5;145m
[38;5;83m[PM-17:41:27][38;5;87m [PHPPO Thread/INFO][38;5;231m  [38;5;59m[default]-[38;5;34mclear [38;5;83m[38;5;145m:画面上から履歴が消えるように改行を繰り返します。[38;5;145m
[38;5;83m[PM-17:41:27][38;5;87m [PHPPO Thread/INFO][38;5;231m  [38;5;59m[default]-[38;5;34mecho [38;5;83m<メッセージ>/<on|off>[38;5;145m:文字列を出力。[38;5;145m
[38;5;83m[PM-17:41:27][38;5;87m [PHPPO Thread/INFO][38;5;231m  [38;5;59m[default]-[38;5;34mexec [38;5;83m[38;5;145m:コマンド及び外部プロセスの実行。[38;5;145m
[38;5;83m[PM-17:41:27][38;5;87m [PHPPO Thread/INFO][38;5;231m  [38;5;59m[default]-[38;5;34mexit [38;5;83m<ミリ秒数>[38;5;145m:PHP Prompt OSを終了。[38;5;145m
[38;5;83m[PM-17:41:27][38;5;87m [PHPPO Thread/INFO][38;5;231m  [38;5;59m[secret]-[38;5;34mextract [38;5;83m<system>[38;5;145m:指定したpharファイルをソースディレクトリに展開します。[38;5;145m
[38;5;83m[PM-17:41:27][38;5;87m [PHPPO Thread/INFO][38;5;231m  [38;5;59m[default]-[38;5;34mhelp [38;5;83m<all|dev>/<コマンド>[38;5;145m:使用できるコマンド、コマンドの使用法を表示。[38;5;145m
[38;5;83m[PM-17:41:27][38;5;87m [PHPPO Thread/INFO][38;5;231m  [38;5;59m[default]-[38;5;34minfo [38;5;83m<logo|auther|des|help|url|>[38;5;145m:当プログラムに関しての情報を表示。[38;5;145m
[38;5;83m[PM-17:41:27][38;5;87m [PHPPO Thread/INFO][38;5;231m  [38;5;59m[secret]-[38;5;34minstall [38;5;83m<src>[38;5;145m:PHPPO専用パッケージをインストールします[38;5;145m
[38;5;83m[PM-17:41:27][38;5;87m [PHPPO Thread/INFO][38;5;231m  [38;5;59m[default]-[38;5;34mlog [38;5;83m<on/off>[38;5;145m:ログファイルにログを出力するかの設定です。[38;5;145m
[38;5;83m[PM-17:41:27][38;5;87m [PHPPO Thread/INFO][38;5;231m  [38;5;59m[secret]-[38;5;34mlogout [38;5;83m[38;5;145m:ログアウトします。[38;5;145m
[38;5;83m[PM-17:41:27][38;5;87m [PHPPO Thread/INFO][38;5;231m  [38;5;59m[dev]-[38;5;34mmakephar [38;5;83m<アプリケーション名|ディレクトリパス|system>[38;5;145m:指定したアプリケーション、ディレクトリパス、または実行しているPHPPOのpharアーカイブ作成を行います。[38;5;145m
[38;5;83m[PM-17:41:27][38;5;87m [PHPPO Thread/INFO][38;5;231m  [38;5;59m[secret]-[38;5;34mmkdir [38;5;83m[38;5;145m:ディレクトリを作成します[38;5;145m
[38;5;83m[PM-17:41:27][38;5;87m [PHPPO Thread/INFO][38;5;231m  [38;5;59m[accessibility]-[38;5;34mrevc [38;5;83m[38;5;145m:画面上の文字の色の反転を切り替えます。[38;5;145m
[38;5;83m[PM-17:41:27][38;5;87m [PHPPO Thread/INFO][38;5;231m  [38;5;59m[default]-[38;5;34mscript [38;5;83m<ファイルネーム（拡張子を含む）>[38;5;145m:テキスト上のコマンドを改行ごとに実行します。[38;5;145m
[38;5;83m[PM-17:41:27][38;5;87m [PHPPO Thread/INFO][38;5;231m  [38;5;59m[default]-[38;5;34mset [38;5;83m<変数名> <値>[38;5;145m:変数へ代入します[38;5;145m
[38;5;83m[PM-17:41:27][38;5;87m [PHPPO Thread/INFO][38;5;231m  [38;5;59m[secret]-[38;5;34msetvalue [38;5;83m<変数名> <値>[38;5;145m:変数へ代入します[38;5;145m
[38;5;83m[PM-17:41:27][38;5;87m [PHPPO Thread/INFO][38;5;231m  [38;5;59m[default]-[38;5;34mtime [38;5;83m[38;5;145m:コンピューターに設定されている時刻を表示。[38;5;145m
[38;5;83m[PM-17:41:27][38;5;87m [PHPPO Thread/INFO][38;5;231m  [38;5;59m[default]-[38;5;34mtitle [38;5;83m[38;5;145m:システムのタイトルを設定します。[38;5;145m
[38;5;83m[PM-17:41:27][38;5;87m [PHPPO Thread/INFO][38;5;231m  [38;5;59m[dev]-[38;5;34mvardump [38;5;83m<変数名>[38;5;145m:システム処理が継承した'vardump'クラス内から呼び出せるパブリック変数、及びメイン処理におけるグローバル変数の内容を表示します。[38;5;145m
[38;5;83m[PM-17:41:27][38;5;87m [PHPPO Thread/INFO][38;5;231m  [38;5;59m[default]-[38;5;34mvars [38;5;83m[38;5;145m:定義済みの環境変数を表示します。[38;5;145m
[38;5;83m[PM-17:41:27][38;5;87m [PHPPO Thread/INFO][38;5;231m  [38;5;59m[script]-[38;5;34mwait [38;5;83m<ミリ秒>[38;5;145m:表示されているコンソール上での処理を指定時間中断します。[38;5;145m
[38;5;83m[PM-17:41:27][38;5;87m [PHPPO Thread/INFO][38;5;231m  [38;5;59m=======================================================[38;5;145m
[38;5;83m[PM-17:41:51][38;5;87m [File Thread/INFO][38;5;231m  [38;5;145mライセンスファイルの更新を行っています...
[38;5;83m[PM-17:41:51][38;5;87m [File Thread/INFO][38;5;231m  [38;5;145m更新が終了しました。
[38;5;83m[PM-17:41:51][38;5;87m [File Thread/INFO][38;5;231m  [38;5;145mREADMEファイルの更新を行っています...
[38;5;83m[PM-17:41:51][38;5;87m [File Thread/INFO][38;5;231m  [38;5;145m更新が終了しました。
help help
[38;5;83m[PM-17:41:54][38;5;87m [PHPPO Thread/INFO][38;5;231m  [38;5;87mhelp[38;5;231mコマンド
[38;5;83m[PM-17:41:54][38;5;87m [PHPPO Thread/INFO][38;5;231m  使用方法:[38;5;227mhelp [38;5;83m<all|dev>/<コマンド>
[38;5;83m[PM-17:41:54][38;5;87m [PHPPO Thread/INFO][38;5;231m  [38;5;63m使用できるコマンド、コマンドの使用法を表示。[38;5;145m
[38;5;83m[PM-17:42:20][38;5;87m [File Thread/INFO][38;5;231m  [38;5;145mライセンスファイルの更新を行っています...
[38;5;83m[PM-17:42:20][38;5;87m [File Thread/INFO][38;5;231m  [38;5;145m更新が終了しました。
[38;5;83m[PM-17:42:20][38;5;87m [File Thread/INFO][38;5;231m  [38;5;145mREADMEファイルの更新を行っています...
[38;5;83m[PM-17:42:20][38;5;87m [File Thread/INFO][38;5;231m  [38;5;145m更新が終了しました。
help time
[38;5;83m[PM-17:42:24][38;5;87m [PHPPO Thread/INFO][38;5;231m  [38;5;87m[time][38;5;231mコマンド
[38;5;83m[PM-17:42:24][38;5;87m [PHPPO Thread/INFO][38;5;231m  使用方法:[38;5;227mtime [38;5;83m
[38;5;83m[PM-17:42:24][38;5;87m [PHPPO Thread/INFO][38;5;231m  [38;5;63mコンピューターに設定されている時刻を表示。[38;5;145m
help all
[38;5;83m[PM-17:42:32][38;5;87m [PHPPO Thread/INFO][38;5;231m  [38;5;59m===================[38;5;87m実装コマンド一覧[38;5;59m===================[38;5;145m
[38;5;83m[PM-17:42:32][38;5;87m [PHPPO Thread/INFO][38;5;231m  [38;5;59m[default]-[38;5;34mclear [38;5;83m[38;5;145m:画面上から履歴が消えるように改行を繰り返します。[38;5;145m
[38;5;83m[PM-17:42:32][38;5;87m [PHPPO Thread/INFO][38;5;231m  [38;5;59m[default]-[38;5;34mecho [38;5;83m<メッセージ>/<on|off>[38;5;145m:文字列を出力。[38;5;145m
[38;5;83m[PM-17:42:32][38;5;87m [PHPPO Thread/INFO][38;5;231m  [38;5;59m[default]-[38;5;34mexec [38;5;83m[38;5;145m:コマンド及び外部プロセスの実行。[38;5;145m
[38;5;83m[PM-17:42:32][38;5;87m [PHPPO Thread/INFO][38;5;231m  [38;5;59m[default]-[38;5;34mexit [38;5;83m<ミリ秒数>[38;5;145m:PHP Prompt OSを終了。[38;5;145m
[38;5;83m[PM-17:42:32][38;5;87m [PHPPO Thread/INFO][38;5;231m  [38;5;59m[secret]-[38;5;34mextract [38;5;83m<system>[38;5;145m:指定したpharファイルをソースディレクトリに展開します。[38;5;145m
[38;5;83m[PM-17:42:32][38;5;87m [PHPPO Thread/INFO][38;5;231m  [38;5;59m[default]-[38;5;34mhelp [38;5;83m<all|dev>/<コマンド>[38;5;145m:使用できるコマンド、コマンドの使用法を表示。[38;5;145m
[38;5;83m[PM-17:42:32][38;5;87m [PHPPO Thread/INFO][38;5;231m  [38;5;59m[default]-[38;5;34minfo [38;5;83m<logo|auther|des|help|url|>[38;5;145m:当プログラムに関しての情報を表示。[38;5;145m
[38;5;83m[PM-17:42:32][38;5;87m [PHPPO Thread/INFO][38;5;231m  [38;5;59m[secret]-[38;5;34minstall [38;5;83m<src>[38;5;145m:PHPPO専用パッケージをインストールします[38;5;145m
[38;5;83m[PM-17:42:32][38;5;87m [PHPPO Thread/INFO][38;5;231m  [38;5;59m[default]-[38;5;34mlog [38;5;83m<on/off>[38;5;145m:ログファイルにログを出力するかの設定です。[38;5;145m
[38;5;83m[PM-17:42:32][38;5;87m [PHPPO Thread/INFO][38;5;231m  [38;5;59m[secret]-[38;5;34mlogout [38;5;83m[38;5;145m:ログアウトします。[38;5;145m
[38;5;83m[PM-17:42:32][38;5;87m [PHPPO Thread/INFO][38;5;231m  [38;5;59m[dev]-[38;5;34mmakephar [38;5;83m<アプリケーション名|ディレクトリパス|system>[38;5;145m:指定したアプリケーション、ディレクトリパス、または実行しているPHPPOのpharアーカイブ作成を行います。[38;5;145m
[38;5;83m[PM-17:42:32][38;5;87m [PHPPO Thread/INFO][38;5;231m  [38;5;59m[secret]-[38;5;34mmkdir [38;5;83m[38;5;145m:ディレクトリを作成します[38;5;145m
[38;5;83m[PM-17:42:32][38;5;87m [PHPPO Thread/INFO][38;5;231m  [38;5;59m[accessibility]-[38;5;34mrevc [38;5;83m[38;5;145m:画面上の文字の色の反転を切り替えます。[38;5;145m
[38;5;83m[PM-17:42:32][38;5;87m [PHPPO Thread/INFO][38;5;231m  [38;5;59m[default]-[38;5;34mscript [38;5;83m<ファイルネーム（拡張子を含む）>[38;5;145m:テキスト上のコマンドを改行ごとに実行します。[38;5;145m
[38;5;83m[PM-17:42:32][38;5;87m [PHPPO Thread/INFO][38;5;231m  [38;5;59m[default]-[38;5;34mset [38;5;83m<変数名> <値>[38;5;145m:変数へ代入します[38;5;145m
[38;5;83m[PM-17:42:32][38;5;87m [PHPPO Thread/INFO][38;5;231m  [38;5;59m[secret]-[38;5;34msetvalue [38;5;83m<変数名> <値>[38;5;145m:変数へ代入します[38;5;145m
[38;5;83m[PM-17:42:32][38;5;87m [PHPPO Thread/INFO][38;5;231m  [38;5;59m[default]-[38;5;34mtime [38;5;83m[38;5;145m:コンピューターに設定されている時刻を表示。[38;5;145m
[38;5;83m[PM-17:42:32][38;5;87m [PHPPO Thread/INFO][38;5;231m  [38;5;59m[default]-[38;5;34mtitle [38;5;83m[38;5;145m:システムのタイトルを設定します。[38;5;145m
[38;5;83m[PM-17:42:32][38;5;87m [PHPPO Thread/INFO][38;5;231m  [38;5;59m[dev]-[38;5;34mvardump [38;5;83m<変数名>[38;5;145m:システム処理が継承した'vardump'クラス内から呼び出せるパブリック変数、及びメイン処理におけるグローバル変数の内容を表示します。[38;5;145m
[38;5;83m[PM-17:42:32][38;5;87m [PHPPO Thread/INFO][38;5;231m  [38;5;59m[default]-[38;5;34mvars [38;5;83m[38;5;145m:定義済みの環境変数を表示します。[38;5;145m
[38;5;83m[PM-17:42:32][38;5;87m [PHPPO Thread/INFO][38;5;231m  [38;5;59m[script]-[38;5;34mwait [38;5;83m<ミリ秒>[38;5;145m:表示されているコンソール上での処理を指定時間中断します。[38;5;145m
[38;5;83m[PM-17:42:32][38;5;87m [PHPPO Thread/INFO][38;5;231m  [38;5;59m=======================================================[38;5;145m
revc
[38;5;83m[PM-17:42:40][38;5;87m [PHPPO Thread/INFO][38;5;231m  色を反転して表示します。
[38;5;83m[PM-17:44:38][38;5;87m [File Thread/INFO][38;5;231m  [38;5;145mライセンスファイルの更新を行っています...
[38;5;83m[PM-17:44:38][38;5;87m [File Thread/INFO][38;5;231m  [38;5;145m更新が終了しました。
[38;5;83m[PM-17:44:38][38;5;87m [File Thread/INFO][38;5;231m  [38;5;145mREADMEファイルの更新を行っています...
[38;5;83m[PM-17:44:38][38;5;87m [File Thread/INFO][38;5;231m  [38;5;145m更新が終了しました。
revc
[38;5;83m[PM-17:44:39][38;5;87m [PHPPO Thread/INFO][38;5;231m  色を反転して表示します。

[38;5;83m[PM-17:44:51][38;5;87m [File Thread/INFO][38;5;231m  [38;5;145mライセンスファイルの更新を行っています...
[38;5;83m[PM-17:44:51][38;5;87m [File Thread/INFO][38;5;231m  [38;5;145m更新が終了しました。
[38;5;83m[PM-17:44:51][38;5;87m [File Thread/INFO][38;5;231m  [38;5;145mREADMEファイルの更新を行っています...
[38;5;83m[PM-17:44:51][38;5;87m [File Thread/INFO][38;5;231m  [38;5;145m更新が終了しました。
revc
[38;5;83m[PM-17:44:53][38;5;87m [PHPPO Thread/INFO][38;5;231m  色を反転して表示します。
[38;5;83m[PM-17:44:58][38;5;87m [File Thread/INFO][38;5;231m  [38;5;145mライセンスファイルの更新を行っています...
[38;5;83m[PM-17:44:58][38;5;87m [File Thread/INFO][38;5;231m  [38;5;145m更新が終了しました。
[38;5;83m[PM-17:44:58][38;5;87m [File Thread/INFO][38;5;231m  [38;5;145mREADMEファイルの更新を行っています...
[38;5;83m[PM-17:44:58][38;5;87m [File Thread/INFO][38;5;231m  [38;5;145m更新が終了しました。
recv
[38;5;83m[PM-17:44:59][38;5;87m [PHPPO Thread/INFO][38;5;231m  [38;5;203m"recv"コマンドが見つかりませんでした。helpコマンドで確認してください。
revc
[38;5;83m[PM-17:45:00][38;5;87m [PHPPO Thread/INFO][38;5;231m  色を反転して表示します。
help
[38;5;83m[PM-17:45:09][38;5;87m [PHPPO Thread/INFO][38;5;231m  [38;5;59m===================[38;5;231mコマンド一覧[38;5;59m===================[38;5;145m
[38;5;83m[PM-17:45:09][38;5;87m [PHPPO Thread/INFO][38;5;231m  [38;5;34mclear [38;5;83m[38;5;145m:画面上から履歴が消えるように改行を繰り返します。[38;5;145m
[38;5;83m[PM-17:45:09][38;5;87m [PHPPO Thread/INFO][38;5;231m  [38;5;34mecho [38;5;83m<メッセージ>/<on|off>[38;5;145m:文字列を出力。[38;5;145m
[38;5;83m[PM-17:45:09][38;5;87m [PHPPO Thread/INFO][38;5;231m  [38;5;34mexec [38;5;83m[38;5;145m:コマンド及び外部プロセスの実行。[38;5;145m
[38;5;83m[PM-17:45:09][38;5;87m [PHPPO Thread/INFO][38;5;231m  [38;5;34mexit [38;5;83m<ミリ秒数>[38;5;145m:PHP Prompt OSを終了。[38;5;145m
[38;5;83m[PM-17:45:09][38;5;87m [PHPPO Thread/INFO][38;5;231m  [38;5;34mhelp [38;5;83m<all|dev>/<コマンド>[38;5;145m:使用できるコマンド、コマンドの使用法を表示。[38;5;145m
[38;5;83m[PM-17:45:09][38;5;87m [PHPPO Thread/INFO][38;5;231m  [38;5;34minfo [38;5;83m<logo|auther|des|help|url|>[38;5;145m:当プログラムに関しての情報を表示。[38;5;145m
[38;5;83m[PM-17:45:09][38;5;87m [PHPPO Thread/INFO][38;5;231m  [38;5;34mlog [38;5;83m<on/off>[38;5;145m:ログファイルにログを出力するかの設定です。[38;5;145m
[38;5;83m[PM-17:45:09][38;5;87m [PHPPO Thread/INFO][38;5;231m  [38;5;34mscript [38;5;83m<ファイルネーム（拡張子を含む）>[38;5;145m:テキスト上のコマンドを改行ごとに実行します。[38;5;145m
[38;5;83m[PM-17:45:09][38;5;87m [PHPPO Thread/INFO][38;5;231m  [38;5;34mset [38;5;83m<変数名> <値>[38;5;145m:変数へ代入します[38;5;145m
[38;5;83m[PM-17:45:09][38;5;87m [PHPPO Thread/INFO][38;5;231m  [38;5;34mtime [38;5;83m[38;5;145m:コンピューターに設定されている時刻を表示。[38;5;145m
[38;5;83m[PM-17:45:09][38;5;87m [PHPPO Thread/INFO][38;5;231m  [38;5;34mtitle [38;5;83m[38;5;145m:システムのタイトルを設定します。[38;5;145m
[38;5;83m[PM-17:45:09][38;5;87m [PHPPO Thread/INFO][38;5;231m  [38;5;34mvars [38;5;83m[38;5;145m:定義済みの環境変数を表示します。[38;5;145m
[38;5;83m[PM-17:45:09][38;5;87m [PHPPO Thread/INFO][38;5;231m  [38;5;59m===================================================[38;5;145m
echo a
[38;5;83m[PM-17:45:12][38;5;87m [PHPPO Thread/INFO][38;5;231m  a 
help all
[38;5;83m[PM-17:45:14][38;5;87m [PHPPO Thread/INFO][38;5;231m  [38;5;59m===================[38;5;87m実装コマンド一覧[38;5;59m===================[38;5;145m
[38;5;83m[PM-17:45:14][38;5;87m [PHPPO Thread/INFO][38;5;231m  [38;5;59m[default]-[38;5;34mclear [38;5;83m[38;5;145m:画面上から履歴が消えるように改行を繰り返します。[38;5;145m
[38;5;83m[PM-17:45:14][38;5;87m [PHPPO Thread/INFO][38;5;231m  [38;5;59m[default]-[38;5;34mecho [38;5;83m<メッセージ>/<on|off>[38;5;145m:文字列を出力。[38;5;145m
[38;5;83m[PM-17:45:14][38;5;87m [PHPPO Thread/INFO][38;5;231m  [38;5;59m[default]-[38;5;34mexec [38;5;83m[38;5;145m:コマンド及び外部プロセスの実行。[38;5;145m
[38;5;83m[PM-17:45:14][38;5;87m [PHPPO Thread/INFO][38;5;231m  [38;5;59m[default]-[38;5;34mexit [38;5;83m<ミリ秒数>[38;5;145m:PHP Prompt OSを終了。[38;5;145m
[38;5;83m[PM-17:45:14][38;5;87m [PHPPO Thread/INFO][38;5;231m  [38;5;59m[secret]-[38;5;34mextract [38;5;83m<system>[38;5;145m:指定したpharファイルをソースディレクトリに展開します。[38;5;145m
[38;5;83m[PM-17:45:14][38;5;87m [PHPPO Thread/INFO][38;5;231m  [38;5;59m[default]-[38;5;34mhelp [38;5;83m<all|dev>/<コマンド>[38;5;145m:使用できるコマンド、コマンドの使用法を表示。[38;5;145m
[38;5;83m[PM-17:45:14][38;5;87m [PHPPO Thread/INFO][38;5;231m  [38;5;59m[default]-[38;5;34minfo [38;5;83m<logo|auther|des|help|url|>[38;5;145m:当プログラムに関しての情報を表示。[38;5;145m
[38;5;83m[PM-17:45:14][38;5;87m [PHPPO Thread/INFO][38;5;231m  [38;5;59m[secret]-[38;5;34minstall [38;5;83m<src>[38;5;145m:PHPPO専用パッケージをインストールします[38;5;145m
[38;5;83m[PM-17:45:14][38;5;87m [PHPPO Thread/INFO][38;5;231m  [38;5;59m[default]-[38;5;34mlog [38;5;83m<on/off>[38;5;145m:ログファイルにログを出力するかの設定です。[38;5;145m
[38;5;83m[PM-17:45:14][38;5;87m [PHPPO Thread/INFO][38;5;231m  [38;5;59m[secret]-[38;5;34mlogout [38;5;83m[38;5;145m:ログアウトします。[38;5;145m
[38;5;83m[PM-17:45:14][38;5;87m [PHPPO Thread/INFO][38;5;231m  [38;5;59m[dev]-[38;5;34mmakephar [38;5;83m<アプリケーション名|ディレクトリパス|system>[38;5;145m:指定したアプリケーション、ディレクトリパス、または実行しているPHPPOのpharアーカイブ作成を行います。[38;5;145m
[38;5;83m[PM-17:45:14][38;5;87m [PHPPO Thread/INFO][38;5;231m  [38;5;59m[secret]-[38;5;34mmkdir [38;5;83m[38;5;145m:ディレクトリを作成します[38;5;145m
[38;5;83m[PM-17:45:14][38;5;87m [PHPPO Thread/INFO][38;5;231m  [38;5;59m[accessibility]-[38;5;34mrevc [38;5;83m[38;5;145m:画面上の文字の色の反転を切り替えます。[38;5;145m
[38;5;83m[PM-17:45:14][38;5;87m [PHPPO Thread/INFO][38;5;231m  [38;5;59m[default]-[38;5;34mscript [38;5;83m<ファイルネーム（拡張子を含む）>[38;5;145m:テキスト上のコマンドを改行ごとに実行します。[38;5;145m
[38;5;83m[PM-17:45:14][38;5;87m [PHPPO Thread/INFO][38;5;231m  [38;5;59m[default]-[38;5;34mset [38;5;83m<変数名> <値>[38;5;145m:変数へ代入します[38;5;145m
[38;5;83m[PM-17:45:14][38;5;87m [PHPPO Thread/INFO][38;5;231m  [38;5;59m[secret]-[38;5;34msetvalue [38;5;83m<変数名> <値>[38;5;145m:変数へ代入します[38;5;145m
[38;5;83m[PM-17:45:14][38;5;87m [PHPPO Thread/INFO][38;5;231m  [38;5;59m[default]-[38;5;34mtime [38;5;83m[38;5;145m:コンピューターに設定されている時刻を表示。[38;5;145m
[38;5;83m[PM-17:45:14][38;5;87m [PHPPO Thread/INFO][38;5;231m  [38;5;59m[default]-[38;5;34mtitle [38;5;83m[38;5;145m:システムのタイトルを設定します。[38;5;145m
[38;5;83m[PM-17:45:14][38;5;87m [PHPPO Thread/INFO][38;5;231m  [38;5;59m[dev]-[38;5;34mvardump [38;5;83m<変数名>[38;5;145m:システム処理が継承した'vardump'クラス内から呼び出せるパブリック変数、及びメイン処理におけるグローバル変数の内容を表示します。[38;5;145m
[38;5;83m[PM-17:45:14][38;5;87m [PHPPO Thread/INFO][38;5;231m  [38;5;59m[default]-[38;5;34mvars [38;5;83m[38;5;145m:定義済みの環境変数を表示します。[38;5;145m
[38;5;83m[PM-17:45:14][38;5;87m [PHPPO Thread/INFO][38;5;231m  [38;5;59m[script]-[38;5;34mwait [38;5;83m<ミリ秒>[38;5;145m:表示されているコンソール上での処理を指定時間中断します。[38;5;145m
[38;5;83m[PM-17:45:14][38;5;87m [PHPPO Thread/INFO][38;5;231m  [38;5;59m=======================================================[38;5;145m
time
[38;5;83m[PM-17:45:19][38;5;87m [PHPPO Thread/INFO][38;5;231m  午後17時45分19秒
[38;5;83m[PM-17:45:19][38;5;87m [PHPPO Thread/INFO][38;5;231m  
script sample4.sh
[38;5;83m[PM-17:45:24][38;5;87m [PHPPO Thread/INFO][38;5;231m  変数テスト。 
[38;5;83m[PM-17:45:24][38;5;87m [PHPPO Thread/INFO][38;5;231m  いくつもの変数を作成し、それぞれ代入します。 
[38;5;83m[PM-17:45:24][38;5;87m [PHPPO Thread/INFO][38;5;231m  えーびーしーでぃーいーえふじーえいちあいじぇーけーえるえむえぬおーぴーきゅーあーるえすてぃゆーぶいだぼゆーえっくすわいぜっと 
[38;5;231m [38;5;34m[version][38;5;207m:[38;5;87mpre_1.4.5_Beta[38;5;145m-[38;5;59m(string)
[38;5;231m [38;5;34m[time][38;5;207m:[38;5;87mPM-17:45:24[38;5;145m-[38;5;59m(string)
[38;5;231m [38;5;34m[a][38;5;207m:[38;5;87mえー[38;5;145m-[38;5;59m(string)
[38;5;231m [38;5;34m[b][38;5;207m:[38;5;87mびー[38;5;145m-[38;5;59m(string)
[38;5;231m [38;5;34m[c][38;5;207m:[38;5;87mしー[38;5;145m-[38;5;59m(string)
[38;5;231m [38;5;34m[d][38;5;207m:[38;5;87mでぃー[38;5;145m-[38;5;59m(string)
[38;5;231m [38;5;34m[e][38;5;207m:[38;5;87mいー[38;5;145m-[38;5;59m(string)
[38;5;231m [38;5;34m[f][38;5;207m:[38;5;87mえふ[38;5;145m-[38;5;59m(string)
[38;5;231m [38;5;34m[g][38;5;207m:[38;5;87mじー[38;5;145m-[38;5;59m(string)
[38;5;231m [38;5;34m[h][38;5;207m:[38;5;87mえいち[38;5;145m-[38;5;59m(string)
[38;5;231m [38;5;34m[i][38;5;207m:[38;5;87mあい[38;5;145m-[38;5;59m(string)
[38;5;231m [38;5;34m[j][38;5;207m:[38;5;87mじぇー[38;5;145m-[38;5;59m(string)
[38;5;231m [38;5;34m[k][38;5;207m:[38;5;87mけー[38;5;145m-[38;5;59m(string)
[38;5;231m [38;5;34m[l][38;5;207m:[38;5;87mえる[38;5;145m-[38;5;59m(string)
[38;5;231m [38;5;34m[m][38;5;207m:[38;5;87mえむ[38;5;145m-[38;5;59m(string)
[38;5;231m [38;5;34m[n][38;5;207m:[38;5;87mえぬ[38;5;145m-[38;5;59m(string)
[38;5;231m [38;5;34m[o][38;5;207m:[38;5;87mおー[38;5;145m-[38;5;59m(string)
[38;5;231m [38;5;34m[p][38;5;207m:[38;5;87mぴー[38;5;145m-[38;5;59m(string)
[38;5;231m [38;5;34m[q][38;5;207m:[38;5;87mきゅー[38;5;145m-[38;5;59m(string)
[38;5;231m [38;5;34m[r][38;5;207m:[38;5;87mあーる[38;5;145m-[38;5;59m(string)
[38;5;231m [38;5;34m[s][38;5;207m:[38;5;87mえす[38;5;145m-[38;5;59m(string)
[38;5;231m [38;5;34m[t][38;5;207m:[38;5;87mてぃ[38;5;145m-[38;5;59m(string)
[38;5;231m [38;5;34m[u][38;5;207m:[38;5;87mゆー[38;5;145m-[38;5;59m(string)
[38;5;231m [38;5;34m[v][38;5;207m:[38;5;87mぶい[38;5;145m-[38;5;59m(string)
[38;5;231m [38;5;34m[w][38;5;207m:[38;5;87mだぼゆー[38;5;145m-[38;5;59m(string)
[38;5;231m [38;5;34m[x][38;5;207m:[38;5;87mえっくす[38;5;145m-[38;5;59m(string)
[38;5;231m [38;5;34m[y][38;5;207m:[38;5;87mわい[38;5;145m-[38;5;59m(string)
[38;5;231m [38;5;34m[z][38;5;207m:[38;5;87mぜっと[38;5;145m-[38;5;59m(string)
help all
[38;5;83m[PM-17:45:32][38;5;87m [PHPPO Thread/INFO][38;5;231m  [38;5;59m===================[38;5;87m実装コマンド一覧[38;5;59m===================[38;5;145m
[38;5;83m[PM-17:45:32][38;5;87m [PHPPO Thread/INFO][38;5;231m  [38;5;59m[default]-[38;5;34mclear [38;5;83m[38;5;145m:画面上から履歴が消えるように改行を繰り返します。[38;5;145m
[38;5;83m[PM-17:45:32][38;5;87m [PHPPO Thread/INFO][38;5;231m  [38;5;59m[default]-[38;5;34mecho [38;5;83m<メッセージ>/<on|off>[38;5;145m:文字列を出力。[38;5;145m
[38;5;83m[PM-17:45:32][38;5;87m [PHPPO Thread/INFO][38;5;231m  [38;5;59m[default]-[38;5;34mexec [38;5;83m[38;5;145m:コマンド及び外部プロセスの実行。[38;5;145m
[38;5;83m[PM-17:45:32][38;5;87m [PHPPO Thread/INFO][38;5;231m  [38;5;59m[default]-[38;5;34mexit [38;5;83m<ミリ秒数>[38;5;145m:PHP Prompt OSを終了。[38;5;145m
[38;5;83m[PM-17:45:32][38;5;87m [PHPPO Thread/INFO][38;5;231m  [38;5;59m[secret]-[38;5;34mextract [38;5;83m<system>[38;5;145m:指定したpharファイルをソースディレクトリに展開します。[38;5;145m
[38;5;83m[PM-17:45:32][38;5;87m [PHPPO Thread/INFO][38;5;231m  [38;5;59m[default]-[38;5;34mhelp [38;5;83m<all|dev>/<コマンド>[38;5;145m:使用できるコマンド、コマンドの使用法を表示。[38;5;145m
[38;5;83m[PM-17:45:32][38;5;87m [PHPPO Thread/INFO][38;5;231m  [38;5;59m[default]-[38;5;34minfo [38;5;83m<logo|auther|des|help|url|>[38;5;145m:当プログラムに関しての情報を表示。[38;5;145m
[38;5;83m[PM-17:45:32][38;5;87m [PHPPO Thread/INFO][38;5;231m  [38;5;59m[secret]-[38;5;34minstall [38;5;83m<src>[38;5;145m:PHPPO専用パッケージをインストールします[38;5;145m
[38;5;83m[PM-17:45:32][38;5;87m [PHPPO Thread/INFO][38;5;231m  [38;5;59m[default]-[38;5;34mlog [38;5;83m<on/off>[38;5;145m:ログファイルにログを出力するかの設定です。[38;5;145m
[38;5;83m[PM-17:45:32][38;5;87m [PHPPO Thread/INFO][38;5;231m  [38;5;59m[secret]-[38;5;34mlogout [38;5;83m[38;5;145m:ログアウトします。[38;5;145m
[38;5;83m[PM-17:45:32][38;5;87m [PHPPO Thread/INFO][38;5;231m  [38;5;59m[dev]-[38;5;34mmakephar [38;5;83m<アプリケーション名|ディレクトリパス|system>[38;5;145m:指定したアプリケーション、ディレクトリパス、または実行しているPHPPOのpharアーカイブ作成を行います。[38;5;145m
[38;5;83m[PM-17:45:32][38;5;87m [PHPPO Thread/INFO][38;5;231m  [38;5;59m[secret]-[38;5;34mmkdir [38;5;83m[38;5;145m:ディレクトリを作成します[38;5;145m
[38;5;83m[PM-17:45:32][38;5;87m [PHPPO Thread/INFO][38;5;231m  [38;5;59m[accessibility]-[38;5;34mrevc [38;5;83m[38;5;145m:画面上の文字の色の反転を切り替えます。[38;5;145m
[38;5;83m[PM-17:45:32][38;5;87m [PHPPO Thread/INFO][38;5;231m  [38;5;59m[default]-[38;5;34mscript [38;5;83m<ファイルネーム（拡張子を含む）>[38;5;145m:テキスト上のコマンドを改行ごとに実行します。[38;5;145m
[38;5;83m[PM-17:45:32][38;5;87m [PHPPO Thread/INFO][38;5;231m  [38;5;59m[default]-[38;5;34mset [38;5;83m<変数名> <値>[38;5;145m:変数へ代入します[38;5;145m
[38;5;83m[PM-17:45:32][38;5;87m [PHPPO Thread/INFO][38;5;231m  [38;5;59m[secret]-[38;5;34msetvalue [38;5;83m<変数名> <値>[38;5;145m:変数へ代入します[38;5;145m
[38;5;83m[PM-17:45:32][38;5;87m [PHPPO Thread/INFO][38;5;231m  [38;5;59m[default]-[38;5;34mtime [38;5;83m[38;5;145m:コンピューターに設定されている時刻を表示。[38;5;145m
[38;5;83m[PM-17:45:32][38;5;87m [PHPPO Thread/INFO][38;5;231m  [38;5;59m[default]-[38;5;34mtitle [38;5;83m[38;5;145m:システムのタイトルを設定します。[38;5;145m
[38;5;83m[PM-17:45:32][38;5;87m [PHPPO Thread/INFO][38;5;231m  [38;5;59m[dev]-[38;5;34mvardump [38;5;83m<変数名>[38;5;145m:システム処理が継承した'vardump'クラス内から呼び出せるパブリック変数、及びメイン処理におけるグローバル変数の内容を表示します。[38;5;145m
[38;5;83m[PM-17:45:32][38;5;87m [PHPPO Thread/INFO][38;5;231m  [38;5;59m[default]-[38;5;34mvars [38;5;83m[38;5;145m:定義済みの環境変数を表示します。[38;5;145m
[38;5;83m[PM-17:45:32][38;5;87m [PHPPO Thread/INFO][38;5;231m  [38;5;59m[script]-[38;5;34mwait [38;5;83m<ミリ秒>[38;5;145m:表示されているコンソール上での処理を指定時間中断します。[38;5;145m
[38;5;83m[PM-17:45:32][38;5;87m [PHPPO Thread/INFO][38;5;231m  [38;5;59m=======================================================[38;5;145m
[38;5;83m[PM-17:45:47][38;5;87m [File Thread/INFO][38;5;231m  [38;5;145mライセンスファイルの更新を行っています...
[38;5;83m[PM-17:45:47][38;5;87m [File Thread/INFO][38;5;231m  [38;5;145m更新が終了しました。
[38;5;83m[PM-17:45:47][38;5;87m [File Thread/INFO][38;5;231m  [38;5;145mREADMEファイルの更新を行っています...
[38;5;83m[PM-17:45:47][38;5;87m [File Thread/INFO][38;5;231m  [38;5;145m更新が終了しました。
makephar
[38;5;83m[PM-17:45:49][38;5;87m [PHPPO Thread/INFO][38;5;231m  パラメーターが不足しています。
makephar system
[38;5;83m[PM-17:45:52][38;5;87m [PHPPO Thread/INFO][38;5;231m  [38;5;203mAre you sure you want to compose the source of PHPPO that are currently running to the phar archive ?(y):
[38;5;83m[PM-17:45:53][38;5;87m [PHPPO Thread/INFO][38;5;231m  [38;5;83mBuild log file created.[38;5;145m:C:\Users\ruito\Desktop\rui\PHP\PHP Prompt OS v.1.4.5 Beta-pre\src\buildlog.log
[38;5;83m[PM-17:45:53][38;5;87m [PHPPO Thread/INFO][38;5;231m  [38;5;231m['16.05.06 05:45:53] PHP Prompt OS pre_1.4.5_Beta built. No. #1
[38;5;83m[PM-19:17:19][38;5;87m [File Thread/INFO][38;5;231m  [38;5;145mライセンスファイルの更新を行っています...
[38;5;83m[PM-19:17:19][38;5;87m [File Thread/INFO][38;5;231m  [38;5;145m更新が終了しました。
[38;5;83m[PM-19:17:19][38;5;87m [File Thread/INFO][38;5;231m  [38;5;145mREADMEファイルの更新を行っています...
[38;5;83m[PM-19:17:19][38;5;87m [File Thread/INFO][38;5;231m  [38;5;145m更新が終了しました。