[38;5;83m[AM-00:22:45][38;5;87m [File Thread/INFO][38;5;231m  [38;5;145mライセンスファイルの更新を行っています...
[38;5;83m[AM-00:22:45][38;5;87m [File Thread/INFO][38;5;231m  [38;5;145m更新が終了しました。
[38;5;83m[AM-00:22:45][38;5;87m [File Thread/INFO][38;5;231m  [38;5;145mREADMEファイルの更新を行っています...
[38;5;83m[AM-00:22:45][38;5;87m [File Thread/INFO][38;5;231m  [38;5;145m更新が終了しました。
[38;5;83m[AM-00:24:25][38;5;87m [File Thread/INFO][38;5;231m  [38;5;145mライセンスファイルの更新を行っています...
[38;5;83m[AM-00:24:25][38;5;87m [File Thread/INFO][38;5;231m  [38;5;145m更新が終了しました。
[38;5;83m[AM-00:24:25][38;5;87m [File Thread/INFO][38;5;231m  [38;5;145mREADMEファイルの更新を行っています...
[38;5;83m[AM-00:24:25][38;5;87m [File Thread/INFO][38;5;231m  [38;5;145m更新が終了しました。
[38;5;83m[AM-00:25:37][38;5;87m [File Thread/INFO][38;5;231m  [38;5;145mライセンスファイルの更新を行っています...
[38;5;83m[AM-00:25:37][38;5;87m [File Thread/INFO][38;5;231m  [38;5;145m更新が終了しました。
[38;5;83m[AM-00:25:37][38;5;87m [File Thread/INFO][38;5;231m  [38;5;145mREADMEファイルの更新を行っています...
[38;5;83m[AM-00:25:37][38;5;87m [File Thread/INFO][38;5;231m  [38;5;145m更新が終了しました。
[38;5;83m[AM-11:15:29][38;5;87m [File Thread/INFO][38;5;231m  [38;5;145mライセンスファイルの更新を行っています...
[38;5;83m[AM-11:15:30][38;5;87m [File Thread/INFO][38;5;231m  [38;5;145m更新が終了しました。
[38;5;83m[AM-11:15:30][38;5;87m [File Thread/INFO][38;5;231m  [38;5;145mREADMEファイルの更新を行っています...
[38;5;83m[AM-11:15:30][38;5;87m [File Thread/INFO][38;5;231m  [38;5;145m更新が終了しました。
[38;5;83m[AM-11:18:07][38;5;87m [File Thread/INFO][38;5;231m  [38;5;145mライセンスファイルの更新を行っています...
[38;5;83m[AM-11:18:07][38;5;87m [File Thread/INFO][38;5;231m  [38;5;145m更新が終了しました。
[38;5;83m[AM-11:18:07][38;5;87m [File Thread/INFO][38;5;231m  [38;5;145mREADMEファイルの更新を行っています...
[38;5;83m[AM-11:18:07][38;5;87m [File Thread/INFO][38;5;231m  [38;5;145m更新が終了しました。

vardump systemconf_ini_array[38;5;83m[AM-11:18:24][38;5;87m [PHPPO Thread/INFO][38;5;231m  メイン処理におけるグローバル化変数'systemconf_ini_array'の内容を表示します。


[38;5;83m[AM-11:26:49][38;5;87m [File Thread/INFO][38;5;231m  [38;5;145mライセンスファイルの更新を行っています...
[38;5;83m[AM-11:26:49][38;5;87m [File Thread/INFO][38;5;231m  [38;5;145m更新が終了しました。
[38;5;83m[AM-11:26:49][38;5;87m [File Thread/INFO][38;5;231m  [38;5;145mREADMEファイルの更新を行っています...
[38;5;83m[AM-11:26:49][38;5;87m [File Thread/INFO][38;5;231m  [38;5;145m更新が終了しました。
[38;5;83m[AM-11:28:26][38;5;87m [File Thread/INFO][38;5;231m  [38;5;145mライセンスファイルの更新を行っています...
[38;5;83m[AM-11:28:26][38;5;87m [File Thread/INFO][38;5;231m  [38;5;145m更新が終了しました。
[38;5;83m[AM-11:28:26][38;5;87m [File Thread/INFO][38;5;231m  [38;5;145mREADMEファイルの更新を行っています...
[38;5;83m[AM-11:28:26][38;5;87m [File Thread/INFO][38;5;231m  [38;5;145m更新が終了しました。
[38;5;83m[AM-11:28:49][38;5;87m [File Thread/INFO][38;5;231m  [38;5;145mライセンスファイルの更新を行っています...
[38;5;83m[AM-11:28:49][38;5;87m [File Thread/INFO][38;5;231m  [38;5;145m更新が終了しました。
[38;5;83m[AM-11:28:49][38;5;87m [File Thread/INFO][38;5;231m  [38;5;145mREADMEファイルの更新を行っています...
[38;5;83m[AM-11:28:49][38;5;87m [File Thread/INFO][38;5;231m  [38;5;145m更新が終了しました。
[38;5;83m[AM-11:33:31][38;5;87m [File Thread/INFO][38;5;231m  [38;5;145mライセンスファイルの更新を行っています...
[38;5;83m[AM-11:33:31][38;5;87m [File Thread/INFO][38;5;231m  [38;5;145m更新が終了しました。
[38;5;83m[AM-11:33:31][38;5;87m [File Thread/INFO][38;5;231m  [38;5;145mREADMEファイルの更新を行っています...
[38;5;83m[AM-11:33:31][38;5;87m [File Thread/INFO][38;5;231m  [38;5;145m更新が終了しました。
[38;5;83m[AM-11:33:35][38;5;87m [File Thread/INFO][38;5;231m  [38;5;145mライセンスファイルの更新を行っています...
[38;5;83m[AM-11:33:35][38;5;87m [File Thread/INFO][38;5;231m  [38;5;145m更新が終了しました。
[38;5;83m[AM-11:33:35][38;5;87m [File Thread/INFO][38;5;231m  [38;5;145mREADMEファイルの更新を行っています...
[38;5;83m[AM-11:33:35][38;5;87m [File Thread/INFO][38;5;231m  [38;5;145m更新が終了しました。

stop[38;5;83m[AM-11:34:22][38;5;87m [PHPPO Thread/INFO][38;5;231m  [38;5;203m"stop"コマンドが見つかりませんでした。helpコマンドで確認してください。

exit[38;5;83m[AM-11:34:24][38;5;87m [PHPPO Thread/INFO][38;5;231m  PHP Prompt OS by chell ruiを終了します...
[38;5;83m[AM-11:34:24][38;5;87m [PHPPO Thread/INFO][38;5;231m  (@^^)/~~~!
[38;5;83m[AM-11:34:28][38;5;87m [File Thread/INFO][38;5;231m  [38;5;145mライセンスファイルの更新を行っています...
[38;5;83m[AM-11:34:28][38;5;87m [File Thread/INFO][38;5;231m  [38;5;145m更新が終了しました。
[38;5;83m[AM-11:34:28][38;5;87m [File Thread/INFO][38;5;231m  [38;5;145mREADMEファイルの更新を行っています...
[38;5;83m[AM-11:34:28][38;5;87m [File Thread/INFO][38;5;231m  [38;5;145m更新が終了しました。
[38;5;83m[AM-11:34:56][38;5;87m [File Thread/INFO][38;5;231m  [38;5;145mライセンスファイルの更新を行っています...
[38;5;83m[AM-11:34:56][38;5;87m [File Thread/INFO][38;5;231m  [38;5;145m更新が終了しました。
[38;5;83m[AM-11:34:56][38;5;87m [File Thread/INFO][38;5;231m  [38;5;145mREADMEファイルの更新を行っています...
[38;5;83m[AM-11:34:56][38;5;87m [File Thread/INFO][38;5;231m  [38;5;145m更新が終了しました。
[38;5;83m[AM-11:38:13][38;5;87m [File Thread/INFO][38;5;231m  [38;5;145mライセンスファイルの更新を行っています...
[38;5;83m[AM-11:38:13][38;5;87m [File Thread/INFO][38;5;231m  [38;5;145m更新が終了しました。
[38;5;83m[AM-11:38:13][38;5;87m [File Thread/INFO][38;5;231m  [38;5;145mREADMEファイルの更新を行っています...
[38;5;83m[AM-11:38:13][38;5;87m [File Thread/INFO][38;5;231m  [38;5;145m更新が終了しました。
[38;5;83m[AM-11:38:22][38;5;87m [File Thread/INFO][38;5;231m  [38;5;145mライセンスファイルの更新を行っています...
[38;5;83m[AM-11:38:22][38;5;87m [File Thread/INFO][38;5;231m  [38;5;145m更新が終了しました。
[38;5;83m[AM-11:38:22][38;5;87m [File Thread/INFO][38;5;231m  [38;5;145mREADMEファイルの更新を行っています...
[38;5;83m[AM-11:38:22][38;5;87m [File Thread/INFO][38;5;231m  [38;5;145m更新が終了しました。
[38;5;83m[PM-13:34:41][38;5;87m [File Thread/INFO][38;5;231m  [38;5;145mライセンスファイルの更新を行っています...
[38;5;83m[PM-13:34:41][38;5;87m [File Thread/INFO][38;5;231m  [38;5;145m更新が終了しました。
[38;5;83m[PM-13:34:41][38;5;87m [File Thread/INFO][38;5;231m  [38;5;145mREADMEファイルの更新を行っています...
[38;5;83m[PM-13:34:41][38;5;87m [File Thread/INFO][38;5;231m  [38;5;145m更新が終了しました。
[38;5;83m[PM-13:44:47][38;5;87m [File Thread/INFO][38;5;231m  [38;5;145mライセンスファイルの更新を行っています...
[38;5;83m[PM-13:44:47][38;5;87m [File Thread/INFO][38;5;231m  [38;5;145m更新が終了しました。
[38;5;83m[PM-13:44:47][38;5;87m [File Thread/INFO][38;5;231m  [38;5;145mREADMEファイルの更新を行っています...
[38;5;83m[PM-13:44:47][38;5;87m [File Thread/INFO][38;5;231m  [38;5;145m更新が終了しました。
[38;5;83m[PM-13:45:15][38;5;87m [File Thread/INFO][38;5;231m  [38;5;145mライセンスファイルの更新を行っています...
[38;5;83m[PM-13:45:15][38;5;87m [File Thread/INFO][38;5;231m  [38;5;145m更新が終了しました。
[38;5;83m[PM-13:45:15][38;5;87m [File Thread/INFO][38;5;231m  [38;5;145mREADMEファイルの更新を行っています...
[38;5;83m[PM-13:45:15][38;5;87m [File Thread/INFO][38;5;231m  [38;5;145m更新が終了しました。

help[38;5;83m[PM-13:45:18][38;5;87m [PHPPO Thread/INFO][38;5;231m  [38;5;59m===================[38;5;231mコマンド一覧[38;5;59m===================[38;5;145m
[38;5;83m[PM-13:45:18][38;5;87m [PHPPO Thread/INFO][38;5;231m  [38;5;34mclear [38;5;83m[38;5;145m:画面上から履歴が消えるように改行を繰り返します。[38;5;145m
[38;5;83m[PM-13:45:18][38;5;87m [PHPPO Thread/INFO][38;5;231m  [38;5;34mecho [38;5;83m<メッセージ>/<on|off>[38;5;145m:文字列を出力。[38;5;145m
[38;5;83m[PM-13:45:18][38;5;87m [PHPPO Thread/INFO][38;5;231m  [38;5;34mexec [38;5;83m[38;5;145m:コマンド及び外部プロセスの実行。[38;5;145m
[38;5;83m[PM-13:45:18][38;5;87m [PHPPO Thread/INFO][38;5;231m  [38;5;34mexit [38;5;83m<ミリ秒数>[38;5;145m:PHP Prompt OSを終了。[38;5;145m
[38;5;83m[PM-13:45:18][38;5;87m [PHPPO Thread/INFO][38;5;231m  [38;5;34mhelp [38;5;83m<all|dev>/<コマンド>[38;5;145m:使用できるコマンド、コマンドの使用法を表示。[38;5;145m
[38;5;83m[PM-13:45:18][38;5;87m [PHPPO Thread/INFO][38;5;231m  [38;5;34minfo [38;5;83m<logo|auther|des|help|url|>[38;5;145m:当プログラムに関しての情報を表示。[38;5;145m
[38;5;83m[PM-13:45:18][38;5;87m [PHPPO Thread/INFO][38;5;231m  [38;5;34mlog [38;5;83m<on/off>[38;5;145m:ログファイルにログを出力するかの設定です。[38;5;145m
[38;5;83m[PM-13:45:18][38;5;87m [PHPPO Thread/INFO][38;5;231m  [38;5;34mscript [38;5;83m<ファイルネーム（拡張子を含む）>[38;5;145m:テキスト上のコマンドを改行ごとに実行します。[38;5;145m
[38;5;83m[PM-13:45:18][38;5;87m [PHPPO Thread/INFO][38;5;231m  [38;5;34mset [38;5;83m<変数名> <値>[38;5;145m:変数へ代入します[38;5;145m
[38;5;83m[PM-13:45:18][38;5;87m [PHPPO Thread/INFO][38;5;231m  [38;5;34mtime [38;5;83m[38;5;145m:コンピューターに設定されている時刻を表示。[38;5;145m
[38;5;83m[PM-13:45:18][38;5;87m [PHPPO Thread/INFO][38;5;231m  [38;5;34mtitle [38;5;83m[38;5;145m:システムのタイトルを設定します。[38;5;145m
[38;5;83m[PM-13:45:18][38;5;87m [PHPPO Thread/INFO][38;5;231m  [38;5;34mvars [38;5;83m[38;5;145m:定義済みの環境変数を表示します。[38;5;145m
[38;5;83m[PM-13:45:18][38;5;87m [PHPPO Thread/INFO][38;5;231m  [38;5;59m===================================================[38;5;145m
[38;5;83m[PM-13:45:20][38;5;87m [File Thread/INFO][38;5;231m  [38;5;145mライセンスファイルの更新を行っています...
[38;5;83m[PM-13:45:20][38;5;87m [File Thread/INFO][38;5;231m  [38;5;145m更新が終了しました。
[38;5;83m[PM-13:45:20][38;5;87m [File Thread/INFO][38;5;231m  [38;5;145mREADMEファイルの更新を行っています...
[38;5;83m[PM-13:45:20][38;5;87m [File Thread/INFO][38;5;231m  [38;5;145m更新が終了しました。
[38;5;83m[PM-14:22:04][38;5;87m [File Thread/INFO][38;5;231m  [38;5;145mライセンスファイルの更新を行っています...
[38;5;83m[PM-14:22:04][38;5;87m [File Thread/INFO][38;5;231m  [38;5;145m更新が終了しました。
[38;5;83m[PM-14:22:04][38;5;87m [File Thread/INFO][38;5;231m  [38;5;145mREADMEファイルの更新を行っています...
[38;5;83m[PM-14:22:04][38;5;87m [File Thread/INFO][38;5;231m  [38;5;145m更新が終了しました。

help all[38;5;83m[PM-14:22:20][38;5;87m [PHPPO Thread/INFO][38;5;231m  [38;5;59m===================[38;5;87m実装コマンド一覧[38;5;59m===================[38;5;145m
[38;5;83m[PM-14:22:20][38;5;87m [PHPPO Thread/INFO][38;5;231m  [38;5;59m[default]-[38;5;34mclear [38;5;83m[38;5;145m:画面上から履歴が消えるように改行を繰り返します。[38;5;145m
[38;5;83m[PM-14:22:20][38;5;87m [PHPPO Thread/INFO][38;5;231m  [38;5;59m[default]-[38;5;34mecho [38;5;83m<メッセージ>/<on|off>[38;5;145m:文字列を出力。[38;5;145m
[38;5;83m[PM-14:22:20][38;5;87m [PHPPO Thread/INFO][38;5;231m  [38;5;59m[default]-[38;5;34mexec [38;5;83m[38;5;145m:コマンド及び外部プロセスの実行。[38;5;145m
[38;5;83m[PM-14:22:20][38;5;87m [PHPPO Thread/INFO][38;5;231m  [38;5;59m[default]-[38;5;34mexit [38;5;83m<ミリ秒数>[38;5;145m:PHP Prompt OSを終了。[38;5;145m
[38;5;83m[PM-14:22:20][38;5;87m [PHPPO Thread/INFO][38;5;231m  [38;5;59m[secret]-[38;5;34mextract [38;5;83m<system>[38;5;145m:指定したpharファイルをソースディレクトリに展開します。[38;5;145m
[38;5;83m[PM-14:22:20][38;5;87m [PHPPO Thread/INFO][38;5;231m  [38;5;59m[default]-[38;5;34mhelp [38;5;83m<all|dev>/<コマンド>[38;5;145m:使用できるコマンド、コマンドの使用法を表示。[38;5;145m
[38;5;83m[PM-14:22:20][38;5;87m [PHPPO Thread/INFO][38;5;231m  [38;5;59m[default]-[38;5;34minfo [38;5;83m<logo|auther|des|help|url|>[38;5;145m:当プログラムに関しての情報を表示。[38;5;145m
[38;5;83m[PM-14:22:20][38;5;87m [PHPPO Thread/INFO][38;5;231m  [38;5;59m[secret]-[38;5;34minstall [38;5;83m<src>[38;5;145m:PHPPO専用パッケージをインストールします[38;5;145m
[38;5;83m[PM-14:22:20][38;5;87m [PHPPO Thread/INFO][38;5;231m  [38;5;59m[default]-[38;5;34mlog [38;5;83m<on/off>[38;5;145m:ログファイルにログを出力するかの設定です。[38;5;145m
[38;5;83m[PM-14:22:20][38;5;87m [PHPPO Thread/INFO][38;5;231m  [38;5;59m[secret]-[38;5;34mlogout [38;5;83m[38;5;145m:ログアウトします。[38;5;145m
[38;5;83m[PM-14:22:20][38;5;87m [PHPPO Thread/INFO][38;5;231m  [38;5;59m[dev]-[38;5;34mmakephar [38;5;83m<アプリケーション名|ディレクトリパス|system>[38;5;145m:指定したアプリケーション、ディレクトリパス、または実行しているPHPPOのpharアーカイブ作成を行います。[38;5;145m
[38;5;83m[PM-14:22:20][38;5;87m [PHPPO Thread/INFO][38;5;231m  [38;5;59m[secret]-[38;5;34mmkdir [38;5;83m[38;5;145m:ディレクトリを作成します[38;5;145m
[38;5;83m[PM-14:22:20][38;5;87m [PHPPO Thread/INFO][38;5;231m  [38;5;59m[accessibility]-[38;5;34mrevc [38;5;83m[38;5;145m:画面上の文字の色の反転を切り替えます。[38;5;145m
[38;5;83m[PM-14:22:20][38;5;87m [PHPPO Thread/INFO][38;5;231m  [38;5;59m[default]-[38;5;34mscript [38;5;83m<ファイルネーム（拡張子を含む）>[38;5;145m:テキスト上のコマンドを改行ごとに実行します。[38;5;145m
[38;5;83m[PM-14:22:20][38;5;87m [PHPPO Thread/INFO][38;5;231m  [38;5;59m[default]-[38;5;34mset [38;5;83m<変数名> <値>[38;5;145m:変数へ代入します[38;5;145m
[38;5;83m[PM-14:22:20][38;5;87m [PHPPO Thread/INFO][38;5;231m  [38;5;59m[secret]-[38;5;34msetvalue [38;5;83m<変数名> <値>[38;5;145m:変数へ代入します[38;5;145m
[38;5;83m[PM-14:22:20][38;5;87m [PHPPO Thread/INFO][38;5;231m  [38;5;59m[default]-[38;5;34mtime [38;5;83m[38;5;145m:コンピューターに設定されている時刻を表示。[38;5;145m
[38;5;83m[PM-14:22:20][38;5;87m [PHPPO Thread/INFO][38;5;231m  [38;5;59m[default]-[38;5;34mtitle [38;5;83m[38;5;145m:システムのタイトルを設定します。[38;5;145m
[38;5;83m[PM-14:22:20][38;5;87m [PHPPO Thread/INFO][38;5;231m  [38;5;59m[dev]-[38;5;34mvardump [38;5;83m<変数名>[38;5;145m:システム処理が継承した'vardump'クラス内から呼び出せるパブリック変数、及びメイン処理におけるグローバル変数の内容を表示します。[38;5;145m
[38;5;83m[PM-14:22:20][38;5;87m [PHPPO Thread/INFO][38;5;231m  [38;5;59m[default]-[38;5;34mvars [38;5;83m[38;5;145m:定義済みの環境変数を表示します。[38;5;145m
[38;5;83m[PM-14:22:20][38;5;87m [PHPPO Thread/INFO][38;5;231m  [38;5;59m[script]-[38;5;34mwait [38;5;83m<ミリ秒>[38;5;145m:表示されているコンソール上での処理を指定時間中断します。[38;5;145m
[38;5;83m[PM-14:22:20][38;5;87m [PHPPO Thread/INFO][38;5;231m  [38;5;59m=======================================================[38;5;145m

script sample2.sh[38;5;83m[PM-14:22:42][38;5;87m [PHPPO Thread/INFO][38;5;231m  _                                   : 
[38;5;83m[PM-14:22:42][38;5;87m [PHPPO Thread/INFO][38;5;231m                                      : 
[38;5;83m[PM-14:22:43][38;5;87m [PHPPO Thread/INFO][38;5;231m  _                                   : 
[38;5;83m[PM-14:22:43][38;5;87m [PHPPO Thread/INFO][38;5;231m                                      : 
[38;5;83m[PM-14:22:44][38;5;87m [PHPPO Thread/INFO][38;5;231m  _                                   : 
[38;5;83m[PM-14:22:44][38;5;87m [PHPPO Thread/INFO][38;5;231m  h                                   : 
[38;5;83m[PM-14:22:45][38;5;87m [PHPPO Thread/INFO][38;5;231m  he                                  : 
[38;5;83m[PM-14:22:45][38;5;87m [PHPPO Thread/INFO][38;5;231m  hel                                 : 
[38;5;83m[PM-14:22:45][38;5;87m [PHPPO Thread/INFO][38;5;231m  hell                                : 
[38;5;83m[PM-14:22:45][38;5;87m [PHPPO Thread/INFO][38;5;231m  hello                               : 
[38;5;83m[PM-14:22:45][38;5;87m [PHPPO Thread/INFO][38;5;231m  hello_                              : 
[38;5;83m[PM-14:22:45][38;5;87m [PHPPO Thread/INFO][38;5;231m  hello                               : 
[38;5;83m[PM-14:22:46][38;5;87m [PHPPO Thread/INFO][38;5;231m  hello _                             : 
[38;5;83m[PM-14:22:46][38;5;87m [PHPPO Thread/INFO][38;5;231m  hello w                             : 
[38;5;83m[PM-14:22:46][38;5;87m [PHPPO Thread/INFO][38;5;231m  hello wo                            : 
[38;5;83m[PM-14:22:46][38;5;87m [PHPPO Thread/INFO][38;5;231m  hello wor                           : 
[38;5;83m[PM-14:22:46][38;5;87m [PHPPO Thread/INFO][38;5;231m  hello worl                          : 
[38;5;83m[PM-14:22:46][38;5;87m [PHPPO Thread/INFO][38;5;231m  hello world                         : 
[38;5;83m[PM-14:22:47][38;5;87m [PHPPO Thread/INFO][38;5;231m  hello world_                        : 
[38;5;83m[PM-14:22:47][38;5;87m [PHPPO Thread/INFO][38;5;231m  hello world!                        : 
[38;5;83m[PM-14:22:47][38;5;87m [PHPPO Thread/INFO][38;5;231m  hello world!!                       : 
[38;5;83m[PM-14:22:47][38;5;87m [PHPPO Thread/INFO][38;5;231m  hello world!!!                      : 
[38;5;83m[PM-14:22:47][38;5;87m [PHPPO Thread/INFO][38;5;231m  hello world!!!!                     : 
[38;5;83m[PM-14:22:47][38;5;87m [PHPPO Thread/INFO][38;5;231m  hello world!!!!!                    : 
[38;5;83m[PM-14:22:47][38;5;87m [PHPPO Thread/INFO][38;5;231m  hello world!!!!!!                   : 
[38;5;83m[PM-14:22:47][38;5;87m [PHPPO Thread/INFO][38;5;231m  hello world!!!!!!!                  : 
[38;5;83m[PM-14:22:47][38;5;87m [PHPPO Thread/INFO][38;5;231m  hello world!!!!!!!!                 : 
[38;5;83m[PM-14:22:47][38;5;87m [PHPPO Thread/INFO][38;5;231m  hello world!!!!!!!!!                : 
[38;5;83m[PM-14:22:47][38;5;87m [PHPPO Thread/INFO][38;5;231m  hello world!!!!!!!!!_               : 
[38;5;83m[PM-14:22:48][38;5;87m [PHPPO Thread/INFO][38;5;231m  hello world!!!!!!!!!                : 
[38;5;83m[PM-14:22:48][38;5;87m [PHPPO Thread/INFO][38;5;231m  hello world!!!!!!!!!_               : 
[38;5;83m[PM-14:22:49][38;5;87m [PHPPO Thread/INFO][38;5;231m  hello world!!!!!!!!!                : 
[38;5;83m[PM-14:22:49][38;5;87m [PHPPO Thread/INFO][38;5;231m  hello world!!!!!!!!!_               : 
[38;5;83m[PM-14:22:50][38;5;87m [PHPPO Thread/INFO][38;5;231m  hello world!!!!!!!!!                : 
[38;5;83m[PM-14:22:50][38;5;87m [PHPPO Thread/INFO][38;5;231m  hello world!!!!!!!!_                : 
[38;5;83m[PM-14:22:50][38;5;87m [PHPPO Thread/INFO][38;5;231m  hello world!!!!!!!_                 : 
[38;5;83m[PM-14:22:50][38;5;87m [PHPPO Thread/INFO][38;5;231m  hello world!!!!!!_                  : 
[38;5;83m[PM-14:22:50][38;5;87m [PHPPO Thread/INFO][38;5;231m  hello world!!!!!_                   : 
[38;5;83m[PM-14:22:50][38;5;87m [PHPPO Thread/INFO][38;5;231m  hello world!!!!_                    : 
[38;5;83m[PM-14:22:50][38;5;87m [PHPPO Thread/INFO][38;5;231m  hello world!!!_                     : 
[38;5;83m[PM-14:22:50][38;5;87m [PHPPO Thread/INFO][38;5;231m  hello world!!_                      : 
[38;5;83m[PM-14:22:50][38;5;87m [PHPPO Thread/INFO][38;5;231m  hello world!_                       : 
[38;5;83m[PM-14:22:50][38;5;87m [PHPPO Thread/INFO][38;5;231m  hello world_                        : 
[38;5;83m[PM-14:22:50][38;5;87m [PHPPO Thread/INFO][38;5;231m  hello worl_                         : 
[38;5;83m[PM-14:22:50][38;5;87m [PHPPO Thread/INFO][38;5;231m  hello wor_                          : 
[38;5;83m[PM-14:22:50][38;5;87m [PHPPO Thread/INFO][38;5;231m  hello wo_                           : 
[38;5;83m[PM-14:22:50][38;5;87m [PHPPO Thread/INFO][38;5;231m  hello w_                            : 
[38;5;83m[PM-14:22:50][38;5;87m [PHPPO Thread/INFO][38;5;231m  hello _                             : 
[38;5;83m[PM-14:22:50][38;5;87m [PHPPO Thread/INFO][38;5;231m  hello_                              : 
[38;5;83m[PM-14:22:50][38;5;87m [PHPPO Thread/INFO][38;5;231m  hell_                               : 
[38;5;83m[PM-14:22:50][38;5;87m [PHPPO Thread/INFO][38;5;231m  hel_                                : 
[38;5;83m[PM-14:22:50][38;5;87m [PHPPO Thread/INFO][38;5;231m  he_                                 : 
[38;5;83m[PM-14:22:50][38;5;87m [PHPPO Thread/INFO][38;5;231m  h_                                  : 
[38;5;83m[PM-14:22:50][38;5;87m [PHPPO Thread/INFO][38;5;231m  _                                   : 

help all[38;5;83m[PM-14:27:18][38;5;87m [PHPPO Thread/INFO][38;5;231m  [38;5;59m===================[38;5;87m実装コマンド一覧[38;5;59m===================[38;5;145m
[38;5;83m[PM-14:27:18][38;5;87m [PHPPO Thread/INFO][38;5;231m  [38;5;59m[default]-[38;5;34mclear [38;5;83m[38;5;145m:画面上から履歴が消えるように改行を繰り返します。[38;5;145m
[38;5;83m[PM-14:27:18][38;5;87m [PHPPO Thread/INFO][38;5;231m  [38;5;59m[default]-[38;5;34mecho [38;5;83m<メッセージ>/<on|off>[38;5;145m:文字列を出力。[38;5;145m
[38;5;83m[PM-14:27:18][38;5;87m [PHPPO Thread/INFO][38;5;231m  [38;5;59m[default]-[38;5;34mexec [38;5;83m[38;5;145m:コマンド及び外部プロセスの実行。[38;5;145m
[38;5;83m[PM-14:27:18][38;5;87m [PHPPO Thread/INFO][38;5;231m  [38;5;59m[default]-[38;5;34mexit [38;5;83m<ミリ秒数>[38;5;145m:PHP Prompt OSを終了。[38;5;145m
[38;5;83m[PM-14:27:18][38;5;87m [PHPPO Thread/INFO][38;5;231m  [38;5;59m[secret]-[38;5;34mextract [38;5;83m<system>[38;5;145m:指定したpharファイルをソースディレクトリに展開します。[38;5;145m
[38;5;83m[PM-14:27:18][38;5;87m [PHPPO Thread/INFO][38;5;231m  [38;5;59m[default]-[38;5;34mhelp [38;5;83m<all|dev>/<コマンド>[38;5;145m:使用できるコマンド、コマンドの使用法を表示。[38;5;145m
[38;5;83m[PM-14:27:18][38;5;87m [PHPPO Thread/INFO][38;5;231m  [38;5;59m[default]-[38;5;34minfo [38;5;83m<logo|auther|des|help|url|>[38;5;145m:当プログラムに関しての情報を表示。[38;5;145m
[38;5;83m[PM-14:27:18][38;5;87m [PHPPO Thread/INFO][38;5;231m  [38;5;59m[secret]-[38;5;34minstall [38;5;83m<src>[38;5;145m:PHPPO専用パッケージをインストールします[38;5;145m
[38;5;83m[PM-14:27:18][38;5;87m [PHPPO Thread/INFO][38;5;231m  [38;5;59m[default]-[38;5;34mlog [38;5;83m<on/off>[38;5;145m:ログファイルにログを出力するかの設定です。[38;5;145m
[38;5;83m[PM-14:27:18][38;5;87m [PHPPO Thread/INFO][38;5;231m  [38;5;59m[secret]-[38;5;34mlogout [38;5;83m[38;5;145m:ログアウトします。[38;5;145m
[38;5;83m[PM-14:27:18][38;5;87m [PHPPO Thread/INFO][38;5;231m  [38;5;59m[dev]-[38;5;34mmakephar [38;5;83m<アプリケーション名|ディレクトリパス|system>[38;5;145m:指定したアプリケーション、ディレクトリパス、または実行しているPHPPOのpharアーカイブ作成を行います。[38;5;145m
[38;5;83m[PM-14:27:18][38;5;87m [PHPPO Thread/INFO][38;5;231m  [38;5;59m[secret]-[38;5;34mmkdir [38;5;83m[38;5;145m:ディレクトリを作成します[38;5;145m
[38;5;83m[PM-14:27:18][38;5;87m [PHPPO Thread/INFO][38;5;231m  [38;5;59m[accessibility]-[38;5;34mrevc [38;5;83m[38;5;145m:画面上の文字の色の反転を切り替えます。[38;5;145m
[38;5;83m[PM-14:27:18][38;5;87m [PHPPO Thread/INFO][38;5;231m  [38;5;59m[default]-[38;5;34mscript [38;5;83m<ファイルネーム（拡張子を含む）>[38;5;145m:テキスト上のコマンドを改行ごとに実行します。[38;5;145m
[38;5;83m[PM-14:27:18][38;5;87m [PHPPO Thread/INFO][38;5;231m  [38;5;59m[default]-[38;5;34mset [38;5;83m<変数名> <値>[38;5;145m:変数へ代入します[38;5;145m
[38;5;83m[PM-14:27:18][38;5;87m [PHPPO Thread/INFO][38;5;231m  [38;5;59m[secret]-[38;5;34msetvalue [38;5;83m<変数名> <値>[38;5;145m:変数へ代入します[38;5;145m
[38;5;83m[PM-14:27:18][38;5;87m [PHPPO Thread/INFO][38;5;231m  [38;5;59m[default]-[38;5;34mtime [38;5;83m[38;5;145m:コンピューターに設定されている時刻を表示。[38;5;145m
[38;5;83m[PM-14:27:18][38;5;87m [PHPPO Thread/INFO][38;5;231m  [38;5;59m[default]-[38;5;34mtitle [38;5;83m[38;5;145m:システムのタイトルを設定します。[38;5;145m
[38;5;83m[PM-14:27:18][38;5;87m [PHPPO Thread/INFO][38;5;231m  [38;5;59m[dev]-[38;5;34mvardump [38;5;83m<変数名>[38;5;145m:システム処理が継承した'vardump'クラス内から呼び出せるパブリック変数、及びメイン処理におけるグローバル変数の内容を表示します。[38;5;145m
[38;5;83m[PM-14:27:18][38;5;87m [PHPPO Thread/INFO][38;5;231m  [38;5;59m[default]-[38;5;34mvars [38;5;83m[38;5;145m:定義済みの環境変数を表示します。[38;5;145m
[38;5;83m[PM-14:27:18][38;5;87m [PHPPO Thread/INFO][38;5;231m  [38;5;59m[script]-[38;5;34mwait [38;5;83m<ミリ秒>[38;5;145m:表示されているコンソール上での処理を指定時間中断します。[38;5;145m
[38;5;83m[PM-14:27:18][38;5;87m [PHPPO Thread/INFO][38;5;231m  [38;5;59m=======================================================[38;5;145m
