
[38;5;83m[PM-18:10:42][38;5;87m [File Thread/INFO][38;5;231m [38;5;145mライセンスファイルの更新を行っています...
[38;5;83m[PM-18:10:42][38;5;87m [File Thread/INFO][38;5;231m [38;5;145m更新が終了しました。
[38;5;83m[PM-18:10:42][38;5;87m [File Thread/INFO][38;5;231m [38;5;145mREADMEファイルの更新を行っています...
[38;5;83m[PM-18:10:42][38;5;87m [File Thread/INFO][38;5;231m [38;5;145m更新が終了しました。
[38;5;83m[PM-18:10:42][38;5;87m [File Thread/INFO][38;5;231m システム設定用ファイルを出力しました。:C:\Users\ruito\Desktop\rui\PHP\PHP Prompt OS v.1.4.5 Beta-pre\src\/config.ini

[38;5;83m[PM-18:10:48][38;5;87m [SETUP Thread/INFO][38;5;231m ====セットアップを開始します====
[38;5;83m[PM-18:10:48][38;5;87m [SETUP Thread/INFO][38;5;231m 使用するユーザー名を入力してください:
[38;5;83m[PM-18:10:52][38;5;87m [SETUP Thread/INFO][38;5;231m パスワードを設定してください。(八文字以上)
[38;5;83m[PM-18:10:54][38;5;87m [SETUP Thread/INFO][38;5;231m 設定したパスワードをもう一度入力してください。:
[38;5;83m[PM-18:10:56][38;5;87m [Boot Thread/INFO][38;5;231m ようこそruiさん！PHP Prompt OS version pre_1.4.5_Beta
[38;5;83m[PM-18:10:56][38;5;87m [Boot Thread/INFO][38;5;231m 画面の更新を行います...
[38;5;83m[PM-18:10:58][38;5;87m [PHPPO Thread/INFO][38;5;231m 起動完了！(2 s.) helpコマンドでコマンド一覧を表示。
hel;p
[38;5;83m[PM-18:11:01][38;5;87m [PHPPO Thread/INFO][38;5;231m [38;5;203m"hel;p"コマンドが見つかりませんでした。helpコマンドで確認してください。
[38;5;83m[PM-18:33:57][38;5;87m [File Thread/INFO][38;5;231m [38;5;145mライセンスファイルの更新を行っています...
[38;5;83m[PM-18:33:57][38;5;87m [File Thread/INFO][38;5;231m [38;5;145m更新が終了しました。
[38;5;83m[PM-18:33:57][38;5;87m [File Thread/INFO][38;5;231m [38;5;145mREADMEファイルの更新を行っています...
[38;5;83m[PM-18:33:57][38;5;87m [File Thread/INFO][38;5;231m [38;5;145m更新が終了しました。
echo a
[38;5;83m[PM-18:34:00][38;5;87m [PHPPO Thread/INFO][38;5;231m a 
echo %time%
[38;5;83m[PM-18:34:04][38;5;87m [PHPPO Thread/INFO][38;5;231m PM-18:34:04 
time
[38;5;83m[PM-18:34:06][38;5;87m [PHPPO Thread/INFO][38;5;231m 午後18時34分06秒
[38;5;83m[PM-18:34:06][38;5;87m [PHPPO Thread/INFO][38;5;231m 
time
[38;5;83m[PM-18:34:08][38;5;87m [PHPPO Thread/INFO][38;5;231m 午後18時34分08秒
[38;5;83m[PM-18:34:08][38;5;87m [PHPPO Thread/INFO][38;5;231m 
date
[38;5;83m[PM-18:34:14][38;5;87m [PHPPO Thread/INFO][38;5;231m [38;5;203m"date"コマンドが見つかりませんでした。helpコマンドで確認してください。