
[38;5;83m[PM-15:56:50][38;5;87m [File Thread/INFO][38;5;231m [38;5;145mライセンスファイルの更新を行っています...
[38;5;83m[PM-15:56:50][38;5;87m [File Thread/INFO][38;5;231m [38;5;145m更新が終了しました。
[38;5;83m[PM-15:56:50][38;5;87m [File Thread/INFO][38;5;231m [38;5;145mREADMEファイルの更新を行っています...
[38;5;83m[PM-15:56:50][38;5;87m [File Thread/INFO][38;5;231m [38;5;145m更新が終了しました。
help
[38;5;83m[PM-15:56:52][38;5;87m [PHPPO Thread/INFO][38;5;231m [38;5;59m===================[38;5;231mコマンド一覧[38;5;59m===================[38;5;145m
[38;5;83m[PM-15:56:52][38;5;87m [PHPPO Thread/INFO][38;5;231m [38;5;34mclear [38;5;83m[38;5;145m:画面上から履歴が消えるように改行を繰り返します。[38;5;145m
[38;5;83m[PM-15:56:52][38;5;87m [PHPPO Thread/INFO][38;5;231m [38;5;34mecho [38;5;83m<メッセージ>/<on|off>[38;5;145m:文字列を出力。[38;5;145m
[38;5;83m[PM-15:56:52][38;5;87m [PHPPO Thread/INFO][38;5;231m [38;5;34mexec [38;5;83m[38;5;145m:コマンド及び外部プロセスの実行。[38;5;145m
[38;5;83m[PM-15:56:52][38;5;87m [PHPPO Thread/INFO][38;5;231m [38;5;34mexit [38;5;83m<ミリ秒数>[38;5;145m:PHP Prompt OSを終了。[38;5;145m
[38;5;83m[PM-15:56:52][38;5;87m [PHPPO Thread/INFO][38;5;231m [38;5;34mhelp [38;5;83m<all|dev>/<コマンド>[38;5;145m:使用できるコマンド、コマンドの使用法を表示。[38;5;145m
[38;5;83m[PM-15:56:52][38;5;87m [PHPPO Thread/INFO][38;5;231m [38;5;34minfo [38;5;83m<logo|auther|des|help|url|>[38;5;145m:当プログラムに関しての情報を表示。[38;5;145m
[38;5;83m[PM-15:56:52][38;5;87m [PHPPO Thread/INFO][38;5;231m [38;5;34mlog [38;5;83m<on/off>[38;5;145m:画面上から履歴が消えるように改行を繰り返します。[38;5;145m
[38;5;83m[PM-15:56:52][38;5;87m [PHPPO Thread/INFO][38;5;231m [38;5;34mscript [38;5;83m<ファイルネーム（拡張子を含む）>[38;5;145m:テキスト上のコマンドを改行ごとに実行します。[38;5;145m
[38;5;83m[PM-15:56:52][38;5;87m [PHPPO Thread/INFO][38;5;231m [38;5;34mset [38;5;83m<変数名> <値>[38;5;145m:変数へ代入します[38;5;145m
[38;5;83m[PM-15:56:52][38;5;87m [PHPPO Thread/INFO][38;5;231m [38;5;34mtime [38;5;83m[38;5;145m:コンピューターに設定されている時刻を表示。[38;5;145m
[38;5;83m[PM-15:56:52][38;5;87m [PHPPO Thread/INFO][38;5;231m [38;5;34mtitle [38;5;83m[38;5;145m:システムのタイトルを設定します。[38;5;145m
[38;5;83m[PM-15:56:52][38;5;87m [PHPPO Thread/INFO][38;5;231m [38;5;34mvars [38;5;83m[38;5;145m:定義済みの環境変数を表示します。[38;5;145m
[38;5;83m[PM-15:56:52][38;5;87m [PHPPO Thread/INFO][38;5;231m [38;5;59m===================================================[38;5;145m
help all
[38;5;83m[PM-15:56:57][38;5;87m [PHPPO Thread/INFO][38;5;231m [38;5;59m===================[38;5;87m実装コマンド一覧[38;5;59m===================[38;5;145m
[38;5;83m[PM-15:56:57][38;5;87m [PHPPO Thread/INFO][38;5;231m [38;5;34mclear [38;5;83m[38;5;145m:画面上から履歴が消えるように改行を繰り返します。[38;5;145m
[38;5;83m[PM-15:56:57][38;5;87m [PHPPO Thread/INFO][38;5;231m [38;5;34mecho [38;5;83m<メッセージ>/<on|off>[38;5;145m:文字列を出力。[38;5;145m
[38;5;83m[PM-15:56:57][38;5;87m [PHPPO Thread/INFO][38;5;231m [38;5;34mexec [38;5;83m[38;5;145m:コマンド及び外部プロセスの実行。[38;5;145m
[38;5;83m[PM-15:56:57][38;5;87m [PHPPO Thread/INFO][38;5;231m [38;5;34mexit [38;5;83m<ミリ秒数>[38;5;145m:PHP Prompt OSを終了。[38;5;145m
[38;5;83m[PM-15:56:57][38;5;87m [PHPPO Thread/INFO][38;5;231m [38;5;34mextract [38;5;83m<system>[38;5;145m:指定したpharファイルをソースディレクトリに展開します。[38;5;145m
[38;5;83m[PM-15:56:57][38;5;87m [PHPPO Thread/INFO][38;5;231m [38;5;34mhelp [38;5;83m<all|dev>/<コマンド>[38;5;145m:使用できるコマンド、コマンドの使用法を表示。[38;5;145m
[38;5;83m[PM-15:56:57][38;5;87m [PHPPO Thread/INFO][38;5;231m [38;5;34minfo [38;5;83m<logo|auther|des|help|url|>[38;5;145m:当プログラムに関しての情報を表示。[38;5;145m
[38;5;83m[PM-15:56:57][38;5;87m [PHPPO Thread/INFO][38;5;231m [38;5;34minstall [38;5;83m<src>[38;5;145m:PHPPO専用パッケージをインストールします[38;5;145m
[38;5;83m[PM-15:56:57][38;5;87m [PHPPO Thread/INFO][38;5;231m [38;5;34mlog [38;5;83m<on/off>[38;5;145m:画面上から履歴が消えるように改行を繰り返します。[38;5;145m
[38;5;83m[PM-15:56:57][38;5;87m [PHPPO Thread/INFO][38;5;231m [38;5;34mlogout [38;5;83m[38;5;145m:ログアウトします。[38;5;145m
[38;5;83m[PM-15:56:57][38;5;87m [PHPPO Thread/INFO][38;5;231m [38;5;34mmakephar [38;5;83m<アプリケーション名|ディレクトリパス|system>[38;5;145m:指定したアプリケーション、ディレクトリパス、または実行しているPHPPOのpharアーカイブ作成を行います。[38;5;145m
[38;5;83m[PM-15:56:57][38;5;87m [PHPPO Thread/INFO][38;5;231m [38;5;34mmkdir [38;5;83m[38;5;145m:ディレクトリを作成します[38;5;145m
[38;5;83m[PM-15:56:57][38;5;87m [PHPPO Thread/INFO][38;5;231m [38;5;34mrevc [38;5;83m[38;5;145m:画面上の文字の色の反転を切り替えます。[38;5;145m
[38;5;83m[PM-15:56:57][38;5;87m [PHPPO Thread/INFO][38;5;231m [38;5;34mscript [38;5;83m<ファイルネーム（拡張子を含む）>[38;5;145m:テキスト上のコマンドを改行ごとに実行します。[38;5;145m
[38;5;83m[PM-15:56:57][38;5;87m [PHPPO Thread/INFO][38;5;231m [38;5;34mset [38;5;83m<変数名> <値>[38;5;145m:変数へ代入します[38;5;145m
[38;5;83m[PM-15:56:57][38;5;87m [PHPPO Thread/INFO][38;5;231m [38;5;34mtime [38;5;83m[38;5;145m:コンピューターに設定されている時刻を表示。[38;5;145m
[38;5;83m[PM-15:56:57][38;5;87m [PHPPO Thread/INFO][38;5;231m [38;5;34mtitle [38;5;83m[38;5;145m:システムのタイトルを設定します。[38;5;145m
[38;5;83m[PM-15:56:57][38;5;87m [PHPPO Thread/INFO][38;5;231m [38;5;34mvardump [38;5;83m<変数名>[38;5;145m:システム処理が継承した'vardump'クラス内から呼び出せるパブリック変数、及びメイン処理におけるグローバル変数の内容を表示します。[38;5;145m
[38;5;83m[PM-15:56:57][38;5;87m [PHPPO Thread/INFO][38;5;231m [38;5;34mvars [38;5;83m[38;5;145m:定義済みの環境変数を表示します。[38;5;145m
[38;5;83m[PM-15:56:57][38;5;87m [PHPPO Thread/INFO][38;5;231m [38;5;34mwait [38;5;83m<ミリ秒>[38;5;145m:表示されているコンソール上での処理を指定時間中断します。[38;5;145m
[38;5;83m[PM-15:56:57][38;5;87m [PHPPO Thread/INFO][38;5;231m [38;5;59m=======================================================[38;5;145m
[1;5F[2;7~[2;7~[6;7~[1;5B[1;5A
[38;5;83m[PM-15:57:27][38;5;87m [PHPPO Thread/INFO][38;5;231m [38;5;203m"[1;5F[2;7~[2;7~[6;7~[1;5B[1;5A"コマンドが見つかりませんでした。helpコマンドで確認してください。

help
[38;5;83m[PM-16:29:01][38;5;87m [PHPPO Thread/INFO][38;5;231m [38;5;59m===================[38;5;231mコマンド一覧[38;5;59m===================[38;5;145m
[38;5;83m[PM-16:29:01][38;5;87m [PHPPO Thread/INFO][38;5;231m [38;5;34mclear [38;5;83m[38;5;145m:画面上から履歴が消えるように改行を繰り返します。[38;5;145m
[38;5;83m[PM-16:29:01][38;5;87m [PHPPO Thread/INFO][38;5;231m [38;5;34mecho [38;5;83m<メッセージ>/<on|off>[38;5;145m:文字列を出力。[38;5;145m
[38;5;83m[PM-16:29:01][38;5;87m [PHPPO Thread/INFO][38;5;231m [38;5;34mexec [38;5;83m[38;5;145m:コマンド及び外部プロセスの実行。[38;5;145m
[38;5;83m[PM-16:29:01][38;5;87m [PHPPO Thread/INFO][38;5;231m [38;5;34mexit [38;5;83m<ミリ秒数>[38;5;145m:PHP Prompt OSを終了。[38;5;145m
[38;5;83m[PM-16:29:01][38;5;87m [PHPPO Thread/INFO][38;5;231m [38;5;34mhelp [38;5;83m<all|dev>/<コマンド>[38;5;145m:使用できるコマンド、コマンドの使用法を表示。[38;5;145m
[38;5;83m[PM-16:29:01][38;5;87m [PHPPO Thread/INFO][38;5;231m [38;5;34minfo [38;5;83m<logo|auther|des|help|url|>[38;5;145m:当プログラムに関しての情報を表示。[38;5;145m
[38;5;83m[PM-16:29:01][38;5;87m [PHPPO Thread/INFO][38;5;231m [38;5;34mlog [38;5;83m<on/off>[38;5;145m:画面上から履歴が消えるように改行を繰り返します。[38;5;145m
[38;5;83m[PM-16:29:01][38;5;87m [PHPPO Thread/INFO][38;5;231m [38;5;34mscript [38;5;83m<ファイルネーム（拡張子を含む）>[38;5;145m:テキスト上のコマンドを改行ごとに実行します。[38;5;145m
[38;5;83m[PM-16:29:01][38;5;87m [PHPPO Thread/INFO][38;5;231m [38;5;34mset [38;5;83m<変数名> <値>[38;5;145m:変数へ代入します[38;5;145m
[38;5;83m[PM-16:29:01][38;5;87m [PHPPO Thread/INFO][38;5;231m [38;5;34mtime [38;5;83m[38;5;145m:コンピューターに設定されている時刻を表示。[38;5;145m
[38;5;83m[PM-16:29:01][38;5;87m [PHPPO Thread/INFO][38;5;231m [38;5;34mtitle [38;5;83m[38;5;145m:システムのタイトルを設定します。[38;5;145m
[38;5;83m[PM-16:29:01][38;5;87m [PHPPO Thread/INFO][38;5;231m [38;5;34mvars [38;5;83m[38;5;145m:定義済みの環境変数を表示します。[38;5;145m
[38;5;83m[PM-16:29:01][38;5;87m [PHPPO Thread/INFO][38;5;231m [38;5;59m===================================================[38;5;145m
































































help
[38;5;83m[PM-16:29:13][38;5;87m [PHPPO Thread/INFO][38;5;231m [38;5;59m===================[38;5;231mコマンド一覧[38;5;59m===================[38;5;145m
[38;5;83m[PM-16:29:13][38;5;87m [PHPPO Thread/INFO][38;5;231m [38;5;34mclear [38;5;83m[38;5;145m:画面上から履歴が消えるように改行を繰り返します。[38;5;145m
[38;5;83m[PM-16:29:13][38;5;87m [PHPPO Thread/INFO][38;5;231m [38;5;34mecho [38;5;83m<メッセージ>/<on|off>[38;5;145m:文字列を出力。[38;5;145m
[38;5;83m[PM-16:29:13][38;5;87m [PHPPO Thread/INFO][38;5;231m [38;5;34mexec [38;5;83m[38;5;145m:コマンド及び外部プロセスの実行。[38;5;145m
[38;5;83m[PM-16:29:13][38;5;87m [PHPPO Thread/INFO][38;5;231m [38;5;34mexit [38;5;83m<ミリ秒数>[38;5;145m:PHP Prompt OSを終了。[38;5;145m
[38;5;83m[PM-16:29:13][38;5;87m [PHPPO Thread/INFO][38;5;231m [38;5;34mhelp [38;5;83m<all|dev>/<コマンド>[38;5;145m:使用できるコマンド、コマンドの使用法を表示。[38;5;145m
[38;5;83m[PM-16:29:13][38;5;87m [PHPPO Thread/INFO][38;5;231m [38;5;34minfo [38;5;83m<logo|auther|des|help|url|>[38;5;145m:当プログラムに関しての情報を表示。[38;5;145m
[38;5;83m[PM-16:29:13][38;5;87m [PHPPO Thread/INFO][38;5;231m [38;5;34mlog [38;5;83m<on/off>[38;5;145m:画面上から履歴が消えるように改行を繰り返します。[38;5;145m
[38;5;83m[PM-16:29:13][38;5;87m [PHPPO Thread/INFO][38;5;231m [38;5;34mscript [38;5;83m<ファイルネーム（拡張子を含む）>[38;5;145m:テキスト上のコマンドを改行ごとに実行します。[38;5;145m
[38;5;83m[PM-16:29:13][38;5;87m [PHPPO Thread/INFO][38;5;231m [38;5;34mset [38;5;83m<変数名> <値>[38;5;145m:変数へ代入します[38;5;145m
[38;5;83m[PM-16:29:13][38;5;87m [PHPPO Thread/INFO][38;5;231m [38;5;34mtime [38;5;83m[38;5;145m:コンピューターに設定されている時刻を表示。[38;5;145m
[38;5;83m[PM-16:29:13][38;5;87m [PHPPO Thread/INFO][38;5;231m [38;5;34mtitle [38;5;83m[38;5;145m:システムのタイトルを設定します。[38;5;145m
[38;5;83m[PM-16:29:13][38;5;87m [PHPPO Thread/INFO][38;5;231m [38;5;34mvars [38;5;83m[38;5;145m:定義済みの環境変数を表示します。[38;5;145m
[38;5;83m[PM-16:29:13][38;5;87m [PHPPO Thread/INFO][38;5;231m [38;5;59m===================================================[38;5;145m











































help all
[38;5;83m[PM-16:29:19][38;5;87m [PHPPO Thread/INFO][38;5;231m [38;5;59m===================[38;5;87m実装コマンド一覧[38;5;59m===================[38;5;145m
[38;5;83m[PM-16:29:19][38;5;87m [PHPPO Thread/INFO][38;5;231m [38;5;34mclear [38;5;83m[38;5;145m:画面上から履歴が消えるように改行を繰り返します。[38;5;145m
[38;5;83m[PM-16:29:19][38;5;87m [PHPPO Thread/INFO][38;5;231m [38;5;34mecho [38;5;83m<メッセージ>/<on|off>[38;5;145m:文字列を出力。[38;5;145m
[38;5;83m[PM-16:29:19][38;5;87m [PHPPO Thread/INFO][38;5;231m [38;5;34mexec [38;5;83m[38;5;145m:コマンド及び外部プロセスの実行。[38;5;145m
[38;5;83m[PM-16:29:19][38;5;87m [PHPPO Thread/INFO][38;5;231m [38;5;34mexit [38;5;83m<ミリ秒数>[38;5;145m:PHP Prompt OSを終了。[38;5;145m
[38;5;83m[PM-16:29:19][38;5;87m [PHPPO Thread/INFO][38;5;231m [38;5;34mextract [38;5;83m<system>[38;5;145m:指定したpharファイルをソースディレクトリに展開します。[38;5;145m
[38;5;83m[PM-16:29:19][38;5;87m [PHPPO Thread/INFO][38;5;231m [38;5;34mhelp [38;5;83m<all|dev>/<コマンド>[38;5;145m:使用できるコマンド、コマンドの使用法を表示。[38;5;145m
[38;5;83m[PM-16:29:19][38;5;87m [PHPPO Thread/INFO][38;5;231m [38;5;34minfo [38;5;83m<logo|auther|des|help|url|>[38;5;145m:当プログラムに関しての情報を表示。[38;5;145m
[38;5;83m[PM-16:29:19][38;5;87m [PHPPO Thread/INFO][38;5;231m [38;5;34minstall [38;5;83m<src>[38;5;145m:PHPPO専用パッケージをインストールします[38;5;145m
[38;5;83m[PM-16:29:19][38;5;87m [PHPPO Thread/INFO][38;5;231m [38;5;34mlog [38;5;83m<on/off>[38;5;145m:画面上から履歴が消えるように改行を繰り返します。[38;5;145m
[38;5;83m[PM-16:29:19][38;5;87m [PHPPO Thread/INFO][38;5;231m [38;5;34mlogout [38;5;83m[38;5;145m:ログアウトします。[38;5;145m
[38;5;83m[PM-16:29:19][38;5;87m [PHPPO Thread/INFO][38;5;231m [38;5;34mmakephar [38;5;83m<アプリケーション名|ディレクトリパス|system>[38;5;145m:指定したアプリケーション、ディレクトリパス、または実行しているPHPPOのpharアーカイブ作成を行います。[38;5;145m
[38;5;83m[PM-16:29:19][38;5;87m [PHPPO Thread/INFO][38;5;231m [38;5;34mmkdir [38;5;83m[38;5;145m:ディレクトリを作成します[38;5;145m
[38;5;83m[PM-16:29:19][38;5;87m [PHPPO Thread/INFO][38;5;231m [38;5;34mrevc [38;5;83m[38;5;145m:画面上の文字の色の反転を切り替えます。[38;5;145m
[38;5;83m[PM-16:29:19][38;5;87m [PHPPO Thread/INFO][38;5;231m [38;5;34mscript [38;5;83m<ファイルネーム（拡張子を含む）>[38;5;145m:テキスト上のコマンドを改行ごとに実行します。[38;5;145m
[38;5;83m[PM-16:29:19][38;5;87m [PHPPO Thread/INFO][38;5;231m [38;5;34mset [38;5;83m<変数名> <値>[38;5;145m:変数へ代入します[38;5;145m
[38;5;83m[PM-16:29:19][38;5;87m [PHPPO Thread/INFO][38;5;231m [38;5;34mtime [38;5;83m[38;5;145m:コンピューターに設定されている時刻を表示。[38;5;145m
[38;5;83m[PM-16:29:19][38;5;87m [PHPPO Thread/INFO][38;5;231m [38;5;34mtitle [38;5;83m[38;5;145m:システムのタイトルを設定します。[38;5;145m
[38;5;83m[PM-16:29:19][38;5;87m [PHPPO Thread/INFO][38;5;231m [38;5;34mvardump [38;5;83m<変数名>[38;5;145m:システム処理が継承した'vardump'クラス内から呼び出せるパブリック変数、及びメイン処理におけるグローバル変数の内容を表示します。[38;5;145m
[38;5;83m[PM-16:29:19][38;5;87m [PHPPO Thread/INFO][38;5;231m [38;5;34mvars [38;5;83m[38;5;145m:定義済みの環境変数を表示します。[38;5;145m
[38;5;83m[PM-16:29:19][38;5;87m [PHPPO Thread/INFO][38;5;231m [38;5;34mwait [38;5;83m<ミリ秒>[38;5;145m:表示されているコンソール上での処理を指定時間中断します。[38;5;145m
[38;5;83m[PM-16:29:19][38;5;87m [PHPPO Thread/INFO][38;5;231m [38;5;59m=======================================================[38;5;145m
[38;5;83m[PM-16:30:37][38;5;87m [File Thread/INFO][38;5;231m [38;5;145mライセンスファイルの更新を行っています...
[38;5;83m[PM-16:30:37][38;5;87m [File Thread/INFO][38;5;231m [38;5;145m更新が終了しました。
[38;5;83m[PM-16:30:37][38;5;87m [File Thread/INFO][38;5;231m [38;5;145mREADMEファイルの更新を行っています...
[38;5;83m[PM-16:30:37][38;5;87m [File Thread/INFO][38;5;231m [38;5;145m更新が終了しました。
help
[38;5;83m[PM-16:30:38][38;5;87m [PHPPO Thread/INFO][38;5;231m [38;5;59m===================[38;5;231mコマンド一覧[38;5;59m===================[38;5;145m
[38;5;83m[PM-16:30:38][38;5;87m [PHPPO Thread/INFO][38;5;231m [38;5;34mclear [38;5;83m[38;5;145m:画面上から履歴が消えるように改行を繰り返します。[38;5;145m
[38;5;83m[PM-16:30:38][38;5;87m [PHPPO Thread/INFO][38;5;231m [38;5;34mecho [38;5;83m<メッセージ>/<on|off>[38;5;145m:文字列を出力。[38;5;145m
[38;5;83m[PM-16:30:38][38;5;87m [PHPPO Thread/INFO][38;5;231m [38;5;34mexec [38;5;83m[38;5;145m:コマンド及び外部プロセスの実行。[38;5;145m
[38;5;83m[PM-16:30:38][38;5;87m [PHPPO Thread/INFO][38;5;231m [38;5;34mexit [38;5;83m<ミリ秒数>[38;5;145m:PHP Prompt OSを終了。[38;5;145m
[38;5;83m[PM-16:30:38][38;5;87m [PHPPO Thread/INFO][38;5;231m [38;5;34mhelp [38;5;83m<all|dev>/<コマンド>[38;5;145m:使用できるコマンド、コマンドの使用法を表示。[38;5;145m
[38;5;83m[PM-16:30:38][38;5;87m [PHPPO Thread/INFO][38;5;231m [38;5;34minfo [38;5;83m<logo|auther|des|help|url|>[38;5;145m:当プログラムに関しての情報を表示。[38;5;145m
[38;5;83m[PM-16:30:38][38;5;87m [PHPPO Thread/INFO][38;5;231m [38;5;34mlog [38;5;83m<on/off>[38;5;145m:画面上から履歴が消えるように改行を繰り返します。[38;5;145m
[38;5;83m[PM-16:30:38][38;5;87m [PHPPO Thread/INFO][38;5;231m [38;5;34mscript [38;5;83m<ファイルネーム（拡張子を含む）>[38;5;145m:テキスト上のコマンドを改行ごとに実行します。[38;5;145m
[38;5;83m[PM-16:30:38][38;5;87m [PHPPO Thread/INFO][38;5;231m [38;5;34mset [38;5;83m<変数名> <値>[38;5;145m:変数へ代入します[38;5;145m
[38;5;83m[PM-16:30:38][38;5;87m [PHPPO Thread/INFO][38;5;231m [38;5;34mtime [38;5;83m[38;5;145m:コンピューターに設定されている時刻を表示。[38;5;145m
[38;5;83m[PM-16:30:38][38;5;87m [PHPPO Thread/INFO][38;5;231m [38;5;34mtitle [38;5;83m[38;5;145m:システムのタイトルを設定します。[38;5;145m
[38;5;83m[PM-16:30:38][38;5;87m [PHPPO Thread/INFO][38;5;231m [38;5;34mvars [38;5;83m[38;5;145m:定義済みの環境変数を表示します。[38;5;145m
[38;5;83m[PM-16:30:38][38;5;87m [PHPPO Thread/INFO][38;5;231m [38;5;59m===================================================[38;5;145m
help all
[38;5;83m[PM-16:30:40][38;5;87m [PHPPO Thread/INFO][38;5;231m [38;5;59m===================[38;5;87m実装コマンド一覧[38;5;59m===================[38;5;145m
[38;5;83m[PM-16:30:40][38;5;87m [PHPPO Thread/INFO][38;5;231m [38;5;34mclear [38;5;83m[38;5;145m:画面上から履歴が消えるように改行を繰り返します。[38;5;145m
[38;5;83m[PM-16:30:40][38;5;87m [PHPPO Thread/INFO][38;5;231m [38;5;34mecho [38;5;83m<メッセージ>/<on|off>[38;5;145m:文字列を出力。[38;5;145m
[38;5;83m[PM-16:30:40][38;5;87m [PHPPO Thread/INFO][38;5;231m [38;5;34mexec [38;5;83m[38;5;145m:コマンド及び外部プロセスの実行。[38;5;145m
[38;5;83m[PM-16:30:40][38;5;87m [PHPPO Thread/INFO][38;5;231m [38;5;34mexit [38;5;83m<ミリ秒数>[38;5;145m:PHP Prompt OSを終了。[38;5;145m
[38;5;83m[PM-16:30:40][38;5;87m [PHPPO Thread/INFO][38;5;231m [38;5;34mextract [38;5;83m<system>[38;5;145m:指定したpharファイルをソースディレクトリに展開します。[38;5;145m
[38;5;83m[PM-16:30:40][38;5;87m [PHPPO Thread/INFO][38;5;231m [38;5;34mhelp [38;5;83m<all|dev>/<コマンド>[38;5;145m:使用できるコマンド、コマンドの使用法を表示。[38;5;145m
[38;5;83m[PM-16:30:40][38;5;87m [PHPPO Thread/INFO][38;5;231m [38;5;34minfo [38;5;83m<logo|auther|des|help|url|>[38;5;145m:当プログラムに関しての情報を表示。[38;5;145m
[38;5;83m[PM-16:30:40][38;5;87m [PHPPO Thread/INFO][38;5;231m [38;5;34minstall [38;5;83m<src>[38;5;145m:PHPPO専用パッケージをインストールします[38;5;145m
[38;5;83m[PM-16:30:40][38;5;87m [PHPPO Thread/INFO][38;5;231m [38;5;34mlog [38;5;83m<on/off>[38;5;145m:画面上から履歴が消えるように改行を繰り返します。[38;5;145m
[38;5;83m[PM-16:30:40][38;5;87m [PHPPO Thread/INFO][38;5;231m [38;5;34mlogout [38;5;83m[38;5;145m:ログアウトします。[38;5;145m
[38;5;83m[PM-16:30:40][38;5;87m [PHPPO Thread/INFO][38;5;231m [38;5;34mmakephar [38;5;83m<アプリケーション名|ディレクトリパス|system>[38;5;145m:指定したアプリケーション、ディレクトリパス、または実行しているPHPPOのpharアーカイブ作成を行います。[38;5;145m
[38;5;83m[PM-16:30:40][38;5;87m [PHPPO Thread/INFO][38;5;231m [38;5;34mmkdir [38;5;83m[38;5;145m:ディレクトリを作成します[38;5;145m
[38;5;83m[PM-16:30:40][38;5;87m [PHPPO Thread/INFO][38;5;231m [38;5;34mrevc [38;5;83m[38;5;145m:画面上の文字の色の反転を切り替えます。[38;5;145m
[38;5;83m[PM-16:30:40][38;5;87m [PHPPO Thread/INFO][38;5;231m [38;5;34mscript [38;5;83m<ファイルネーム（拡張子を含む）>[38;5;145m:テキスト上のコマンドを改行ごとに実行します。[38;5;145m
[38;5;83m[PM-16:30:40][38;5;87m [PHPPO Thread/INFO][38;5;231m [38;5;34mset [38;5;83m<変数名> <値>[38;5;145m:変数へ代入します[38;5;145m
[38;5;83m[PM-16:30:40][38;5;87m [PHPPO Thread/INFO][38;5;231m [38;5;34mtime [38;5;83m[38;5;145m:コンピューターに設定されている時刻を表示。[38;5;145m
[38;5;83m[PM-16:30:40][38;5;87m [PHPPO Thread/INFO][38;5;231m [38;5;34mtitle [38;5;83m[38;5;145m:システムのタイトルを設定します。[38;5;145m
[38;5;83m[PM-16:30:40][38;5;87m [PHPPO Thread/INFO][38;5;231m [38;5;34mvardump [38;5;83m<変数名>[38;5;145m:システム処理が継承した'vardump'クラス内から呼び出せるパブリック変数、及びメイン処理におけるグローバル変数の内容を表示します。[38;5;145m
[38;5;83m[PM-16:30:40][38;5;87m [PHPPO Thread/INFO][38;5;231m [38;5;34mvars [38;5;83m[38;5;145m:定義済みの環境変数を表示します。[38;5;145m
[38;5;83m[PM-16:30:40][38;5;87m [PHPPO Thread/INFO][38;5;231m [38;5;34mwait [38;5;83m<ミリ秒>[38;5;145m:表示されているコンソール上での処理を指定時間中断します。[38;5;145m
[38;5;83m[PM-16:30:40][38;5;87m [PHPPO Thread/INFO][38;5;231m [38;5;59m=======================================================[38;5;145m
[38;5;83m[PM-16:30:55][38;5;87m [File Thread/INFO][38;5;231m [38;5;145mライセンスファイルの更新を行っています...
[38;5;83m[PM-16:30:55][38;5;87m [File Thread/INFO][38;5;231m [38;5;145m更新が終了しました。
[38;5;83m[PM-16:30:55][38;5;87m [File Thread/INFO][38;5;231m [38;5;145mREADMEファイルの更新を行っています...
[38;5;83m[PM-16:30:55][38;5;87m [File Thread/INFO][38;5;231m [38;5;145m更新が終了しました。
help
[38;5;83m[PM-16:30:56][38;5;87m [PHPPO Thread/INFO][38;5;231m [38;5;59m===================[38;5;231mコマンド一覧[38;5;59m===================[38;5;145m
[38;5;83m[PM-16:30:56][38;5;87m [PHPPO Thread/INFO][38;5;231m [38;5;34mclear [38;5;83m[38;5;145m:画面上から履歴が消えるように改行を繰り返します。[38;5;145m
[38;5;83m[PM-16:30:56][38;5;87m [PHPPO Thread/INFO][38;5;231m [38;5;34mecho [38;5;83m<メッセージ>/<on|off>[38;5;145m:文字列を出力。[38;5;145m
[38;5;83m[PM-16:30:56][38;5;87m [PHPPO Thread/INFO][38;5;231m [38;5;34mexec [38;5;83m[38;5;145m:コマンド及び外部プロセスの実行。[38;5;145m
[38;5;83m[PM-16:30:56][38;5;87m [PHPPO Thread/INFO][38;5;231m [38;5;34mexit [38;5;83m<ミリ秒数>[38;5;145m:PHP Prompt OSを終了。[38;5;145m
[38;5;83m[PM-16:30:56][38;5;87m [PHPPO Thread/INFO][38;5;231m [38;5;34mhelp [38;5;83m<all|dev>/<コマンド>[38;5;145m:使用できるコマンド、コマンドの使用法を表示。[38;5;145m
[38;5;83m[PM-16:30:56][38;5;87m [PHPPO Thread/INFO][38;5;231m [38;5;34minfo [38;5;83m<logo|auther|des|help|url|>[38;5;145m:当プログラムに関しての情報を表示。[38;5;145m
[38;5;83m[PM-16:30:56][38;5;87m [PHPPO Thread/INFO][38;5;231m [38;5;34mlog [38;5;83m<on/off>[38;5;145m:画面上から履歴が消えるように改行を繰り返します。[38;5;145m
[38;5;83m[PM-16:30:56][38;5;87m [PHPPO Thread/INFO][38;5;231m [38;5;34mscript [38;5;83m<ファイルネーム（拡張子を含む）>[38;5;145m:テキスト上のコマンドを改行ごとに実行します。[38;5;145m
[38;5;83m[PM-16:30:56][38;5;87m [PHPPO Thread/INFO][38;5;231m [38;5;34mset [38;5;83m<変数名> <値>[38;5;145m:変数へ代入します[38;5;145m
[38;5;83m[PM-16:30:56][38;5;87m [PHPPO Thread/INFO][38;5;231m [38;5;34mtime [38;5;83m[38;5;145m:コンピューターに設定されている時刻を表示。[38;5;145m
[38;5;83m[PM-16:30:56][38;5;87m [PHPPO Thread/INFO][38;5;231m [38;5;34mtitle [38;5;83m[38;5;145m:システムのタイトルを設定します。[38;5;145m
[38;5;83m[PM-16:30:56][38;5;87m [PHPPO Thread/INFO][38;5;231m [38;5;34mvars [38;5;83m[38;5;145m:定義済みの環境変数を表示します。[38;5;145m
[38;5;83m[PM-16:30:56][38;5;87m [PHPPO Thread/INFO][38;5;231m [38;5;59m===================================================[38;5;145m
[38;5;83m[PM-16:31:33][38;5;87m [File Thread/INFO][38;5;231m [38;5;145mライセンスファイルの更新を行っています...
[38;5;83m[PM-16:31:33][38;5;87m [File Thread/INFO][38;5;231m [38;5;145m更新が終了しました。
[38;5;83m[PM-16:31:33][38;5;87m [File Thread/INFO][38;5;231m [38;5;145mREADMEファイルの更新を行っています...
[38;5;83m[PM-16:31:33][38;5;87m [File Thread/INFO][38;5;231m [38;5;145m更新が終了しました。
help
[38;5;83m[PM-16:31:34][38;5;87m [PHPPO Thread/INFO][38;5;231m [38;5;59m===================[38;5;231mコマンド一覧[38;5;59m===================[38;5;145m
[38;5;83m[PM-16:31:34][38;5;87m [PHPPO Thread/INFO][38;5;231m [38;5;34mclear [38;5;83m[38;5;145m:画面上から履歴が消えるように改行を繰り返します。[38;5;145m
[38;5;83m[PM-16:31:35][38;5;87m [PHPPO Thread/INFO][38;5;231m [38;5;34mecho [38;5;83m<メッセージ>/<on|off>[38;5;145m:文字列を出力。[38;5;145m
[38;5;83m[PM-16:31:35][38;5;87m [PHPPO Thread/INFO][38;5;231m [38;5;34mexec [38;5;83m[38;5;145m:コマンド及び外部プロセスの実行。[38;5;145m
[38;5;83m[PM-16:31:36][38;5;87m [PHPPO Thread/INFO][38;5;231m [38;5;34mexit [38;5;83m<ミリ秒数>[38;5;145m:PHP Prompt OSを終了。[38;5;145m
[38;5;83m[PM-16:31:36][38;5;87m [PHPPO Thread/INFO][38;5;231m [38;5;34mhelp [38;5;83m<all|dev>/<コマンド>[38;5;145m:使用できるコマンド、コマンドの使用法を表示。[38;5;145m
[38;5;83m[PM-16:31:37][38;5;87m [PHPPO Thread/INFO][38;5;231m [38;5;34minfo [38;5;83m<logo|auther|des|help|url|>[38;5;145m:当プログラムに関しての情報を表示。[38;5;145m
[38;5;83m[PM-16:31:37][38;5;87m [PHPPO Thread/INFO][38;5;231m [38;5;34mlog [38;5;83m<on/off>[38;5;145m:画面上から履歴が消えるように改行を繰り返します。[38;5;145m
[38;5;83m[PM-16:31:38][38;5;87m [PHPPO Thread/INFO][38;5;231m [38;5;34mscript [38;5;83m<ファイルネーム（拡張子を含む）>[38;5;145m:テキスト上のコマンドを改行ごとに実行します。[38;5;145m
[38;5;83m[PM-16:31:38][38;5;87m [PHPPO Thread/INFO][38;5;231m [38;5;34mset [38;5;83m<変数名> <値>[38;5;145m:変数へ代入します[38;5;145m
[38;5;83m[PM-16:31:39][38;5;87m [PHPPO Thread/INFO][38;5;231m [38;5;34mtime [38;5;83m[38;5;145m:コンピューターに設定されている時刻を表示。[38;5;145m
[38;5;83m[PM-16:31:39][38;5;87m [PHPPO Thread/INFO][38;5;231m [38;5;34mtitle [38;5;83m[38;5;145m:システムのタイトルを設定します。[38;5;145m
[38;5;83m[PM-16:31:40][38;5;87m [PHPPO Thread/INFO][38;5;231m [38;5;34mvars [38;5;83m[38;5;145m:定義済みの環境変数を表示します。[38;5;145m
[38;5;83m[PM-16:31:40][38;5;87m [PHPPO Thread/INFO][38;5;231m [38;5;59m===================================================[38;5;145m















[1;3A[A[B[B[B
[38;5;83m[PM-16:31:44][38;5;87m [PHPPO Thread/INFO][38;5;231m [38;5;203m"[1;3A[A[B[B[B"コマンドが見つかりませんでした。helpコマンドで確認してください。
help
[38;5;83m[PM-16:31:49][38;5;87m [PHPPO Thread/INFO][38;5;231m [38;5;59m===================[38;5;231mコマンド一覧[38;5;59m===================[38;5;145m
[38;5;83m[PM-16:31:49][38;5;87m [PHPPO Thread/INFO][38;5;231m [38;5;34mclear [38;5;83m[38;5;145m:画面上から履歴が消えるように改行を繰り返します。[38;5;145m
[38;5;83m[PM-16:31:50][38;5;87m [PHPPO Thread/INFO][38;5;231m [38;5;34mecho [38;5;83m<メッセージ>/<on|off>[38;5;145m:文字列を出力。[38;5;145m
[38;5;83m[PM-16:31:50][38;5;87m [PHPPO Thread/INFO][38;5;231m [38;5;34mexec [38;5;83m[38;5;145m:コマンド及び外部プロセスの実行。[38;5;145m
[38;5;83m[PM-16:31:51][38;5;87m [PHPPO Thread/INFO][38;5;231m [38;5;34mexit [38;5;83m<ミリ秒数>[38;5;145m:PHP Prompt OSを終了。[38;5;145m
[38;5;83m[PM-16:31:51][38;5;87m [PHPPO Thread/INFO][38;5;231m [38;5;34mhelp [38;5;83m<all|dev>/<コマンド>[38;5;145m:使用できるコマンド、コマンドの使用法を表示。[38;5;145m
[38;5;83m[PM-16:31:52][38;5;87m [PHPPO Thread/INFO][38;5;231m [38;5;34minfo [38;5;83m<logo|auther|des|help|url|>[38;5;145m:当プログラムに関しての情報を表示。[38;5;145m
[38;5;83m[PM-16:31:52][38;5;87m [PHPPO Thread/INFO][38;5;231m [38;5;34mlog [38;5;83m<on/off>[38;5;145m:画面上から履歴が消えるように改行を繰り返します。[38;5;145m
[38;5;83m[PM-16:31:53][38;5;87m [PHPPO Thread/INFO][38;5;231m [38;5;34mscript [38;5;83m<ファイルネーム（拡張子を含む）>[38;5;145m:テキスト上のコマンドを改行ごとに実行します。[38;5;145m
[38;5;83m[PM-16:31:53][38;5;87m [PHPPO Thread/INFO][38;5;231m [38;5;34mset [38;5;83m<変数名> <値>[38;5;145m:変数へ代入します[38;5;145m
[38;5;83m[PM-16:31:54][38;5;87m [PHPPO Thread/INFO][38;5;231m [38;5;34mtime [38;5;83m[38;5;145m:コンピューターに設定されている時刻を表示。[38;5;145m
[38;5;83m[PM-16:31:54][38;5;87m [PHPPO Thread/INFO][38;5;231m [38;5;34mtitle [38;5;83m[38;5;145m:システムのタイトルを設定します。[38;5;145m
[38;5;83m[PM-16:31:55][38;5;87m [PHPPO Thread/INFO][38;5;231m [38;5;34mvars [38;5;83m[38;5;145m:定義済みの環境変数を表示します。[38;5;145m
[38;5;83m[PM-16:31:55][38;5;87m [PHPPO Thread/INFO][38;5;231m [38;5;59m===================================================[38;5;145m

[38;5;83m[PM-16:31:57][38;5;87m [File Thread/INFO][38;5;231m [38;5;145mライセンスファイルの更新を行っています...
[38;5;83m[PM-16:31:57][38;5;87m [File Thread/INFO][38;5;231m [38;5;145m更新が終了しました。
[38;5;83m[PM-16:31:57][38;5;87m [File Thread/INFO][38;5;231m [38;5;145mREADMEファイルの更新を行っています...
[38;5;83m[PM-16:31:57][38;5;87m [File Thread/INFO][38;5;231m [38;5;145m更新が終了しました。
[38;5;83m[PM-16:31:57][38;5;87m [File Thread/INFO][38;5;231m [38;5;145mライセンスファイルの更新を行っています...
[38;5;83m[PM-16:31:57][38;5;87m [File Thread/INFO][38;5;231m [38;5;145m更新が終了しました。
[38;5;83m[PM-16:31:57][38;5;87m [File Thread/INFO][38;5;231m [38;5;145mREADMEファイルの更新を行っています...
[38;5;83m[PM-16:31:57][38;5;87m [File Thread/INFO][38;5;231m [38;5;145m更新が終了しました。
[38;5;83m[PM-16:31:57][38;5;87m [File Thread/INFO][38;5;231m [38;5;145mライセンスファイルの更新を行っています...
[38;5;83m[PM-16:31:57][38;5;87m [File Thread/INFO][38;5;231m [38;5;145m更新が終了しました。
[38;5;83m[PM-16:31:57][38;5;87m [File Thread/INFO][38;5;231m [38;5;145mREADMEファイルの更新を行っています...
[38;5;83m[PM-16:31:57][38;5;87m [File Thread/INFO][38;5;231m [38;5;145mライセンスファイルの更新を行っています...
[38;5;83m[PM-16:31:57][38;5;87m [File Thread/INFO][38;5;231m [38;5;145m更新が終了しました。
[38;5;83m[PM-16:31:57][38;5;87m [File Thread/INFO][38;5;231m [38;5;145mREADMEファイルの更新を行っています...
[38;5;83m[PM-16:31:57][38;5;87m [File Thread/INFO][38;5;231m [38;5;145m更新が終了しました。
[38;5;83m[PM-16:31:57][38;5;87m [File Thread/INFO][38;5;231m [38;5;145m更新が終了しました。
[38;5;83m[PM-16:32:13][38;5;87m [File Thread/INFO][38;5;231m [38;5;145mライセンスファイルの更新を行っています...
[38;5;83m[PM-16:32:13][38;5;87m [File Thread/INFO][38;5;231m [38;5;145m更新が終了しました。
[38;5;83m[PM-16:32:13][38;5;87m [File Thread/INFO][38;5;231m [38;5;145mREADMEファイルの更新を行っています...
[38;5;83m[PM-16:32:13][38;5;87m [File Thread/INFO][38;5;231m [38;5;145m更新が終了しました。
help
[38;5;83m[PM-16:32:23][38;5;87m [PHPPO Thread/INFO][38;5;231m [38;5;59m===================[38;5;231mコマンド一覧[38;5;59m===================[38;5;145m
[38;5;83m[PM-16:32:23][38;5;87m [PHPPO Thread/INFO][38;5;231m [38;5;34mclear [38;5;83m[38;5;145m:画面上から履歴が消えるように改行を繰り返します。[38;5;145m
[38;5;83m[PM-16:32:24][38;5;87m [PHPPO Thread/INFO][38;5;231m [38;5;34mecho [38;5;83m<メッセージ>/<on|off>[38;5;145m:文字列を出力。[38;5;145m
[38;5;83m[PM-16:32:24][38;5;87m [PHPPO Thread/INFO][38;5;231m [38;5;34mexec [38;5;83m[38;5;145m:コマンド及び外部プロセスの実行。[38;5;145m
[38;5;83m[PM-16:32:25][38;5;87m [PHPPO Thread/INFO][38;5;231m [38;5;34mexit [38;5;83m<ミリ秒数>[38;5;145m:PHP Prompt OSを終了。[38;5;145m
[38;5;83m[PM-16:32:25][38;5;87m [PHPPO Thread/INFO][38;5;231m [38;5;34mhelp [38;5;83m<all|dev>/<コマンド>[38;5;145m:使用できるコマンド、コマンドの使用法を表示。[38;5;145m
[38;5;83m[PM-16:32:26][38;5;87m [PHPPO Thread/INFO][38;5;231m [38;5;34minfo [38;5;83m<logo|auther|des|help|url|>[38;5;145m:当プログラムに関しての情報を表示。[38;5;145m
[38;5;83m[PM-16:32:26][38;5;87m [PHPPO Thread/INFO][38;5;231m [38;5;34mlog [38;5;83m<on/off>[38;5;145m:画面上から履歴が消えるように改行を繰り返します。[38;5;145m
[38;5;83m[PM-16:32:27][38;5;87m [PHPPO Thread/INFO][38;5;231m [38;5;34mscript [38;5;83m<ファイルネーム（拡張子を含む）>[38;5;145m:テキスト上のコマンドを改行ごとに実行します。[38;5;145m
[38;5;83m[PM-16:32:27][38;5;87m [PHPPO Thread/INFO][38;5;231m [38;5;34mset [38;5;83m<変数名> <値>[38;5;145m:変数へ代入します[38;5;145m
[38;5;83m[PM-16:32:28][38;5;87m [PHPPO Thread/INFO][38;5;231m [38;5;34mtime [38;5;83m[38;5;145m:コンピューターに設定されている時刻を表示。[38;5;145m
[38;5;83m[PM-16:32:28][38;5;87m [PHPPO Thread/INFO][38;5;231m [38;5;34mtitle [38;5;83m[38;5;145m:システムのタイトルを設定します。[38;5;145m
[38;5;83m[PM-16:32:29][38;5;87m [PHPPO Thread/INFO][38;5;231m [38;5;34mvars [38;5;83m[38;5;145m:定義済みの環境変数を表示します。[38;5;145m
[38;5;83m[PM-16:32:29][38;5;87m [PHPPO Thread/INFO][38;5;231m [38;5;59m===================================================[38;5;145m











































[38;5;83m[PM-16:34:21][38;5;87m [File Thread/INFO][38;5;231m [38;5;145mライセンスファイルの更新を行っています...
[38;5;83m[PM-16:34:21][38;5;87m [File Thread/INFO][38;5;231m [38;5;145m更新が終了しました。
[38;5;83m[PM-16:34:21][38;5;87m [File Thread/INFO][38;5;231m [38;5;145mREADMEファイルの更新を行っています...
[38;5;83m[PM-16:34:21][38;5;87m [File Thread/INFO][38;5;231m [38;5;145m更新が終了しました。
help
[38;5;83m[PM-16:34:22][38;5;87m [PHPPO Thread/INFO][38;5;231m [38;5;59m===================[38;5;231mコマンド一覧[38;5;59m===================[38;5;145m
[38;5;83m[PM-16:34:22][38;5;87m [PHPPO Thread/INFO][38;5;231m [38;5;34mclear [38;5;83m[38;5;145m:画面上から履歴が消えるように改行を繰り返します。[38;5;145m
[38;5;83m[PM-16:34:22][38;5;87m [PHPPO Thread/INFO][38;5;231m [38;5;34mecho [38;5;83m<メッセージ>/<on|off>[38;5;145m:文字列を出力。[38;5;145m
[38;5;83m[PM-16:34:23][38;5;87m [PHPPO Thread/INFO][38;5;231m [38;5;34mexec [38;5;83m[38;5;145m:コマンド及び外部プロセスの実行。[38;5;145m
[38;5;83m[PM-16:34:23][38;5;87m [PHPPO Thread/INFO][38;5;231m [38;5;34mexit [38;5;83m<ミリ秒数>[38;5;145m:PHP Prompt OSを終了。[38;5;145m
[38;5;83m[PM-16:34:23][38;5;87m [PHPPO Thread/INFO][38;5;231m [38;5;34mhelp [38;5;83m<all|dev>/<コマンド>[38;5;145m:使用できるコマンド、コマンドの使用法を表示。[38;5;145m
[38;5;83m[PM-16:34:23][38;5;87m [PHPPO Thread/INFO][38;5;231m [38;5;34minfo [38;5;83m<logo|auther|des|help|url|>[38;5;145m:当プログラムに関しての情報を表示。[38;5;145m
[38;5;83m[PM-16:34:23][38;5;87m [PHPPO Thread/INFO][38;5;231m [38;5;34mlog [38;5;83m<on/off>[38;5;145m:画面上から履歴が消えるように改行を繰り返します。[38;5;145m
[38;5;83m[PM-16:34:23][38;5;87m [PHPPO Thread/INFO][38;5;231m [38;5;34mscript [38;5;83m<ファイルネーム（拡張子を含む）>[38;5;145m:テキスト上のコマンドを改行ごとに実行します。[38;5;145m
[38;5;83m[PM-16:34:23][38;5;87m [PHPPO Thread/INFO][38;5;231m [38;5;34mset [38;5;83m<変数名> <値>[38;5;145m:変数へ代入します[38;5;145m
[38;5;83m[PM-16:34:23][38;5;87m [PHPPO Thread/INFO][38;5;231m [38;5;34mtime [38;5;83m[38;5;145m:コンピューターに設定されている時刻を表示。[38;5;145m
[38;5;83m[PM-16:34:23][38;5;87m [PHPPO Thread/INFO][38;5;231m [38;5;34mtitle [38;5;83m[38;5;145m:システムのタイトルを設定します。[38;5;145m
[38;5;83m[PM-16:34:23][38;5;87m [PHPPO Thread/INFO][38;5;231m [38;5;34mvars [38;5;83m[38;5;145m:定義済みの環境変数を表示します。[38;5;145m
[38;5;83m[PM-16:34:23][38;5;87m [PHPPO Thread/INFO][38;5;231m [38;5;59m===================================================[38;5;145m
[38;5;83m[PM-16:35:07][38;5;87m [File Thread/INFO][38;5;231m [38;5;145mライセンスファイルの更新を行っています...
[38;5;83m[PM-16:35:07][38;5;87m [File Thread/INFO][38;5;231m [38;5;145m更新が終了しました。
[38;5;83m[PM-16:35:07][38;5;87m [File Thread/INFO][38;5;231m [38;5;145mREADMEファイルの更新を行っています...
[38;5;83m[PM-16:35:07][38;5;87m [File Thread/INFO][38;5;231m [38;5;145m更新が終了しました。
help
[38;5;83m[PM-16:35:09][38;5;87m [PHPPO Thread/INFO][38;5;231m [38;5;59m===================[38;5;231mコマンド一覧[38;5;59m===================[38;5;145m
[38;5;83m[PM-16:35:09][38;5;87m [PHPPO Thread/INFO][38;5;231m [38;5;34mclear [38;5;83m[38;5;145m:画面上から履歴が消えるように改行を繰り返します。[38;5;145m
[38;5;83m[PM-16:35:09][38;5;87m [PHPPO Thread/INFO][38;5;231m [38;5;34mecho [38;5;83m<メッセージ>/<on|off>[38;5;145m:文字列を出力。[38;5;145m
[38;5;83m[PM-16:35:09][38;5;87m [PHPPO Thread/INFO][38;5;231m [38;5;34mexec [38;5;83m[38;5;145m:コマンド及び外部プロセスの実行。[38;5;145m
[38;5;83m[PM-16:35:09][38;5;87m [PHPPO Thread/INFO][38;5;231m [38;5;34mexit [38;5;83m<ミリ秒数>[38;5;145m:PHP Prompt OSを終了。[38;5;145m
[38;5;83m[PM-16:35:09][38;5;87m [PHPPO Thread/INFO][38;5;231m [38;5;34mhelp [38;5;83m<all|dev>/<コマンド>[38;5;145m:使用できるコマンド、コマンドの使用法を表示。[38;5;145m
[38;5;83m[PM-16:35:09][38;5;87m [PHPPO Thread/INFO][38;5;231m [38;5;34minfo [38;5;83m<logo|auther|des|help|url|>[38;5;145m:当プログラムに関しての情報を表示。[38;5;145m
[38;5;83m[PM-16:35:09][38;5;87m [PHPPO Thread/INFO][38;5;231m [38;5;34mlog [38;5;83m<on/off>[38;5;145m:画面上から履歴が消えるように改行を繰り返します。[38;5;145m
[38;5;83m[PM-16:35:09][38;5;87m [PHPPO Thread/INFO][38;5;231m [38;5;34mscript [38;5;83m<ファイルネーム（拡張子を含む）>[38;5;145m:テキスト上のコマンドを改行ごとに実行します。[38;5;145m
[38;5;83m[PM-16:35:09][38;5;87m [PHPPO Thread/INFO][38;5;231m [38;5;34mset [38;5;83m<変数名> <値>[38;5;145m:変数へ代入します[38;5;145m
[38;5;83m[PM-16:35:09][38;5;87m [PHPPO Thread/INFO][38;5;231m [38;5;34mtime [38;5;83m[38;5;145m:コンピューターに設定されている時刻を表示。[38;5;145m
[38;5;83m[PM-16:35:09][38;5;87m [PHPPO Thread/INFO][38;5;231m [38;5;34mtitle [38;5;83m[38;5;145m:システムのタイトルを設定します。[38;5;145m
[38;5;83m[PM-16:35:10][38;5;87m [PHPPO Thread/INFO][38;5;231m [38;5;34mvars [38;5;83m[38;5;145m:定義済みの環境変数を表示します。[38;5;145m
[38;5;83m[PM-16:35:10][38;5;87m [PHPPO Thread/INFO][38;5;231m [38;5;59m===================================================[38;5;145m
help
[38;5;83m[PM-16:35:11][38;5;87m [PHPPO Thread/INFO][38;5;231m [38;5;59m===================[38;5;231mコマンド一覧[38;5;59m===================[38;5;145m
[38;5;83m[PM-16:35:11][38;5;87m [PHPPO Thread/INFO][38;5;231m [38;5;34mclear [38;5;83m[38;5;145m:画面上から履歴が消えるように改行を繰り返します。[38;5;145m
[38;5;83m[PM-16:35:11][38;5;87m [PHPPO Thread/INFO][38;5;231m [38;5;34mecho [38;5;83m<メッセージ>/<on|off>[38;5;145m:文字列を出力。[38;5;145m
[38;5;83m[PM-16:35:11][38;5;87m [PHPPO Thread/INFO][38;5;231m [38;5;34mexec [38;5;83m[38;5;145m:コマンド及び外部プロセスの実行。[38;5;145m
[38;5;83m[PM-16:35:11][38;5;87m [PHPPO Thread/INFO][38;5;231m [38;5;34mexit [38;5;83m<ミリ秒数>[38;5;145m:PHP Prompt OSを終了。[38;5;145m
[38;5;83m[PM-16:35:11][38;5;87m [PHPPO Thread/INFO][38;5;231m [38;5;34mhelp [38;5;83m<all|dev>/<コマンド>[38;5;145m:使用できるコマンド、コマンドの使用法を表示。[38;5;145m
[38;5;83m[PM-16:35:11][38;5;87m [PHPPO Thread/INFO][38;5;231m [38;5;34minfo [38;5;83m<logo|auther|des|help|url|>[38;5;145m:当プログラムに関しての情報を表示。[38;5;145m
[38;5;83m[PM-16:35:11][38;5;87m [PHPPO Thread/INFO][38;5;231m [38;5;34mlog [38;5;83m<on/off>[38;5;145m:画面上から履歴が消えるように改行を繰り返します。[38;5;145m
[38;5;83m[PM-16:35:11][38;5;87m [PHPPO Thread/INFO][38;5;231m [38;5;34mscript [38;5;83m<ファイルネーム（拡張子を含む）>[38;5;145m:テキスト上のコマンドを改行ごとに実行します。[38;5;145m
[38;5;83m[PM-16:35:11][38;5;87m [PHPPO Thread/INFO][38;5;231m [38;5;34mset [38;5;83m<変数名> <値>[38;5;145m:変数へ代入します[38;5;145m
[38;5;83m[PM-16:35:11][38;5;87m [PHPPO Thread/INFO][38;5;231m [38;5;34mtime [38;5;83m[38;5;145m:コンピューターに設定されている時刻を表示。[38;5;145m
[38;5;83m[PM-16:35:11][38;5;87m [PHPPO Thread/INFO][38;5;231m [38;5;34mtitle [38;5;83m[38;5;145m:システムのタイトルを設定します。[38;5;145m
[38;5;83m[PM-16:35:11][38;5;87m [PHPPO Thread/INFO][38;5;231m [38;5;34mvars [38;5;83m[38;5;145m:定義済みの環境変数を表示します。[38;5;145m
[38;5;83m[PM-16:35:11][38;5;87m [PHPPO Thread/INFO][38;5;231m [38;5;59m===================================================[38;5;145m
help
[38;5;83m[PM-16:35:14][38;5;87m [PHPPO Thread/INFO][38;5;231m [38;5;59m===================[38;5;231mコマンド一覧[38;5;59m===================[38;5;145m
[38;5;83m[PM-16:35:14][38;5;87m [PHPPO Thread/INFO][38;5;231m [38;5;34mclear [38;5;83m[38;5;145m:画面上から履歴が消えるように改行を繰り返します。[38;5;145m
[38;5;83m[PM-16:35:14][38;5;87m [PHPPO Thread/INFO][38;5;231m [38;5;34mecho [38;5;83m<メッセージ>/<on|off>[38;5;145m:文字列を出力。[38;5;145m
[38;5;83m[PM-16:35:14][38;5;87m [PHPPO Thread/INFO][38;5;231m [38;5;34mexec [38;5;83m[38;5;145m:コマンド及び外部プロセスの実行。[38;5;145m
[38;5;83m[PM-16:35:14][38;5;87m [PHPPO Thread/INFO][38;5;231m [38;5;34mexit [38;5;83m<ミリ秒数>[38;5;145m:PHP Prompt OSを終了。[38;5;145m
[38;5;83m[PM-16:35:14][38;5;87m [PHPPO Thread/INFO][38;5;231m [38;5;34mhelp [38;5;83m<all|dev>/<コマンド>[38;5;145m:使用できるコマンド、コマンドの使用法を表示。[38;5;145m
[38;5;83m[PM-16:35:14][38;5;87m [PHPPO Thread/INFO][38;5;231m [38;5;34minfo [38;5;83m<logo|auther|des|help|url|>[38;5;145m:当プログラムに関しての情報を表示。[38;5;145m
[38;5;83m[PM-16:35:14][38;5;87m [PHPPO Thread/INFO][38;5;231m [38;5;34mlog [38;5;83m<on/off>[38;5;145m:画面上から履歴が消えるように改行を繰り返します。[38;5;145m
[38;5;83m[PM-16:35:14][38;5;87m [PHPPO Thread/INFO][38;5;231m [38;5;34mscript [38;5;83m<ファイルネーム（拡張子を含む）>[38;5;145m:テキスト上のコマンドを改行ごとに実行します。[38;5;145m
[38;5;83m[PM-16:35:14][38;5;87m [PHPPO Thread/INFO][38;5;231m [38;5;34mset [38;5;83m<変数名> <値>[38;5;145m:変数へ代入します[38;5;145m
[38;5;83m[PM-16:35:14][38;5;87m [PHPPO Thread/INFO][38;5;231m [38;5;34mtime [38;5;83m[38;5;145m:コンピューターに設定されている時刻を表示。[38;5;145m
[38;5;83m[PM-16:35:14][38;5;87m [PHPPO Thread/INFO][38;5;231m [38;5;34mtitle [38;5;83m[38;5;145m:システムのタイトルを設定します。[38;5;145m
[38;5;83m[PM-16:35:14][38;5;87m [PHPPO Thread/INFO][38;5;231m [38;5;34mvars [38;5;83m[38;5;145m:定義済みの環境変数を表示します。[38;5;145m
[38;5;83m[PM-16:35:14][38;5;87m [PHPPO Thread/INFO][38;5;231m [38;5;59m===================================================[38;5;145m
help
[38;5;83m[PM-16:35:16][38;5;87m [PHPPO Thread/INFO][38;5;231m [38;5;59m===================[38;5;231mコマンド一覧[38;5;59m===================[38;5;145m
[38;5;83m[PM-16:35:16][38;5;87m [PHPPO Thread/INFO][38;5;231m [38;5;34mclear [38;5;83m[38;5;145m:画面上から履歴が消えるように改行を繰り返します。[38;5;145m
[38;5;83m[PM-16:35:16][38;5;87m [PHPPO Thread/INFO][38;5;231m [38;5;34mecho [38;5;83m<メッセージ>/<on|off>[38;5;145m:文字列を出力。[38;5;145m
[38;5;83m[PM-16:35:17][38;5;87m [PHPPO Thread/INFO][38;5;231m [38;5;34mexec [38;5;83m[38;5;145m:コマンド及び外部プロセスの実行。[38;5;145m
[38;5;83m[PM-16:35:17][38;5;87m [PHPPO Thread/INFO][38;5;231m [38;5;34mexit [38;5;83m<ミリ秒数>[38;5;145m:PHP Prompt OSを終了。[38;5;145m
[38;5;83m[PM-16:35:17][38;5;87m [PHPPO Thread/INFO][38;5;231m [38;5;34mhelp [38;5;83m<all|dev>/<コマンド>[38;5;145m:使用できるコマンド、コマンドの使用法を表示。[38;5;145m
[38;5;83m[PM-16:35:17][38;5;87m [PHPPO Thread/INFO][38;5;231m [38;5;34minfo [38;5;83m<logo|auther|des|help|url|>[38;5;145m:当プログラムに関しての情報を表示。[38;5;145m
[38;5;83m[PM-16:35:17][38;5;87m [PHPPO Thread/INFO][38;5;231m [38;5;34mlog [38;5;83m<on/off>[38;5;145m:画面上から履歴が消えるように改行を繰り返します。[38;5;145m
[38;5;83m[PM-16:35:17][38;5;87m [PHPPO Thread/INFO][38;5;231m [38;5;34mscript [38;5;83m<ファイルネーム（拡張子を含む）>[38;5;145m:テキスト上のコマンドを改行ごとに実行します。[38;5;145m
[38;5;83m[PM-16:35:17][38;5;87m [PHPPO Thread/INFO][38;5;231m [38;5;34mset [38;5;83m<変数名> <値>[38;5;145m:変数へ代入します[38;5;145m
[38;5;83m[PM-16:35:17][38;5;87m [PHPPO Thread/INFO][38;5;231m [38;5;34mtime [38;5;83m[38;5;145m:コンピューターに設定されている時刻を表示。[38;5;145m
[38;5;83m[PM-16:35:17][38;5;87m [PHPPO Thread/INFO][38;5;231m [38;5;34mtitle [38;5;83m[38;5;145m:システムのタイトルを設定します。[38;5;145m
[38;5;83m[PM-16:35:17][38;5;87m [PHPPO Thread/INFO][38;5;231m [38;5;34mvars [38;5;83m[38;5;145m:定義済みの環境変数を表示します。[38;5;145m
[38;5;83m[PM-16:35:17][38;5;87m [PHPPO Thread/INFO][38;5;231m [38;5;59m===================================================[38;5;145m
help
[38;5;83m[PM-16:35:20][38;5;87m [PHPPO Thread/INFO][38;5;231m [38;5;59m===================[38;5;231mコマンド一覧[38;5;59m===================[38;5;145m
[38;5;83m[PM-16:35:20][38;5;87m [PHPPO Thread/INFO][38;5;231m [38;5;34mclear [38;5;83m[38;5;145m:画面上から履歴が消えるように改行を繰り返します。[38;5;145m
[38;5;83m[PM-16:35:20][38;5;87m [PHPPO Thread/INFO][38;5;231m [38;5;34mecho [38;5;83m<メッセージ>/<on|off>[38;5;145m:文字列を出力。[38;5;145m
[38;5;83m[PM-16:35:20][38;5;87m [PHPPO Thread/INFO][38;5;231m [38;5;34mexec [38;5;83m[38;5;145m:コマンド及び外部プロセスの実行。[38;5;145m
[38;5;83m[PM-16:35:20][38;5;87m [PHPPO Thread/INFO][38;5;231m [38;5;34mexit [38;5;83m<ミリ秒数>[38;5;145m:PHP Prompt OSを終了。[38;5;145m
[38;5;83m[PM-16:35:20][38;5;87m [PHPPO Thread/INFO][38;5;231m [38;5;34mhelp [38;5;83m<all|dev>/<コマンド>[38;5;145m:使用できるコマンド、コマンドの使用法を表示。[38;5;145m
[38;5;83m[PM-16:35:20][38;5;87m [PHPPO Thread/INFO][38;5;231m [38;5;34minfo [38;5;83m<logo|auther|des|help|url|>[38;5;145m:当プログラムに関しての情報を表示。[38;5;145m
[38;5;83m[PM-16:35:20][38;5;87m [PHPPO Thread/INFO][38;5;231m [38;5;34mlog [38;5;83m<on/off>[38;5;145m:画面上から履歴が消えるように改行を繰り返します。[38;5;145m
[38;5;83m[PM-16:35:20][38;5;87m [PHPPO Thread/INFO][38;5;231m [38;5;34mscript [38;5;83m<ファイルネーム（拡張子を含む）>[38;5;145m:テキスト上のコマンドを改行ごとに実行します。[38;5;145m
[38;5;83m[PM-16:35:20][38;5;87m [PHPPO Thread/INFO][38;5;231m [38;5;34mset [38;5;83m<変数名> <値>[38;5;145m:変数へ代入します[38;5;145m
[38;5;83m[PM-16:35:20][38;5;87m [PHPPO Thread/INFO][38;5;231m [38;5;34mtime [38;5;83m[38;5;145m:コンピューターに設定されている時刻を表示。[38;5;145m
[38;5;83m[PM-16:35:20][38;5;87m [PHPPO Thread/INFO][38;5;231m [38;5;34mtitle [38;5;83m[38;5;145m:システムのタイトルを設定します。[38;5;145m
[38;5;83m[PM-16:35:20][38;5;87m [PHPPO Thread/INFO][38;5;231m [38;5;34mvars [38;5;83m[38;5;145m:定義済みの環境変数を表示します。[38;5;145m
[38;5;83m[PM-16:35:20][38;5;87m [PHPPO Thread/INFO][38;5;231m [38;5;59m===================================================[38;5;145m
help
[38;5;83m[PM-16:35:22][38;5;87m [PHPPO Thread/INFO][38;5;231m [38;5;59m===================[38;5;231mコマンド一覧[38;5;59m===================[38;5;145m
[38;5;83m[PM-16:35:22][38;5;87m [PHPPO Thread/INFO][38;5;231m [38;5;34mclear [38;5;83m[38;5;145m:画面上から履歴が消えるように改行を繰り返します。[38;5;145m
[38;5;83m[PM-16:35:22][38;5;87m [PHPPO Thread/INFO][38;5;231m [38;5;34mecho [38;5;83m<メッセージ>/<on|off>[38;5;145m:文字列を出力。[38;5;145m
[38;5;83m[PM-16:35:22][38;5;87m [PHPPO Thread/INFO][38;5;231m [38;5;34mexec [38;5;83m[38;5;145m:コマンド及び外部プロセスの実行。[38;5;145m
[38;5;83m[PM-16:35:23][38;5;87m [PHPPO Thread/INFO][38;5;231m [38;5;34mexit [38;5;83m<ミリ秒数>[38;5;145m:PHP Prompt OSを終了。[38;5;145m
[38;5;83m[PM-16:35:23][38;5;87m [PHPPO Thread/INFO][38;5;231m [38;5;34mhelp [38;5;83m<all|dev>/<コマンド>[38;5;145m:使用できるコマンド、コマンドの使用法を表示。[38;5;145m
[38;5;83m[PM-16:35:23][38;5;87m [PHPPO Thread/INFO][38;5;231m [38;5;34minfo [38;5;83m<logo|auther|des|help|url|>[38;5;145m:当プログラムに関しての情報を表示。[38;5;145m
[38;5;83m[PM-16:35:23][38;5;87m [PHPPO Thread/INFO][38;5;231m [38;5;34mlog [38;5;83m<on/off>[38;5;145m:画面上から履歴が消えるように改行を繰り返します。[38;5;145m
[38;5;83m[PM-16:35:23][38;5;87m [PHPPO Thread/INFO][38;5;231m [38;5;34mscript [38;5;83m<ファイルネーム（拡張子を含む）>[38;5;145m:テキスト上のコマンドを改行ごとに実行します。[38;5;145m
[38;5;83m[PM-16:35:23][38;5;87m [PHPPO Thread/INFO][38;5;231m [38;5;34mset [38;5;83m<変数名> <値>[38;5;145m:変数へ代入します[38;5;145m
[38;5;83m[PM-16:35:23][38;5;87m [PHPPO Thread/INFO][38;5;231m [38;5;34mtime [38;5;83m[38;5;145m:コンピューターに設定されている時刻を表示。[38;5;145m
[38;5;83m[PM-16:35:23][38;5;87m [PHPPO Thread/INFO][38;5;231m [38;5;34mtitle [38;5;83m[38;5;145m:システムのタイトルを設定します。[38;5;145m
[38;5;83m[PM-16:35:23][38;5;87m [PHPPO Thread/INFO][38;5;231m [38;5;34mvars [38;5;83m[38;5;145m:定義済みの環境変数を表示します。[38;5;145m
[38;5;83m[PM-16:35:23][38;5;87m [PHPPO Thread/INFO][38;5;231m [38;5;59m===================================================[38;5;145m
help
[38;5;83m[PM-16:35:28][38;5;87m [PHPPO Thread/INFO][38;5;231m [38;5;59m===================[38;5;231mコマンド一覧[38;5;59m===================[38;5;145m
[38;5;83m[PM-16:35:28][38;5;87m [PHPPO Thread/INFO][38;5;231m [38;5;34mclear [38;5;83m[38;5;145m:画面上から履歴が消えるように改行を繰り返します。[38;5;145m
[38;5;83m[PM-16:35:28][38;5;87m [PHPPO Thread/INFO][38;5;231m [38;5;34mecho [38;5;83m<メッセージ>/<on|off>[38;5;145m:文字列を出力。[38;5;145m
[38;5;83m[PM-16:35:28][38;5;87m [PHPPO Thread/INFO][38;5;231m [38;5;34mexec [38;5;83m[38;5;145m:コマンド及び外部プロセスの実行。[38;5;145m
[38;5;83m[PM-16:35:28][38;5;87m [PHPPO Thread/INFO][38;5;231m [38;5;34mexit [38;5;83m<ミリ秒数>[38;5;145m:PHP Prompt OSを終了。[38;5;145m
[38;5;83m[PM-16:35:28][38;5;87m [PHPPO Thread/INFO][38;5;231m [38;5;34mhelp [38;5;83m<all|dev>/<コマンド>[38;5;145m:使用できるコマンド、コマンドの使用法を表示。[38;5;145m
[38;5;83m[PM-16:35:28][38;5;87m [PHPPO Thread/INFO][38;5;231m [38;5;34minfo [38;5;83m<logo|auther|des|help|url|>[38;5;145m:当プログラムに関しての情報を表示。[38;5;145m
[38;5;83m[PM-16:35:28][38;5;87m [PHPPO Thread/INFO][38;5;231m [38;5;34mlog [38;5;83m<on/off>[38;5;145m:画面上から履歴が消えるように改行を繰り返します。[38;5;145m
[38;5;83m[PM-16:35:28][38;5;87m [PHPPO Thread/INFO][38;5;231m [38;5;34mscript [38;5;83m<ファイルネーム（拡張子を含む）>[38;5;145m:テキスト上のコマンドを改行ごとに実行します。[38;5;145m
[38;5;83m[PM-16:35:28][38;5;87m [PHPPO Thread/INFO][38;5;231m [38;5;34mset [38;5;83m<変数名> <値>[38;5;145m:変数へ代入します[38;5;145m
[38;5;83m[PM-16:35:28][38;5;87m [PHPPO Thread/INFO][38;5;231m [38;5;34mtime [38;5;83m[38;5;145m:コンピューターに設定されている時刻を表示。[38;5;145m
[38;5;83m[PM-16:35:28][38;5;87m [PHPPO Thread/INFO][38;5;231m [38;5;34mtitle [38;5;83m[38;5;145m:システムのタイトルを設定します。[38;5;145m
[38;5;83m[PM-16:35:28][38;5;87m [PHPPO Thread/INFO][38;5;231m [38;5;34mvars [38;5;83m[38;5;145m:定義済みの環境変数を表示します。[38;5;145m
[38;5;83m[PM-16:35:28][38;5;87m [PHPPO Thread/INFO][38;5;231m [38;5;59m===================================================[38;5;145m
help
[38;5;83m[PM-16:35:29][38;5;87m [PHPPO Thread/INFO][38;5;231m [38;5;59m===================[38;5;231mコマンド一覧[38;5;59m===================[38;5;145m
[38;5;83m[PM-16:35:29][38;5;87m [PHPPO Thread/INFO][38;5;231m [38;5;34mclear [38;5;83m[38;5;145m:画面上から履歴が消えるように改行を繰り返します。[38;5;145m
[38;5;83m[PM-16:35:29][38;5;87m [PHPPO Thread/INFO][38;5;231m [38;5;34mecho [38;5;83m<メッセージ>/<on|off>[38;5;145m:文字列を出力。[38;5;145m
[38;5;83m[PM-16:35:29][38;5;87m [PHPPO Thread/INFO][38;5;231m [38;5;34mexec [38;5;83m[38;5;145m:コマンド及び外部プロセスの実行。[38;5;145m
[38;5;83m[PM-16:35:29][38;5;87m [PHPPO Thread/INFO][38;5;231m [38;5;34mexit [38;5;83m<ミリ秒数>[38;5;145m:PHP Prompt OSを終了。[38;5;145m
[38;5;83m[PM-16:35:29][38;5;87m [PHPPO Thread/INFO][38;5;231m [38;5;34mhelp [38;5;83m<all|dev>/<コマンド>[38;5;145m:使用できるコマンド、コマンドの使用法を表示。[38;5;145m
[38;5;83m[PM-16:35:29][38;5;87m [PHPPO Thread/INFO][38;5;231m [38;5;34minfo [38;5;83m<logo|auther|des|help|url|>[38;5;145m:当プログラムに関しての情報を表示。[38;5;145m
[38;5;83m[PM-16:35:29][38;5;87m [PHPPO Thread/INFO][38;5;231m [38;5;34mlog [38;5;83m<on/off>[38;5;145m:画面上から履歴が消えるように改行を繰り返します。[38;5;145m
[38;5;83m[PM-16:35:29][38;5;87m [PHPPO Thread/INFO][38;5;231m [38;5;34mscript [38;5;83m<ファイルネーム（拡張子を含む）>[38;5;145m:テキスト上のコマンドを改行ごとに実行します。[38;5;145m
[38;5;83m[PM-16:35:29][38;5;87m [PHPPO Thread/INFO][38;5;231m [38;5;34mset [38;5;83m<変数名> <値>[38;5;145m:変数へ代入します[38;5;145m
[38;5;83m[PM-16:35:29][38;5;87m [PHPPO Thread/INFO][38;5;231m [38;5;34mtime [38;5;83m[38;5;145m:コンピューターに設定されている時刻を表示。[38;5;145m
[38;5;83m[PM-16:35:30][38;5;87m [PHPPO Thread/INFO][38;5;231m [38;5;34mtitle [38;5;83m[38;5;145m:システムのタイトルを設定します。[38;5;145m
[38;5;83m[PM-16:35:30][38;5;87m [PHPPO Thread/INFO][38;5;231m [38;5;34mvars [38;5;83m[38;5;145m:定義済みの環境変数を表示します。[38;5;145m
[38;5;83m[PM-16:35:30][38;5;87m [PHPPO Thread/INFO][38;5;231m [38;5;59m===================================================[38;5;145m
[38;5;83m[PM-16:35:42][38;5;87m [File Thread/INFO][38;5;231m [38;5;145mライセンスファイルの更新を行っています...
[38;5;83m[PM-16:35:42][38;5;87m [File Thread/INFO][38;5;231m [38;5;145m更新が終了しました。
[38;5;83m[PM-16:35:42][38;5;87m [File Thread/INFO][38;5;231m [38;5;145mREADMEファイルの更新を行っています...
[38;5;83m[PM-16:35:42][38;5;87m [File Thread/INFO][38;5;231m [38;5;145m更新が終了しました。
help
[38;5;83m[PM-16:35:47][38;5;87m [PHPPO Thread/INFO][38;5;231m [38;5;59m===================[38;5;231mコマンド一覧[38;5;59m===================[38;5;145m
[38;5;83m[PM-16:35:47][38;5;87m [PHPPO Thread/INFO][38;5;231m [38;5;34mclear [38;5;83m[38;5;145m:画面上から履歴が消えるように改行を繰り返します。[38;5;145m
[38;5;83m[PM-16:35:47][38;5;87m [PHPPO Thread/INFO][38;5;231m [38;5;34mecho [38;5;83m<メッセージ>/<on|off>[38;5;145m:文字列を出力。[38;5;145m
[38;5;83m[PM-16:35:47][38;5;87m [PHPPO Thread/INFO][38;5;231m [38;5;34mexec [38;5;83m[38;5;145m:コマンド及び外部プロセスの実行。[38;5;145m
[38;5;83m[PM-16:35:47][38;5;87m [PHPPO Thread/INFO][38;5;231m [38;5;34mexit [38;5;83m<ミリ秒数>[38;5;145m:PHP Prompt OSを終了。[38;5;145m
[38;5;83m[PM-16:35:47][38;5;87m [PHPPO Thread/INFO][38;5;231m [38;5;34mhelp [38;5;83m<all|dev>/<コマンド>[38;5;145m:使用できるコマンド、コマンドの使用法を表示。[38;5;145m
[38;5;83m[PM-16:35:47][38;5;87m [PHPPO Thread/INFO][38;5;231m [38;5;34minfo [38;5;83m<logo|auther|des|help|url|>[38;5;145m:当プログラムに関しての情報を表示。[38;5;145m
[38;5;83m[PM-16:35:47][38;5;87m [PHPPO Thread/INFO][38;5;231m [38;5;34mlog [38;5;83m<on/off>[38;5;145m:画面上から履歴が消えるように改行を繰り返します。[38;5;145m
[38;5;83m[PM-16:35:47][38;5;87m [PHPPO Thread/INFO][38;5;231m [38;5;34mscript [38;5;83m<ファイルネーム（拡張子を含む）>[38;5;145m:テキスト上のコマンドを改行ごとに実行します。[38;5;145m
[38;5;83m[PM-16:35:47][38;5;87m [PHPPO Thread/INFO][38;5;231m [38;5;34mset [38;5;83m<変数名> <値>[38;5;145m:変数へ代入します[38;5;145m
[38;5;83m[PM-16:35:47][38;5;87m [PHPPO Thread/INFO][38;5;231m [38;5;34mtime [38;5;83m[38;5;145m:コンピューターに設定されている時刻を表示。[38;5;145m
[38;5;83m[PM-16:35:47][38;5;87m [PHPPO Thread/INFO][38;5;231m [38;5;34mtitle [38;5;83m[38;5;145m:システムのタイトルを設定します。[38;5;145m
[38;5;83m[PM-16:35:47][38;5;87m [PHPPO Thread/INFO][38;5;231m [38;5;34mvars [38;5;83m[38;5;145m:定義済みの環境変数を表示します。[38;5;145m
[38;5;83m[PM-16:35:47][38;5;87m [PHPPO Thread/INFO][38;5;231m [38;5;59m===================================================[38;5;145m
help all
[38;5;83m[PM-16:35:50][38;5;87m [PHPPO Thread/INFO][38;5;231m [38;5;59m===================[38;5;87m実装コマンド一覧[38;5;59m===================[38;5;145m
[38;5;83m[PM-16:35:50][38;5;87m [PHPPO Thread/INFO][38;5;231m [38;5;34mclear [38;5;83m[38;5;145m:画面上から履歴が消えるように改行を繰り返します。[38;5;145m
[38;5;83m[PM-16:35:50][38;5;87m [PHPPO Thread/INFO][38;5;231m [38;5;34mecho [38;5;83m<メッセージ>/<on|off>[38;5;145m:文字列を出力。[38;5;145m
[38;5;83m[PM-16:35:50][38;5;87m [PHPPO Thread/INFO][38;5;231m [38;5;34mexec [38;5;83m[38;5;145m:コマンド及び外部プロセスの実行。[38;5;145m
[38;5;83m[PM-16:35:50][38;5;87m [PHPPO Thread/INFO][38;5;231m [38;5;34mexit [38;5;83m<ミリ秒数>[38;5;145m:PHP Prompt OSを終了。[38;5;145m
[38;5;83m[PM-16:35:50][38;5;87m [PHPPO Thread/INFO][38;5;231m [38;5;34mextract [38;5;83m<system>[38;5;145m:指定したpharファイルをソースディレクトリに展開します。[38;5;145m
[38;5;83m[PM-16:35:50][38;5;87m [PHPPO Thread/INFO][38;5;231m [38;5;34mhelp [38;5;83m<all|dev>/<コマンド>[38;5;145m:使用できるコマンド、コマンドの使用法を表示。[38;5;145m
[38;5;83m[PM-16:35:50][38;5;87m [PHPPO Thread/INFO][38;5;231m [38;5;34minfo [38;5;83m<logo|auther|des|help|url|>[38;5;145m:当プログラムに関しての情報を表示。[38;5;145m
[38;5;83m[PM-16:35:50][38;5;87m [PHPPO Thread/INFO][38;5;231m [38;5;34minstall [38;5;83m<src>[38;5;145m:PHPPO専用パッケージをインストールします[38;5;145m
[38;5;83m[PM-16:35:50][38;5;87m [PHPPO Thread/INFO][38;5;231m [38;5;34mlog [38;5;83m<on/off>[38;5;145m:画面上から履歴が消えるように改行を繰り返します。[38;5;145m
[38;5;83m[PM-16:35:50][38;5;87m [PHPPO Thread/INFO][38;5;231m [38;5;34mlogout [38;5;83m[38;5;145m:ログアウトします。[38;5;145m
[38;5;83m[PM-16:35:50][38;5;87m [PHPPO Thread/INFO][38;5;231m [38;5;34mmakephar [38;5;83m<アプリケーション名|ディレクトリパス|system>[38;5;145m:指定したアプリケーション、ディレクトリパス、または実行しているPHPPOのpharアーカイブ作成を行います。[38;5;145m
[38;5;83m[PM-16:35:50][38;5;87m [PHPPO Thread/INFO][38;5;231m [38;5;34mmkdir [38;5;83m[38;5;145m:ディレクトリを作成します[38;5;145m
[38;5;83m[PM-16:35:50][38;5;87m [PHPPO Thread/INFO][38;5;231m [38;5;34mrevc [38;5;83m[38;5;145m:画面上の文字の色の反転を切り替えます。[38;5;145m
[38;5;83m[PM-16:35:50][38;5;87m [PHPPO Thread/INFO][38;5;231m [38;5;34mscript [38;5;83m<ファイルネーム（拡張子を含む）>[38;5;145m:テキスト上のコマンドを改行ごとに実行します。[38;5;145m
[38;5;83m[PM-16:35:50][38;5;87m [PHPPO Thread/INFO][38;5;231m [38;5;34mset [38;5;83m<変数名> <値>[38;5;145m:変数へ代入します[38;5;145m
[38;5;83m[PM-16:35:50][38;5;87m [PHPPO Thread/INFO][38;5;231m [38;5;34mtime [38;5;83m[38;5;145m:コンピューターに設定されている時刻を表示。[38;5;145m
[38;5;83m[PM-16:35:50][38;5;87m [PHPPO Thread/INFO][38;5;231m [38;5;34mtitle [38;5;83m[38;5;145m:システムのタイトルを設定します。[38;5;145m
[38;5;83m[PM-16:35:50][38;5;87m [PHPPO Thread/INFO][38;5;231m [38;5;34mvardump [38;5;83m<変数名>[38;5;145m:システム処理が継承した'vardump'クラス内から呼び出せるパブリック変数、及びメイン処理におけるグローバル変数の内容を表示します。[38;5;145m
[38;5;83m[PM-16:35:50][38;5;87m [PHPPO Thread/INFO][38;5;231m [38;5;34mvars [38;5;83m[38;5;145m:定義済みの環境変数を表示します。[38;5;145m
[38;5;83m[PM-16:35:50][38;5;87m [PHPPO Thread/INFO][38;5;231m [38;5;34mwait [38;5;83m<ミリ秒>[38;5;145m:表示されているコンソール上での処理を指定時間中断します。[38;5;145m
[38;5;83m[PM-16:35:50][38;5;87m [PHPPO Thread/INFO][38;5;231m [38;5;59m=======================================================[38;5;145m
help all
[38;5;83m[PM-16:35:54][38;5;87m [PHPPO Thread/INFO][38;5;231m [38;5;59m===================[38;5;87m実装コマンド一覧[38;5;59m===================[38;5;145m
[38;5;83m[PM-16:35:54][38;5;87m [PHPPO Thread/INFO][38;5;231m [38;5;34mclear [38;5;83m[38;5;145m:画面上から履歴が消えるように改行を繰り返します。[38;5;145m
[38;5;83m[PM-16:35:54][38;5;87m [PHPPO Thread/INFO][38;5;231m [38;5;34mecho [38;5;83m<メッセージ>/<on|off>[38;5;145m:文字列を出力。[38;5;145m
[38;5;83m[PM-16:35:54][38;5;87m [PHPPO Thread/INFO][38;5;231m [38;5;34mexec [38;5;83m[38;5;145m:コマンド及び外部プロセスの実行。[38;5;145m
[38;5;83m[PM-16:35:54][38;5;87m [PHPPO Thread/INFO][38;5;231m [38;5;34mexit [38;5;83m<ミリ秒数>[38;5;145m:PHP Prompt OSを終了。[38;5;145m
[38;5;83m[PM-16:35:54][38;5;87m [PHPPO Thread/INFO][38;5;231m [38;5;34mextract [38;5;83m<system>[38;5;145m:指定したpharファイルをソースディレクトリに展開します。[38;5;145m
[38;5;83m[PM-16:35:54][38;5;87m [PHPPO Thread/INFO][38;5;231m [38;5;34mhelp [38;5;83m<all|dev>/<コマンド>[38;5;145m:使用できるコマンド、コマンドの使用法を表示。[38;5;145m
[38;5;83m[PM-16:35:54][38;5;87m [PHPPO Thread/INFO][38;5;231m [38;5;34minfo [38;5;83m<logo|auther|des|help|url|>[38;5;145m:当プログラムに関しての情報を表示。[38;5;145m
[38;5;83m[PM-16:35:54][38;5;87m [PHPPO Thread/INFO][38;5;231m [38;5;34minstall [38;5;83m<src>[38;5;145m:PHPPO専用パッケージをインストールします[38;5;145m
[38;5;83m[PM-16:35:54][38;5;87m [PHPPO Thread/INFO][38;5;231m [38;5;34mlog [38;5;83m<on/off>[38;5;145m:画面上から履歴が消えるように改行を繰り返します。[38;5;145m
[38;5;83m[PM-16:35:54][38;5;87m [PHPPO Thread/INFO][38;5;231m [38;5;34mlogout [38;5;83m[38;5;145m:ログアウトします。[38;5;145m
[38;5;83m[PM-16:35:54][38;5;87m [PHPPO Thread/INFO][38;5;231m [38;5;34mmakephar [38;5;83m<アプリケーション名|ディレクトリパス|system>[38;5;145m:指定したアプリケーション、ディレクトリパス、または実行しているPHPPOのpharアーカイブ作成を行います。[38;5;145m
[38;5;83m[PM-16:35:54][38;5;87m [PHPPO Thread/INFO][38;5;231m [38;5;34mmkdir [38;5;83m[38;5;145m:ディレクトリを作成します[38;5;145m
[38;5;83m[PM-16:35:54][38;5;87m [PHPPO Thread/INFO][38;5;231m [38;5;34mrevc [38;5;83m[38;5;145m:画面上の文字の色の反転を切り替えます。[38;5;145m
[38;5;83m[PM-16:35:54][38;5;87m [PHPPO Thread/INFO][38;5;231m [38;5;34mscript [38;5;83m<ファイルネーム（拡張子を含む）>[38;5;145m:テキスト上のコマンドを改行ごとに実行します。[38;5;145m
[38;5;83m[PM-16:35:54][38;5;87m [PHPPO Thread/INFO][38;5;231m [38;5;34mset [38;5;83m<変数名> <値>[38;5;145m:変数へ代入します[38;5;145m
[38;5;83m[PM-16:35:54][38;5;87m [PHPPO Thread/INFO][38;5;231m [38;5;34mtime [38;5;83m[38;5;145m:コンピューターに設定されている時刻を表示。[38;5;145m
[38;5;83m[PM-16:35:54][38;5;87m [PHPPO Thread/INFO][38;5;231m [38;5;34mtitle [38;5;83m[38;5;145m:システムのタイトルを設定します。[38;5;145m
[38;5;83m[PM-16:35:54][38;5;87m [PHPPO Thread/INFO][38;5;231m [38;5;34mvardump [38;5;83m<変数名>[38;5;145m:システム処理が継承した'vardump'クラス内から呼び出せるパブリック変数、及びメイン処理におけるグローバル変数の内容を表示します。[38;5;145m
[38;5;83m[PM-16:35:54][38;5;87m [PHPPO Thread/INFO][38;5;231m [38;5;34mvars [38;5;83m[38;5;145m:定義済みの環境変数を表示します。[38;5;145m
[38;5;83m[PM-16:35:54][38;5;87m [PHPPO Thread/INFO][38;5;231m [38;5;34mwait [38;5;83m<ミリ秒>[38;5;145m:表示されているコンソール上での処理を指定時間中断します。[38;5;145m
[38;5;83m[PM-16:35:54][38;5;87m [PHPPO Thread/INFO][38;5;231m [38;5;59m=======================================================[38;5;145m

[38;5;83m[PM-16:36:11][38;5;87m [File Thread/INFO][38;5;231m [38;5;145mライセンスファイルの更新を行っています...
[38;5;83m[PM-16:36:11][38;5;87m [File Thread/INFO][38;5;231m [38;5;145m更新が終了しました。
[38;5;83m[PM-16:36:11][38;5;87m [File Thread/INFO][38;5;231m [38;5;145mREADMEファイルの更新を行っています...
[38;5;83m[PM-16:36:11][38;5;87m [File Thread/INFO][38;5;231m [38;5;145m更新が終了しました。
help
[38;5;83m[PM-16:36:13][38;5;87m [PHPPO Thread/INFO][38;5;231m [38;5;59m===================[38;5;231mコマンド一覧[38;5;59m===================[38;5;145m
[38;5;83m[PM-16:36:13][38;5;87m [PHPPO Thread/INFO][38;5;231m [38;5;34mclear [38;5;83m[38;5;145m:画面上から履歴が消えるように改行を繰り返します。[38;5;145m
[38;5;83m[PM-16:36:13][38;5;87m [PHPPO Thread/INFO][38;5;231m [38;5;34mecho [38;5;83m<メッセージ>/<on|off>[38;5;145m:文字列を出力。[38;5;145m
[38;5;83m[PM-16:36:13][38;5;87m [PHPPO Thread/INFO][38;5;231m [38;5;34mexec [38;5;83m[38;5;145m:コマンド及び外部プロセスの実行。[38;5;145m
[38;5;83m[PM-16:36:13][38;5;87m [PHPPO Thread/INFO][38;5;231m [38;5;34mexit [38;5;83m<ミリ秒数>[38;5;145m:PHP Prompt OSを終了。[38;5;145m
[38;5;83m[PM-16:36:13][38;5;87m [PHPPO Thread/INFO][38;5;231m [38;5;34mhelp [38;5;83m<all|dev>/<コマンド>[38;5;145m:使用できるコマンド、コマンドの使用法を表示。[38;5;145m
[38;5;83m[PM-16:36:13][38;5;87m [PHPPO Thread/INFO][38;5;231m [38;5;34minfo [38;5;83m<logo|auther|des|help|url|>[38;5;145m:当プログラムに関しての情報を表示。[38;5;145m
[38;5;83m[PM-16:36:13][38;5;87m [PHPPO Thread/INFO][38;5;231m [38;5;34mlog [38;5;83m<on/off>[38;5;145m:画面上から履歴が消えるように改行を繰り返します。[38;5;145m
[38;5;83m[PM-16:36:13][38;5;87m [PHPPO Thread/INFO][38;5;231m [38;5;34mscript [38;5;83m<ファイルネーム（拡張子を含む）>[38;5;145m:テキスト上のコマンドを改行ごとに実行します。[38;5;145m
[38;5;83m[PM-16:36:13][38;5;87m [PHPPO Thread/INFO][38;5;231m [38;5;34mset [38;5;83m<変数名> <値>[38;5;145m:変数へ代入します[38;5;145m
[38;5;83m[PM-16:36:13][38;5;87m [PHPPO Thread/INFO][38;5;231m [38;5;34mtime [38;5;83m[38;5;145m:コンピューターに設定されている時刻を表示。[38;5;145m
[38;5;83m[PM-16:36:13][38;5;87m [PHPPO Thread/INFO][38;5;231m [38;5;34mtitle [38;5;83m[38;5;145m:システムのタイトルを設定します。[38;5;145m
[38;5;83m[PM-16:36:13][38;5;87m [PHPPO Thread/INFO][38;5;231m [38;5;34mvars [38;5;83m[38;5;145m:定義済みの環境変数を表示します。[38;5;145m
[38;5;83m[PM-16:36:13][38;5;87m [PHPPO Thread/INFO][38;5;231m [38;5;59m===================================================[38;5;145m
help all
[38;5;83m[PM-16:36:15][38;5;87m [PHPPO Thread/INFO][38;5;231m [38;5;59m===================[38;5;87m実装コマンド一覧[38;5;59m===================[38;5;145m
[38;5;83m[PM-16:36:15][38;5;87m [PHPPO Thread/INFO][38;5;231m [38;5;34mclear [38;5;83m[38;5;145m:画面上から履歴が消えるように改行を繰り返します。[38;5;145m
[38;5;83m[PM-16:36:15][38;5;87m [PHPPO Thread/INFO][38;5;231m [38;5;34mecho [38;5;83m<メッセージ>/<on|off>[38;5;145m:文字列を出力。[38;5;145m
[38;5;83m[PM-16:36:15][38;5;87m [PHPPO Thread/INFO][38;5;231m [38;5;34mexec [38;5;83m[38;5;145m:コマンド及び外部プロセスの実行。[38;5;145m
[38;5;83m[PM-16:36:15][38;5;87m [PHPPO Thread/INFO][38;5;231m [38;5;34mexit [38;5;83m<ミリ秒数>[38;5;145m:PHP Prompt OSを終了。[38;5;145m
[38;5;83m[PM-16:36:15][38;5;87m [PHPPO Thread/INFO][38;5;231m [38;5;34mextract [38;5;83m<system>[38;5;145m:指定したpharファイルをソースディレクトリに展開します。[38;5;145m
[38;5;83m[PM-16:36:15][38;5;87m [PHPPO Thread/INFO][38;5;231m [38;5;34mhelp [38;5;83m<all|dev>/<コマンド>[38;5;145m:使用できるコマンド、コマンドの使用法を表示。[38;5;145m
[38;5;83m[PM-16:36:15][38;5;87m [PHPPO Thread/INFO][38;5;231m [38;5;34minfo [38;5;83m<logo|auther|des|help|url|>[38;5;145m:当プログラムに関しての情報を表示。[38;5;145m
[38;5;83m[PM-16:36:15][38;5;87m [PHPPO Thread/INFO][38;5;231m [38;5;34minstall [38;5;83m<src>[38;5;145m:PHPPO専用パッケージをインストールします[38;5;145m
[38;5;83m[PM-16:36:15][38;5;87m [PHPPO Thread/INFO][38;5;231m [38;5;34mlog [38;5;83m<on/off>[38;5;145m:画面上から履歴が消えるように改行を繰り返します。[38;5;145m
[38;5;83m[PM-16:36:15][38;5;87m [PHPPO Thread/INFO][38;5;231m [38;5;34mlogout [38;5;83m[38;5;145m:ログアウトします。[38;5;145m
[38;5;83m[PM-16:36:15][38;5;87m [PHPPO Thread/INFO][38;5;231m [38;5;34mmakephar [38;5;83m<アプリケーション名|ディレクトリパス|system>[38;5;145m:指定したアプリケーション、ディレクトリパス、または実行しているPHPPOのpharアーカイブ作成を行います。[38;5;145m
[38;5;83m[PM-16:36:15][38;5;87m [PHPPO Thread/INFO][38;5;231m [38;5;34mmkdir [38;5;83m[38;5;145m:ディレクトリを作成します[38;5;145m
[38;5;83m[PM-16:36:15][38;5;87m [PHPPO Thread/INFO][38;5;231m [38;5;34mrevc [38;5;83m[38;5;145m:画面上の文字の色の反転を切り替えます。[38;5;145m
[38;5;83m[PM-16:36:15][38;5;87m [PHPPO Thread/INFO][38;5;231m [38;5;34mscript [38;5;83m<ファイルネーム（拡張子を含む）>[38;5;145m:テキスト上のコマンドを改行ごとに実行します。[38;5;145m
[38;5;83m[PM-16:36:15][38;5;87m [PHPPO Thread/INFO][38;5;231m [38;5;34mset [38;5;83m<変数名> <値>[38;5;145m:変数へ代入します[38;5;145m
[38;5;83m[PM-16:36:15][38;5;87m [PHPPO Thread/INFO][38;5;231m [38;5;34mtime [38;5;83m[38;5;145m:コンピューターに設定されている時刻を表示。[38;5;145m
[38;5;83m[PM-16:36:15][38;5;87m [PHPPO Thread/INFO][38;5;231m [38;5;34mtitle [38;5;83m[38;5;145m:システムのタイトルを設定します。[38;5;145m
[38;5;83m[PM-16:36:15][38;5;87m [PHPPO Thread/INFO][38;5;231m [38;5;34mvardump [38;5;83m<変数名>[38;5;145m:システム処理が継承した'vardump'クラス内から呼び出せるパブリック変数、及びメイン処理におけるグローバル変数の内容を表示します。[38;5;145m
[38;5;83m[PM-16:36:15][38;5;87m [PHPPO Thread/INFO][38;5;231m [38;5;34mvars [38;5;83m[38;5;145m:定義済みの環境変数を表示します。[38;5;145m
[38;5;83m[PM-16:36:15][38;5;87m [PHPPO Thread/INFO][38;5;231m [38;5;34mwait [38;5;83m<ミリ秒>[38;5;145m:表示されているコンソール上での処理を指定時間中断します。[38;5;145m
[38;5;83m[PM-16:36:15][38;5;87m [PHPPO Thread/INFO][38;5;231m [38;5;59m=======================================================[38;5;145m
help
[38;5;83m[PM-16:36:17][38;5;87m [PHPPO Thread/INFO][38;5;231m [38;5;59m===================[38;5;231mコマンド一覧[38;5;59m===================[38;5;145m
[38;5;83m[PM-16:36:17][38;5;87m [PHPPO Thread/INFO][38;5;231m [38;5;34mclear [38;5;83m[38;5;145m:画面上から履歴が消えるように改行を繰り返します。[38;5;145m
[38;5;83m[PM-16:36:17][38;5;87m [PHPPO Thread/INFO][38;5;231m [38;5;34mecho [38;5;83m<メッセージ>/<on|off>[38;5;145m:文字列を出力。[38;5;145m
[38;5;83m[PM-16:36:17][38;5;87m [PHPPO Thread/INFO][38;5;231m [38;5;34mexec [38;5;83m[38;5;145m:コマンド及び外部プロセスの実行。[38;5;145m
[38;5;83m[PM-16:36:17][38;5;87m [PHPPO Thread/INFO][38;5;231m [38;5;34mexit [38;5;83m<ミリ秒数>[38;5;145m:PHP Prompt OSを終了。[38;5;145m
[38;5;83m[PM-16:36:17][38;5;87m [PHPPO Thread/INFO][38;5;231m [38;5;34mhelp [38;5;83m<all|dev>/<コマンド>[38;5;145m:使用できるコマンド、コマンドの使用法を表示。[38;5;145m
[38;5;83m[PM-16:36:17][38;5;87m [PHPPO Thread/INFO][38;5;231m [38;5;34minfo [38;5;83m<logo|auther|des|help|url|>[38;5;145m:当プログラムに関しての情報を表示。[38;5;145m
[38;5;83m[PM-16:36:17][38;5;87m [PHPPO Thread/INFO][38;5;231m [38;5;34mlog [38;5;83m<on/off>[38;5;145m:画面上から履歴が消えるように改行を繰り返します。[38;5;145m
[38;5;83m[PM-16:36:17][38;5;87m [PHPPO Thread/INFO][38;5;231m [38;5;34mscript [38;5;83m<ファイルネーム（拡張子を含む）>[38;5;145m:テキスト上のコマンドを改行ごとに実行します。[38;5;145m
[38;5;83m[PM-16:36:17][38;5;87m [PHPPO Thread/INFO][38;5;231m [38;5;34mset [38;5;83m<変数名> <値>[38;5;145m:変数へ代入します[38;5;145m
[38;5;83m[PM-16:36:17][38;5;87m [PHPPO Thread/INFO][38;5;231m [38;5;34mtime [38;5;83m[38;5;145m:コンピューターに設定されている時刻を表示。[38;5;145m
[38;5;83m[PM-16:36:17][38;5;87m [PHPPO Thread/INFO][38;5;231m [38;5;34mtitle [38;5;83m[38;5;145m:システムのタイトルを設定します。[38;5;145m
[38;5;83m[PM-16:36:17][38;5;87m [PHPPO Thread/INFO][38;5;231m [38;5;34mvars [38;5;83m[38;5;145m:定義済みの環境変数を表示します。[38;5;145m
[38;5;83m[PM-16:36:17][38;5;87m [PHPPO Thread/INFO][38;5;231m [38;5;59m===================================================[38;5;145m
[38;5;83m[PM-16:36:21][38;5;87m [File Thread/INFO][38;5;231m [38;5;145mライセンスファイルの更新を行っています...
[38;5;83m[PM-16:36:21][38;5;87m [File Thread/INFO][38;5;231m [38;5;145m更新が終了しました。
[38;5;83m[PM-16:36:21][38;5;87m [File Thread/INFO][38;5;231m [38;5;145mREADMEファイルの更新を行っています...
[38;5;83m[PM-16:36:21][38;5;87m [File Thread/INFO][38;5;231m [38;5;145m更新が終了しました。
help
[38;5;83m[PM-16:36:25][38;5;87m [PHPPO Thread/INFO][38;5;231m [38;5;59m===================[38;5;231mコマンド一覧[38;5;59m===================[38;5;145m
[38;5;83m[PM-16:36:25][38;5;87m [PHPPO Thread/INFO][38;5;231m [38;5;34mclear [38;5;83m[38;5;145m:画面上から履歴が消えるように改行を繰り返します。[38;5;145m
[38;5;83m[PM-16:36:25][38;5;87m [PHPPO Thread/INFO][38;5;231m [38;5;34mecho [38;5;83m<メッセージ>/<on|off>[38;5;145m:文字列を出力。[38;5;145m
[38;5;83m[PM-16:36:25][38;5;87m [PHPPO Thread/INFO][38;5;231m [38;5;34mexec [38;5;83m[38;5;145m:コマンド及び外部プロセスの実行。[38;5;145m
[38;5;83m[PM-16:36:25][38;5;87m [PHPPO Thread/INFO][38;5;231m [38;5;34mexit [38;5;83m<ミリ秒数>[38;5;145m:PHP Prompt OSを終了。[38;5;145m
[38;5;83m[PM-16:36:25][38;5;87m [PHPPO Thread/INFO][38;5;231m [38;5;34mhelp [38;5;83m<all|dev>/<コマンド>[38;5;145m:使用できるコマンド、コマンドの使用法を表示。[38;5;145m
[38;5;83m[PM-16:36:25][38;5;87m [PHPPO Thread/INFO][38;5;231m [38;5;34minfo [38;5;83m<logo|auther|des|help|url|>[38;5;145m:当プログラムに関しての情報を表示。[38;5;145m
[38;5;83m[PM-16:36:25][38;5;87m [PHPPO Thread/INFO][38;5;231m [38;5;34mlog [38;5;83m<on/off>[38;5;145m:画面上から履歴が消えるように改行を繰り返します。[38;5;145m
[38;5;83m[PM-16:36:25][38;5;87m [PHPPO Thread/INFO][38;5;231m [38;5;34mscript [38;5;83m<ファイルネーム（拡張子を含む）>[38;5;145m:テキスト上のコマンドを改行ごとに実行します。[38;5;145m
[38;5;83m[PM-16:36:25][38;5;87m [PHPPO Thread/INFO][38;5;231m [38;5;34mset [38;5;83m<変数名> <値>[38;5;145m:変数へ代入します[38;5;145m
[38;5;83m[PM-16:36:25][38;5;87m [PHPPO Thread/INFO][38;5;231m [38;5;34mtime [38;5;83m[38;5;145m:コンピューターに設定されている時刻を表示。[38;5;145m
[38;5;83m[PM-16:36:25][38;5;87m [PHPPO Thread/INFO][38;5;231m [38;5;34mtitle [38;5;83m[38;5;145m:システムのタイトルを設定します。[38;5;145m
[38;5;83m[PM-16:36:25][38;5;87m [PHPPO Thread/INFO][38;5;231m [38;5;34mvars [38;5;83m[38;5;145m:定義済みの環境変数を表示します。[38;5;145m
[38;5;83m[PM-16:36:25][38;5;87m [PHPPO Thread/INFO][38;5;231m [38;5;59m===================================================[38;5;145m
[38;5;83m[PM-16:36:35][38;5;87m [File Thread/INFO][38;5;231m [38;5;145mライセンスファイルの更新を行っています...
[38;5;83m[PM-16:36:35][38;5;87m [File Thread/INFO][38;5;231m [38;5;145m更新が終了しました。
[38;5;83m[PM-16:36:35][38;5;87m [File Thread/INFO][38;5;231m [38;5;145mREADMEファイルの更新を行っています...
[38;5;83m[PM-16:36:35][38;5;87m [File Thread/INFO][38;5;231m [38;5;145m更新が終了しました。
help
[38;5;83m[PM-16:36:38][38;5;87m [PHPPO Thread/INFO][38;5;231m [38;5;59m===================[38;5;231mコマンド一覧[38;5;59m===================[38;5;145m
[38;5;83m[PM-16:36:38][38;5;87m [PHPPO Thread/INFO][38;5;231m [38;5;34mclear [38;5;83m[38;5;145m:画面上から履歴が消えるように改行を繰り返します。[38;5;145m
[38;5;83m[PM-16:36:38][38;5;87m [PHPPO Thread/INFO][38;5;231m [38;5;34mecho [38;5;83m<メッセージ>/<on|off>[38;5;145m:文字列を出力。[38;5;145m
[38;5;83m[PM-16:36:38][38;5;87m [PHPPO Thread/INFO][38;5;231m [38;5;34mexec [38;5;83m[38;5;145m:コマンド及び外部プロセスの実行。[38;5;145m
[38;5;83m[PM-16:36:38][38;5;87m [PHPPO Thread/INFO][38;5;231m [38;5;34mexit [38;5;83m<ミリ秒数>[38;5;145m:PHP Prompt OSを終了。[38;5;145m
[38;5;83m[PM-16:36:38][38;5;87m [PHPPO Thread/INFO][38;5;231m [38;5;34mhelp [38;5;83m<all|dev>/<コマンド>[38;5;145m:使用できるコマンド、コマンドの使用法を表示。[38;5;145m
[38;5;83m[PM-16:36:38][38;5;87m [PHPPO Thread/INFO][38;5;231m [38;5;34minfo [38;5;83m<logo|auther|des|help|url|>[38;5;145m:当プログラムに関しての情報を表示。[38;5;145m
[38;5;83m[PM-16:36:38][38;5;87m [PHPPO Thread/INFO][38;5;231m [38;5;34mlog [38;5;83m<on/off>[38;5;145m:画面上から履歴が消えるように改行を繰り返します。[38;5;145m
[38;5;83m[PM-16:36:38][38;5;87m [PHPPO Thread/INFO][38;5;231m [38;5;34mscript [38;5;83m<ファイルネーム（拡張子を含む）>[38;5;145m:テキスト上のコマンドを改行ごとに実行します。[38;5;145m
[38;5;83m[PM-16:36:38][38;5;87m [PHPPO Thread/INFO][38;5;231m [38;5;34mset [38;5;83m<変数名> <値>[38;5;145m:変数へ代入します[38;5;145m
[38;5;83m[PM-16:36:38][38;5;87m [PHPPO Thread/INFO][38;5;231m [38;5;34mtime [38;5;83m[38;5;145m:コンピューターに設定されている時刻を表示。[38;5;145m
[38;5;83m[PM-16:36:38][38;5;87m [PHPPO Thread/INFO][38;5;231m [38;5;34mtitle [38;5;83m[38;5;145m:システムのタイトルを設定します。[38;5;145m
[38;5;83m[PM-16:36:38][38;5;87m [PHPPO Thread/INFO][38;5;231m [38;5;34mvars [38;5;83m[38;5;145m:定義済みの環境変数を表示します。[38;5;145m
[38;5;83m[PM-16:36:38][38;5;87m [PHPPO Thread/INFO][38;5;231m [38;5;59m===================================================[38;5;145m
help
[38;5;83m[PM-16:36:40][38;5;87m [PHPPO Thread/INFO][38;5;231m [38;5;59m===================[38;5;231mコマンド一覧[38;5;59m===================[38;5;145m
[38;5;83m[PM-16:36:40][38;5;87m [PHPPO Thread/INFO][38;5;231m [38;5;34mclear [38;5;83m[38;5;145m:画面上から履歴が消えるように改行を繰り返します。[38;5;145m
[38;5;83m[PM-16:36:40][38;5;87m [PHPPO Thread/INFO][38;5;231m [38;5;34mecho [38;5;83m<メッセージ>/<on|off>[38;5;145m:文字列を出力。[38;5;145m
[38;5;83m[PM-16:36:40][38;5;87m [PHPPO Thread/INFO][38;5;231m [38;5;34mexec [38;5;83m[38;5;145m:コマンド及び外部プロセスの実行。[38;5;145m
[38;5;83m[PM-16:36:40][38;5;87m [PHPPO Thread/INFO][38;5;231m [38;5;34mexit [38;5;83m<ミリ秒数>[38;5;145m:PHP Prompt OSを終了。[38;5;145m
[38;5;83m[PM-16:36:40][38;5;87m [PHPPO Thread/INFO][38;5;231m [38;5;34mhelp [38;5;83m<all|dev>/<コマンド>[38;5;145m:使用できるコマンド、コマンドの使用法を表示。[38;5;145m
[38;5;83m[PM-16:36:40][38;5;87m [PHPPO Thread/INFO][38;5;231m [38;5;34minfo [38;5;83m<logo|auther|des|help|url|>[38;5;145m:当プログラムに関しての情報を表示。[38;5;145m
[38;5;83m[PM-16:36:40][38;5;87m [PHPPO Thread/INFO][38;5;231m [38;5;34mlog [38;5;83m<on/off>[38;5;145m:画面上から履歴が消えるように改行を繰り返します。[38;5;145m
[38;5;83m[PM-16:36:40][38;5;87m [PHPPO Thread/INFO][38;5;231m [38;5;34mscript [38;5;83m<ファイルネーム（拡張子を含む）>[38;5;145m:テキスト上のコマンドを改行ごとに実行します。[38;5;145m
[38;5;83m[PM-16:36:40][38;5;87m [PHPPO Thread/INFO][38;5;231m [38;5;34mset [38;5;83m<変数名> <値>[38;5;145m:変数へ代入します[38;5;145m
[38;5;83m[PM-16:36:40][38;5;87m [PHPPO Thread/INFO][38;5;231m [38;5;34mtime [38;5;83m[38;5;145m:コンピューターに設定されている時刻を表示。[38;5;145m
[38;5;83m[PM-16:36:40][38;5;87m [PHPPO Thread/INFO][38;5;231m [38;5;34mtitle [38;5;83m[38;5;145m:システムのタイトルを設定します。[38;5;145m
[38;5;83m[PM-16:36:40][38;5;87m [PHPPO Thread/INFO][38;5;231m [38;5;34mvars [38;5;83m[38;5;145m:定義済みの環境変数を表示します。[38;5;145m
[38;5;83m[PM-16:36:40][38;5;87m [PHPPO Thread/INFO][38;5;231m [38;5;59m===================================================[38;5;145m
[38;5;83m[PM-16:59:08][38;5;87m [File Thread/INFO][38;5;231m [38;5;145mライセンスファイルの更新を行っています...
[38;5;83m[PM-16:59:08][38;5;87m [File Thread/INFO][38;5;231m [38;5;145m更新が終了しました。
[38;5;83m[PM-16:59:08][38;5;87m [File Thread/INFO][38;5;231m [38;5;145mREADMEファイルの更新を行っています...
[38;5;83m[PM-16:59:08][38;5;87m [File Thread/INFO][38;5;231m [38;5;145m更新が終了しました。
setvalue
[38;5;83m[PM-16:59:14][38;5;87m [PHPPO Thread/INFO][38;5;231m パラメーターが不足しています。
setvalue a a
echo %a%
[38;5;83m[PM-16:59:21][38;5;87m [PHPPO Thread/INFO][38;5;231m a 
help
[38;5;83m[PM-16:59:27][38;5;87m [PHPPO Thread/INFO][38;5;231m [38;5;59m===================[38;5;231mコマンド一覧[38;5;59m===================[38;5;145m
[38;5;83m[PM-16:59:27][38;5;87m [PHPPO Thread/INFO][38;5;231m [38;5;34mclear [38;5;83m[38;5;145m:画面上から履歴が消えるように改行を繰り返します。[38;5;145m
[38;5;83m[PM-16:59:27][38;5;87m [PHPPO Thread/INFO][38;5;231m [38;5;34mecho [38;5;83m<メッセージ>/<on|off>[38;5;145m:文字列を出力。[38;5;145m
[38;5;83m[PM-16:59:27][38;5;87m [PHPPO Thread/INFO][38;5;231m [38;5;34mexec [38;5;83m[38;5;145m:コマンド及び外部プロセスの実行。[38;5;145m
[38;5;83m[PM-16:59:27][38;5;87m [PHPPO Thread/INFO][38;5;231m [38;5;34mexit [38;5;83m<ミリ秒数>[38;5;145m:PHP Prompt OSを終了。[38;5;145m
[38;5;83m[PM-16:59:27][38;5;87m [PHPPO Thread/INFO][38;5;231m [38;5;34mhelp [38;5;83m<all|dev>/<コマンド>[38;5;145m:使用できるコマンド、コマンドの使用法を表示。[38;5;145m
[38;5;83m[PM-16:59:27][38;5;87m [PHPPO Thread/INFO][38;5;231m [38;5;34minfo [38;5;83m<logo|auther|des|help|url|>[38;5;145m:当プログラムに関しての情報を表示。[38;5;145m
[38;5;83m[PM-16:59:27][38;5;87m [PHPPO Thread/INFO][38;5;231m [38;5;34mlog [38;5;83m<on/off>[38;5;145m:画面上から履歴が消えるように改行を繰り返します。[38;5;145m
[38;5;83m[PM-16:59:27][38;5;87m [PHPPO Thread/INFO][38;5;231m [38;5;34mscript [38;5;83m<ファイルネーム（拡張子を含む）>[38;5;145m:テキスト上のコマンドを改行ごとに実行します。[38;5;145m
[38;5;83m[PM-16:59:27][38;5;87m [PHPPO Thread/INFO][38;5;231m [38;5;34mset [38;5;83m<変数名> <値>[38;5;145m:変数へ代入します[38;5;145m
[38;5;83m[PM-16:59:27][38;5;87m [PHPPO Thread/INFO][38;5;231m [38;5;34mtime [38;5;83m[38;5;145m:コンピューターに設定されている時刻を表示。[38;5;145m
[38;5;83m[PM-16:59:27][38;5;87m [PHPPO Thread/INFO][38;5;231m [38;5;34mtitle [38;5;83m[38;5;145m:システムのタイトルを設定します。[38;5;145m
[38;5;83m[PM-16:59:27][38;5;87m [PHPPO Thread/INFO][38;5;231m [38;5;34mvars [38;5;83m[38;5;145m:定義済みの環境変数を表示します。[38;5;145m
[38;5;83m[PM-16:59:27][38;5;87m [PHPPO Thread/INFO][38;5;231m [38;5;59m===================================================[38;5;145m
help all
[38;5;83m[PM-16:59:30][38;5;87m [PHPPO Thread/INFO][38;5;231m [38;5;59m===================[38;5;87m実装コマンド一覧[38;5;59m===================[38;5;145m
[38;5;83m[PM-16:59:30][38;5;87m [PHPPO Thread/INFO][38;5;231m [38;5;34mclear [38;5;83m[38;5;145m:画面上から履歴が消えるように改行を繰り返します。[38;5;145m
[38;5;83m[PM-16:59:30][38;5;87m [PHPPO Thread/INFO][38;5;231m [38;5;34mecho [38;5;83m<メッセージ>/<on|off>[38;5;145m:文字列を出力。[38;5;145m
[38;5;83m[PM-16:59:30][38;5;87m [PHPPO Thread/INFO][38;5;231m [38;5;34mexec [38;5;83m[38;5;145m:コマンド及び外部プロセスの実行。[38;5;145m
[38;5;83m[PM-16:59:30][38;5;87m [PHPPO Thread/INFO][38;5;231m [38;5;34mexit [38;5;83m<ミリ秒数>[38;5;145m:PHP Prompt OSを終了。[38;5;145m
[38;5;83m[PM-16:59:30][38;5;87m [PHPPO Thread/INFO][38;5;231m [38;5;34mextract [38;5;83m<system>[38;5;145m:指定したpharファイルをソースディレクトリに展開します。[38;5;145m
[38;5;83m[PM-16:59:30][38;5;87m [PHPPO Thread/INFO][38;5;231m [38;5;34mhelp [38;5;83m<all|dev>/<コマンド>[38;5;145m:使用できるコマンド、コマンドの使用法を表示。[38;5;145m
[38;5;83m[PM-16:59:30][38;5;87m [PHPPO Thread/INFO][38;5;231m [38;5;34minfo [38;5;83m<logo|auther|des|help|url|>[38;5;145m:当プログラムに関しての情報を表示。[38;5;145m
[38;5;83m[PM-16:59:30][38;5;87m [PHPPO Thread/INFO][38;5;231m [38;5;34minstall [38;5;83m<src>[38;5;145m:PHPPO専用パッケージをインストールします[38;5;145m
[38;5;83m[PM-16:59:30][38;5;87m [PHPPO Thread/INFO][38;5;231m [38;5;34mlog [38;5;83m<on/off>[38;5;145m:画面上から履歴が消えるように改行を繰り返します。[38;5;145m
[38;5;83m[PM-16:59:30][38;5;87m [PHPPO Thread/INFO][38;5;231m [38;5;34mlogout [38;5;83m[38;5;145m:ログアウトします。[38;5;145m
[38;5;83m[PM-16:59:30][38;5;87m [PHPPO Thread/INFO][38;5;231m [38;5;34mmakephar [38;5;83m<アプリケーション名|ディレクトリパス|system>[38;5;145m:指定したアプリケーション、ディレクトリパス、または実行しているPHPPOのpharアーカイブ作成を行います。[38;5;145m
[38;5;83m[PM-16:59:30][38;5;87m [PHPPO Thread/INFO][38;5;231m [38;5;34mmkdir [38;5;83m[38;5;145m:ディレクトリを作成します[38;5;145m
[38;5;83m[PM-16:59:30][38;5;87m [PHPPO Thread/INFO][38;5;231m [38;5;34mrevc [38;5;83m[38;5;145m:画面上の文字の色の反転を切り替えます。[38;5;145m
[38;5;83m[PM-16:59:30][38;5;87m [PHPPO Thread/INFO][38;5;231m [38;5;34mscript [38;5;83m<ファイルネーム（拡張子を含む）>[38;5;145m:テキスト上のコマンドを改行ごとに実行します。[38;5;145m
[38;5;83m[PM-16:59:30][38;5;87m [PHPPO Thread/INFO][38;5;231m [38;5;34mset [38;5;83m<変数名> <値>[38;5;145m:変数へ代入します[38;5;145m
[38;5;83m[PM-16:59:30][38;5;87m [PHPPO Thread/INFO][38;5;231m [38;5;34msetvalue [38;5;83m<変数名> <値>[38;5;145m:変数へ代入します[38;5;145m
[38;5;83m[PM-16:59:30][38;5;87m [PHPPO Thread/INFO][38;5;231m [38;5;34mtime [38;5;83m[38;5;145m:コンピューターに設定されている時刻を表示。[38;5;145m
[38;5;83m[PM-16:59:30][38;5;87m [PHPPO Thread/INFO][38;5;231m [38;5;34mtitle [38;5;83m[38;5;145m:システムのタイトルを設定します。[38;5;145m
[38;5;83m[PM-16:59:30][38;5;87m [PHPPO Thread/INFO][38;5;231m [38;5;34mvardump [38;5;83m<変数名>[38;5;145m:システム処理が継承した'vardump'クラス内から呼び出せるパブリック変数、及びメイン処理におけるグローバル変数の内容を表示します。[38;5;145m
[38;5;83m[PM-16:59:30][38;5;87m [PHPPO Thread/INFO][38;5;231m [38;5;34mvars [38;5;83m[38;5;145m:定義済みの環境変数を表示します。[38;5;145m
[38;5;83m[PM-16:59:30][38;5;87m [PHPPO Thread/INFO][38;5;231m [38;5;34mwait [38;5;83m<ミリ秒>[38;5;145m:表示されているコンソール上での処理を指定時間中断します。[38;5;145m
[38;5;83m[PM-16:59:30][38;5;87m [PHPPO Thread/INFO][38;5;231m [38;5;59m=======================================================[38;5;145m
[38;5;83m[PM-16:59:44][38;5;87m [File Thread/INFO][38;5;231m [38;5;145mライセンスファイルの更新を行っています...
[38;5;83m[PM-16:59:44][38;5;87m [File Thread/INFO][38;5;231m [38;5;145m更新が終了しました。
[38;5;83m[PM-16:59:44][38;5;87m [File Thread/INFO][38;5;231m [38;5;145mREADMEファイルの更新を行っています...
[38;5;83m[PM-16:59:44][38;5;87m [File Thread/INFO][38;5;231m [38;5;145m更新が終了しました。
logout
[38;5;83m[PM-16:59:48][38;5;87m [PHPPO Thread/INFO][38;5;231m さんのアカウントからログアウトします。
[38;5;83m[PM-16:59:48][38;5;87m [PHPPO Thread/INFO][38;5;231m 再起動を行います...
[38;5;83m[PM-16:59:48][38;5;87m [welcome Thread/INFO][38;5;231m [38;5;214m╋┓　　　　　　　　　　　　　　　　　　　　　　   　　　┏╋
[38;5;83m[PM-16:59:48][38;5;87m [welcome Thread/INFO][38;5;231m [38;5;214m┗╋‥━‥━‥━‥━‥━‥━‥━‥━‥━‥━‥━‥━‥━‥━‥━‥━‥━‥━‥━‥━‥━‥━‥━‥━‥━‥━━╋┛
[38;5;83m[PM-16:59:48][38;5;87m [welcome Thread/INFO][38;5;231m 
[38;5;83m[PM-16:59:48][38;5;87m [welcome Thread/INFO][38;5;231m [38;5;227m  :::::::::  :::    ::: :::::::::  :::::::::   ::::::::  
[38;5;83m[PM-16:59:48][38;5;87m [welcome Thread/INFO][38;5;231m [38;5;227m  :+:    :+: :+:    :+: :+:    :+: :+:    :+: :+:    :+:  PHP Prompt OS
[38;5;83m[PM-16:59:48][38;5;87m [welcome Thread/INFO][38;5;231m [38;5;227m  +:+    +:+ +:+    +:+ +:+    +:+ +:+    +:+ +:+    +:+     made by chell rui.
[38;5;83m[PM-16:59:48][38;5;87m [welcome Thread/INFO][38;5;231m [38;5;227m  +#++:++#+  +#++:++#++ +#++:++#+  +#++:++#+  +#+    +:+        version [38;5;83mpre_1.4.5_Beta
[38;5;83m[PM-16:59:48][38;5;87m [welcome Thread/INFO][38;5;231m [38;5;227m  +#+        +#+    +#+ +#+        +#+        +#+    +#+             Running in [38;5;83mPHP[38;5;214m7
[38;5;83m[PM-16:59:48][38;5;87m [welcome Thread/INFO][38;5;231m [38;5;227m  #+#        #+#    #+# #+#        #+#        #+#    #+# 
[38;5;83m[PM-16:59:48][38;5;87m [welcome Thread/INFO][38;5;231m [38;5;227m  ###        ###    ### ###        ###         ########  
[38;5;83m[PM-16:59:48][38;5;87m [welcome Thread/INFO][38;5;231m 
[38;5;83m[PM-16:59:48][38;5;87m [welcome Thread/INFO][38;5;231m [38;5;214m┏╋‥━‥━‥━‥━‥━‥━‥━‥━‥━‥━‥━‥━‥━‥━‥━‥━‥━‥━‥━‥━‥━‥━‥━‥━‥━‥━━╋┓
[38;5;83m[PM-16:59:48][38;5;87m [welcome Thread/INFO][38;5;231m [38;5;214m╋┛　　　　　　　　　　　　　　　　　　　　　 　　  　　┗╋[38;5;231m
[38;5;83m[PM-16:59:48][38;5;87m [welcome Thread/INFO][38;5;231m 初期化処理を行っています...

[38;5;83m[PM-16:59:48][38;5;87m [welcome Thread/INFO][38;5;231m PHP Prompt OS Copyright (C) 2016 chell rui
[38;5;83m[PM-16:59:48][38;5;87m [welcome Thread/INFO][38;5;231m This program comes with ABSOLUTELY NO WARRANTY; for details type `show w'. 
[38;5;83m[PM-16:59:48][38;5;87m [welcome Thread/INFO][38;5;231m This is free software, and you are welcome to redistribute it under certain conditions; type `show c' for details.
[38;5;83m[PM-16:59:48][38;5;87m [Boot Thread/INFO][38;5;231m [38;5;227mPHP Prompt OS[38;5;145m version [38;5;83mpre_1.4.5_Beta
[38;5;83m[PM-16:59:48][38;5;87m [Boot Thread/INFO][38;5;231m [38;5;87mCreated by chell rui.
[38;5;83m[PM-16:59:50][38;5;87m [File Thread/INFO][38;5;231m [38;5;145mライセンスファイルの更新を行っています...
[38;5;83m[PM-16:59:50][38;5;87m [File Thread/INFO][38;5;231m [38;5;145m更新が終了しました。
[38;5;83m[PM-16:59:50][38;5;87m [File Thread/INFO][38;5;231m [38;5;145mREADMEファイルの更新を行っています...
[38;5;83m[PM-16:59:50][38;5;87m [File Thread/INFO][38;5;231m [38;5;145m更新が終了しました。
logout
[38;5;83m[PM-16:59:52][38;5;87m [PHPPO Thread/INFO][38;5;231m さんのアカウントからログアウトします。
[38;5;83m[PM-16:59:52][38;5;87m [PHPPO Thread/INFO][38;5;231m 再起動を行います...
[38;5;83m[PM-16:59:52][38;5;87m [welcome Thread/INFO][38;5;231m [38;5;214m╋┓　　　　　　　　　　　　　　　　　　　　　　   　　　┏╋
[38;5;83m[PM-16:59:52][38;5;87m [welcome Thread/INFO][38;5;231m [38;5;214m┗╋‥━‥━‥━‥━‥━‥━‥━‥━‥━‥━‥━‥━‥━‥━‥━‥━‥━‥━‥━‥━‥━‥━‥━‥━‥━‥━━╋┛
[38;5;83m[PM-16:59:52][38;5;87m [welcome Thread/INFO][38;5;231m 
[38;5;83m[PM-16:59:52][38;5;87m [welcome Thread/INFO][38;5;231m [38;5;227m  :::::::::  :::    ::: :::::::::  :::::::::   ::::::::  
[38;5;83m[PM-16:59:52][38;5;87m [welcome Thread/INFO][38;5;231m [38;5;227m  :+:    :+: :+:    :+: :+:    :+: :+:    :+: :+:    :+:  PHP Prompt OS
[38;5;83m[PM-16:59:52][38;5;87m [welcome Thread/INFO][38;5;231m [38;5;227m  +:+    +:+ +:+    +:+ +:+    +:+ +:+    +:+ +:+    +:+     made by chell rui.
[38;5;83m[PM-16:59:52][38;5;87m [welcome Thread/INFO][38;5;231m [38;5;227m  +#++:++#+  +#++:++#++ +#++:++#+  +#++:++#+  +#+    +:+        version [38;5;83mpre_1.4.5_Beta
[38;5;83m[PM-16:59:52][38;5;87m [welcome Thread/INFO][38;5;231m [38;5;227m  +#+        +#+    +#+ +#+        +#+        +#+    +#+             Running in [38;5;83mPHP[38;5;214m7
[38;5;83m[PM-16:59:52][38;5;87m [welcome Thread/INFO][38;5;231m [38;5;227m  #+#        #+#    #+# #+#        #+#        #+#    #+# 
[38;5;83m[PM-16:59:52][38;5;87m [welcome Thread/INFO][38;5;231m [38;5;227m  ###        ###    ### ###        ###         ########  
[38;5;83m[PM-16:59:52][38;5;87m [welcome Thread/INFO][38;5;231m 
[38;5;83m[PM-16:59:52][38;5;87m [welcome Thread/INFO][38;5;231m [38;5;214m┏╋‥━‥━‥━‥━‥━‥━‥━‥━‥━‥━‥━‥━‥━‥━‥━‥━‥━‥━‥━‥━‥━‥━‥━‥━‥━‥━━╋┓
[38;5;83m[PM-16:59:52][38;5;87m [welcome Thread/INFO][38;5;231m [38;5;214m╋┛　　　　　　　　　　　　　　　　　　　　　 　　  　　┗╋[38;5;231m
[38;5;83m[PM-16:59:52][38;5;87m [welcome Thread/INFO][38;5;231m 初期化処理を行っています...

[38;5;83m[PM-16:59:52][38;5;87m [welcome Thread/INFO][38;5;231m PHP Prompt OS Copyright (C) 2016 chell rui
[38;5;83m[PM-16:59:52][38;5;87m [welcome Thread/INFO][38;5;231m This program comes with ABSOLUTELY NO WARRANTY; for details type `show w'. 
[38;5;83m[PM-16:59:52][38;5;87m [welcome Thread/INFO][38;5;231m This is free software, and you are welcome to redistribute it under certain conditions; type `show c' for details.
[38;5;83m[PM-16:59:52][38;5;87m [Boot Thread/INFO][38;5;231m [38;5;227mPHP Prompt OS[38;5;145m version [38;5;83mpre_1.4.5_Beta
[38;5;83m[PM-16:59:52][38;5;87m [Boot Thread/INFO][38;5;231m [38;5;87mCreated by chell rui.
[38;5;83m[PM-17:00:55][38;5;87m [File Thread/INFO][38;5;231m [38;5;145mライセンスファイルの更新を行っています...
[38;5;83m[PM-17:00:55][38;5;87m [File Thread/INFO][38;5;231m [38;5;145m更新が終了しました。
[38;5;83m[PM-17:00:55][38;5;87m [File Thread/INFO][38;5;231m [38;5;145mREADMEファイルの更新を行っています...
[38;5;83m[PM-17:00:55][38;5;87m [File Thread/INFO][38;5;231m [38;5;145m更新が終了しました。


[38;5;83m[PM-17:05:34][38;5;87m [File Thread/INFO][38;5;231m [38;5;145mライセンスファイルの更新を行っています...
[38;5;83m[PM-17:05:34][38;5;87m [File Thread/INFO][38;5;231m [38;5;145m更新が終了しました。
[38;5;83m[PM-17:05:34][38;5;87m [File Thread/INFO][38;5;231m [38;5;145mREADMEファイルの更新を行っています...
[38;5;83m[PM-17:05:34][38;5;87m [File Thread/INFO][38;5;231m [38;5;145m更新が終了しました。
[38;5;83m[PM-17:19:43][38;5;87m [File Thread/INFO][38;5;231m [38;5;145mライセンスファイルの更新を行っています...
[38;5;83m[PM-17:19:43][38;5;87m [File Thread/INFO][38;5;231m [38;5;145m更新が終了しました。
[38;5;83m[PM-17:19:43][38;5;87m [File Thread/INFO][38;5;231m [38;5;145mREADMEファイルの更新を行っています...
[38;5;83m[PM-17:19:43][38;5;87m [File Thread/INFO][38;5;231m [38;5;145m更新が終了しました。
e
[38;5;83m[PM-17:19:58][38;5;87m [PHPPO Thread/INFO][38;5;231m [38;5;203m"e"コマンドが見つかりませんでした。helpコマンドで確認してください。
echo a
[38;5;83m[PM-17:20:00][38;5;87m [PHPPO Thread/INFO][38;5;231m a 
a
[38;5;83m[PM-17:20:52][38;5;87m [PHPPO Thread/INFO][38;5;231m [38;5;203m"a"コマンドが見つかりませんでした。helpコマンドで確認してください。
a
[38;5;83m[PM-17:20:52][38;5;87m [PHPPO Thread/INFO][38;5;231m [38;5;203m"a"コマンドが見つかりませんでした。helpコマンドで確認してください。
a
[38;5;83m[PM-17:20:52][38;5;87m [PHPPO Thread/INFO][38;5;231m [38;5;203m"a"コマンドが見つかりませんでした。helpコマンドで確認してください。
a
[38;5;83m[PM-17:20:53][38;5;87m [PHPPO Thread/INFO][38;5;231m [38;5;203m"a"コマンドが見つかりませんでした。helpコマンドで確認してください。
echo a
[38;5;83m[PM-17:20:54][38;5;87m [PHPPO Thread/INFO][38;5;231m a 
echo
asdasd
[38;5;83m[PM-17:20:56][38;5;87m [PHPPO Thread/INFO][38;5;231m [38;5;203m"asdasd"コマンドが見つかりませんでした。helpコマンドで確認してください。
fasdfasdf
[38;5;83m[PM-17:20:59][38;5;87m [PHPPO Thread/INFO][38;5;231m [38;5;203m"fasdfasdf"コマンドが見つかりませんでした。helpコマンドで確認してください。
asdfasdfasdfasdf
[38;5;83m[PM-17:21:00][38;5;87m [PHPPO Thread/INFO][38;5;231m [38;5;203m"asdfasdfasdfasdf"コマンドが見つかりませんでした。helpコマンドで確認してください。
asdfasdfasdf
[38;5;83m[PM-17:21:01][38;5;87m [PHPPO Thread/INFO][38;5;231m [38;5;203m"asdfasdfasdf"コマンドが見つかりませんでした。helpコマンドで確認してください。
script "C:\Users\ruito\Desktop\rui\PHP\PHP Prompt OS v.1.4.5 Beta-pre\scripts\sample3.sh"
[38;5;83m[PM-17:21:17] [PHPPO Thread/ERROR][38;5;203m  スクリプトの読み込みに失敗しました。指定したスクリプトは存在しない可能性があります。