[38;5;83m[AM-06:43:14][38;5;87m [File Thread/INFO][38;5;231m  [38;5;145mライセンスファイルの更新を行っています...
[38;5;83m[AM-06:43:14][38;5;87m [File Thread/INFO][38;5;231m  [38;5;145m更新が終了しました。
[38;5;83m[AM-06:43:14][38;5;87m [File Thread/INFO][38;5;231m  [38;5;145mREADMEファイルの更新を行っています...
[38;5;83m[AM-06:43:14][38;5;87m [File Thread/INFO][38;5;231m  [38;5;145m更新が終了しました。
[38;5;83m[AM-06:43:35][38;5;87m [File Thread/INFO][38;5;231m  [38;5;145mライセンスファイルの更新を行っています...
[38;5;83m[AM-06:43:35][38;5;87m [File Thread/INFO][38;5;231m  [38;5;145m更新が終了しました。
[38;5;83m[AM-06:43:35][38;5;87m [File Thread/INFO][38;5;231m  [38;5;145mREADMEファイルの更新を行っています...
[38;5;83m[AM-06:43:35][38;5;87m [File Thread/INFO][38;5;231m  [38;5;145m更新が終了しました。
[38;5;83m[AM-06:44:25][38;5;87m [File Thread/INFO][38;5;231m  [38;5;145mライセンスファイルの更新を行っています...
[38;5;83m[AM-06:44:25][38;5;87m [File Thread/INFO][38;5;231m  [38;5;145m更新が終了しました。
[38;5;83m[AM-06:44:25][38;5;87m [File Thread/INFO][38;5;231m  [38;5;145mREADMEファイルの更新を行っています...
[38;5;83m[AM-06:44:25][38;5;87m [File Thread/INFO][38;5;231m  [38;5;145m更新が終了しました。
[38;5;83m[AM-06:44:43][38;5;87m [File Thread/INFO][38;5;231m  [38;5;145mライセンスファイルの更新を行っています...
[38;5;83m[AM-06:44:43][38;5;87m [File Thread/INFO][38;5;231m  [38;5;145m更新が終了しました。
[38;5;83m[AM-06:44:43][38;5;87m [File Thread/INFO][38;5;231m  [38;5;145mREADMEファイルの更新を行っています...
[38;5;83m[AM-06:44:43][38;5;87m [File Thread/INFO][38;5;231m  [38;5;145m更新が終了しました。
[38;5;83m[PM-15:21:32][38;5;87m [File Thread/INFO][38;5;231m  [38;5;145mライセンスファイルの更新を行っています...
[38;5;83m[PM-15:21:32][38;5;87m [File Thread/INFO][38;5;231m  [38;5;145m更新が終了しました。
[38;5;83m[PM-15:21:32][38;5;87m [File Thread/INFO][38;5;231m  [38;5;145mREADMEファイルの更新を行っています...
[38;5;83m[PM-15:21:32][38;5;87m [File Thread/INFO][38;5;231m  [38;5;145m更新が終了しました。

s[38;5;83m[PM-15:22:41][38;5;87m [PHPPO Thread/INFO][38;5;231m  [38;5;203m"s"コマンドが見つかりませんでした。helpコマンドで確認してください。

script sample.sh[38;5;83m[PM-15:22:48][38;5;87m [PHPPO Thread/ERROR][38;5;203m  Script error:確認されない命令"asdfkjashd　ﾇﾍﾞｼﾞｮﾝﾇｿﾞｼﾞｮﾝﾍﾞﾙﾐｽﾃｨｯｽﾓｹﾞﾛﾝﾎﾞﾖ"が見つかりました。 in C:\Users\ruito\Desktop\rui\PHP\PHP Prompt OS v.1.4.5 Beta-pre\scripts\sample.sh -> line3

script sample2.sh[38;5;83m[PM-15:23:00][38;5;87m [PHPPO Thread/INFO][38;5;231m  _                                   : 
[38;5;83m[PM-15:23:01][38;5;87m [PHPPO Thread/INFO][38;5;231m                                      : 
[38;5;83m[PM-15:23:01][38;5;87m [PHPPO Thread/INFO][38;5;231m  _                                   : 
[38;5;83m[PM-15:23:02][38;5;87m [PHPPO Thread/INFO][38;5;231m                                      : 
[38;5;83m[PM-15:23:02][38;5;87m [PHPPO Thread/INFO][38;5;231m  _                                   : 
[38;5;83m[PM-15:23:03][38;5;87m [PHPPO Thread/INFO][38;5;231m  h                                   : 
[38;5;83m[PM-15:23:03][38;5;87m [PHPPO Thread/INFO][38;5;231m  he                                  : 
[38;5;83m[PM-15:23:03][38;5;87m [PHPPO Thread/INFO][38;5;231m  hel                                 : 
[38;5;83m[PM-15:23:03][38;5;87m [PHPPO Thread/INFO][38;5;231m  hell                                : 
[38;5;83m[PM-15:23:03][38;5;87m [PHPPO Thread/INFO][38;5;231m  hello                               : 
[38;5;83m[PM-15:23:03][38;5;87m [PHPPO Thread/INFO][38;5;231m  hello_                              : 
[38;5;83m[PM-15:23:04][38;5;87m [PHPPO Thread/INFO][38;5;231m  hello                               : 
[38;5;83m[PM-15:23:04][38;5;87m [PHPPO Thread/INFO][38;5;231m  hello _                             : 
[38;5;83m[PM-15:23:04][38;5;87m [PHPPO Thread/INFO][38;5;231m  hello w                             : 
[38;5;83m[PM-15:23:04][38;5;87m [PHPPO Thread/INFO][38;5;231m  hello wo                            : 
[38;5;83m[PM-15:23:04][38;5;87m [PHPPO Thread/INFO][38;5;231m  hello wor                           : 
[38;5;83m[PM-15:23:04][38;5;87m [PHPPO Thread/INFO][38;5;231m  hello worl                          : 
[38;5;83m[PM-15:23:05][38;5;87m [PHPPO Thread/INFO][38;5;231m  hello world                         : 
[38;5;83m[PM-15:23:05][38;5;87m [PHPPO Thread/INFO][38;5;231m  hello world_                        : 
[38;5;83m[PM-15:23:05][38;5;87m [PHPPO Thread/INFO][38;5;231m  hello world!                        : 
[38;5;83m[PM-15:23:05][38;5;87m [PHPPO Thread/INFO][38;5;231m  hello world!!                       : 
[38;5;83m[PM-15:23:05][38;5;87m [PHPPO Thread/INFO][38;5;231m  hello world!!!                      : 
[38;5;83m[PM-15:23:05][38;5;87m [PHPPO Thread/INFO][38;5;231m  hello world!!!!                     : 
[38;5;83m[PM-15:23:05][38;5;87m [PHPPO Thread/INFO][38;5;231m  hello world!!!!!                    : 
[38;5;83m[PM-15:23:05][38;5;87m [PHPPO Thread/INFO][38;5;231m  hello world!!!!!!                   : 
[38;5;83m[PM-15:23:05][38;5;87m [PHPPO Thread/INFO][38;5;231m  hello world!!!!!!!                  : 
[38;5;83m[PM-15:23:05][38;5;87m [PHPPO Thread/INFO][38;5;231m  hello world!!!!!!!!                 : 
[38;5;83m[PM-15:23:05][38;5;87m [PHPPO Thread/INFO][38;5;231m  hello world!!!!!!!!!                : 
[38;5;83m[PM-15:23:05][38;5;87m [PHPPO Thread/INFO][38;5;231m  hello world!!!!!!!!!_               : 
[38;5;83m[PM-15:23:06][38;5;87m [PHPPO Thread/INFO][38;5;231m  hello world!!!!!!!!!                : 
[38;5;83m[PM-15:23:06][38;5;87m [PHPPO Thread/INFO][38;5;231m  hello world!!!!!!!!!_               : 
[38;5;83m[PM-15:23:07][38;5;87m [PHPPO Thread/INFO][38;5;231m  hello world!!!!!!!!!                : 
[38;5;83m[PM-15:23:07][38;5;87m [PHPPO Thread/INFO][38;5;231m  hello world!!!!!!!!!_               : 
[38;5;83m[PM-15:23:08][38;5;87m [PHPPO Thread/INFO][38;5;231m  hello world!!!!!!!!!                : 
[38;5;83m[PM-15:23:08][38;5;87m [PHPPO Thread/INFO][38;5;231m  hello world!!!!!!!!_                : 
[38;5;83m[PM-15:23:08][38;5;87m [PHPPO Thread/INFO][38;5;231m  hello world!!!!!!!_                 : 
[38;5;83m[PM-15:23:08][38;5;87m [PHPPO Thread/INFO][38;5;231m  hello world!!!!!!_                  : 
[38;5;83m[PM-15:23:08][38;5;87m [PHPPO Thread/INFO][38;5;231m  hello world!!!!!_                   : 
[38;5;83m[PM-15:23:08][38;5;87m [PHPPO Thread/INFO][38;5;231m  hello world!!!!_                    : 
[38;5;83m[PM-15:23:08][38;5;87m [PHPPO Thread/INFO][38;5;231m  hello world!!!_                     : 
[38;5;83m[PM-15:23:08][38;5;87m [PHPPO Thread/INFO][38;5;231m  hello world!!_                      : 
[38;5;83m[PM-15:23:08][38;5;87m [PHPPO Thread/INFO][38;5;231m  hello world!_                       : 
[38;5;83m[PM-15:23:08][38;5;87m [PHPPO Thread/INFO][38;5;231m  hello world_                        : 
[38;5;83m[PM-15:23:08][38;5;87m [PHPPO Thread/INFO][38;5;231m  hello worl_                         : 
[38;5;83m[PM-15:23:08][38;5;87m [PHPPO Thread/INFO][38;5;231m  hello wor_                          : 
[38;5;83m[PM-15:23:08][38;5;87m [PHPPO Thread/INFO][38;5;231m  hello wo_                           : 
[38;5;83m[PM-15:23:08][38;5;87m [PHPPO Thread/INFO][38;5;231m  hello w_                            : 
[38;5;83m[PM-15:23:08][38;5;87m [PHPPO Thread/INFO][38;5;231m  hello _                             : 
[38;5;83m[PM-15:23:08][38;5;87m [PHPPO Thread/INFO][38;5;231m  hello_                              : 
[38;5;83m[PM-15:23:08][38;5;87m [PHPPO Thread/INFO][38;5;231m  hell_                               : 
[38;5;83m[PM-15:23:08][38;5;87m [PHPPO Thread/INFO][38;5;231m  hel_                                : 
[38;5;83m[PM-15:23:09][38;5;87m [PHPPO Thread/INFO][38;5;231m  he_                                 : 
[38;5;83m[PM-15:23:09][38;5;87m [PHPPO Thread/INFO][38;5;231m  h_                                  : 
[38;5;83m[PM-15:23:09][38;5;87m [PHPPO Thread/INFO][38;5;231m  _                                   : 











































































echo るいたそいずたそ[38;5;83m[PM-15:23:21][38;5;87m [PHPPO Thread/INFO][38;5;231m  るいたそいずたそ 

set ruirui homo
set kichihei crazy
set ksoft kuso
echo Ruirui is %ruirui% ,Kichihei is %Kichihei% ,and ksoft is %ksoft%[38;5;83m[PM-15:24:50][38;5;87m [PHPPO Thread/INFO][38;5;231m  Ruirui is homo ,Kichihei is %Kichihei% ,and ksoft is kuso 

echo %ruirui%[38;5;83m[PM-15:42:58][38;5;87m [PHPPO Thread/INFO][38;5;231m  %ruirui% 

echo %ruirui%[38;5;83m[PM-15:43:01][38;5;87m [PHPPO Thread/INFO][38;5;231m  homo 
[38;5;83m[PM-16:05:43][38;5;87m [File Thread/INFO][38;5;231m  [38;5;145mライセンスファイルの更新を行っています...
[38;5;83m[PM-16:05:43][38;5;87m [File Thread/INFO][38;5;231m  [38;5;145m更新が終了しました。
[38;5;83m[PM-16:05:43][38;5;87m [File Thread/INFO][38;5;231m  [38;5;145mREADMEファイルの更新を行っています...
[38;5;83m[PM-16:05:43][38;5;87m [File Thread/INFO][38;5;231m  [38;5;145m更新が終了しました。
[38;5;83m[PM-16:09:21][38;5;87m [File Thread/INFO][38;5;231m  [38;5;145mライセンスファイルの更新を行っています...
[38;5;83m[PM-16:09:21][38;5;87m [File Thread/INFO][38;5;231m  [38;5;145m更新が終了しました。
[38;5;83m[PM-16:09:21][38;5;87m [File Thread/INFO][38;5;231m  [38;5;145mREADMEファイルの更新を行っています...
[38;5;83m[PM-16:09:21][38;5;87m [File Thread/INFO][38;5;231m  [38;5;145m更新が終了しました。
[38;5;83m[PM-16:09:36][38;5;87m [File Thread/INFO][38;5;231m  [38;5;145mライセンスファイルの更新を行っています...
[38;5;83m[PM-16:09:36][38;5;87m [File Thread/INFO][38;5;231m  [38;5;145m更新が終了しました。
[38;5;83m[PM-16:09:36][38;5;87m [File Thread/INFO][38;5;231m  [38;5;145mREADMEファイルの更新を行っています...
[38;5;83m[PM-16:09:36][38;5;87m [File Thread/INFO][38;5;231m  [38;5;145m更新が終了しました。
[38;5;83m[PM-16:10:45][38;5;87m [File Thread/INFO][38;5;231m  [38;5;145mライセンスファイルの更新を行っています...
[38;5;83m[PM-16:10:45][38;5;87m [File Thread/INFO][38;5;231m  [38;5;145m更新が終了しました。
[38;5;83m[PM-16:10:45][38;5;87m [File Thread/INFO][38;5;231m  [38;5;145mREADMEファイルの更新を行っています...
[38;5;83m[PM-16:10:45][38;5;87m [File Thread/INFO][38;5;231m  [38;5;145m更新が終了しました。

install src[38;5;83m[PM-16:13:48][38;5;87m [File Thread/INFO][38;5;231m  [38;5;145mライセンスファイルの更新を行っています...
[38;5;83m[PM-16:13:48][38;5;87m [File Thread/INFO][38;5;231m  [38;5;145m更新が終了しました。
[38;5;83m[PM-16:13:48][38;5;87m [File Thread/INFO][38;5;231m  [38;5;145mREADMEファイルの更新を行っています...
[38;5;83m[PM-16:13:48][38;5;87m [File Thread/INFO][38;5;231m  [38;5;145m更新が終了しました。

install src
][38;5;83m[PM-16:14:22][38;5;87m [PHPPO Thread/INFO][38;5;231m  [38;5;203m"]"コマンドが見つかりませんでした。helpコマンドで確認してください。






][38;5;83m[PM-16:22:34][38;5;87m [PHPPO Thread/INFO][38;5;231m  [38;5;203m"]"コマンドが見つかりませんでした。helpコマンドで確認してください。
[38;5;83m[PM-16:23:01][38;5;87m [File Thread/INFO][38;5;231m  [38;5;145mライセンスファイルの更新を行っています...
[38;5;83m[PM-16:23:01][38;5;87m [File Thread/INFO][38;5;231m  [38;5;145m更新が終了しました。
[38;5;83m[PM-16:23:01][38;5;87m [File Thread/INFO][38;5;231m  [38;5;145mREADMEファイルの更新を行っています...
[38;5;83m[PM-16:23:01][38;5;87m [File Thread/INFO][38;5;231m  [38;5;145m更新が終了しました。
[38;5;83m[PM-16:23:21][38;5;87m [File Thread/INFO][38;5;231m  [38;5;145mライセンスファイルの更新を行っています...
[38;5;83m[PM-16:23:21][38;5;87m [File Thread/INFO][38;5;231m  [38;5;145m更新が終了しました。
[38;5;83m[PM-16:23:21][38;5;87m [File Thread/INFO][38;5;231m  [38;5;145mREADMEファイルの更新を行っています...
[38;5;83m[PM-16:23:21][38;5;87m [File Thread/INFO][38;5;231m  [38;5;145m更新が終了しました。
[38;5;83m[PM-16:24:33][38;5;87m [File Thread/INFO][38;5;231m  [38;5;145mライセンスファイルの更新を行っています...
[38;5;83m[PM-16:24:33][38;5;87m [File Thread/INFO][38;5;231m  [38;5;145m更新が終了しました。
[38;5;83m[PM-16:24:33][38;5;87m [File Thread/INFO][38;5;231m  [38;5;145mREADMEファイルの更新を行っています...
[38;5;83m[PM-16:24:33][38;5;87m [File Thread/INFO][38;5;231m  [38;5;145m更新が終了しました。







install src




[C[38;5;83m[PM-16:33:15][38;5;87m [PHPPO Thread/INFO][38;5;231m  [38;5;203m"[C"コマンドが見つかりませんでした。helpコマンドで確認してください。





[C[D[C[D[38;5;83m[PM-16:33:17][38;5;87m [PHPPO Thread/INFO][38;5;231m  [38;5;203m"[C[D[C[D"コマンドが見つかりませんでした。helpコマンドで確認してください。

[C[D[38;5;83m[PM-16:33:18][38;5;87m [PHPPO Thread/INFO][38;5;231m  [38;5;203m"[C[D"コマンドが見つかりませんでした。helpコマンドで確認してください。

[C[D[C[38;5;83m[PM-16:33:21][38;5;87m [PHPPO Thread/INFO][38;5;231m  [38;5;203m"[C[D[C"コマンドが見つかりませんでした。helpコマンドで確認してください。

[C[C[C[38;5;83m[PM-16:33:22][38;5;87m [PHPPO Thread/INFO][38;5;231m  [38;5;203m"[C[C[C"コマンドが見つかりませんでした。helpコマンドで確認してください。

[D[D[38;5;83m[PM-16:33:23][38;5;87m [PHPPO Thread/INFO][38;5;231m  [38;5;203m"[D[D"コマンドが見つかりませんでした。helpコマンドで確認してください。

[D[D[D[D[D[D[D[D[D[D[D[D[38;5;83m[PM-16:33:25][38;5;87m [PHPPO Thread/INFO][38;5;231m  [38;5;203m"[D[D[D[D[D[D[D[D[D[D[D[D"コマンドが見つかりませんでした。helpコマンドで確認してください。

[D[D[D[D[D[D[D[D[D[D[D[D[D[D[D[D[D[D[D[D[D[D[D[D[D[D[D[D[D[D[D[D[D[D[D[38;5;83m[PM-16:33:28][38;5;87m [PHPPO Thread/INFO][38;5;231m  [38;5;203m"[D[D[D[D[D[D[D[D[D[D[D[D[D[D[D[D[D[D[D[D[D[D[D[D[D[D[D[D[D[D[D[D[D[D[D"コマンドが見つかりませんでした。helpコマンドで確認してください。

[D[D[D[D[D[D[D[D[D[D[D[D[D[D[D[D[D[D[D[D[D[D[D[D[D[D[D[D[D[D[D[D[D[D[D[D[D[D[D[D[D[D[38;5;83m[PM-16:33:30][38;5;87m [PHPPO Thread/INFO][38;5;231m  [38;5;203m"[D[D[D[D[D[D[D[D[D[D[D[D[D[D[D[D[D[D[D[D[D[D[D[D[D[D[D[D[D[D[D[D[D[D[D[D[D[D[D[D[D[D"コマンドが見つかりませんでした。helpコマンドで確認してください。

[A[C[38;5;83m[PM-16:33:32][38;5;87m [PHPPO Thread/INFO][38;5;231m  [38;5;203m"[A[C"コマンドが見つかりませんでした。helpコマンドで確認してください。

[A[D[38;5;83m[PM-16:33:33][38;5;87m [PHPPO Thread/INFO][38;5;231m  [38;5;203m"[A[D"コマンドが見つかりませんでした。helpコマンドで確認してください。
























[A[A[A[A[A[A[C[Decho a[B[D[D[D[D[D[Decho b[38;5;83m[PM-16:33:43][38;5;87m [PHPPO Thread/INFO][38;5;231m  [38;5;203m"[A[A[A[A[A[A[C[Decho"コマンドが見つかりませんでした。helpコマンドで確認してください。

[B[A[A[C[B[D[A[C[3~[B[B[B[B[B[B[B[B[B[B[B[B[B[B[B[B[B[B[B[B[B[B[D[C[C[C[38;5;83m[PM-16:34:15][38;5;87m [PHPPO Thread/INFO][38;5;231m  [38;5;203m"[B[A[A[C[B[D[A[C[3~[B[B[B[B[B[B[B[B[B[B[B[B[B[B[B[B[B[B[B[B[B[B[D[C[C[C"コマンドが見つかりませんでした。helpコマンドで確認してください。
















[A[A[A[A[A[A[A[A[A[A[A[A[A[Aecho a[38;5;83m[PM-16:35:17][38;5;87m [PHPPO Thread/INFO][38;5;231m  [38;5;203m"[A[A[A[A[A[A[A[A[A[A[A[A[A[Aecho"コマンドが見つかりませんでした。helpコマンドで確認してください。

ech oa[38;5;83m[PM-16:35:20][38;5;87m [PHPPO Thread/INFO][38;5;231m  [38;5;203m"ech"コマンドが見つかりませんでした。helpコマンドで確認してください。

echo a[38;5;83m[PM-16:35:22][38;5;87m [PHPPO Thread/INFO][38;5;231m  a 

echo asasdasd asd[38;5;83m[PM-16:35:24][38;5;87m [PHPPO Thread/INFO][38;5;231m  asasdasd asd 
[38;5;83m[PM-16:35:30][38;5;87m [File Thread/INFO][38;5;231m  [38;5;145mライセンスファイルの更新を行っています...
[38;5;83m[PM-16:35:30][38;5;87m [File Thread/INFO][38;5;231m  [38;5;145m更新が終了しました。
[38;5;83m[PM-16:35:30][38;5;87m [File Thread/INFO][38;5;231m  [38;5;145mREADMEファイルの更新を行っています...
[38;5;83m[PM-16:35:30][38;5;87m [File Thread/INFO][38;5;231m  [38;5;145m更新が終了しました。

[38;5;83m[PM-16:38:54][38;5;87m [File Thread/INFO][38;5;231m  [38;5;145mライセンスファイルの更新を行っています...
[38;5;83m[PM-16:38:54][38;5;87m [File Thread/INFO][38;5;231m  [38;5;145m更新が終了しました。
[38;5;83m[PM-16:38:54][38;5;87m [File Thread/INFO][38;5;231m  [38;5;145mREADMEファイルの更新を行っています...
[38;5;83m[PM-16:38:54][38;5;87m [File Thread/INFO][38;5;231m  [38;5;145m更新が終了しました。

install src[38;5;83m[PM-16:43:31][38;5;87m [File Thread/INFO][38;5;231m  [38;5;145mライセンスファイルの更新を行っています...
[38;5;83m[PM-16:43:31][38;5;87m [File Thread/INFO][38;5;231m  [38;5;145m更新が終了しました。
[38;5;83m[PM-16:43:31][38;5;87m [File Thread/INFO][38;5;231m  [38;5;145mREADMEファイルの更新を行っています...
[38;5;83m[PM-16:43:31][38;5;87m [File Thread/INFO][38;5;231m  [38;5;145m更新が終了しました。

install src[38;5;83m[PM-16:43:55][38;5;87m [File Thread/INFO][38;5;231m  [38;5;145mライセンスファイルの更新を行っています...
[38;5;83m[PM-16:43:55][38;5;87m [File Thread/INFO][38;5;231m  [38;5;145m更新が終了しました。
[38;5;83m[PM-16:43:55][38;5;87m [File Thread/INFO][38;5;231m  [38;5;145mREADMEファイルの更新を行っています...
[38;5;83m[PM-16:43:55][38;5;87m [File Thread/INFO][38;5;231m  [38;5;145m更新が終了しました。

install src[38;5;83m[PM-16:45:02][38;5;87m [File Thread/INFO][38;5;231m  [38;5;145mライセンスファイルの更新を行っています...
[38;5;83m[PM-16:45:02][38;5;87m [File Thread/INFO][38;5;231m  [38;5;145m更新が終了しました。
[38;5;83m[PM-16:45:02][38;5;87m [File Thread/INFO][38;5;231m  [38;5;145mREADMEファイルの更新を行っています...
[38;5;83m[PM-16:45:02][38;5;87m [File Thread/INFO][38;5;231m  [38;5;145m更新が終了しました。

install src[38;5;83m[PM-17:09:27][38;5;87m [File Thread/INFO][38;5;231m  [38;5;145mライセンスファイルの更新を行っています...
[38;5;83m[PM-17:09:27][38;5;87m [File Thread/INFO][38;5;231m  [38;5;145m更新が終了しました。
[38;5;83m[PM-17:09:27][38;5;87m [File Thread/INFO][38;5;231m  [38;5;145mREADMEファイルの更新を行っています...
[38;5;83m[PM-17:09:27][38;5;87m [File Thread/INFO][38;5;231m  [38;5;145m更新が終了しました。

[38;5;83m[PM-17:09:40][38;5;87m [File Thread/INFO][38;5;231m  [38;5;145mライセンスファイルの更新を行っています...
[38;5;83m[PM-17:09:40][38;5;87m [File Thread/INFO][38;5;231m  [38;5;145m更新が終了しました。
[38;5;83m[PM-17:09:40][38;5;87m [File Thread/INFO][38;5;231m  [38;5;145mREADMEファイルの更新を行っています...
[38;5;83m[PM-17:09:40][38;5;87m [File Thread/INFO][38;5;231m  [38;5;145m更新が終了しました。
[38;5;83m[PM-17:26:01][38;5;87m [File Thread/INFO][38;5;231m  [38;5;145mライセンスファイルの更新を行っています...
[38;5;83m[PM-17:26:01][38;5;87m [File Thread/INFO][38;5;231m  [38;5;145m更新が終了しました。
[38;5;83m[PM-17:26:01][38;5;87m [File Thread/INFO][38;5;231m  [38;5;145mREADMEファイルの更新を行っています...
[38;5;83m[PM-17:26:01][38;5;87m [File Thread/INFO][38;5;231m  [38;5;145m更新が終了しました。
[38;5;83m[PM-17:26:43][38;5;87m [File Thread/INFO][38;5;231m  [38;5;145mライセンスファイルの更新を行っています...
[38;5;83m[PM-17:26:43][38;5;87m [File Thread/INFO][38;5;231m  [38;5;145m更新が終了しました。
[38;5;83m[PM-17:26:43][38;5;87m [File Thread/INFO][38;5;231m  [38;5;145mREADMEファイルの更新を行っています...
[38;5;83m[PM-17:26:43][38;5;87m [File Thread/INFO][38;5;231m  [38;5;145m更新が終了しました。

install src[38;5;83m[PM-17:27:50][38;5;87m [File Thread/INFO][38;5;231m  [38;5;145mライセンスファイルの更新を行っています...
[38;5;83m[PM-17:27:50][38;5;87m [File Thread/INFO][38;5;231m  [38;5;145m更新が終了しました。
[38;5;83m[PM-17:27:50][38;5;87m [File Thread/INFO][38;5;231m  [38;5;145mREADMEファイルの更新を行っています...
[38;5;83m[PM-17:27:50][38;5;87m [File Thread/INFO][38;5;231m  [38;5;145m更新が終了しました。

install src[38;5;83m[PM-17:29:17][38;5;87m [File Thread/INFO][38;5;231m  [38;5;145mライセンスファイルの更新を行っています...
[38;5;83m[PM-17:29:17][38;5;87m [File Thread/INFO][38;5;231m  [38;5;145m更新が終了しました。
[38;5;83m[PM-17:29:17][38;5;87m [File Thread/INFO][38;5;231m  [38;5;145mREADMEファイルの更新を行っています...
[38;5;83m[PM-17:29:17][38;5;87m [File Thread/INFO][38;5;231m  [38;5;145m更新が終了しました。

install src[38;5;83m[PM-17:32:18][38;5;87m [File Thread/INFO][38;5;231m  [38;5;145mライセンスファイルの更新を行っています...
[38;5;83m[PM-17:32:18][38;5;87m [File Thread/INFO][38;5;231m  [38;5;145m更新が終了しました。
[38;5;83m[PM-17:32:18][38;5;87m [File Thread/INFO][38;5;231m  [38;5;145mREADMEファイルの更新を行っています...
[38;5;83m[PM-17:32:18][38;5;87m [File Thread/INFO][38;5;231m  [38;5;145m更新が終了しました。

help[38;5;83m[PM-17:32:25][38;5;87m [PHPPO Thread/INFO][38;5;231m  [38;5;59m===================[38;5;231mコマンド一覧[38;5;59m===================[38;5;145m
[38;5;83m[PM-17:32:25][38;5;87m [PHPPO Thread/INFO][38;5;231m  [38;5;34mclear [38;5;83m[38;5;145m:画面上から履歴が消えるように改行を繰り返します。[38;5;145m
[38;5;83m[PM-17:32:25][38;5;87m [PHPPO Thread/INFO][38;5;231m  [38;5;34mecho [38;5;83m<メッセージ>/<on|off>[38;5;145m:文字列を出力。[38;5;145m
[38;5;83m[PM-17:32:25][38;5;87m [PHPPO Thread/INFO][38;5;231m  [38;5;34mexec [38;5;83m[38;5;145m:コマンド及び外部プロセスの実行。[38;5;145m
[38;5;83m[PM-17:32:25][38;5;87m [PHPPO Thread/INFO][38;5;231m  [38;5;34mexit [38;5;83m<ミリ秒数>[38;5;145m:PHP Prompt OSを終了。[38;5;145m
[38;5;83m[PM-17:32:25][38;5;87m [PHPPO Thread/INFO][38;5;231m  [38;5;34mhelp [38;5;83m<all|dev>/<コマンド>[38;5;145m:使用できるコマンド、コマンドの使用法を表示。[38;5;145m
[38;5;83m[PM-17:32:25][38;5;87m [PHPPO Thread/INFO][38;5;231m  [38;5;34minfo [38;5;83m<logo|auther|des|help|url|>[38;5;145m:当プログラムに関しての情報を表示。[38;5;145m
[38;5;83m[PM-17:32:25][38;5;87m [PHPPO Thread/INFO][38;5;231m  [38;5;34mlog [38;5;83m<on/off>[38;5;145m:ログファイルにログを出力するかの設定です。[38;5;145m
[38;5;83m[PM-17:32:25][38;5;87m [PHPPO Thread/INFO][38;5;231m  [38;5;34mscript [38;5;83m<ファイルネーム（拡張子を含む）>[38;5;145m:テキスト上のコマンドを改行ごとに実行します。[38;5;145m
[38;5;83m[PM-17:32:25][38;5;87m [PHPPO Thread/INFO][38;5;231m  [38;5;34mset [38;5;83m<変数名> <値>[38;5;145m:変数へ代入します[38;5;145m
[38;5;83m[PM-17:32:25][38;5;87m [PHPPO Thread/INFO][38;5;231m  [38;5;34mtime [38;5;83m[38;5;145m:コンピューターに設定されている時刻を表示。[38;5;145m
[38;5;83m[PM-17:32:25][38;5;87m [PHPPO Thread/INFO][38;5;231m  [38;5;34mtitle [38;5;83m[38;5;145m:システムのタイトルを設定します。[38;5;145m
[38;5;83m[PM-17:32:25][38;5;87m [PHPPO Thread/INFO][38;5;231m  [38;5;34mvars [38;5;83m[38;5;145m:定義済みの環境変数を表示します。[38;5;145m
[38;5;83m[PM-17:32:25][38;5;87m [PHPPO Thread/INFO][38;5;231m  [38;5;59m===================================================[38;5;145m

help all[38;5;83m[PM-17:32:27][38;5;87m [PHPPO Thread/INFO][38;5;231m  [38;5;59m===================[38;5;87m実装コマンド一覧[38;5;59m===================[38;5;145m
[38;5;83m[PM-17:32:27][38;5;87m [PHPPO Thread/INFO][38;5;231m  [38;5;59m[default]-[38;5;34mclear [38;5;83m[38;5;145m:画面上から履歴が消えるように改行を繰り返します。[38;5;145m
[38;5;83m[PM-17:32:27][38;5;87m [PHPPO Thread/INFO][38;5;231m  [38;5;59m[default]-[38;5;34mecho [38;5;83m<メッセージ>/<on|off>[38;5;145m:文字列を出力。[38;5;145m
[38;5;83m[PM-17:32:27][38;5;87m [PHPPO Thread/INFO][38;5;231m  [38;5;59m[default]-[38;5;34mexec [38;5;83m[38;5;145m:コマンド及び外部プロセスの実行。[38;5;145m
[38;5;83m[PM-17:32:27][38;5;87m [PHPPO Thread/INFO][38;5;231m  [38;5;59m[default]-[38;5;34mexit [38;5;83m<ミリ秒数>[38;5;145m:PHP Prompt OSを終了。[38;5;145m
[38;5;83m[PM-17:32:27][38;5;87m [PHPPO Thread/INFO][38;5;231m  [38;5;59m[secret]-[38;5;34mextract [38;5;83m<system>[38;5;145m:指定したpharファイルをソースディレクトリに展開します。[38;5;145m
[38;5;83m[PM-17:32:27][38;5;87m [PHPPO Thread/INFO][38;5;231m  [38;5;59m[default]-[38;5;34mhelp [38;5;83m<all|dev>/<コマンド>[38;5;145m:使用できるコマンド、コマンドの使用法を表示。[38;5;145m
[38;5;83m[PM-17:32:27][38;5;87m [PHPPO Thread/INFO][38;5;231m  [38;5;59m[default]-[38;5;34minfo [38;5;83m<logo|auther|des|help|url|>[38;5;145m:当プログラムに関しての情報を表示。[38;5;145m
[38;5;83m[PM-17:32:27][38;5;87m [PHPPO Thread/INFO][38;5;231m  [38;5;59m[secret]-[38;5;34minstall [38;5;83m<src>[38;5;145m:PHPPO専用パッケージをインストールします[38;5;145m
[38;5;83m[PM-17:32:27][38;5;87m [PHPPO Thread/INFO][38;5;231m  [38;5;59m[default]-[38;5;34mlog [38;5;83m<on/off>[38;5;145m:ログファイルにログを出力するかの設定です。[38;5;145m
[38;5;83m[PM-17:32:27][38;5;87m [PHPPO Thread/INFO][38;5;231m  [38;5;59m[secret]-[38;5;34mlogout [38;5;83m[38;5;145m:ログアウトします。[38;5;145m
[38;5;83m[PM-17:32:27][38;5;87m [PHPPO Thread/INFO][38;5;231m  [38;5;59m[dev]-[38;5;34mmakephar [38;5;83m<アプリケーション名|ディレクトリパス|system>[38;5;145m:指定したアプリケーション、ディレクトリパス、または実行しているPHPPOのpharアーカイブ作成を行います。[38;5;145m
[38;5;83m[PM-17:32:27][38;5;87m [PHPPO Thread/INFO][38;5;231m  [38;5;59m[secret]-[38;5;34mmkdir [38;5;83m[38;5;145m:ディレクトリを作成します[38;5;145m
[38;5;83m[PM-17:32:27][38;5;87m [PHPPO Thread/INFO][38;5;231m  [38;5;59m[accessibility]-[38;5;34mrevc [38;5;83m[38;5;145m:画面上の文字の色の反転を切り替えます。[38;5;145m
[38;5;83m[PM-17:32:27][38;5;87m [PHPPO Thread/INFO][38;5;231m  [38;5;59m[default]-[38;5;34mscript [38;5;83m<ファイルネーム（拡張子を含む）>[38;5;145m:テキスト上のコマンドを改行ごとに実行します。[38;5;145m
[38;5;83m[PM-17:32:27][38;5;87m [PHPPO Thread/INFO][38;5;231m  [38;5;59m[default]-[38;5;34mset [38;5;83m<変数名> <値>[38;5;145m:変数へ代入します[38;5;145m
[38;5;83m[PM-17:32:27][38;5;87m [PHPPO Thread/INFO][38;5;231m  [38;5;59m[secret]-[38;5;34msetvalue [38;5;83m<変数名> <値>[38;5;145m:変数へ代入します[38;5;145m
[38;5;83m[PM-17:32:27][38;5;87m [PHPPO Thread/INFO][38;5;231m  [38;5;59m[default]-[38;5;34mtime [38;5;83m[38;5;145m:コンピューターに設定されている時刻を表示。[38;5;145m
[38;5;83m[PM-17:32:27][38;5;87m [PHPPO Thread/INFO][38;5;231m  [38;5;59m[default]-[38;5;34mtitle [38;5;83m[38;5;145m:システムのタイトルを設定します。[38;5;145m
[38;5;83m[PM-17:32:27][38;5;87m [PHPPO Thread/INFO][38;5;231m  [38;5;59m[dev]-[38;5;34mvardump [38;5;83m<変数名>[38;5;145m:システム処理が継承した'vardump'クラス内から呼び出せるパブリック変数、及びメイン処理におけるグローバル変数の内容を表示します。[38;5;145m
[38;5;83m[PM-17:32:27][38;5;87m [PHPPO Thread/INFO][38;5;231m  [38;5;59m[default]-[38;5;34mvars [38;5;83m[38;5;145m:定義済みの環境変数を表示します。[38;5;145m
[38;5;83m[PM-17:32:27][38;5;87m [PHPPO Thread/INFO][38;5;231m  [38;5;59m[script]-[38;5;34mwait [38;5;83m<ミリ秒>[38;5;145m:表示されているコンソール上での処理を指定時間中断します。[38;5;145m
[38;5;83m[PM-17:32:27][38;5;87m [PHPPO Thread/INFO][38;5;231m  [38;5;59m=======================================================[38;5;145m

help waort[38;5;83m[PM-17:32:44][38;5;87m [PHPPO Thread/INFO][38;5;231m  helpコマンドの使用法:
[38;5;83m[PM-17:32:44][38;5;87m [PHPPO Thread/INFO][38;5;231m  help <all|dev>/<コマンド> :第一引数に表示するコマンドの種類、またはコマンドの使用法を表示します。
[38;5;83m[PM-17:32:44][38;5;87m [PHPPO Thread/INFO][38;5;231m  all :実装されているコマンドをすべて表示します。
[38;5;83m[PM-17:32:44][38;5;87m [PHPPO Thread/INFO][38;5;231m  dev : 開発向けのコマンドを表示します。

help wait[38;5;83m[PM-17:32:49][38;5;87m [PHPPO Thread/INFO][38;5;231m  [38;5;87m[wait][38;5;231mコマンド
[38;5;83m[PM-17:32:49][38;5;87m [PHPPO Thread/INFO][38;5;231m  使用方法:[38;5;227mwait [38;5;83m<ミリ秒>
[38;5;83m[PM-17:32:49][38;5;87m [PHPPO Thread/INFO][38;5;231m  [38;5;63m表示されているコンソール上での処理を指定時間中断します。[38;5;145m
[38;5;83m[PM-17:54:29][38;5;87m [File Thread/INFO][38;5;231m  [38;5;145mライセンスファイルの更新を行っています...
[38;5;83m[PM-17:54:29][38;5;87m [File Thread/INFO][38;5;231m  [38;5;145m更新が終了しました。
[38;5;83m[PM-17:54:29][38;5;87m [File Thread/INFO][38;5;231m  [38;5;145mREADMEファイルの更新を行っています...
[38;5;83m[PM-17:54:29][38;5;87m [File Thread/INFO][38;5;231m  [38;5;145m更新が終了しました。

install src[38;5;83m[PM-17:55:29][38;5;87m [PHPPO Thread/INFO][38;5;231m  アップデートを行う際は、表面ディレクトリに新しいバージョンのpharを置き、"PHPPO.phar"にリネームしてください。

[38;5;83m[PM-17:56:03][38;5;87m [File Thread/INFO][38;5;231m  [38;5;145mライセンスファイルの更新を行っています...
[38;5;83m[PM-17:56:03][38;5;87m [File Thread/INFO][38;5;231m  [38;5;145m更新が終了しました。
[38;5;83m[PM-17:56:03][38;5;87m [File Thread/INFO][38;5;231m  [38;5;145mREADMEファイルの更新を行っています...
[38;5;83m[PM-17:56:03][38;5;87m [File Thread/INFO][38;5;231m  [38;5;145m更新が終了しました。

install src[38;5;83m[PM-17:56:36][38;5;87m [File Thread/INFO][38;5;231m  [38;5;145mライセンスファイルの更新を行っています...
[38;5;83m[PM-17:56:36][38;5;87m [File Thread/INFO][38;5;231m  [38;5;145m更新が終了しました。
[38;5;83m[PM-17:56:36][38;5;87m [File Thread/INFO][38;5;231m  [38;5;145mREADMEファイルの更新を行っています...
[38;5;83m[PM-17:56:36][38;5;87m [File Thread/INFO][38;5;231m  [38;5;145m更新が終了しました。

install src[38;5;83m[PM-20:43:12][38;5;87m [File Thread/INFO][38;5;231m  [38;5;145mライセンスファイルの更新を行っています...
[38;5;83m[PM-20:43:12][38;5;87m [File Thread/INFO][38;5;231m  [38;5;145m更新が終了しました。
[38;5;83m[PM-20:43:12][38;5;87m [File Thread/INFO][38;5;231m  [38;5;145mREADMEファイルの更新を行っています...
[38;5;83m[PM-20:43:12][38;5;87m [File Thread/INFO][38;5;231m  [38;5;145m更新が終了しました。
[38;5;83m[PM-20:43:12][38;5;87m [File Thread/INFO][38;5;231m  システム設定用ファイルを出力しました。:C:\Users\ruito\Desktop\rui\PHP\PHP Prompt OS v.1.4.5 Beta-pre/config.ini

[38;5;83m[PM-20:43:22][38;5;87m [SETUP Thread/INFO][38;5;231m  ====セットアップを開始します====
[38;5;83m[PM-20:43:22][38;5;87m [SETUP Thread/INFO][38;5;231m  使用するユーザー名を入力してください:
[38;5;83m[PM-20:43:25][38;5;87m [SETUP Thread/INFO][38;5;231m  パスワードを設定してください。(八文字以上)
[38;5;83m[PM-20:43:35][38;5;87m [SETUP Thread/ERROR][38;5;203m  設定したパスワードは八文字に満たしていません！
[38;5;83m[PM-20:43:35][38;5;87m [SETUP Thread/ERROR][38;5;203m  パスワードを設定してください。(八文字以上)
[38;5;83m[PM-20:43:38][38;5;87m [SETUP Thread/INFO][38;5;231m  設定したパスワードをもう一度入力してください。:
[38;5;83m[PM-20:43:40][38;5;87m [Boot Thread/INFO][38;5;231m  ようこそruiさん！PHP Prompt OS version 1.4.5_Beta
[38;5;83m[PM-20:43:40][38;5;87m [Boot Thread/INFO][38;5;231m  画面の更新を行います...
[38;5;83m[PM-20:43:42][38;5;87m [PHPPO Thread/INFO][38;5;231m  起動完了！(2 s.) helpコマンドでコマンド一覧を表示。

help[38;5;83m[PM-20:44:01][38;5;87m [PHPPO Thread/INFO][38;5;231m  [38;5;59m===================[38;5;231mコマンド一覧[38;5;59m===================[38;5;145m
[38;5;83m[PM-20:44:01][38;5;87m [PHPPO Thread/INFO][38;5;231m  [38;5;34mclear [38;5;83m[38;5;145m:画面上から履歴が消えるように改行を繰り返します。[38;5;145m
[38;5;83m[PM-20:44:01][38;5;87m [PHPPO Thread/INFO][38;5;231m  [38;5;34mecho [38;5;83m<メッセージ>/<on|off>[38;5;145m:文字列を出力。[38;5;145m
[38;5;83m[PM-20:44:01][38;5;87m [PHPPO Thread/INFO][38;5;231m  [38;5;34mexec [38;5;83m[38;5;145m:コマンド及び外部プロセスの実行。[38;5;145m
[38;5;83m[PM-20:44:01][38;5;87m [PHPPO Thread/INFO][38;5;231m  [38;5;34mexit [38;5;83m<ミリ秒数>[38;5;145m:PHP Prompt OSを終了。[38;5;145m
[38;5;83m[PM-20:44:01][38;5;87m [PHPPO Thread/INFO][38;5;231m  [38;5;34mhelp [38;5;83m<all|dev>/<コマンド>[38;5;145m:使用できるコマンド、コマンドの使用法を表示。[38;5;145m
[38;5;83m[PM-20:44:01][38;5;87m [PHPPO Thread/INFO][38;5;231m  [38;5;34minfo [38;5;83m<logo|auther|des|help|url|>[38;5;145m:当プログラムに関しての情報を表示。[38;5;145m
[38;5;83m[PM-20:44:01][38;5;87m [PHPPO Thread/INFO][38;5;231m  [38;5;34mlog [38;5;83m<on/off>[38;5;145m:ログファイルにログを出力するかの設定です。[38;5;145m
[38;5;83m[PM-20:44:01][38;5;87m [PHPPO Thread/INFO][38;5;231m  [38;5;34mscript [38;5;83m<ファイルネーム（拡張子を含む）>[38;5;145m:テキスト上のコマンドを改行ごとに実行します。[38;5;145m
[38;5;83m[PM-20:44:01][38;5;87m [PHPPO Thread/INFO][38;5;231m  [38;5;34mset [38;5;83m<変数名> <値>[38;5;145m:変数へ代入します[38;5;145m
[38;5;83m[PM-20:44:01][38;5;87m [PHPPO Thread/INFO][38;5;231m  [38;5;34mtime [38;5;83m[38;5;145m:コンピューターに設定されている時刻を表示。[38;5;145m
[38;5;83m[PM-20:44:01][38;5;87m [PHPPO Thread/INFO][38;5;231m  [38;5;34mtitle [38;5;83m[38;5;145m:システムのタイトルを設定します。[38;5;145m
[38;5;83m[PM-20:44:01][38;5;87m [PHPPO Thread/INFO][38;5;231m  [38;5;34mvars [38;5;83m[38;5;145m:定義済みの環境変数を表示します。[38;5;145m
[38;5;83m[PM-20:44:01][38;5;87m [PHPPO Thread/INFO][38;5;231m  [38;5;59m===================================================[38;5;145m

help all[38;5;83m[PM-20:44:05][38;5;87m [PHPPO Thread/INFO][38;5;231m  [38;5;59m===================[38;5;87m実装コマンド一覧[38;5;59m===================[38;5;145m
[38;5;83m[PM-20:44:05][38;5;87m [PHPPO Thread/INFO][38;5;231m  [38;5;59m[default]-[38;5;34mclear [38;5;83m[38;5;145m:画面上から履歴が消えるように改行を繰り返します。[38;5;145m
[38;5;83m[PM-20:44:05][38;5;87m [PHPPO Thread/INFO][38;5;231m  [38;5;59m[default]-[38;5;34mecho [38;5;83m<メッセージ>/<on|off>[38;5;145m:文字列を出力。[38;5;145m
[38;5;83m[PM-20:44:05][38;5;87m [PHPPO Thread/INFO][38;5;231m  [38;5;59m[default]-[38;5;34mexec [38;5;83m[38;5;145m:コマンド及び外部プロセスの実行。[38;5;145m
[38;5;83m[PM-20:44:05][38;5;87m [PHPPO Thread/INFO][38;5;231m  [38;5;59m[default]-[38;5;34mexit [38;5;83m<ミリ秒数>[38;5;145m:PHP Prompt OSを終了。[38;5;145m
[38;5;83m[PM-20:44:05][38;5;87m [PHPPO Thread/INFO][38;5;231m  [38;5;59m[secret]-[38;5;34mextract [38;5;83m<system>[38;5;145m:指定したpharファイルをソースディレクトリに展開します。[38;5;145m
[38;5;83m[PM-20:44:05][38;5;87m [PHPPO Thread/INFO][38;5;231m  [38;5;59m[default]-[38;5;34mhelp [38;5;83m<all|dev>/<コマンド>[38;5;145m:使用できるコマンド、コマンドの使用法を表示。[38;5;145m
[38;5;83m[PM-20:44:05][38;5;87m [PHPPO Thread/INFO][38;5;231m  [38;5;59m[default]-[38;5;34minfo [38;5;83m<logo|auther|des|help|url|>[38;5;145m:当プログラムに関しての情報を表示。[38;5;145m
[38;5;83m[PM-20:44:05][38;5;87m [PHPPO Thread/INFO][38;5;231m  [38;5;59m[secret]-[38;5;34minstall [38;5;83m<src>[38;5;145m:PHPPO専用パッケージをインストールします[38;5;145m
[38;5;83m[PM-20:44:05][38;5;87m [PHPPO Thread/INFO][38;5;231m  [38;5;59m[default]-[38;5;34mlog [38;5;83m<on/off>[38;5;145m:ログファイルにログを出力するかの設定です。[38;5;145m
[38;5;83m[PM-20:44:05][38;5;87m [PHPPO Thread/INFO][38;5;231m  [38;5;59m[secret]-[38;5;34mlogout [38;5;83m[38;5;145m:ログアウトします。[38;5;145m
[38;5;83m[PM-20:44:05][38;5;87m [PHPPO Thread/INFO][38;5;231m  [38;5;59m[dev]-[38;5;34mmakephar [38;5;83m<アプリケーション名|ディレクトリパス|system>[38;5;145m:指定したアプリケーション、ディレクトリパス、または実行しているPHPPOのpharアーカイブ作成を行います。[38;5;145m
[38;5;83m[PM-20:44:05][38;5;87m [PHPPO Thread/INFO][38;5;231m  [38;5;59m[secret]-[38;5;34mmkdir [38;5;83m[38;5;145m:ディレクトリを作成します[38;5;145m
[38;5;83m[PM-20:44:05][38;5;87m [PHPPO Thread/INFO][38;5;231m  [38;5;59m[accessibility]-[38;5;34mrevc [38;5;83m[38;5;145m:画面上の文字の色の反転を切り替えます。[38;5;145m
[38;5;83m[PM-20:44:05][38;5;87m [PHPPO Thread/INFO][38;5;231m  [38;5;59m[default]-[38;5;34mscript [38;5;83m<ファイルネーム（拡張子を含む）>[38;5;145m:テキスト上のコマンドを改行ごとに実行します。[38;5;145m
[38;5;83m[PM-20:44:05][38;5;87m [PHPPO Thread/INFO][38;5;231m  [38;5;59m[default]-[38;5;34mset [38;5;83m<変数名> <値>[38;5;145m:変数へ代入します[38;5;145m
[38;5;83m[PM-20:44:05][38;5;87m [PHPPO Thread/INFO][38;5;231m  [38;5;59m[secret]-[38;5;34msetvalue [38;5;83m<変数名> <値>[38;5;145m:変数へ代入します[38;5;145m
[38;5;83m[PM-20:44:05][38;5;87m [PHPPO Thread/INFO][38;5;231m  [38;5;59m[default]-[38;5;34mtime [38;5;83m[38;5;145m:コンピューターに設定されている時刻を表示。[38;5;145m
[38;5;83m[PM-20:44:05][38;5;87m [PHPPO Thread/INFO][38;5;231m  [38;5;59m[default]-[38;5;34mtitle [38;5;83m[38;5;145m:システムのタイトルを設定します。[38;5;145m
[38;5;83m[PM-20:44:05][38;5;87m [PHPPO Thread/INFO][38;5;231m  [38;5;59m[dev]-[38;5;34mvardump [38;5;83m<変数名>[38;5;145m:システム処理が継承した'vardump'クラス内から呼び出せるパブリック変数、及びメイン処理におけるグローバル変数の内容を表示します。[38;5;145m
[38;5;83m[PM-20:44:05][38;5;87m [PHPPO Thread/INFO][38;5;231m  [38;5;59m[default]-[38;5;34mvars [38;5;83m[38;5;145m:定義済みの環境変数を表示します。[38;5;145m
[38;5;83m[PM-20:44:05][38;5;87m [PHPPO Thread/INFO][38;5;231m  [38;5;59m[script]-[38;5;34mwait [38;5;83m<ミリ秒>[38;5;145m:表示されているコンソール上での処理を指定時間中断します。[38;5;145m
[38;5;83m[PM-20:44:05][38;5;87m [PHPPO Thread/INFO][38;5;231m  [38;5;59m=======================================================[38;5;145m

help[38;5;83m[PM-20:44:12][38;5;87m [PHPPO Thread/INFO][38;5;231m  [38;5;59m===================[38;5;231mコマンド一覧[38;5;59m===================[38;5;145m
[38;5;83m[PM-20:44:12][38;5;87m [PHPPO Thread/INFO][38;5;231m  [38;5;34mclear [38;5;83m[38;5;145m:画面上から履歴が消えるように改行を繰り返します。[38;5;145m
[38;5;83m[PM-20:44:12][38;5;87m [PHPPO Thread/INFO][38;5;231m  [38;5;34mecho [38;5;83m<メッセージ>/<on|off>[38;5;145m:文字列を出力。[38;5;145m
[38;5;83m[PM-20:44:12][38;5;87m [PHPPO Thread/INFO][38;5;231m  [38;5;34mexec [38;5;83m[38;5;145m:コマンド及び外部プロセスの実行。[38;5;145m
[38;5;83m[PM-20:44:12][38;5;87m [PHPPO Thread/INFO][38;5;231m  [38;5;34mexit [38;5;83m<ミリ秒数>[38;5;145m:PHP Prompt OSを終了。[38;5;145m
[38;5;83m[PM-20:44:12][38;5;87m [PHPPO Thread/INFO][38;5;231m  [38;5;34mhelp [38;5;83m<all|dev>/<コマンド>[38;5;145m:使用できるコマンド、コマンドの使用法を表示。[38;5;145m
[38;5;83m[PM-20:44:12][38;5;87m [PHPPO Thread/INFO][38;5;231m  [38;5;34minfo [38;5;83m<logo|auther|des|help|url|>[38;5;145m:当プログラムに関しての情報を表示。[38;5;145m
[38;5;83m[PM-20:44:12][38;5;87m [PHPPO Thread/INFO][38;5;231m  [38;5;34mlog [38;5;83m<on/off>[38;5;145m:ログファイルにログを出力するかの設定です。[38;5;145m
[38;5;83m[PM-20:44:12][38;5;87m [PHPPO Thread/INFO][38;5;231m  [38;5;34mscript [38;5;83m<ファイルネーム（拡張子を含む）>[38;5;145m:テキスト上のコマンドを改行ごとに実行します。[38;5;145m
[38;5;83m[PM-20:44:12][38;5;87m [PHPPO Thread/INFO][38;5;231m  [38;5;34mset [38;5;83m<変数名> <値>[38;5;145m:変数へ代入します[38;5;145m
[38;5;83m[PM-20:44:12][38;5;87m [PHPPO Thread/INFO][38;5;231m  [38;5;34mtime [38;5;83m[38;5;145m:コンピューターに設定されている時刻を表示。[38;5;145m
[38;5;83m[PM-20:44:12][38;5;87m [PHPPO Thread/INFO][38;5;231m  [38;5;34mtitle [38;5;83m[38;5;145m:システムのタイトルを設定します。[38;5;145m
[38;5;83m[PM-20:44:12][38;5;87m [PHPPO Thread/INFO][38;5;231m  [38;5;34mvars [38;5;83m[38;5;145m:定義済みの環境変数を表示します。[38;5;145m
[38;5;83m[PM-20:44:12][38;5;87m [PHPPO Thread/INFO][38;5;231m  [38;5;59m===================================================[38;5;145m
[38;5;83m[PM-21:03:59][38;5;87m [File Thread/INFO][38;5;231m  [38;5;145mライセンスファイルの更新を行っています...
[38;5;83m[PM-21:03:59][38;5;87m [File Thread/INFO][38;5;231m  [38;5;145m更新が終了しました。
[38;5;83m[PM-21:03:59][38;5;87m [File Thread/INFO][38;5;231m  [38;5;145mREADMEファイルの更新を行っています...
[38;5;83m[PM-21:03:59][38;5;87m [File Thread/INFO][38;5;231m  [38;5;145m更新が終了しました。
