[38;5;83m[PM-18:52:13][38;5;87m [File/INFO][38;5;231m [38;5;145mライセンスファイルの更新を行っています...
[38;5;83m[PM-18:52:13][38;5;87m [File/INFO][38;5;231m [38;5;145m更新が終了しました。
[38;5;83m[PM-18:52:13][38;5;87m [File/INFO][38;5;231m [38;5;145mREADMEファイルの更新を行っています...
[38;5;83m[PM-18:52:13][38;5;87m [File/INFO][38;5;231m [38;5;145m更新が終了しました。
[38;5;83m[PM-18:53:00][38;5;87m [File/INFO][38;5;231m [38;5;145mライセンスファイルの更新を行っています...
[38;5;83m[PM-18:53:00][38;5;87m [File/INFO][38;5;231m [38;5;145m更新が終了しました。
[38;5;83m[PM-18:53:00][38;5;87m [File/INFO][38;5;231m [38;5;145mREADMEファイルの更新を行っています...
[38;5;83m[PM-18:53:00][38;5;87m [File/INFO][38;5;231m [38;5;145m更新が終了しました。

help[38;5;83m[PM-18:53:02][38;5;87m [PHPPO/INFO][38;5;231m [38;5;59m===================[38;5;231mコマンド一覧[38;5;59m===================[38;5;145m
[38;5;83m[PM-18:53:02][38;5;87m [PHPPO/INFO][38;5;231m [38;5;34mcat [38;5;83m<パス>[38;5;145m:指定されたファイルを表示[38;5;145m
[38;5;83m[PM-18:53:02][38;5;87m [PHPPO/INFO][38;5;231m [38;5;34mcd [38;5;83m<絶対/相対パス>[38;5;145m:カレントディレクトリを指定します。[38;5;145m
[38;5;83m[PM-18:53:02][38;5;87m [PHPPO/INFO][38;5;231m [38;5;34mclear [38;5;83m[38;5;145m:画面上から履歴が消えるように改行を繰り返します。[38;5;145m
[38;5;83m[PM-18:53:02][38;5;87m [PHPPO/INFO][38;5;231m [38;5;34mecho [38;5;83m<メッセージ>/<on|off>[38;5;145m:文字列を出力。[38;5;145m
[38;5;83m[PM-18:53:02][38;5;87m [PHPPO/INFO][38;5;231m [38;5;34mexec [38;5;83m[38;5;145m:コマンド及び外部プロセスの実行。[38;5;145m
[38;5;83m[PM-18:53:02][38;5;87m [PHPPO/INFO][38;5;231m [38;5;34mexit [38;5;83m<ミリ秒数>[38;5;145m:PHP Prompt OSを終了。[38;5;145m
[38;5;83m[PM-18:53:02][38;5;87m [PHPPO/INFO][38;5;231m [38;5;34mhelp [38;5;83m<all|dev>/<コマンド>[38;5;145m:使用できるコマンド、コマンドの使用法を表示。[38;5;145m
[38;5;83m[PM-18:53:02][38;5;87m [PHPPO/INFO][38;5;231m [38;5;34minfo [38;5;83m<logo|auther|des|help|url|>[38;5;145m:当プログラムに関しての情報を表示。[38;5;145m
[38;5;83m[PM-18:53:02][38;5;87m [PHPPO/INFO][38;5;231m [38;5;34mlog [38;5;83m<on/off>[38;5;145m:ログファイルにログを出力するかの設定です。[38;5;145m
[38;5;83m[PM-18:53:02][38;5;87m [PHPPO/INFO][38;5;231m [38;5;34mls [38;5;83m[38;5;145m:カレントディレクトリ上のファイルとディレクトリのリストを表示します。[38;5;145m
[38;5;83m[PM-18:53:02][38;5;87m [PHPPO/INFO][38;5;231m [38;5;34mmkdir [38;5;83m[38;5;145m:ディレクトリを作成します[38;5;145m
[38;5;83m[PM-18:53:02][38;5;87m [PHPPO/INFO][38;5;231m [38;5;34mscript [38;5;83m<ファイルネーム（拡張子を含む）>[38;5;145m:テキスト上のコマンドを改行ごとに実行します。[38;5;145m
[38;5;83m[PM-18:53:02][38;5;87m [PHPPO/INFO][38;5;231m [38;5;34mset [38;5;83m<変数名> <値>[38;5;145m:変数へ代入します[38;5;145m
[38;5;83m[PM-18:53:02][38;5;87m [PHPPO/INFO][38;5;231m [38;5;34mtime [38;5;83m[38;5;145m:コンピューターに設定されている時刻を表示。[38;5;145m
[38;5;83m[PM-18:53:02][38;5;87m [PHPPO/INFO][38;5;231m [38;5;34mtitle [38;5;83m[38;5;145m:システムのタイトルを設定します。[38;5;145m
[38;5;83m[PM-18:53:02][38;5;87m [PHPPO/INFO][38;5;231m [38;5;34mvars [38;5;83m[38;5;145m:定義済みの環境変数を表示します。[38;5;145m
[38;5;83m[PM-18:53:02][38;5;87m [PHPPO/INFO][38;5;231m [38;5;59m===================================================[38;5;145m
[38;5;83m[PM-18:53:04][38;5;87m [File/INFO][38;5;231m [38;5;145mライセンスファイルの更新を行っています...
[38;5;83m[PM-18:53:04][38;5;87m [File/INFO][38;5;231m [38;5;145m更新が終了しました。
[38;5;83m[PM-18:53:04][38;5;87m [File/INFO][38;5;231m [38;5;145mREADMEファイルの更新を行っています...
[38;5;83m[PM-18:53:04][38;5;87m [File/INFO][38;5;231m [38;5;145m更新が終了しました。
