['16.04.18 07:16:03] PHP Prompt OS 1.2.0 Alpha built. No. #1
['16.04.18 07:32:26] PHP Prompt OS 1.2.0 Alpha built. No. #2
['16.04.20 04:13:47] PHP Prompt OS 1.2.0 Alpha built. No. #3
['16.04.21 09:00:24] PHP Prompt OS 1.2.0 Alpha built. No. #4
['16.04.23 02:26:42] PHP Prompt OS 1.2.0 Alpha built. No. #5
['16.04.25 09:52:48] PHP Prompt OS 1.4.0_Beta built. No. #6
['16.04.27 05:17:21] PHP Prompt OS 1.4.0_Beta built. No. #7
['16.04.27 05:28:16] PHP Prompt OS 1.4.0_Beta built. No. #8
['16.04.27 05:53:42] PHP Prompt OS 1.4.0_Alpha built. No. #9
['16.04.27 09:25:17] PHP Prompt OS 1.4.0_Alpha built. No. #10
['16.04.27 09:25:51] PHP Prompt OS 1.4.3_Alpha built. No. #11
['16.04.28 05:56:30] PHP Prompt OS 1.4.3_Alpha built. No. #12
['16.04.29 11:09:41] PHP Prompt OS pre_1.4.5_Beta built. No. #13
['16.04.29 11:12:09] PHP Prompt OS pre_1.4.5_Beta built. No. #14
['16.04.29 11:12:48] PHP Prompt OS pre_1.4.5_Beta built. No. #15
['16.05.10 05:45:58] PHP Prompt OS pre_1.4.5_Beta built. No. #16
['16.05.10 09:14:25] PHP Prompt OS 1.4.5_Beta built. No. #17
['16.05.10 09:15:25] PHP Prompt OS 1.4.5_Beta built. No. #18
['16.05.15 04:49:15] PHP Prompt OS 1.4.5_Dev built. No. #19
['16.05.25 01:50:40] PHP Prompt OS 1.4.5_Dev built. No. #20
['16.05.27 11:10:56] PHP Prompt OS 1.4.5_Dev built. No. #21
['16.05.27 12:14:29] PHP Prompt OS 1.4.6_Dev built. No. #22
['16.05.27 03:18:02] PHP Prompt OS 1.4.5_Alpha built. No. #23
['16.05.27 04:14:34] PHP Prompt OS 1.5.0_DevBuild built. No. #24
['16.05.27 07:01:20] PHP Prompt OS 1.5.0_DevBuild built. No. #25
['16.05.31 07:53:12] PHP Prompt OS 1.5.0_DevBuild built. No. #26
['16.06.01 10:10:00] PHP Prompt OS 1.5.0_DevBuild built. No. #27
['16.06.03 05:58:43] PHP Prompt OS 1.5.0_DevBuild built. No. #28
['16.06.05 04:40:45] PHP Prompt OS 1.5.0_DevBuild built. No. #29
['16.06.05 07:08:28] PHP Prompt OS 1.5.0_DevBuild built. No. #30
['16.06.05 07:45:40] PHP Prompt OS 1.5.0_DevBuild built. No. #31
['16.06.05 07:57:44] PHP Prompt OS 1.5.0_Beta built. No. #32
['16.06.05 08:11:11] PHP Prompt OS 1.5.0_Beta built. No. #33
['16.06.10 05:20:46] PHP Prompt OS 1.5.0_Beta built. No. #34
['16.06.11 03:50:57] PHP Prompt OS 1.5.0_Beta built. No. #35
['16.06.18 05:37:02] PHP Prompt OS 1.5.0_Beta built. No. #36
['16.06.24 05:13:41] PHP Prompt OS 1.5.0_Beta built. No. #37
['16.06.28 11:00:07] PHP Prompt OS 1.5.0_Beta built. No. #38
['16.07.02 08:09:30] PHP Prompt OS 1.5.3_Alpha built. No. #39
['16.07.02 08:19:20] PHP Prompt OS 1.5.3_Alpha built. No. #40
['16.07.12 08:09:34] PHP Prompt OS 1.5.4_Alpha built. No. #41
['16.07.14 11:17:28] PHP Prompt OS 1.5.4_Alpha built. No. #42
['16.07.21 02:48:58] PHP Prompt OS 1.5.4_Alpha built. No. #43
